2025-09-30 15:54:59,549 ----------------------------------------------------------------------------------------------------
2025-09-30 15:54:59,551 Model: "SequenceTagger(
  (embeddings): TransformerWordEmbeddings(
    (model): XLMRobertaModel(
      (embeddings): XLMRobertaEmbeddings(
        (word_embeddings): Embedding(250003, 1024, padding_idx=1)
        (position_embeddings): Embedding(514, 1024, padding_idx=1)
        (token_type_embeddings): Embedding(1, 1024)
        (LayerNorm): LayerNorm((1024,), eps=1e-05, elementwise_affine=True)
        (dropout): Dropout(p=0.1, inplace=False)
      )
      (encoder): XLMRobertaEncoder(
        (layer): ModuleList(
          (0-23): 24 x XLMRobertaLayer(
            (attention): XLMRobertaAttention(
              (self): XLMRobertaSdpaSelfAttention(
                (query): Linear(in_features=1024, out_features=1024, bias=True)
                (key): Linear(in_features=1024, out_features=1024, bias=True)
                (value): Linear(in_features=1024, out_features=1024, bias=True)
                (dropout): Dropout(p=0.1, inplace=False)
              )
              (output): XLMRobertaSelfOutput(
                (dense): Linear(in_features=1024, out_features=1024, bias=True)
                (LayerNorm): LayerNorm((1024,), eps=1e-05, elementwise_affine=True)
                (dropout): Dropout(p=0.1, inplace=False)
              )
            )
            (intermediate): XLMRobertaIntermediate(
              (dense): Linear(in_features=1024, out_features=4096, bias=True)
              (intermediate_act_fn): GELUActivation()
            )
            (output): XLMRobertaOutput(
              (dense): Linear(in_features=4096, out_features=1024, bias=True)
              (LayerNorm): LayerNorm((1024,), eps=1e-05, elementwise_affine=True)
              (dropout): Dropout(p=0.1, inplace=False)
            )
          )
        )
      )
      (pooler): XLMRobertaPooler(
        (dense): Linear(in_features=1024, out_features=1024, bias=True)
        (activation): Tanh()
      )
    )
  )
  (locked_dropout): LockedDropout(p=0.5)
  (linear): Linear(in_features=1024, out_features=5, bias=True)
  (loss_function): CrossEntropyLoss()
)"
2025-09-30 15:54:59,551 ----------------------------------------------------------------------------------------------------
2025-09-30 15:54:59,552 Corpus: 12315 train + 1746 dev + 1700 test sentences
2025-09-30 15:54:59,552 ----------------------------------------------------------------------------------------------------
2025-09-30 15:54:59,552 Train:  12315 sentences
2025-09-30 15:54:59,552         (train_with_dev=False, train_with_test=False)
2025-09-30 15:54:59,552 ----------------------------------------------------------------------------------------------------
2025-09-30 15:54:59,553 Training Params:
2025-09-30 15:54:59,553  - learning_rate: "5e-06" 
2025-09-30 15:54:59,553  - mini_batch_size: "4"
2025-09-30 15:54:59,553  - max_epochs: "20"
2025-09-30 15:54:59,554  - shuffle: "True"
2025-09-30 15:54:59,554 ----------------------------------------------------------------------------------------------------
2025-09-30 15:54:59,554 Plugins:
2025-09-30 15:54:59,554  - LinearScheduler | warmup_fraction: '0.1'
2025-09-30 15:54:59,554 ----------------------------------------------------------------------------------------------------
2025-09-30 15:54:59,555 Final evaluation on model after last epoch (final-model.pt)
2025-09-30 15:54:59,555  - metric: "('micro avg', 'f1-score')"
2025-09-30 15:54:59,555 ----------------------------------------------------------------------------------------------------
2025-09-30 15:54:59,555 Computation:
2025-09-30 15:54:59,556  - compute on device: cuda:0
2025-09-30 15:54:59,556  - embedding storage: gpu
2025-09-30 15:54:59,556 ----------------------------------------------------------------------------------------------------
2025-09-30 15:54:59,556 Model training base path: "ner_bertSpanish_fineTuning2"
2025-09-30 15:54:59,556 ----------------------------------------------------------------------------------------------------
2025-09-30 15:54:59,557 ----------------------------------------------------------------------------------------------------
2025-09-30 15:56:29,225 epoch 1 - iter 307/3079 - loss 2.36644051 - time (sec): 89.67 - samples/sec: 182.00 - lr: 0.000000 - momentum: 0.000000
2025-09-30 15:57:56,598 epoch 1 - iter 614/3079 - loss 1.77430890 - time (sec): 177.04 - samples/sec: 183.46 - lr: 0.000000 - momentum: 0.000000
2025-09-30 15:59:23,987 epoch 1 - iter 921/3079 - loss 1.19487914 - time (sec): 264.43 - samples/sec: 184.69 - lr: 0.000001 - momentum: 0.000000
2025-09-30 16:00:51,484 epoch 1 - iter 1228/3079 - loss 0.91230494 - time (sec): 351.93 - samples/sec: 184.12 - lr: 0.000001 - momentum: 0.000000
2025-09-30 16:02:18,888 epoch 1 - iter 1535/3079 - loss 0.72823278 - time (sec): 439.33 - samples/sec: 186.91 - lr: 0.000001 - momentum: 0.000000
2025-09-30 16:03:46,715 epoch 1 - iter 1842/3079 - loss 0.61652297 - time (sec): 527.16 - samples/sec: 185.52 - lr: 0.000001 - momentum: 0.000000
2025-09-30 16:05:14,080 epoch 1 - iter 2149/3079 - loss 0.53411869 - time (sec): 614.52 - samples/sec: 185.54 - lr: 0.000002 - momentum: 0.000000
2025-09-30 16:06:41,473 epoch 1 - iter 2456/3079 - loss 0.46812911 - time (sec): 701.91 - samples/sec: 186.31 - lr: 0.000002 - momentum: 0.000000
2025-09-30 16:08:08,744 epoch 1 - iter 2763/3079 - loss 0.41937255 - time (sec): 789.19 - samples/sec: 185.98 - lr: 0.000002 - momentum: 0.000000
2025-09-30 16:09:35,974 epoch 1 - iter 3070/3079 - loss 0.37915604 - time (sec): 876.41 - samples/sec: 185.76 - lr: 0.000002 - momentum: 0.000000
2025-09-30 16:09:38,469 ----------------------------------------------------------------------------------------------------
2025-09-30 16:09:38,469 EPOCH 1 done: loss 0.3783 - lr: 0.000002
2025-09-30 16:10:00,764 DEV : loss 0.007746248971670866 - f1-score (micro avg)  0.8855
2025-09-30 16:10:00,815 ----------------------------------------------------------------------------------------------------
2025-09-30 16:11:28,475 epoch 2 - iter 307/3079 - loss 0.00912380 - time (sec): 87.66 - samples/sec: 187.16 - lr: 0.000003 - momentum: 0.000000
2025-09-30 16:12:56,123 epoch 2 - iter 614/3079 - loss 0.00984437 - time (sec): 175.30 - samples/sec: 186.58 - lr: 0.000003 - momentum: 0.000000
2025-09-30 16:14:23,673 epoch 2 - iter 921/3079 - loss 0.01070783 - time (sec): 262.85 - samples/sec: 186.59 - lr: 0.000003 - momentum: 0.000000
2025-09-30 16:15:51,229 epoch 2 - iter 1228/3079 - loss 0.01092700 - time (sec): 350.41 - samples/sec: 188.16 - lr: 0.000003 - momentum: 0.000000
2025-09-30 16:17:18,701 epoch 2 - iter 1535/3079 - loss 0.01109557 - time (sec): 437.88 - samples/sec: 186.45 - lr: 0.000004 - momentum: 0.000000
2025-09-30 16:18:46,174 epoch 2 - iter 1842/3079 - loss 0.01130132 - time (sec): 525.36 - samples/sec: 185.64 - lr: 0.000004 - momentum: 0.000000
2025-09-30 16:20:13,775 epoch 2 - iter 2149/3079 - loss 0.01165612 - time (sec): 612.96 - samples/sec: 186.07 - lr: 0.000004 - momentum: 0.000000
2025-09-30 16:21:41,202 epoch 2 - iter 2456/3079 - loss 0.01105388 - time (sec): 700.38 - samples/sec: 186.94 - lr: 0.000004 - momentum: 0.000000
2025-09-30 16:23:08,892 epoch 2 - iter 2763/3079 - loss 0.01091115 - time (sec): 788.07 - samples/sec: 185.48 - lr: 0.000005 - momentum: 0.000000
2025-09-30 16:24:36,328 epoch 2 - iter 3070/3079 - loss 0.01038176 - time (sec): 875.51 - samples/sec: 185.81 - lr: 0.000005 - momentum: 0.000000
2025-09-30 16:24:38,835 ----------------------------------------------------------------------------------------------------
2025-09-30 16:24:38,836 EPOCH 2 done: loss 0.0104 - lr: 0.000005
2025-09-30 16:24:39,836 DEV : loss 0.007918682880699635 - f1-score (micro avg)  0.8855
2025-09-30 16:24:39,888 ----------------------------------------------------------------------------------------------------
2025-09-30 16:26:07,696 epoch 3 - iter 307/3079 - loss 0.00784941 - time (sec): 87.81 - samples/sec: 182.69 - lr: 0.000005 - momentum: 0.000000
2025-09-30 16:27:35,292 epoch 3 - iter 614/3079 - loss 0.00629874 - time (sec): 175.40 - samples/sec: 183.21 - lr: 0.000005 - momentum: 0.000000
2025-09-30 16:29:02,985 epoch 3 - iter 921/3079 - loss 0.00608421 - time (sec): 263.09 - samples/sec: 183.58 - lr: 0.000005 - momentum: 0.000000
2025-09-30 16:30:30,582 epoch 3 - iter 1228/3079 - loss 0.00736881 - time (sec): 350.69 - samples/sec: 184.92 - lr: 0.000005 - momentum: 0.000000
2025-09-30 16:31:58,057 epoch 3 - iter 1535/3079 - loss 0.00675382 - time (sec): 438.17 - samples/sec: 183.62 - lr: 0.000005 - momentum: 0.000000
2025-09-30 16:33:25,615 epoch 3 - iter 1842/3079 - loss 0.00666629 - time (sec): 525.72 - samples/sec: 184.18 - lr: 0.000005 - momentum: 0.000000
2025-09-30 16:34:53,284 epoch 3 - iter 2149/3079 - loss 0.00703285 - time (sec): 613.39 - samples/sec: 185.64 - lr: 0.000005 - momentum: 0.000000
2025-09-30 16:36:20,802 epoch 3 - iter 2456/3079 - loss 0.00666317 - time (sec): 700.91 - samples/sec: 185.33 - lr: 0.000005 - momentum: 0.000000
2025-09-30 16:37:48,391 epoch 3 - iter 2763/3079 - loss 0.00702493 - time (sec): 788.50 - samples/sec: 185.38 - lr: 0.000005 - momentum: 0.000000
2025-09-30 16:39:16,476 epoch 3 - iter 3070/3079 - loss 0.00700366 - time (sec): 876.58 - samples/sec: 185.48 - lr: 0.000005 - momentum: 0.000000
2025-09-30 16:39:18,990 ----------------------------------------------------------------------------------------------------
2025-09-30 16:39:18,990 EPOCH 3 done: loss 0.0070 - lr: 0.000005
2025-09-30 16:39:20,199 DEV : loss 0.008009364828467369 - f1-score (micro avg)  0.8855
2025-09-30 16:39:20,251 ----------------------------------------------------------------------------------------------------
2025-09-30 16:40:47,628 epoch 4 - iter 307/3079 - loss 0.00338190 - time (sec): 87.37 - samples/sec: 193.22 - lr: 0.000005 - momentum: 0.000000
2025-09-30 16:42:15,469 epoch 4 - iter 614/3079 - loss 0.00373606 - time (sec): 175.21 - samples/sec: 184.76 - lr: 0.000005 - momentum: 0.000000
2025-09-30 16:43:42,925 epoch 4 - iter 921/3079 - loss 0.00496005 - time (sec): 262.67 - samples/sec: 184.59 - lr: 0.000005 - momentum: 0.000000
2025-09-30 16:45:10,351 epoch 4 - iter 1228/3079 - loss 0.00525793 - time (sec): 350.10 - samples/sec: 183.65 - lr: 0.000005 - momentum: 0.000000
2025-09-30 16:46:37,905 epoch 4 - iter 1535/3079 - loss 0.00524322 - time (sec): 437.65 - samples/sec: 183.95 - lr: 0.000005 - momentum: 0.000000
2025-09-30 16:48:05,392 epoch 4 - iter 1842/3079 - loss 0.00491697 - time (sec): 525.14 - samples/sec: 184.09 - lr: 0.000005 - momentum: 0.000000
2025-09-30 16:49:32,890 epoch 4 - iter 2149/3079 - loss 0.00463360 - time (sec): 612.63 - samples/sec: 185.73 - lr: 0.000005 - momentum: 0.000000
2025-09-30 16:51:00,302 epoch 4 - iter 2456/3079 - loss 0.00454821 - time (sec): 700.05 - samples/sec: 185.28 - lr: 0.000005 - momentum: 0.000000
2025-09-30 16:52:27,718 epoch 4 - iter 2763/3079 - loss 0.00496006 - time (sec): 787.46 - samples/sec: 185.83 - lr: 0.000004 - momentum: 0.000000
2025-09-30 16:53:55,705 epoch 4 - iter 3070/3079 - loss 0.00478502 - time (sec): 875.45 - samples/sec: 185.90 - lr: 0.000004 - momentum: 0.000000
2025-09-30 16:53:58,224 ----------------------------------------------------------------------------------------------------
2025-09-30 16:53:58,224 EPOCH 4 done: loss 0.0048 - lr: 0.000004
2025-09-30 16:53:59,194 DEV : loss 0.008066482841968536 - f1-score (micro avg)  0.8855
2025-09-30 16:53:59,250 ----------------------------------------------------------------------------------------------------
2025-09-30 16:55:26,730 epoch 5 - iter 307/3079 - loss 0.00195894 - time (sec): 87.48 - samples/sec: 183.75 - lr: 0.000004 - momentum: 0.000000
2025-09-30 16:56:54,636 epoch 5 - iter 614/3079 - loss 0.00404014 - time (sec): 175.38 - samples/sec: 183.47 - lr: 0.000004 - momentum: 0.000000
2025-09-30 16:58:21,997 epoch 5 - iter 921/3079 - loss 0.00343217 - time (sec): 262.74 - samples/sec: 182.10 - lr: 0.000004 - momentum: 0.000000
2025-09-30 16:59:49,706 epoch 5 - iter 1228/3079 - loss 0.00308985 - time (sec): 350.45 - samples/sec: 184.65 - lr: 0.000004 - momentum: 0.000000
2025-09-30 17:01:17,318 epoch 5 - iter 1535/3079 - loss 0.00254742 - time (sec): 438.07 - samples/sec: 185.29 - lr: 0.000004 - momentum: 0.000000
2025-09-30 17:02:44,985 epoch 5 - iter 1842/3079 - loss 0.00244637 - time (sec): 525.73 - samples/sec: 185.67 - lr: 0.000004 - momentum: 0.000000
2025-09-30 17:04:12,547 epoch 5 - iter 2149/3079 - loss 0.00280646 - time (sec): 613.29 - samples/sec: 185.17 - lr: 0.000004 - momentum: 0.000000
2025-09-30 17:05:40,113 epoch 5 - iter 2456/3079 - loss 0.00288738 - time (sec): 700.86 - samples/sec: 185.55 - lr: 0.000004 - momentum: 0.000000
2025-09-30 17:07:07,805 epoch 5 - iter 2763/3079 - loss 0.00296475 - time (sec): 788.55 - samples/sec: 185.63 - lr: 0.000004 - momentum: 0.000000
2025-09-30 17:08:35,958 epoch 5 - iter 3070/3079 - loss 0.00284885 - time (sec): 876.71 - samples/sec: 185.51 - lr: 0.000004 - momentum: 0.000000
2025-09-30 17:08:38,474 ----------------------------------------------------------------------------------------------------
2025-09-30 17:08:38,474 EPOCH 5 done: loss 0.0028 - lr: 0.000004
2025-09-30 17:08:39,439 DEV : loss 0.008116895332932472 - f1-score (micro avg)  0.8855
2025-09-30 17:08:39,490 ----------------------------------------------------------------------------------------------------
2025-09-30 17:10:07,092 epoch 6 - iter 307/3079 - loss 0.00303495 - time (sec): 87.60 - samples/sec: 186.14 - lr: 0.000004 - momentum: 0.000000
2025-09-30 17:11:35,162 epoch 6 - iter 614/3079 - loss 0.00222622 - time (sec): 175.67 - samples/sec: 186.24 - lr: 0.000004 - momentum: 0.000000
2025-09-30 17:13:02,886 epoch 6 - iter 921/3079 - loss 0.00205310 - time (sec): 263.39 - samples/sec: 182.92 - lr: 0.000004 - momentum: 0.000000
2025-09-30 17:14:30,711 epoch 6 - iter 1228/3079 - loss 0.00167527 - time (sec): 351.22 - samples/sec: 182.35 - lr: 0.000004 - momentum: 0.000000
2025-09-30 17:15:58,650 epoch 6 - iter 1535/3079 - loss 0.00163465 - time (sec): 439.16 - samples/sec: 185.39 - lr: 0.000004 - momentum: 0.000000
2025-09-30 17:17:26,412 epoch 6 - iter 1842/3079 - loss 0.00176869 - time (sec): 526.92 - samples/sec: 184.95 - lr: 0.000004 - momentum: 0.000000
2025-09-30 17:18:54,115 epoch 6 - iter 2149/3079 - loss 0.00190067 - time (sec): 614.62 - samples/sec: 184.86 - lr: 0.000004 - momentum: 0.000000
2025-09-30 17:20:21,776 epoch 6 - iter 2456/3079 - loss 0.00208975 - time (sec): 702.28 - samples/sec: 185.24 - lr: 0.000004 - momentum: 0.000000
2025-09-30 17:21:49,498 epoch 6 - iter 2763/3079 - loss 0.00214371 - time (sec): 790.01 - samples/sec: 186.12 - lr: 0.000004 - momentum: 0.000000
2025-09-30 17:23:17,626 epoch 6 - iter 3070/3079 - loss 0.00231123 - time (sec): 878.13 - samples/sec: 185.36 - lr: 0.000004 - momentum: 0.000000
2025-09-30 17:23:20,157 ----------------------------------------------------------------------------------------------------
2025-09-30 17:23:20,157 EPOCH 6 done: loss 0.0023 - lr: 0.000004
2025-09-30 17:23:21,177 DEV : loss 0.008178925141692162 - f1-score (micro avg)  0.8855
2025-09-30 17:23:21,234 ----------------------------------------------------------------------------------------------------
2025-09-30 17:24:48,739 epoch 7 - iter 307/3079 - loss 0.00168844 - time (sec): 87.50 - samples/sec: 185.81 - lr: 0.000004 - momentum: 0.000000
2025-09-30 17:26:16,755 epoch 7 - iter 614/3079 - loss 0.00292777 - time (sec): 175.52 - samples/sec: 182.93 - lr: 0.000004 - momentum: 0.000000
2025-09-30 17:27:44,333 epoch 7 - iter 921/3079 - loss 0.00255379 - time (sec): 263.10 - samples/sec: 187.26 - lr: 0.000004 - momentum: 0.000000
2025-09-30 17:29:11,974 epoch 7 - iter 1228/3079 - loss 0.00231270 - time (sec): 350.74 - samples/sec: 188.21 - lr: 0.000004 - momentum: 0.000000
2025-09-30 17:30:39,580 epoch 7 - iter 1535/3079 - loss 0.00240208 - time (sec): 438.34 - samples/sec: 186.57 - lr: 0.000004 - momentum: 0.000000
2025-09-30 17:32:07,055 epoch 7 - iter 1842/3079 - loss 0.00216119 - time (sec): 525.82 - samples/sec: 186.74 - lr: 0.000004 - momentum: 0.000000
2025-09-30 17:33:34,816 epoch 7 - iter 2149/3079 - loss 0.00219623 - time (sec): 613.58 - samples/sec: 185.10 - lr: 0.000004 - momentum: 0.000000
2025-09-30 17:35:02,477 epoch 7 - iter 2456/3079 - loss 0.00228234 - time (sec): 701.24 - samples/sec: 185.05 - lr: 0.000004 - momentum: 0.000000
2025-09-30 17:36:30,314 epoch 7 - iter 2763/3079 - loss 0.00228175 - time (sec): 789.08 - samples/sec: 185.56 - lr: 0.000004 - momentum: 0.000000
2025-09-30 17:37:58,512 epoch 7 - iter 3070/3079 - loss 0.00247366 - time (sec): 877.28 - samples/sec: 185.47 - lr: 0.000004 - momentum: 0.000000
2025-09-30 17:38:01,023 ----------------------------------------------------------------------------------------------------
2025-09-30 17:38:01,024 EPOCH 7 done: loss 0.0025 - lr: 0.000004
2025-09-30 17:38:01,991 DEV : loss 0.008214037865400314 - f1-score (micro avg)  0.8855
2025-09-30 17:38:02,042 ----------------------------------------------------------------------------------------------------
2025-09-30 17:39:29,697 epoch 8 - iter 307/3079 - loss 0.00012955 - time (sec): 87.65 - samples/sec: 181.43 - lr: 0.000004 - momentum: 0.000000
2025-09-30 17:40:57,514 epoch 8 - iter 614/3079 - loss 0.00006592 - time (sec): 175.47 - samples/sec: 180.52 - lr: 0.000004 - momentum: 0.000000
2025-09-30 17:42:25,061 epoch 8 - iter 921/3079 - loss 0.00008310 - time (sec): 263.02 - samples/sec: 181.72 - lr: 0.000004 - momentum: 0.000000
2025-09-30 17:43:52,530 epoch 8 - iter 1228/3079 - loss 0.00047487 - time (sec): 350.48 - samples/sec: 183.95 - lr: 0.000004 - momentum: 0.000000
2025-09-30 17:45:20,213 epoch 8 - iter 1535/3079 - loss 0.00138797 - time (sec): 438.17 - samples/sec: 182.80 - lr: 0.000003 - momentum: 0.000000
2025-09-30 17:46:47,801 epoch 8 - iter 1842/3079 - loss 0.00134073 - time (sec): 525.76 - samples/sec: 182.70 - lr: 0.000003 - momentum: 0.000000
2025-09-30 17:48:15,525 epoch 8 - iter 2149/3079 - loss 0.00146813 - time (sec): 613.48 - samples/sec: 183.40 - lr: 0.000003 - momentum: 0.000000
2025-09-30 17:49:43,099 epoch 8 - iter 2456/3079 - loss 0.00146957 - time (sec): 701.05 - samples/sec: 183.88 - lr: 0.000003 - momentum: 0.000000
2025-09-30 17:51:10,640 epoch 8 - iter 2763/3079 - loss 0.00172466 - time (sec): 788.59 - samples/sec: 185.06 - lr: 0.000003 - momentum: 0.000000
2025-09-30 17:52:38,377 epoch 8 - iter 3070/3079 - loss 0.00185271 - time (sec): 876.33 - samples/sec: 185.63 - lr: 0.000003 - momentum: 0.000000
2025-09-30 17:52:40,849 ----------------------------------------------------------------------------------------------------
2025-09-30 17:52:40,849 EPOCH 8 done: loss 0.0018 - lr: 0.000003
2025-09-30 17:52:41,817 DEV : loss 0.008256586268544197 - f1-score (micro avg)  0.8855
2025-09-30 17:52:41,916 ----------------------------------------------------------------------------------------------------
2025-09-30 17:54:09,126 epoch 9 - iter 307/3079 - loss 0.00043144 - time (sec): 87.21 - samples/sec: 189.61 - lr: 0.000003 - momentum: 0.000000
2025-09-30 17:55:36,634 epoch 9 - iter 614/3079 - loss 0.00031446 - time (sec): 174.71 - samples/sec: 187.25 - lr: 0.000003 - momentum: 0.000000
2025-09-30 17:57:03,709 epoch 9 - iter 921/3079 - loss 0.00021084 - time (sec): 261.79 - samples/sec: 186.60 - lr: 0.000003 - momentum: 0.000000
2025-09-30 17:58:30,830 epoch 9 - iter 1228/3079 - loss 0.00099069 - time (sec): 348.91 - samples/sec: 184.50 - lr: 0.000003 - momentum: 0.000000
2025-09-30 17:59:57,964 epoch 9 - iter 1535/3079 - loss 0.00099410 - time (sec): 436.04 - samples/sec: 185.61 - lr: 0.000003 - momentum: 0.000000
2025-09-30 18:01:25,117 epoch 9 - iter 1842/3079 - loss 0.00152722 - time (sec): 523.20 - samples/sec: 187.05 - lr: 0.000003 - momentum: 0.000000
2025-09-30 18:02:52,119 epoch 9 - iter 2149/3079 - loss 0.00152342 - time (sec): 610.20 - samples/sec: 186.99 - lr: 0.000003 - momentum: 0.000000
2025-09-30 18:04:19,259 epoch 9 - iter 2456/3079 - loss 0.00142955 - time (sec): 697.34 - samples/sec: 187.09 - lr: 0.000003 - momentum: 0.000000
2025-09-30 18:05:46,365 epoch 9 - iter 2763/3079 - loss 0.00144194 - time (sec): 784.45 - samples/sec: 187.10 - lr: 0.000003 - momentum: 0.000000
2025-09-30 18:07:13,774 epoch 9 - iter 3070/3079 - loss 0.00146791 - time (sec): 871.85 - samples/sec: 186.43 - lr: 0.000003 - momentum: 0.000000
2025-09-30 18:07:16,304 ----------------------------------------------------------------------------------------------------
2025-09-30 18:07:16,305 EPOCH 9 done: loss 0.0015 - lr: 0.000003
2025-09-30 18:07:17,286 DEV : loss 0.008284816518425941 - f1-score (micro avg)  0.8855
2025-09-30 18:07:17,337 ----------------------------------------------------------------------------------------------------
2025-09-30 18:08:44,176 epoch 10 - iter 307/3079 - loss 0.00000194 - time (sec): 86.84 - samples/sec: 185.19 - lr: 0.000003 - momentum: 0.000000
2025-09-30 18:10:11,446 epoch 10 - iter 614/3079 - loss 0.00081531 - time (sec): 174.11 - samples/sec: 181.77 - lr: 0.000003 - momentum: 0.000000
2025-09-30 18:11:38,502 epoch 10 - iter 921/3079 - loss 0.00066094 - time (sec): 261.16 - samples/sec: 186.01 - lr: 0.000003 - momentum: 0.000000
2025-09-30 18:13:05,569 epoch 10 - iter 1228/3079 - loss 0.00069579 - time (sec): 348.23 - samples/sec: 187.90 - lr: 0.000003 - momentum: 0.000000
2025-09-30 18:14:32,605 epoch 10 - iter 1535/3079 - loss 0.00076977 - time (sec): 435.27 - samples/sec: 188.23 - lr: 0.000003 - momentum: 0.000000
2025-09-30 18:15:59,603 epoch 10 - iter 1842/3079 - loss 0.00068946 - time (sec): 522.26 - samples/sec: 187.73 - lr: 0.000003 - momentum: 0.000000
2025-09-30 18:17:26,704 epoch 10 - iter 2149/3079 - loss 0.00088531 - time (sec): 609.36 - samples/sec: 187.42 - lr: 0.000003 - momentum: 0.000000
2025-09-30 18:18:53,640 epoch 10 - iter 2456/3079 - loss 0.00098196 - time (sec): 696.30 - samples/sec: 185.85 - lr: 0.000003 - momentum: 0.000000
2025-09-30 18:20:20,643 epoch 10 - iter 2763/3079 - loss 0.00098717 - time (sec): 783.30 - samples/sec: 186.80 - lr: 0.000003 - momentum: 0.000000
2025-09-30 18:21:47,982 epoch 10 - iter 3070/3079 - loss 0.00090698 - time (sec): 870.64 - samples/sec: 186.85 - lr: 0.000003 - momentum: 0.000000
2025-09-30 18:21:50,495 ----------------------------------------------------------------------------------------------------
2025-09-30 18:21:50,495 EPOCH 10 done: loss 0.0009 - lr: 0.000003
2025-09-30 18:21:51,454 DEV : loss 0.008314186707139015 - f1-score (micro avg)  0.8855
2025-09-30 18:21:51,546 ----------------------------------------------------------------------------------------------------
2025-09-30 18:23:18,569 epoch 11 - iter 307/3079 - loss 0.00004758 - time (sec): 87.02 - samples/sec: 185.84 - lr: 0.000003 - momentum: 0.000000
2025-09-30 18:24:45,755 epoch 11 - iter 614/3079 - loss 0.00038753 - time (sec): 174.21 - samples/sec: 184.00 - lr: 0.000003 - momentum: 0.000000
2025-09-30 18:26:12,825 epoch 11 - iter 921/3079 - loss 0.00046888 - time (sec): 261.28 - samples/sec: 185.59 - lr: 0.000003 - momentum: 0.000000
2025-09-30 18:27:39,942 epoch 11 - iter 1228/3079 - loss 0.00115731 - time (sec): 348.39 - samples/sec: 185.70 - lr: 0.000003 - momentum: 0.000000
2025-09-30 18:29:06,974 epoch 11 - iter 1535/3079 - loss 0.00109558 - time (sec): 435.43 - samples/sec: 185.95 - lr: 0.000003 - momentum: 0.000000
2025-09-30 18:30:34,115 epoch 11 - iter 1842/3079 - loss 0.00091513 - time (sec): 522.57 - samples/sec: 185.54 - lr: 0.000003 - momentum: 0.000000
2025-09-30 18:32:01,071 epoch 11 - iter 2149/3079 - loss 0.00104964 - time (sec): 609.52 - samples/sec: 186.37 - lr: 0.000003 - momentum: 0.000000
2025-09-30 18:33:28,249 epoch 11 - iter 2456/3079 - loss 0.00091532 - time (sec): 696.70 - samples/sec: 186.99 - lr: 0.000003 - momentum: 0.000000
2025-09-30 18:34:55,385 epoch 11 - iter 2763/3079 - loss 0.00108174 - time (sec): 783.84 - samples/sec: 187.72 - lr: 0.000003 - momentum: 0.000000
2025-09-30 18:36:22,958 epoch 11 - iter 3070/3079 - loss 0.00097923 - time (sec): 871.41 - samples/sec: 186.66 - lr: 0.000003 - momentum: 0.000000
2025-09-30 18:36:25,475 ----------------------------------------------------------------------------------------------------
2025-09-30 18:36:25,475 EPOCH 11 done: loss 0.0010 - lr: 0.000003
2025-09-30 18:36:26,431 DEV : loss 0.00833530630916357 - f1-score (micro avg)  0.8855
2025-09-30 18:36:26,518 ----------------------------------------------------------------------------------------------------
2025-09-30 18:37:53,576 epoch 12 - iter 307/3079 - loss 0.00000226 - time (sec): 87.05 - samples/sec: 183.29 - lr: 0.000002 - momentum: 0.000000
2025-09-30 18:39:21,007 epoch 12 - iter 614/3079 - loss 0.00088979 - time (sec): 174.49 - samples/sec: 182.23 - lr: 0.000002 - momentum: 0.000000
2025-09-30 18:40:48,196 epoch 12 - iter 921/3079 - loss 0.00097504 - time (sec): 261.67 - samples/sec: 183.15 - lr: 0.000002 - momentum: 0.000000
2025-09-30 18:42:15,422 epoch 12 - iter 1228/3079 - loss 0.00112628 - time (sec): 348.90 - samples/sec: 183.17 - lr: 0.000002 - momentum: 0.000000
2025-09-30 18:43:42,471 epoch 12 - iter 1535/3079 - loss 0.00094699 - time (sec): 435.95 - samples/sec: 184.62 - lr: 0.000002 - momentum: 0.000000
2025-09-30 18:45:09,661 epoch 12 - iter 1842/3079 - loss 0.00078614 - time (sec): 523.14 - samples/sec: 185.44 - lr: 0.000002 - momentum: 0.000000
2025-09-30 18:46:36,612 epoch 12 - iter 2149/3079 - loss 0.00074861 - time (sec): 610.09 - samples/sec: 185.80 - lr: 0.000002 - momentum: 0.000000
2025-09-30 18:48:03,701 epoch 12 - iter 2456/3079 - loss 0.00066335 - time (sec): 697.18 - samples/sec: 186.30 - lr: 0.000002 - momentum: 0.000000
2025-09-30 18:49:30,709 epoch 12 - iter 2763/3079 - loss 0.00069986 - time (sec): 784.19 - samples/sec: 185.97 - lr: 0.000002 - momentum: 0.000000
2025-09-30 18:50:58,160 epoch 12 - iter 3070/3079 - loss 0.00070123 - time (sec): 871.64 - samples/sec: 186.79 - lr: 0.000002 - momentum: 0.000000
2025-09-30 18:51:00,645 ----------------------------------------------------------------------------------------------------
2025-09-30 18:51:00,646 EPOCH 12 done: loss 0.0007 - lr: 0.000002
2025-09-30 18:51:01,604 DEV : loss 0.008363899774849415 - f1-score (micro avg)  0.8855
2025-09-30 18:51:01,691 ----------------------------------------------------------------------------------------------------
2025-09-30 18:52:28,701 epoch 13 - iter 307/3079 - loss 0.00000020 - time (sec): 87.01 - samples/sec: 181.87 - lr: 0.000002 - momentum: 0.000000
2025-09-30 18:53:56,232 epoch 13 - iter 614/3079 - loss 0.00035427 - time (sec): 174.54 - samples/sec: 187.38 - lr: 0.000002 - momentum: 0.000000
2025-09-30 18:55:23,119 epoch 13 - iter 921/3079 - loss 0.00042803 - time (sec): 261.43 - samples/sec: 185.04 - lr: 0.000002 - momentum: 0.000000
2025-09-30 18:56:50,155 epoch 13 - iter 1228/3079 - loss 0.00032628 - time (sec): 348.46 - samples/sec: 185.19 - lr: 0.000002 - momentum: 0.000000
2025-09-30 18:58:17,149 epoch 13 - iter 1535/3079 - loss 0.00026053 - time (sec): 435.46 - samples/sec: 185.66 - lr: 0.000002 - momentum: 0.000000
2025-09-30 18:59:44,245 epoch 13 - iter 1842/3079 - loss 0.00037223 - time (sec): 522.55 - samples/sec: 185.84 - lr: 0.000002 - momentum: 0.000000
2025-09-30 19:01:11,187 epoch 13 - iter 2149/3079 - loss 0.00038863 - time (sec): 609.49 - samples/sec: 185.91 - lr: 0.000002 - momentum: 0.000000
2025-09-30 19:02:38,200 epoch 13 - iter 2456/3079 - loss 0.00034096 - time (sec): 696.51 - samples/sec: 186.59 - lr: 0.000002 - momentum: 0.000000
2025-09-30 19:04:05,295 epoch 13 - iter 2763/3079 - loss 0.00044981 - time (sec): 783.60 - samples/sec: 186.62 - lr: 0.000002 - momentum: 0.000000
2025-09-30 19:05:32,848 epoch 13 - iter 3070/3079 - loss 0.00040494 - time (sec): 871.15 - samples/sec: 186.82 - lr: 0.000002 - momentum: 0.000000
2025-09-30 19:05:35,345 ----------------------------------------------------------------------------------------------------
2025-09-30 19:05:35,345 EPOCH 13 done: loss 0.0004 - lr: 0.000002
2025-09-30 19:05:36,306 DEV : loss 0.008406441658735275 - f1-score (micro avg)  0.8855
2025-09-30 19:05:36,357 ----------------------------------------------------------------------------------------------------
2025-09-30 19:07:03,348 epoch 14 - iter 307/3079 - loss 0.00122880 - time (sec): 86.99 - samples/sec: 182.98 - lr: 0.000002 - momentum: 0.000000
2025-09-30 19:08:30,917 epoch 14 - iter 614/3079 - loss 0.00061893 - time (sec): 174.56 - samples/sec: 183.10 - lr: 0.000002 - momentum: 0.000000
2025-09-30 19:09:57,946 epoch 14 - iter 921/3079 - loss 0.00040652 - time (sec): 261.59 - samples/sec: 186.11 - lr: 0.000002 - momentum: 0.000000
2025-09-30 19:11:24,919 epoch 14 - iter 1228/3079 - loss 0.00030383 - time (sec): 348.56 - samples/sec: 187.71 - lr: 0.000002 - momentum: 0.000000
2025-09-30 19:12:51,884 epoch 14 - iter 1535/3079 - loss 0.00024543 - time (sec): 435.52 - samples/sec: 186.14 - lr: 0.000002 - momentum: 0.000000
2025-09-30 19:14:18,924 epoch 14 - iter 1842/3079 - loss 0.00020528 - time (sec): 522.56 - samples/sec: 185.58 - lr: 0.000002 - momentum: 0.000000
2025-09-30 19:15:45,959 epoch 14 - iter 2149/3079 - loss 0.00017583 - time (sec): 609.60 - samples/sec: 185.83 - lr: 0.000002 - momentum: 0.000000
2025-09-30 19:17:13,073 epoch 14 - iter 2456/3079 - loss 0.00021507 - time (sec): 696.71 - samples/sec: 186.35 - lr: 0.000002 - momentum: 0.000000
2025-09-30 19:18:40,224 epoch 14 - iter 2763/3079 - loss 0.00042802 - time (sec): 783.86 - samples/sec: 185.97 - lr: 0.000002 - momentum: 0.000000
2025-09-30 19:20:07,939 epoch 14 - iter 3070/3079 - loss 0.00038347 - time (sec): 871.58 - samples/sec: 186.72 - lr: 0.000002 - momentum: 0.000000
2025-09-30 19:20:10,455 ----------------------------------------------------------------------------------------------------
2025-09-30 19:20:10,455 EPOCH 14 done: loss 0.0004 - lr: 0.000002
2025-09-30 19:20:11,417 DEV : loss 0.008437213487923145 - f1-score (micro avg)  0.8855
2025-09-30 19:20:11,468 ----------------------------------------------------------------------------------------------------
2025-09-30 19:21:38,536 epoch 15 - iter 307/3079 - loss 0.00000036 - time (sec): 87.07 - samples/sec: 184.80 - lr: 0.000002 - momentum: 0.000000
2025-09-30 19:23:06,156 epoch 15 - iter 614/3079 - loss 0.00000098 - time (sec): 174.69 - samples/sec: 184.11 - lr: 0.000002 - momentum: 0.000000
2025-09-30 19:24:33,408 epoch 15 - iter 921/3079 - loss 0.00001548 - time (sec): 261.94 - samples/sec: 185.79 - lr: 0.000002 - momentum: 0.000000
2025-09-30 19:26:00,743 epoch 15 - iter 1228/3079 - loss 0.00002658 - time (sec): 349.27 - samples/sec: 185.97 - lr: 0.000002 - momentum: 0.000000
2025-09-30 19:27:27,787 epoch 15 - iter 1535/3079 - loss 0.00009456 - time (sec): 436.32 - samples/sec: 184.98 - lr: 0.000002 - momentum: 0.000000
2025-09-30 19:28:54,825 epoch 15 - iter 1842/3079 - loss 0.00015455 - time (sec): 523.35 - samples/sec: 186.09 - lr: 0.000002 - momentum: 0.000000
2025-09-30 19:30:21,939 epoch 15 - iter 2149/3079 - loss 0.00013279 - time (sec): 610.47 - samples/sec: 185.70 - lr: 0.000001 - momentum: 0.000000
2025-09-30 19:31:49,009 epoch 15 - iter 2456/3079 - loss 0.00011609 - time (sec): 697.54 - samples/sec: 186.01 - lr: 0.000001 - momentum: 0.000000
2025-09-30 19:33:16,095 epoch 15 - iter 2763/3079 - loss 0.00024558 - time (sec): 784.62 - samples/sec: 186.29 - lr: 0.000001 - momentum: 0.000000
2025-09-30 19:34:43,543 epoch 15 - iter 3070/3079 - loss 0.00022061 - time (sec): 872.07 - samples/sec: 186.60 - lr: 0.000001 - momentum: 0.000000
2025-09-30 19:34:46,021 ----------------------------------------------------------------------------------------------------
2025-09-30 19:34:46,021 EPOCH 15 done: loss 0.0002 - lr: 0.000001
2025-09-30 19:34:46,981 DEV : loss 0.008459962904453278 - f1-score (micro avg)  0.8855
2025-09-30 19:34:47,081 ----------------------------------------------------------------------------------------------------
2025-09-30 19:36:14,094 epoch 16 - iter 307/3079 - loss 0.00000062 - time (sec): 87.01 - samples/sec: 192.80 - lr: 0.000001 - momentum: 0.000000
2025-09-30 19:37:41,324 epoch 16 - iter 614/3079 - loss 0.00000039 - time (sec): 174.24 - samples/sec: 189.71 - lr: 0.000001 - momentum: 0.000000
2025-09-30 19:39:08,340 epoch 16 - iter 921/3079 - loss 0.00000028 - time (sec): 261.26 - samples/sec: 187.54 - lr: 0.000001 - momentum: 0.000000
2025-09-30 19:40:35,308 epoch 16 - iter 1228/3079 - loss 0.00000024 - time (sec): 348.22 - samples/sec: 186.22 - lr: 0.000001 - momentum: 0.000000
2025-09-30 19:42:02,499 epoch 16 - iter 1535/3079 - loss 0.00000021 - time (sec): 435.42 - samples/sec: 186.84 - lr: 0.000001 - momentum: 0.000000
2025-09-30 19:43:29,662 epoch 16 - iter 1842/3079 - loss 0.00000020 - time (sec): 522.58 - samples/sec: 186.37 - lr: 0.000001 - momentum: 0.000000
2025-09-30 19:44:56,682 epoch 16 - iter 2149/3079 - loss 0.00004965 - time (sec): 609.60 - samples/sec: 187.00 - lr: 0.000001 - momentum: 0.000000
2025-09-30 19:46:23,835 epoch 16 - iter 2456/3079 - loss 0.00012350 - time (sec): 696.75 - samples/sec: 186.42 - lr: 0.000001 - momentum: 0.000000
2025-09-30 19:47:50,986 epoch 16 - iter 2763/3079 - loss 0.00010950 - time (sec): 783.90 - samples/sec: 186.89 - lr: 0.000001 - momentum: 0.000000
2025-09-30 19:49:18,702 epoch 16 - iter 3070/3079 - loss 0.00009868 - time (sec): 871.62 - samples/sec: 186.69 - lr: 0.000001 - momentum: 0.000000
2025-09-30 19:49:21,203 ----------------------------------------------------------------------------------------------------
2025-09-30 19:49:21,203 EPOCH 16 done: loss 0.0001 - lr: 0.000001
2025-09-30 19:49:22,162 DEV : loss 0.008488171733915806 - f1-score (micro avg)  0.8855
2025-09-30 19:49:22,213 ----------------------------------------------------------------------------------------------------
2025-09-30 19:50:49,177 epoch 17 - iter 307/3079 - loss 0.00000023 - time (sec): 86.96 - samples/sec: 183.66 - lr: 0.000001 - momentum: 0.000000
2025-09-30 19:52:16,497 epoch 17 - iter 614/3079 - loss 0.00000014 - time (sec): 174.28 - samples/sec: 186.11 - lr: 0.000001 - momentum: 0.000000
2025-09-30 19:53:43,581 epoch 17 - iter 921/3079 - loss 0.00010226 - time (sec): 261.37 - samples/sec: 184.34 - lr: 0.000001 - momentum: 0.000000
2025-09-30 19:55:10,530 epoch 17 - iter 1228/3079 - loss 0.00007810 - time (sec): 348.31 - samples/sec: 183.31 - lr: 0.000001 - momentum: 0.000000
2025-09-30 19:56:37,625 epoch 17 - iter 1535/3079 - loss 0.00006190 - time (sec): 435.41 - samples/sec: 185.05 - lr: 0.000001 - momentum: 0.000000
2025-09-30 19:58:04,678 epoch 17 - iter 1842/3079 - loss 0.00022165 - time (sec): 522.46 - samples/sec: 185.85 - lr: 0.000001 - momentum: 0.000000
2025-09-30 19:59:31,671 epoch 17 - iter 2149/3079 - loss 0.00020646 - time (sec): 609.46 - samples/sec: 186.49 - lr: 0.000001 - momentum: 0.000000
2025-09-30 20:00:58,698 epoch 17 - iter 2456/3079 - loss 0.00018089 - time (sec): 696.48 - samples/sec: 186.25 - lr: 0.000001 - momentum: 0.000000
2025-09-30 20:02:25,699 epoch 17 - iter 2763/3079 - loss 0.00016555 - time (sec): 783.48 - samples/sec: 186.13 - lr: 0.000001 - momentum: 0.000000
2025-09-30 20:03:53,239 epoch 17 - iter 3070/3079 - loss 0.00014835 - time (sec): 871.02 - samples/sec: 186.84 - lr: 0.000001 - momentum: 0.000000
2025-09-30 20:03:55,719 ----------------------------------------------------------------------------------------------------
2025-09-30 20:03:55,719 EPOCH 17 done: loss 0.0001 - lr: 0.000001
2025-09-30 20:03:56,677 DEV : loss 0.008519621565937996 - f1-score (micro avg)  0.8855
2025-09-30 20:03:56,762 ----------------------------------------------------------------------------------------------------
2025-09-30 20:05:23,735 epoch 18 - iter 307/3079 - loss 0.00000003 - time (sec): 86.97 - samples/sec: 192.68 - lr: 0.000001 - momentum: 0.000000
2025-09-30 20:06:51,024 epoch 18 - iter 614/3079 - loss 0.00000005 - time (sec): 174.26 - samples/sec: 187.40 - lr: 0.000001 - momentum: 0.000000
2025-09-30 20:08:18,179 epoch 18 - iter 921/3079 - loss 0.00007127 - time (sec): 261.41 - samples/sec: 185.89 - lr: 0.000001 - momentum: 0.000000
2025-09-30 20:09:45,207 epoch 18 - iter 1228/3079 - loss 0.00005372 - time (sec): 348.44 - samples/sec: 185.38 - lr: 0.000001 - momentum: 0.000000
2025-09-30 20:11:12,359 epoch 18 - iter 1535/3079 - loss 0.00004264 - time (sec): 435.59 - samples/sec: 186.86 - lr: 0.000001 - momentum: 0.000000
2025-09-30 20:12:39,527 epoch 18 - iter 1842/3079 - loss 0.00003533 - time (sec): 522.76 - samples/sec: 188.26 - lr: 0.000001 - momentum: 0.000000
2025-09-30 20:14:06,485 epoch 18 - iter 2149/3079 - loss 0.00003071 - time (sec): 609.72 - samples/sec: 186.49 - lr: 0.000001 - momentum: 0.000000
2025-09-30 20:15:33,544 epoch 18 - iter 2456/3079 - loss 0.00002695 - time (sec): 696.78 - samples/sec: 186.11 - lr: 0.000001 - momentum: 0.000000
2025-09-30 20:17:00,780 epoch 18 - iter 2763/3079 - loss 0.00002392 - time (sec): 784.02 - samples/sec: 186.51 - lr: 0.000001 - momentum: 0.000000
2025-09-30 20:18:28,331 epoch 18 - iter 3070/3079 - loss 0.00002169 - time (sec): 871.57 - samples/sec: 186.38 - lr: 0.000001 - momentum: 0.000000
2025-09-30 20:18:30,866 ----------------------------------------------------------------------------------------------------
2025-09-30 20:18:30,867 EPOCH 18 done: loss 0.0000 - lr: 0.000001
2025-09-30 20:18:31,825 DEV : loss 0.008548473939299583 - f1-score (micro avg)  0.8855
2025-09-30 20:18:31,876 ----------------------------------------------------------------------------------------------------
2025-09-30 20:19:58,837 epoch 19 - iter 307/3079 - loss 0.00070915 - time (sec): 86.96 - samples/sec: 190.18 - lr: 0.000001 - momentum: 0.000000
2025-09-30 20:21:26,264 epoch 19 - iter 614/3079 - loss 0.00035585 - time (sec): 174.39 - samples/sec: 189.00 - lr: 0.000001 - momentum: 0.000000
2025-09-30 20:22:53,452 epoch 19 - iter 921/3079 - loss 0.00023683 - time (sec): 261.57 - samples/sec: 189.40 - lr: 0.000000 - momentum: 0.000000
2025-09-30 20:24:20,618 epoch 19 - iter 1228/3079 - loss 0.00034345 - time (sec): 348.74 - samples/sec: 189.14 - lr: 0.000000 - momentum: 0.000000
2025-09-30 20:25:47,579 epoch 19 - iter 1535/3079 - loss 0.00027594 - time (sec): 435.70 - samples/sec: 188.43 - lr: 0.000000 - momentum: 0.000000
2025-09-30 20:27:14,710 epoch 19 - iter 1842/3079 - loss 0.00023069 - time (sec): 522.83 - samples/sec: 187.84 - lr: 0.000000 - momentum: 0.000000
2025-09-30 20:28:41,589 epoch 19 - iter 2149/3079 - loss 0.00019761 - time (sec): 609.71 - samples/sec: 188.11 - lr: 0.000000 - momentum: 0.000000
2025-09-30 20:30:08,662 epoch 19 - iter 2456/3079 - loss 0.00017396 - time (sec): 696.78 - samples/sec: 186.99 - lr: 0.000000 - momentum: 0.000000
2025-09-30 20:31:35,823 epoch 19 - iter 2763/3079 - loss 0.00015505 - time (sec): 783.94 - samples/sec: 186.49 - lr: 0.000000 - momentum: 0.000000
2025-09-30 20:33:03,539 epoch 19 - iter 3070/3079 - loss 0.00013928 - time (sec): 871.66 - samples/sec: 186.72 - lr: 0.000000 - momentum: 0.000000
2025-09-30 20:33:06,038 ----------------------------------------------------------------------------------------------------
2025-09-30 20:33:06,038 EPOCH 19 done: loss 0.0001 - lr: 0.000000
2025-09-30 20:33:06,997 DEV : loss 0.008564518764615059 - f1-score (micro avg)  0.8855
2025-09-30 20:33:07,094 ----------------------------------------------------------------------------------------------------
2025-09-30 20:34:34,167 epoch 20 - iter 307/3079 - loss 0.00000002 - time (sec): 87.07 - samples/sec: 189.67 - lr: 0.000000 - momentum: 0.000000
2025-09-30 20:36:01,760 epoch 20 - iter 614/3079 - loss 0.00000005 - time (sec): 174.66 - samples/sec: 186.80 - lr: 0.000000 - momentum: 0.000000
2025-09-30 20:37:29,022 epoch 20 - iter 921/3079 - loss 0.00000008 - time (sec): 261.92 - samples/sec: 185.85 - lr: 0.000000 - momentum: 0.000000
2025-09-30 20:38:56,119 epoch 20 - iter 1228/3079 - loss 0.00000007 - time (sec): 349.02 - samples/sec: 185.87 - lr: 0.000000 - momentum: 0.000000
2025-09-30 20:40:23,385 epoch 20 - iter 1535/3079 - loss 0.00000009 - time (sec): 436.29 - samples/sec: 187.64 - lr: 0.000000 - momentum: 0.000000
2025-09-30 20:41:50,446 epoch 20 - iter 1842/3079 - loss 0.00000008 - time (sec): 523.35 - samples/sec: 188.26 - lr: 0.000000 - momentum: 0.000000
2025-09-30 20:43:17,554 epoch 20 - iter 2149/3079 - loss 0.00000007 - time (sec): 610.46 - samples/sec: 187.53 - lr: 0.000000 - momentum: 0.000000
2025-09-30 20:44:44,622 epoch 20 - iter 2456/3079 - loss 0.00000007 - time (sec): 697.52 - samples/sec: 186.49 - lr: 0.000000 - momentum: 0.000000
2025-09-30 20:46:11,821 epoch 20 - iter 2763/3079 - loss 0.00000017 - time (sec): 784.72 - samples/sec: 186.61 - lr: 0.000000 - momentum: 0.000000
2025-09-30 20:47:39,383 epoch 20 - iter 3070/3079 - loss 0.00000046 - time (sec): 872.29 - samples/sec: 186.52 - lr: 0.000000 - momentum: 0.000000
2025-09-30 20:47:41,891 ----------------------------------------------------------------------------------------------------
2025-09-30 20:47:41,891 EPOCH 20 done: loss 0.0000 - lr: 0.000000
2025-09-30 20:47:42,856 DEV : loss 0.008572288788855076 - f1-score (micro avg)  0.8855
2025-09-30 20:47:44,935 ----------------------------------------------------------------------------------------------------
2025-09-30 20:47:44,937 Testing using last state of model ...
2025-09-30 20:48:06,751 
Results:
- F-score (micro) 0.8361
- F-score (macro) 0.8361
- Accuracy 0.7183

By class:
              precision    recall  f1-score   support

         LOC     0.9533    0.7445    0.8361       137

   micro avg     0.9533    0.7445    0.8361       137
   macro avg     0.9533    0.7445    0.8361       137
weighted avg     0.9533    0.7445    0.8361       137

2025-09-30 20:48:06,752 ----------------------------------------------------------------------------------------------------
