2025-09-30 15:54:59,576 ----------------------------------------------------------------------------------------------------
2025-09-30 15:54:59,578 Model: "SequenceTagger(
  (embeddings): TransformerWordEmbeddings(
    (model): BertModel(
      (embeddings): BertEmbeddings(
        (word_embeddings): Embedding(31003, 768, padding_idx=1)
        (position_embeddings): Embedding(512, 768)
        (token_type_embeddings): Embedding(2, 768)
        (LayerNorm): LayerNorm((768,), eps=1e-12, elementwise_affine=True)
        (dropout): Dropout(p=0.1, inplace=False)
      )
      (encoder): BertEncoder(
        (layer): ModuleList(
          (0-11): 12 x BertLayer(
            (attention): BertAttention(
              (self): BertSdpaSelfAttention(
                (query): Linear(in_features=768, out_features=768, bias=True)
                (key): Linear(in_features=768, out_features=768, bias=True)
                (value): Linear(in_features=768, out_features=768, bias=True)
                (dropout): Dropout(p=0.1, inplace=False)
              )
              (output): BertSelfOutput(
                (dense): Linear(in_features=768, out_features=768, bias=True)
                (LayerNorm): LayerNorm((768,), eps=1e-12, elementwise_affine=True)
                (dropout): Dropout(p=0.1, inplace=False)
              )
            )
            (intermediate): BertIntermediate(
              (dense): Linear(in_features=768, out_features=3072, bias=True)
              (intermediate_act_fn): GELUActivation()
            )
            (output): BertOutput(
              (dense): Linear(in_features=3072, out_features=768, bias=True)
              (LayerNorm): LayerNorm((768,), eps=1e-12, elementwise_affine=True)
              (dropout): Dropout(p=0.1, inplace=False)
            )
          )
        )
      )
      (pooler): BertPooler(
        (dense): Linear(in_features=768, out_features=768, bias=True)
        (activation): Tanh()
      )
    )
  )
  (locked_dropout): LockedDropout(p=0.5)
  (linear): Linear(in_features=768, out_features=5, bias=True)
  (loss_function): CrossEntropyLoss()
)"
2025-09-30 15:54:59,578 ----------------------------------------------------------------------------------------------------
2025-09-30 15:54:59,578 Corpus: 12315 train + 1746 dev + 1700 test sentences
2025-09-30 15:54:59,579 ----------------------------------------------------------------------------------------------------
2025-09-30 15:54:59,579 Train:  12315 sentences
2025-09-30 15:54:59,579         (train_with_dev=False, train_with_test=False)
2025-09-30 15:54:59,579 ----------------------------------------------------------------------------------------------------
2025-09-30 15:54:59,580 Training Params:
2025-09-30 15:54:59,580  - learning_rate: "5e-06" 
2025-09-30 15:54:59,580  - mini_batch_size: "4"
2025-09-30 15:54:59,580  - max_epochs: "20"
2025-09-30 15:54:59,580  - shuffle: "True"
2025-09-30 15:54:59,581 ----------------------------------------------------------------------------------------------------
2025-09-30 15:54:59,581 Plugins:
2025-09-30 15:54:59,581  - LinearScheduler | warmup_fraction: '0.1'
2025-09-30 15:54:59,581 ----------------------------------------------------------------------------------------------------
2025-09-30 15:54:59,581 Final evaluation on model after last epoch (final-model.pt)
2025-09-30 15:54:59,582  - metric: "('micro avg', 'f1-score')"
2025-09-30 15:54:59,582 ----------------------------------------------------------------------------------------------------
2025-09-30 15:54:59,582 Computation:
2025-09-30 15:54:59,582  - compute on device: cuda:0
2025-09-30 15:54:59,583  - embedding storage: gpu
2025-09-30 15:54:59,583 ----------------------------------------------------------------------------------------------------
2025-09-30 15:54:59,583 Model training base path: "ner_bertSpanish_fineTuning1"
2025-09-30 15:54:59,583 ----------------------------------------------------------------------------------------------------
2025-09-30 15:54:59,584 ----------------------------------------------------------------------------------------------------
2025-09-30 15:55:37,375 epoch 1 - iter 307/3079 - loss 2.11963124 - time (sec): 37.79 - samples/sec: 436.68 - lr: 0.000000 - momentum: 0.000000
2025-09-30 15:56:12,236 epoch 1 - iter 614/3079 - loss 1.51797580 - time (sec): 72.65 - samples/sec: 446.96 - lr: 0.000000 - momentum: 0.000000
2025-09-30 15:56:47,105 epoch 1 - iter 921/3079 - loss 1.03081976 - time (sec): 107.52 - samples/sec: 452.39 - lr: 0.000001 - momentum: 0.000000
2025-09-30 15:57:22,002 epoch 1 - iter 1228/3079 - loss 0.77704942 - time (sec): 142.42 - samples/sec: 456.56 - lr: 0.000001 - momentum: 0.000000
2025-09-30 15:57:56,913 epoch 1 - iter 1535/3079 - loss 0.62551075 - time (sec): 177.33 - samples/sec: 457.22 - lr: 0.000001 - momentum: 0.000000
2025-09-30 15:58:31,823 epoch 1 - iter 1842/3079 - loss 0.52645298 - time (sec): 212.24 - samples/sec: 455.52 - lr: 0.000001 - momentum: 0.000000
2025-09-30 15:59:06,766 epoch 1 - iter 2149/3079 - loss 0.45032290 - time (sec): 247.18 - samples/sec: 458.45 - lr: 0.000002 - momentum: 0.000000
2025-09-30 15:59:41,706 epoch 1 - iter 2456/3079 - loss 0.39559356 - time (sec): 282.12 - samples/sec: 458.91 - lr: 0.000002 - momentum: 0.000000
2025-09-30 16:00:16,644 epoch 1 - iter 2763/3079 - loss 0.35213501 - time (sec): 317.06 - samples/sec: 459.69 - lr: 0.000002 - momentum: 0.000000
2025-09-30 16:00:51,558 epoch 1 - iter 3070/3079 - loss 0.31616145 - time (sec): 351.97 - samples/sec: 462.35 - lr: 0.000002 - momentum: 0.000000
2025-09-30 16:00:52,558 ----------------------------------------------------------------------------------------------------
2025-09-30 16:00:52,558 EPOCH 1 done: loss 0.3154 - lr: 0.000002
2025-09-30 16:01:00,070 DEV : loss 0.006110170390456915 - f1-score (micro avg)  0.8841
2025-09-30 16:01:00,125 ----------------------------------------------------------------------------------------------------
2025-09-30 16:01:35,265 epoch 2 - iter 307/3079 - loss 0.00188921 - time (sec): 35.14 - samples/sec: 459.27 - lr: 0.000003 - momentum: 0.000000
2025-09-30 16:02:10,792 epoch 2 - iter 614/3079 - loss 0.00253243 - time (sec): 70.67 - samples/sec: 460.50 - lr: 0.000003 - momentum: 0.000000
2025-09-30 16:02:46,555 epoch 2 - iter 921/3079 - loss 0.00419708 - time (sec): 106.43 - samples/sec: 458.31 - lr: 0.000003 - momentum: 0.000000
2025-09-30 16:03:21,725 epoch 2 - iter 1228/3079 - loss 0.00455150 - time (sec): 141.60 - samples/sec: 458.18 - lr: 0.000003 - momentum: 0.000000
2025-09-30 16:03:56,890 epoch 2 - iter 1535/3079 - loss 0.00400464 - time (sec): 176.76 - samples/sec: 459.95 - lr: 0.000004 - momentum: 0.000000
2025-09-30 16:04:32,039 epoch 2 - iter 1842/3079 - loss 0.00447840 - time (sec): 211.91 - samples/sec: 458.82 - lr: 0.000004 - momentum: 0.000000
2025-09-30 16:05:07,206 epoch 2 - iter 2149/3079 - loss 0.00480845 - time (sec): 247.08 - samples/sec: 459.73 - lr: 0.000004 - momentum: 0.000000
2025-09-30 16:05:42,387 epoch 2 - iter 2456/3079 - loss 0.00480922 - time (sec): 282.26 - samples/sec: 460.88 - lr: 0.000004 - momentum: 0.000000
2025-09-30 16:06:17,546 epoch 2 - iter 2763/3079 - loss 0.00473913 - time (sec): 317.42 - samples/sec: 461.57 - lr: 0.000005 - momentum: 0.000000
2025-09-30 16:06:52,720 epoch 2 - iter 3070/3079 - loss 0.00464159 - time (sec): 352.59 - samples/sec: 461.37 - lr: 0.000005 - momentum: 0.000000
2025-09-30 16:06:53,725 ----------------------------------------------------------------------------------------------------
2025-09-30 16:06:53,725 EPOCH 2 done: loss 0.0046 - lr: 0.000005
2025-09-30 16:06:54,684 DEV : loss 0.0062690782360732555 - f1-score (micro avg)  0.8841
2025-09-30 16:06:54,753 ----------------------------------------------------------------------------------------------------
2025-09-30 16:07:29,894 epoch 3 - iter 307/3079 - loss 0.00319902 - time (sec): 35.14 - samples/sec: 434.45 - lr: 0.000005 - momentum: 0.000000
2025-09-30 16:08:05,065 epoch 3 - iter 614/3079 - loss 0.00270930 - time (sec): 70.31 - samples/sec: 446.33 - lr: 0.000005 - momentum: 0.000000
2025-09-30 16:08:40,210 epoch 3 - iter 921/3079 - loss 0.00263202 - time (sec): 105.46 - samples/sec: 455.03 - lr: 0.000005 - momentum: 0.000000
2025-09-30 16:09:15,313 epoch 3 - iter 1228/3079 - loss 0.00267014 - time (sec): 140.56 - samples/sec: 455.37 - lr: 0.000005 - momentum: 0.000000
2025-09-30 16:09:50,426 epoch 3 - iter 1535/3079 - loss 0.00233167 - time (sec): 175.67 - samples/sec: 456.06 - lr: 0.000005 - momentum: 0.000000
2025-09-30 16:10:25,590 epoch 3 - iter 1842/3079 - loss 0.00243375 - time (sec): 210.84 - samples/sec: 459.30 - lr: 0.000005 - momentum: 0.000000
2025-09-30 16:11:00,739 epoch 3 - iter 2149/3079 - loss 0.00286865 - time (sec): 245.98 - samples/sec: 458.44 - lr: 0.000005 - momentum: 0.000000
2025-09-30 16:11:35,872 epoch 3 - iter 2456/3079 - loss 0.00251322 - time (sec): 281.12 - samples/sec: 460.36 - lr: 0.000005 - momentum: 0.000000
2025-09-30 16:12:11,015 epoch 3 - iter 2763/3079 - loss 0.00259375 - time (sec): 316.26 - samples/sec: 460.86 - lr: 0.000005 - momentum: 0.000000
2025-09-30 16:12:46,218 epoch 3 - iter 3070/3079 - loss 0.00270620 - time (sec): 351.46 - samples/sec: 463.06 - lr: 0.000005 - momentum: 0.000000
2025-09-30 16:12:47,221 ----------------------------------------------------------------------------------------------------
2025-09-30 16:12:47,222 EPOCH 3 done: loss 0.0027 - lr: 0.000005
2025-09-30 16:12:48,142 DEV : loss 0.006479260046035051 - f1-score (micro avg)  0.8841
2025-09-30 16:12:48,204 ----------------------------------------------------------------------------------------------------
2025-09-30 16:13:23,383 epoch 4 - iter 307/3079 - loss 0.00223933 - time (sec): 35.18 - samples/sec: 484.16 - lr: 0.000005 - momentum: 0.000000
2025-09-30 16:13:58,581 epoch 4 - iter 614/3079 - loss 0.00179225 - time (sec): 70.37 - samples/sec: 477.54 - lr: 0.000005 - momentum: 0.000000
2025-09-30 16:14:33,789 epoch 4 - iter 921/3079 - loss 0.00183748 - time (sec): 105.58 - samples/sec: 466.88 - lr: 0.000005 - momentum: 0.000000
2025-09-30 16:15:08,978 epoch 4 - iter 1228/3079 - loss 0.00143585 - time (sec): 140.77 - samples/sec: 471.66 - lr: 0.000005 - momentum: 0.000000
2025-09-30 16:15:44,164 epoch 4 - iter 1535/3079 - loss 0.00156718 - time (sec): 175.96 - samples/sec: 465.66 - lr: 0.000005 - momentum: 0.000000
2025-09-30 16:16:19,356 epoch 4 - iter 1842/3079 - loss 0.00174438 - time (sec): 211.15 - samples/sec: 460.88 - lr: 0.000005 - momentum: 0.000000
2025-09-30 16:16:54,575 epoch 4 - iter 2149/3079 - loss 0.00149968 - time (sec): 246.37 - samples/sec: 459.92 - lr: 0.000005 - momentum: 0.000000
2025-09-30 16:17:29,817 epoch 4 - iter 2456/3079 - loss 0.00132530 - time (sec): 281.61 - samples/sec: 463.50 - lr: 0.000005 - momentum: 0.000000
2025-09-30 16:18:05,048 epoch 4 - iter 2763/3079 - loss 0.00155397 - time (sec): 316.84 - samples/sec: 461.89 - lr: 0.000004 - momentum: 0.000000
2025-09-30 16:18:40,218 epoch 4 - iter 3070/3079 - loss 0.00180975 - time (sec): 352.01 - samples/sec: 461.75 - lr: 0.000004 - momentum: 0.000000
2025-09-30 16:18:41,229 ----------------------------------------------------------------------------------------------------
2025-09-30 16:18:41,229 EPOCH 4 done: loss 0.0018 - lr: 0.000004
2025-09-30 16:18:42,149 DEV : loss 0.006657291669398546 - f1-score (micro avg)  0.8841
2025-09-30 16:18:42,213 ----------------------------------------------------------------------------------------------------
2025-09-30 16:19:17,359 epoch 5 - iter 307/3079 - loss 0.00088279 - time (sec): 35.14 - samples/sec: 461.79 - lr: 0.000004 - momentum: 0.000000
2025-09-30 16:19:52,513 epoch 5 - iter 614/3079 - loss 0.00128326 - time (sec): 70.30 - samples/sec: 461.12 - lr: 0.000004 - momentum: 0.000000
2025-09-30 16:20:27,708 epoch 5 - iter 921/3079 - loss 0.00090441 - time (sec): 105.49 - samples/sec: 464.46 - lr: 0.000004 - momentum: 0.000000
2025-09-30 16:21:02,919 epoch 5 - iter 1228/3079 - loss 0.00093984 - time (sec): 140.70 - samples/sec: 464.75 - lr: 0.000004 - momentum: 0.000000
2025-09-30 16:21:38,110 epoch 5 - iter 1535/3079 - loss 0.00077697 - time (sec): 175.89 - samples/sec: 464.07 - lr: 0.000004 - momentum: 0.000000
2025-09-30 16:22:13,359 epoch 5 - iter 1842/3079 - loss 0.00085481 - time (sec): 211.14 - samples/sec: 463.63 - lr: 0.000004 - momentum: 0.000000
2025-09-30 16:22:48,601 epoch 5 - iter 2149/3079 - loss 0.00082743 - time (sec): 246.39 - samples/sec: 463.99 - lr: 0.000004 - momentum: 0.000000
2025-09-30 16:23:23,800 epoch 5 - iter 2456/3079 - loss 0.00082606 - time (sec): 281.58 - samples/sec: 462.97 - lr: 0.000004 - momentum: 0.000000
2025-09-30 16:23:59,026 epoch 5 - iter 2763/3079 - loss 0.00106125 - time (sec): 316.81 - samples/sec: 461.64 - lr: 0.000004 - momentum: 0.000000
2025-09-30 16:24:34,246 epoch 5 - iter 3070/3079 - loss 0.00109589 - time (sec): 352.03 - samples/sec: 462.25 - lr: 0.000004 - momentum: 0.000000
2025-09-30 16:24:35,251 ----------------------------------------------------------------------------------------------------
2025-09-30 16:24:35,251 EPOCH 5 done: loss 0.0011 - lr: 0.000004
2025-09-30 16:24:36,201 DEV : loss 0.006820803973823786 - f1-score (micro avg)  0.8841
2025-09-30 16:24:36,255 ----------------------------------------------------------------------------------------------------
2025-09-30 16:25:11,447 epoch 6 - iter 307/3079 - loss 0.00032818 - time (sec): 35.19 - samples/sec: 450.56 - lr: 0.000004 - momentum: 0.000000
2025-09-30 16:25:46,620 epoch 6 - iter 614/3079 - loss 0.00071643 - time (sec): 70.36 - samples/sec: 453.87 - lr: 0.000004 - momentum: 0.000000
2025-09-30 16:26:21,800 epoch 6 - iter 921/3079 - loss 0.00086203 - time (sec): 105.54 - samples/sec: 461.81 - lr: 0.000004 - momentum: 0.000000
2025-09-30 16:26:56,932 epoch 6 - iter 1228/3079 - loss 0.00074118 - time (sec): 140.68 - samples/sec: 457.85 - lr: 0.000004 - momentum: 0.000000
2025-09-30 16:27:32,149 epoch 6 - iter 1535/3079 - loss 0.00059695 - time (sec): 175.89 - samples/sec: 462.81 - lr: 0.000004 - momentum: 0.000000
2025-09-30 16:28:07,353 epoch 6 - iter 1842/3079 - loss 0.00058663 - time (sec): 211.10 - samples/sec: 462.41 - lr: 0.000004 - momentum: 0.000000
2025-09-30 16:28:42,550 epoch 6 - iter 2149/3079 - loss 0.00100245 - time (sec): 246.29 - samples/sec: 461.99 - lr: 0.000004 - momentum: 0.000000
2025-09-30 16:29:17,747 epoch 6 - iter 2456/3079 - loss 0.00100314 - time (sec): 281.49 - samples/sec: 462.67 - lr: 0.000004 - momentum: 0.000000
2025-09-30 16:29:52,958 epoch 6 - iter 2763/3079 - loss 0.00098044 - time (sec): 316.70 - samples/sec: 462.79 - lr: 0.000004 - momentum: 0.000000
2025-09-30 16:30:28,181 epoch 6 - iter 3070/3079 - loss 0.00091008 - time (sec): 351.92 - samples/sec: 462.26 - lr: 0.000004 - momentum: 0.000000
2025-09-30 16:30:29,189 ----------------------------------------------------------------------------------------------------
2025-09-30 16:30:29,190 EPOCH 6 done: loss 0.0009 - lr: 0.000004
2025-09-30 16:30:30,104 DEV : loss 0.006950069684535265 - f1-score (micro avg)  0.8841
2025-09-30 16:30:30,165 ----------------------------------------------------------------------------------------------------
2025-09-30 16:31:05,362 epoch 7 - iter 307/3079 - loss 0.00121877 - time (sec): 35.19 - samples/sec: 427.63 - lr: 0.000004 - momentum: 0.000000
2025-09-30 16:31:40,580 epoch 7 - iter 614/3079 - loss 0.00094550 - time (sec): 70.41 - samples/sec: 445.26 - lr: 0.000004 - momentum: 0.000000
2025-09-30 16:32:15,836 epoch 7 - iter 921/3079 - loss 0.00062579 - time (sec): 105.67 - samples/sec: 460.13 - lr: 0.000004 - momentum: 0.000000
2025-09-30 16:32:51,072 epoch 7 - iter 1228/3079 - loss 0.00048684 - time (sec): 140.90 - samples/sec: 459.13 - lr: 0.000004 - momentum: 0.000000
2025-09-30 16:33:26,303 epoch 7 - iter 1535/3079 - loss 0.00119751 - time (sec): 176.14 - samples/sec: 460.27 - lr: 0.000004 - momentum: 0.000000
2025-09-30 16:34:01,527 epoch 7 - iter 1842/3079 - loss 0.00100868 - time (sec): 211.36 - samples/sec: 460.57 - lr: 0.000004 - momentum: 0.000000
2025-09-30 16:34:36,769 epoch 7 - iter 2149/3079 - loss 0.00086262 - time (sec): 246.60 - samples/sec: 462.27 - lr: 0.000004 - momentum: 0.000000
2025-09-30 16:35:11,988 epoch 7 - iter 2456/3079 - loss 0.00075244 - time (sec): 281.82 - samples/sec: 463.86 - lr: 0.000004 - momentum: 0.000000
2025-09-30 16:35:47,205 epoch 7 - iter 2763/3079 - loss 0.00082010 - time (sec): 317.04 - samples/sec: 463.07 - lr: 0.000004 - momentum: 0.000000
2025-09-30 16:36:22,406 epoch 7 - iter 3070/3079 - loss 0.00080495 - time (sec): 352.24 - samples/sec: 461.95 - lr: 0.000004 - momentum: 0.000000
2025-09-30 16:36:23,413 ----------------------------------------------------------------------------------------------------
2025-09-30 16:36:23,414 EPOCH 7 done: loss 0.0008 - lr: 0.000004
2025-09-30 16:36:24,334 DEV : loss 0.007051756605505943 - f1-score (micro avg)  0.8841
2025-09-30 16:36:24,388 ----------------------------------------------------------------------------------------------------
2025-09-30 16:36:59,607 epoch 8 - iter 307/3079 - loss 0.00024082 - time (sec): 35.22 - samples/sec: 460.40 - lr: 0.000004 - momentum: 0.000000
2025-09-30 16:37:34,838 epoch 8 - iter 614/3079 - loss 0.00024652 - time (sec): 70.45 - samples/sec: 464.59 - lr: 0.000004 - momentum: 0.000000
2025-09-30 16:38:10,033 epoch 8 - iter 921/3079 - loss 0.00051079 - time (sec): 105.64 - samples/sec: 460.14 - lr: 0.000004 - momentum: 0.000000
2025-09-30 16:38:45,215 epoch 8 - iter 1228/3079 - loss 0.00038508 - time (sec): 140.83 - samples/sec: 458.29 - lr: 0.000004 - momentum: 0.000000
2025-09-30 16:39:20,439 epoch 8 - iter 1535/3079 - loss 0.00030829 - time (sec): 176.05 - samples/sec: 458.27 - lr: 0.000003 - momentum: 0.000000
2025-09-30 16:39:55,632 epoch 8 - iter 1842/3079 - loss 0.00025816 - time (sec): 211.24 - samples/sec: 456.59 - lr: 0.000003 - momentum: 0.000000
2025-09-30 16:40:30,854 epoch 8 - iter 2149/3079 - loss 0.00022113 - time (sec): 246.46 - samples/sec: 457.30 - lr: 0.000003 - momentum: 0.000000
2025-09-30 16:41:06,094 epoch 8 - iter 2456/3079 - loss 0.00021304 - time (sec): 281.70 - samples/sec: 459.44 - lr: 0.000003 - momentum: 0.000000
2025-09-30 16:41:41,308 epoch 8 - iter 2763/3079 - loss 0.00036173 - time (sec): 316.92 - samples/sec: 462.53 - lr: 0.000003 - momentum: 0.000000
2025-09-30 16:42:16,493 epoch 8 - iter 3070/3079 - loss 0.00045129 - time (sec): 352.10 - samples/sec: 462.31 - lr: 0.000003 - momentum: 0.000000
2025-09-30 16:42:17,499 ----------------------------------------------------------------------------------------------------
2025-09-30 16:42:17,500 EPOCH 8 done: loss 0.0005 - lr: 0.000003
2025-09-30 16:42:18,446 DEV : loss 0.007175859529525042 - f1-score (micro avg)  0.8841
2025-09-30 16:42:18,507 ----------------------------------------------------------------------------------------------------
2025-09-30 16:42:53,715 epoch 9 - iter 307/3079 - loss 0.00000246 - time (sec): 35.21 - samples/sec: 453.71 - lr: 0.000003 - momentum: 0.000000
2025-09-30 16:43:28,921 epoch 9 - iter 614/3079 - loss 0.00000166 - time (sec): 70.41 - samples/sec: 455.68 - lr: 0.000003 - momentum: 0.000000
2025-09-30 16:44:04,131 epoch 9 - iter 921/3079 - loss 0.00000166 - time (sec): 105.62 - samples/sec: 455.73 - lr: 0.000003 - momentum: 0.000000
2025-09-30 16:44:39,365 epoch 9 - iter 1228/3079 - loss 0.00006109 - time (sec): 140.86 - samples/sec: 458.21 - lr: 0.000003 - momentum: 0.000000
2025-09-30 16:45:14,568 epoch 9 - iter 1535/3079 - loss 0.00004912 - time (sec): 176.06 - samples/sec: 457.66 - lr: 0.000003 - momentum: 0.000000
2025-09-30 16:45:49,752 epoch 9 - iter 1842/3079 - loss 0.00022546 - time (sec): 211.24 - samples/sec: 458.25 - lr: 0.000003 - momentum: 0.000000
2025-09-30 16:46:24,985 epoch 9 - iter 2149/3079 - loss 0.00024688 - time (sec): 246.48 - samples/sec: 458.93 - lr: 0.000003 - momentum: 0.000000
2025-09-30 16:47:00,200 epoch 9 - iter 2456/3079 - loss 0.00021494 - time (sec): 281.69 - samples/sec: 462.17 - lr: 0.000003 - momentum: 0.000000
2025-09-30 16:47:35,457 epoch 9 - iter 2763/3079 - loss 0.00019115 - time (sec): 316.95 - samples/sec: 462.84 - lr: 0.000003 - momentum: 0.000000
2025-09-30 16:48:10,916 epoch 9 - iter 3070/3079 - loss 0.00022699 - time (sec): 352.41 - samples/sec: 461.99 - lr: 0.000003 - momentum: 0.000000
2025-09-30 16:48:11,922 ----------------------------------------------------------------------------------------------------
2025-09-30 16:48:11,922 EPOCH 9 done: loss 0.0002 - lr: 0.000003
2025-09-30 16:48:12,842 DEV : loss 0.007271980866789818 - f1-score (micro avg)  0.8841
2025-09-30 16:48:12,906 ----------------------------------------------------------------------------------------------------
2025-09-30 16:48:48,139 epoch 10 - iter 307/3079 - loss 0.00002168 - time (sec): 35.23 - samples/sec: 482.37 - lr: 0.000003 - momentum: 0.000000
2025-09-30 16:49:23,352 epoch 10 - iter 614/3079 - loss 0.00001157 - time (sec): 70.44 - samples/sec: 468.94 - lr: 0.000003 - momentum: 0.000000
2025-09-30 16:49:58,573 epoch 10 - iter 921/3079 - loss 0.00000807 - time (sec): 105.66 - samples/sec: 462.84 - lr: 0.000003 - momentum: 0.000000
2025-09-30 16:50:33,799 epoch 10 - iter 1228/3079 - loss 0.00000617 - time (sec): 140.89 - samples/sec: 465.56 - lr: 0.000003 - momentum: 0.000000
2025-09-30 16:51:09,042 epoch 10 - iter 1535/3079 - loss 0.00000602 - time (sec): 176.13 - samples/sec: 464.71 - lr: 0.000003 - momentum: 0.000000
2025-09-30 16:51:44,254 epoch 10 - iter 1842/3079 - loss 0.00006365 - time (sec): 211.35 - samples/sec: 461.07 - lr: 0.000003 - momentum: 0.000000
2025-09-30 16:52:19,471 epoch 10 - iter 2149/3079 - loss 0.00005620 - time (sec): 246.56 - samples/sec: 460.34 - lr: 0.000003 - momentum: 0.000000
2025-09-30 16:52:54,719 epoch 10 - iter 2456/3079 - loss 0.00004925 - time (sec): 281.81 - samples/sec: 460.49 - lr: 0.000003 - momentum: 0.000000
2025-09-30 16:53:29,977 epoch 10 - iter 2763/3079 - loss 0.00007262 - time (sec): 317.07 - samples/sec: 463.33 - lr: 0.000003 - momentum: 0.000000
2025-09-30 16:54:05,208 epoch 10 - iter 3070/3079 - loss 0.00006929 - time (sec): 352.30 - samples/sec: 462.03 - lr: 0.000003 - momentum: 0.000000
2025-09-30 16:54:06,215 ----------------------------------------------------------------------------------------------------
2025-09-30 16:54:06,216 EPOCH 10 done: loss 0.0001 - lr: 0.000003
2025-09-30 16:54:07,134 DEV : loss 0.007372387684881687 - f1-score (micro avg)  0.8841
2025-09-30 16:54:07,197 ----------------------------------------------------------------------------------------------------
2025-09-30 16:54:42,425 epoch 11 - iter 307/3079 - loss 0.00000143 - time (sec): 35.23 - samples/sec: 468.58 - lr: 0.000003 - momentum: 0.000000
2025-09-30 16:55:17,643 epoch 11 - iter 614/3079 - loss 0.00000104 - time (sec): 70.44 - samples/sec: 459.20 - lr: 0.000003 - momentum: 0.000000
2025-09-30 16:55:52,879 epoch 11 - iter 921/3079 - loss 0.00000086 - time (sec): 105.68 - samples/sec: 457.37 - lr: 0.000003 - momentum: 0.000000
2025-09-30 16:56:28,108 epoch 11 - iter 1228/3079 - loss 0.00000075 - time (sec): 140.91 - samples/sec: 456.34 - lr: 0.000003 - momentum: 0.000000
2025-09-30 16:57:03,340 epoch 11 - iter 1535/3079 - loss 0.00000090 - time (sec): 176.14 - samples/sec: 455.02 - lr: 0.000003 - momentum: 0.000000
2025-09-30 16:57:38,575 epoch 11 - iter 1842/3079 - loss 0.00000095 - time (sec): 211.38 - samples/sec: 457.26 - lr: 0.000003 - momentum: 0.000000
2025-09-30 16:58:13,808 epoch 11 - iter 2149/3079 - loss 0.00000277 - time (sec): 246.61 - samples/sec: 458.44 - lr: 0.000003 - momentum: 0.000000
2025-09-30 16:58:49,046 epoch 11 - iter 2456/3079 - loss 0.00003395 - time (sec): 281.85 - samples/sec: 459.53 - lr: 0.000003 - momentum: 0.000000
2025-09-30 16:59:24,309 epoch 11 - iter 2763/3079 - loss 0.00003016 - time (sec): 317.11 - samples/sec: 460.45 - lr: 0.000003 - momentum: 0.000000
2025-09-30 16:59:59,571 epoch 11 - iter 3070/3079 - loss 0.00002715 - time (sec): 352.37 - samples/sec: 461.86 - lr: 0.000003 - momentum: 0.000000
2025-09-30 17:00:00,580 ----------------------------------------------------------------------------------------------------
2025-09-30 17:00:00,581 EPOCH 11 done: loss 0.0000 - lr: 0.000003
2025-09-30 17:00:01,535 DEV : loss 0.00750381126999855 - f1-score (micro avg)  0.8841
2025-09-30 17:00:01,589 ----------------------------------------------------------------------------------------------------
2025-09-30 17:00:36,791 epoch 12 - iter 307/3079 - loss 0.00000058 - time (sec): 35.20 - samples/sec: 465.20 - lr: 0.000002 - momentum: 0.000000
2025-09-30 17:01:11,998 epoch 12 - iter 614/3079 - loss 0.00000049 - time (sec): 70.41 - samples/sec: 465.92 - lr: 0.000002 - momentum: 0.000000
2025-09-30 17:01:47,172 epoch 12 - iter 921/3079 - loss 0.00000042 - time (sec): 105.58 - samples/sec: 460.80 - lr: 0.000002 - momentum: 0.000000
2025-09-30 17:02:22,297 epoch 12 - iter 1228/3079 - loss 0.00000039 - time (sec): 140.71 - samples/sec: 461.27 - lr: 0.000002 - momentum: 0.000000
2025-09-30 17:02:57,416 epoch 12 - iter 1535/3079 - loss 0.00000059 - time (sec): 175.83 - samples/sec: 459.41 - lr: 0.000002 - momentum: 0.000000
2025-09-30 17:03:32,596 epoch 12 - iter 1842/3079 - loss 0.00000053 - time (sec): 211.01 - samples/sec: 459.09 - lr: 0.000002 - momentum: 0.000000
2025-09-30 17:04:07,778 epoch 12 - iter 2149/3079 - loss 0.00015826 - time (sec): 246.19 - samples/sec: 458.62 - lr: 0.000002 - momentum: 0.000000
2025-09-30 17:04:42,890 epoch 12 - iter 2456/3079 - loss 0.00013764 - time (sec): 281.30 - samples/sec: 461.68 - lr: 0.000002 - momentum: 0.000000
2025-09-30 17:05:16,677 epoch 12 - iter 2763/3079 - loss 0.00012240 - time (sec): 315.09 - samples/sec: 463.67 - lr: 0.000002 - momentum: 0.000000
2025-09-30 17:05:50,467 epoch 12 - iter 3070/3079 - loss 0.00010990 - time (sec): 348.88 - samples/sec: 466.52 - lr: 0.000002 - momentum: 0.000000
2025-09-30 17:05:51,433 ----------------------------------------------------------------------------------------------------
2025-09-30 17:05:51,434 EPOCH 12 done: loss 0.0001 - lr: 0.000002
2025-09-30 17:05:52,358 DEV : loss 0.007649709936231375 - f1-score (micro avg)  0.8841
2025-09-30 17:05:52,420 ----------------------------------------------------------------------------------------------------
2025-09-30 17:06:27,527 epoch 13 - iter 307/3079 - loss 0.00013481 - time (sec): 35.11 - samples/sec: 466.93 - lr: 0.000002 - momentum: 0.000000
2025-09-30 17:07:02,638 epoch 13 - iter 614/3079 - loss 0.00006815 - time (sec): 70.22 - samples/sec: 462.66 - lr: 0.000002 - momentum: 0.000000
2025-09-30 17:07:37,699 epoch 13 - iter 921/3079 - loss 0.00011168 - time (sec): 105.28 - samples/sec: 459.99 - lr: 0.000002 - momentum: 0.000000
2025-09-30 17:08:12,732 epoch 13 - iter 1228/3079 - loss 0.00008417 - time (sec): 140.31 - samples/sec: 458.28 - lr: 0.000002 - momentum: 0.000000
2025-09-30 17:08:47,659 epoch 13 - iter 1535/3079 - loss 0.00006779 - time (sec): 175.24 - samples/sec: 455.98 - lr: 0.000002 - momentum: 0.000000
2025-09-30 17:09:22,500 epoch 13 - iter 1842/3079 - loss 0.00005580 - time (sec): 210.08 - samples/sec: 462.68 - lr: 0.000002 - momentum: 0.000000
2025-09-30 17:09:57,339 epoch 13 - iter 2149/3079 - loss 0.00018904 - time (sec): 244.92 - samples/sec: 462.67 - lr: 0.000002 - momentum: 0.000000
2025-09-30 17:10:32,202 epoch 13 - iter 2456/3079 - loss 0.00016505 - time (sec): 279.78 - samples/sec: 463.97 - lr: 0.000002 - momentum: 0.000000
2025-09-30 17:11:07,061 epoch 13 - iter 2763/3079 - loss 0.00014654 - time (sec): 314.64 - samples/sec: 464.78 - lr: 0.000002 - momentum: 0.000000
2025-09-30 17:11:41,870 epoch 13 - iter 3070/3079 - loss 0.00013168 - time (sec): 349.45 - samples/sec: 465.82 - lr: 0.000002 - momentum: 0.000000
2025-09-30 17:11:42,864 ----------------------------------------------------------------------------------------------------
2025-09-30 17:11:42,865 EPOCH 13 done: loss 0.0001 - lr: 0.000002
2025-09-30 17:11:43,779 DEV : loss 0.007770867086946964 - f1-score (micro avg)  0.8841
2025-09-30 17:11:43,842 ----------------------------------------------------------------------------------------------------
2025-09-30 17:12:18,657 epoch 14 - iter 307/3079 - loss 0.00000017 - time (sec): 34.81 - samples/sec: 468.70 - lr: 0.000002 - momentum: 0.000000
2025-09-30 17:12:53,464 epoch 14 - iter 614/3079 - loss 0.00000019 - time (sec): 69.62 - samples/sec: 466.89 - lr: 0.000002 - momentum: 0.000000
2025-09-30 17:13:28,271 epoch 14 - iter 921/3079 - loss 0.00000047 - time (sec): 104.43 - samples/sec: 466.05 - lr: 0.000002 - momentum: 0.000000
2025-09-30 17:14:03,086 epoch 14 - iter 1228/3079 - loss 0.00017972 - time (sec): 139.24 - samples/sec: 467.83 - lr: 0.000002 - momentum: 0.000000
2025-09-30 17:14:37,888 epoch 14 - iter 1535/3079 - loss 0.00014429 - time (sec): 174.04 - samples/sec: 466.33 - lr: 0.000002 - momentum: 0.000000
2025-09-30 17:15:12,693 epoch 14 - iter 1842/3079 - loss 0.00011946 - time (sec): 208.85 - samples/sec: 469.57 - lr: 0.000002 - momentum: 0.000000
2025-09-30 17:15:47,508 epoch 14 - iter 2149/3079 - loss 0.00010226 - time (sec): 243.66 - samples/sec: 470.33 - lr: 0.000002 - momentum: 0.000000
2025-09-30 17:16:22,351 epoch 14 - iter 2456/3079 - loss 0.00015208 - time (sec): 278.51 - samples/sec: 469.66 - lr: 0.000002 - momentum: 0.000000
2025-09-30 17:16:57,163 epoch 14 - iter 2763/3079 - loss 0.00020595 - time (sec): 313.32 - samples/sec: 469.54 - lr: 0.000002 - momentum: 0.000000
2025-09-30 17:17:31,961 epoch 14 - iter 3070/3079 - loss 0.00018624 - time (sec): 348.12 - samples/sec: 467.38 - lr: 0.000002 - momentum: 0.000000
2025-09-30 17:17:32,959 ----------------------------------------------------------------------------------------------------
2025-09-30 17:17:32,960 EPOCH 14 done: loss 0.0002 - lr: 0.000002
2025-09-30 17:17:33,901 DEV : loss 0.00785851664841175 - f1-score (micro avg)  0.8841
2025-09-30 17:17:33,963 ----------------------------------------------------------------------------------------------------
2025-09-30 17:18:08,800 epoch 15 - iter 307/3079 - loss 0.00000020 - time (sec): 34.83 - samples/sec: 473.06 - lr: 0.000002 - momentum: 0.000000
2025-09-30 17:18:43,617 epoch 15 - iter 614/3079 - loss 0.00000018 - time (sec): 69.65 - samples/sec: 464.86 - lr: 0.000002 - momentum: 0.000000
2025-09-30 17:19:18,420 epoch 15 - iter 921/3079 - loss 0.00000059 - time (sec): 104.45 - samples/sec: 462.57 - lr: 0.000002 - momentum: 0.000000
2025-09-30 17:19:53,260 epoch 15 - iter 1228/3079 - loss 0.00000048 - time (sec): 139.29 - samples/sec: 464.59 - lr: 0.000002 - momentum: 0.000000
2025-09-30 17:20:28,071 epoch 15 - iter 1535/3079 - loss 0.00000041 - time (sec): 174.11 - samples/sec: 465.42 - lr: 0.000002 - momentum: 0.000000
2025-09-30 17:21:02,885 epoch 15 - iter 1842/3079 - loss 0.00000037 - time (sec): 208.92 - samples/sec: 464.20 - lr: 0.000002 - momentum: 0.000000
2025-09-30 17:21:37,701 epoch 15 - iter 2149/3079 - loss 0.00010100 - time (sec): 243.74 - samples/sec: 465.52 - lr: 0.000001 - momentum: 0.000000
2025-09-30 17:22:12,519 epoch 15 - iter 2456/3079 - loss 0.00008860 - time (sec): 278.55 - samples/sec: 464.40 - lr: 0.000001 - momentum: 0.000000
2025-09-30 17:22:47,329 epoch 15 - iter 2763/3079 - loss 0.00007850 - time (sec): 313.36 - samples/sec: 466.16 - lr: 0.000001 - momentum: 0.000000
2025-09-30 17:23:22,131 epoch 15 - iter 3070/3079 - loss 0.00007054 - time (sec): 348.17 - samples/sec: 467.05 - lr: 0.000001 - momentum: 0.000000
2025-09-30 17:23:23,128 ----------------------------------------------------------------------------------------------------
2025-09-30 17:23:23,129 EPOCH 15 done: loss 0.0001 - lr: 0.000001
2025-09-30 17:23:24,036 DEV : loss 0.007925298064947128 - f1-score (micro avg)  0.8841
2025-09-30 17:23:24,096 ----------------------------------------------------------------------------------------------------
2025-09-30 17:23:58,873 epoch 16 - iter 307/3079 - loss 0.00000009 - time (sec): 34.77 - samples/sec: 439.06 - lr: 0.000001 - momentum: 0.000000
2025-09-30 17:24:33,651 epoch 16 - iter 614/3079 - loss 0.00000011 - time (sec): 69.55 - samples/sec: 446.84 - lr: 0.000001 - momentum: 0.000000
2025-09-30 17:25:08,466 epoch 16 - iter 921/3079 - loss 0.00000013 - time (sec): 104.37 - samples/sec: 451.23 - lr: 0.000001 - momentum: 0.000000
2025-09-30 17:25:43,265 epoch 16 - iter 1228/3079 - loss 0.00000012 - time (sec): 139.17 - samples/sec: 461.16 - lr: 0.000001 - momentum: 0.000000
2025-09-30 17:26:18,052 epoch 16 - iter 1535/3079 - loss 0.00000013 - time (sec): 173.95 - samples/sec: 463.13 - lr: 0.000001 - momentum: 0.000000
2025-09-30 17:26:52,854 epoch 16 - iter 1842/3079 - loss 0.00000013 - time (sec): 208.76 - samples/sec: 464.86 - lr: 0.000001 - momentum: 0.000000
2025-09-30 17:27:27,629 epoch 16 - iter 2149/3079 - loss 0.00000013 - time (sec): 243.53 - samples/sec: 464.29 - lr: 0.000001 - momentum: 0.000000
2025-09-30 17:28:02,356 epoch 16 - iter 2456/3079 - loss 0.00000014 - time (sec): 278.26 - samples/sec: 465.69 - lr: 0.000001 - momentum: 0.000000
2025-09-30 17:28:35,861 epoch 16 - iter 2763/3079 - loss 0.00000014 - time (sec): 311.76 - samples/sec: 470.70 - lr: 0.000001 - momentum: 0.000000
2025-09-30 17:29:09,347 epoch 16 - iter 3070/3079 - loss 0.00000013 - time (sec): 345.25 - samples/sec: 471.36 - lr: 0.000001 - momentum: 0.000000
2025-09-30 17:29:10,305 ----------------------------------------------------------------------------------------------------
2025-09-30 17:29:10,306 EPOCH 16 done: loss 0.0000 - lr: 0.000001
2025-09-30 17:29:11,222 DEV : loss 0.007997911423444748 - f1-score (micro avg)  0.8841
2025-09-30 17:29:11,284 ----------------------------------------------------------------------------------------------------
2025-09-30 17:29:44,732 epoch 17 - iter 307/3079 - loss 0.00000009 - time (sec): 33.45 - samples/sec: 485.97 - lr: 0.000001 - momentum: 0.000000
2025-09-30 17:30:18,176 epoch 17 - iter 614/3079 - loss 0.00000008 - time (sec): 66.89 - samples/sec: 479.94 - lr: 0.000001 - momentum: 0.000000
2025-09-30 17:30:51,630 epoch 17 - iter 921/3079 - loss 0.00000008 - time (sec): 100.34 - samples/sec: 480.58 - lr: 0.000001 - momentum: 0.000000
2025-09-30 17:31:25,079 epoch 17 - iter 1228/3079 - loss 0.00000009 - time (sec): 133.79 - samples/sec: 480.35 - lr: 0.000001 - momentum: 0.000000
2025-09-30 17:31:58,531 epoch 17 - iter 1535/3079 - loss 0.00000009 - time (sec): 167.25 - samples/sec: 478.85 - lr: 0.000001 - momentum: 0.000000
2025-09-30 17:32:31,969 epoch 17 - iter 1842/3079 - loss 0.00000009 - time (sec): 200.68 - samples/sec: 481.15 - lr: 0.000001 - momentum: 0.000000
2025-09-30 17:33:05,420 epoch 17 - iter 2149/3079 - loss 0.00000008 - time (sec): 234.13 - samples/sec: 484.07 - lr: 0.000001 - momentum: 0.000000
2025-09-30 17:33:38,868 epoch 17 - iter 2456/3079 - loss 0.00000008 - time (sec): 267.58 - samples/sec: 485.73 - lr: 0.000001 - momentum: 0.000000
2025-09-30 17:34:12,343 epoch 17 - iter 2763/3079 - loss 0.00000010 - time (sec): 301.06 - samples/sec: 484.85 - lr: 0.000001 - momentum: 0.000000
2025-09-30 17:34:45,848 epoch 17 - iter 3070/3079 - loss 0.00000010 - time (sec): 334.56 - samples/sec: 486.33 - lr: 0.000001 - momentum: 0.000000
2025-09-30 17:34:46,805 ----------------------------------------------------------------------------------------------------
2025-09-30 17:34:46,805 EPOCH 17 done: loss 0.0000 - lr: 0.000001
2025-09-30 17:34:47,740 DEV : loss 0.008078075014054775 - f1-score (micro avg)  0.8841
2025-09-30 17:34:47,795 ----------------------------------------------------------------------------------------------------
2025-09-30 17:35:21,257 epoch 18 - iter 307/3079 - loss 0.00000014 - time (sec): 33.46 - samples/sec: 476.89 - lr: 0.000001 - momentum: 0.000000
2025-09-30 17:35:54,724 epoch 18 - iter 614/3079 - loss 0.00000011 - time (sec): 66.93 - samples/sec: 492.21 - lr: 0.000001 - momentum: 0.000000
2025-09-30 17:36:28,184 epoch 18 - iter 921/3079 - loss 0.00000010 - time (sec): 100.39 - samples/sec: 484.35 - lr: 0.000001 - momentum: 0.000000
2025-09-30 17:37:01,661 epoch 18 - iter 1228/3079 - loss 0.00000010 - time (sec): 133.86 - samples/sec: 484.41 - lr: 0.000001 - momentum: 0.000000
2025-09-30 17:37:35,120 epoch 18 - iter 1535/3079 - loss 0.00000009 - time (sec): 167.32 - samples/sec: 483.21 - lr: 0.000001 - momentum: 0.000000
2025-09-30 17:38:08,595 epoch 18 - iter 1842/3079 - loss 0.00000009 - time (sec): 200.80 - samples/sec: 485.98 - lr: 0.000001 - momentum: 0.000000
2025-09-30 17:38:42,052 epoch 18 - iter 2149/3079 - loss 0.00000008 - time (sec): 234.26 - samples/sec: 486.05 - lr: 0.000001 - momentum: 0.000000
2025-09-30 17:39:15,526 epoch 18 - iter 2456/3079 - loss 0.00000008 - time (sec): 267.73 - samples/sec: 486.19 - lr: 0.000001 - momentum: 0.000000
2025-09-30 17:39:48,971 epoch 18 - iter 2763/3079 - loss 0.00000008 - time (sec): 301.17 - samples/sec: 485.07 - lr: 0.000001 - momentum: 0.000000
2025-09-30 17:40:22,441 epoch 18 - iter 3070/3079 - loss 0.00000008 - time (sec): 334.64 - samples/sec: 485.86 - lr: 0.000001 - momentum: 0.000000
2025-09-30 17:40:23,397 ----------------------------------------------------------------------------------------------------
2025-09-30 17:40:23,398 EPOCH 18 done: loss 0.0000 - lr: 0.000001
2025-09-30 17:40:24,298 DEV : loss 0.00813708733767271 - f1-score (micro avg)  0.8841
2025-09-30 17:40:24,352 ----------------------------------------------------------------------------------------------------
2025-09-30 17:40:57,817 epoch 19 - iter 307/3079 - loss 0.00000007 - time (sec): 33.46 - samples/sec: 491.37 - lr: 0.000001 - momentum: 0.000000
2025-09-30 17:41:31,300 epoch 19 - iter 614/3079 - loss 0.00000008 - time (sec): 66.95 - samples/sec: 491.79 - lr: 0.000001 - momentum: 0.000000
2025-09-30 17:42:04,776 epoch 19 - iter 921/3079 - loss 0.00000007 - time (sec): 100.42 - samples/sec: 487.27 - lr: 0.000000 - momentum: 0.000000
2025-09-30 17:42:38,235 epoch 19 - iter 1228/3079 - loss 0.00006648 - time (sec): 133.88 - samples/sec: 482.29 - lr: 0.000000 - momentum: 0.000000
2025-09-30 17:43:11,714 epoch 19 - iter 1535/3079 - loss 0.00011176 - time (sec): 167.36 - samples/sec: 483.92 - lr: 0.000000 - momentum: 0.000000
2025-09-30 17:43:45,200 epoch 19 - iter 1842/3079 - loss 0.00009273 - time (sec): 200.85 - samples/sec: 486.07 - lr: 0.000000 - momentum: 0.000000
2025-09-30 17:44:18,670 epoch 19 - iter 2149/3079 - loss 0.00007929 - time (sec): 234.32 - samples/sec: 487.32 - lr: 0.000000 - momentum: 0.000000
2025-09-30 17:44:52,133 epoch 19 - iter 2456/3079 - loss 0.00006963 - time (sec): 267.78 - samples/sec: 485.60 - lr: 0.000000 - momentum: 0.000000
2025-09-30 17:45:25,578 epoch 19 - iter 2763/3079 - loss 0.00006223 - time (sec): 301.22 - samples/sec: 483.08 - lr: 0.000000 - momentum: 0.000000
2025-09-30 17:45:59,062 epoch 19 - iter 3070/3079 - loss 0.00005566 - time (sec): 334.71 - samples/sec: 486.12 - lr: 0.000000 - momentum: 0.000000
2025-09-30 17:46:00,022 ----------------------------------------------------------------------------------------------------
2025-09-30 17:46:00,022 EPOCH 19 done: loss 0.0001 - lr: 0.000000
2025-09-30 17:46:00,933 DEV : loss 0.008176068775355816 - f1-score (micro avg)  0.8841
2025-09-30 17:46:00,996 ----------------------------------------------------------------------------------------------------
2025-09-30 17:46:34,439 epoch 20 - iter 307/3079 - loss 0.00000009 - time (sec): 33.44 - samples/sec: 485.66 - lr: 0.000000 - momentum: 0.000000
2025-09-30 17:47:07,890 epoch 20 - iter 614/3079 - loss 0.00000008 - time (sec): 66.89 - samples/sec: 482.10 - lr: 0.000000 - momentum: 0.000000
2025-09-30 17:47:41,362 epoch 20 - iter 921/3079 - loss 0.00022038 - time (sec): 100.36 - samples/sec: 483.54 - lr: 0.000000 - momentum: 0.000000
2025-09-30 17:48:14,824 epoch 20 - iter 1228/3079 - loss 0.00016713 - time (sec): 133.83 - samples/sec: 478.25 - lr: 0.000000 - momentum: 0.000000
2025-09-30 17:48:48,308 epoch 20 - iter 1535/3079 - loss 0.00013213 - time (sec): 167.31 - samples/sec: 483.94 - lr: 0.000000 - momentum: 0.000000
2025-09-30 17:49:21,792 epoch 20 - iter 1842/3079 - loss 0.00010956 - time (sec): 200.79 - samples/sec: 486.46 - lr: 0.000000 - momentum: 0.000000
2025-09-30 17:49:55,235 epoch 20 - iter 2149/3079 - loss 0.00009358 - time (sec): 234.24 - samples/sec: 488.25 - lr: 0.000000 - momentum: 0.000000
2025-09-30 17:50:28,695 epoch 20 - iter 2456/3079 - loss 0.00008206 - time (sec): 267.70 - samples/sec: 487.26 - lr: 0.000000 - momentum: 0.000000
2025-09-30 17:51:02,156 epoch 20 - iter 2763/3079 - loss 0.00007284 - time (sec): 301.16 - samples/sec: 488.02 - lr: 0.000000 - momentum: 0.000000
2025-09-30 17:51:35,624 epoch 20 - iter 3070/3079 - loss 0.00006580 - time (sec): 334.63 - samples/sec: 486.26 - lr: 0.000000 - momentum: 0.000000
2025-09-30 17:51:36,583 ----------------------------------------------------------------------------------------------------
2025-09-30 17:51:36,583 EPOCH 20 done: loss 0.0001 - lr: 0.000000
2025-09-30 17:51:37,522 DEV : loss 0.00818673986941576 - f1-score (micro avg)  0.8841
2025-09-30 17:51:37,983 ----------------------------------------------------------------------------------------------------
2025-09-30 17:51:37,984 Testing using last state of model ...
2025-09-30 17:51:45,085 
Results:
- F-score (micro) 0.8211
- F-score (macro) 0.8211
- Accuracy 0.6966

By class:
              precision    recall  f1-score   support

         LOC     0.9266    0.7372    0.8211       137

   micro avg     0.9266    0.7372    0.8211       137
   macro avg     0.9266    0.7372    0.8211       137
weighted avg     0.9266    0.7372    0.8211       137

2025-09-30 17:51:45,085 ----------------------------------------------------------------------------------------------------
