2025-10-02 15:29:36,936 ----------------------------------------------------------------------------------------------------
2025-10-02 15:29:36,938 Model: "SequenceTagger(
  (embeddings): TransformerWordEmbeddings(
    (model): XLMRobertaModel(
      (embeddings): XLMRobertaEmbeddings(
        (word_embeddings): Embedding(250003, 1024, padding_idx=1)
        (position_embeddings): Embedding(514, 1024, padding_idx=1)
        (token_type_embeddings): Embedding(1, 1024)
        (LayerNorm): LayerNorm((1024,), eps=1e-05, elementwise_affine=True)
        (dropout): Dropout(p=0.1, inplace=False)
      )
      (encoder): XLMRobertaEncoder(
        (layer): ModuleList(
          (0-23): 24 x XLMRobertaLayer(
            (attention): XLMRobertaAttention(
              (self): XLMRobertaSdpaSelfAttention(
                (query): Linear(in_features=1024, out_features=1024, bias=True)
                (key): Linear(in_features=1024, out_features=1024, bias=True)
                (value): Linear(in_features=1024, out_features=1024, bias=True)
                (dropout): Dropout(p=0.1, inplace=False)
              )
              (output): XLMRobertaSelfOutput(
                (dense): Linear(in_features=1024, out_features=1024, bias=True)
                (LayerNorm): LayerNorm((1024,), eps=1e-05, elementwise_affine=True)
                (dropout): Dropout(p=0.1, inplace=False)
              )
            )
            (intermediate): XLMRobertaIntermediate(
              (dense): Linear(in_features=1024, out_features=4096, bias=True)
              (intermediate_act_fn): GELUActivation()
            )
            (output): XLMRobertaOutput(
              (dense): Linear(in_features=4096, out_features=1024, bias=True)
              (LayerNorm): LayerNorm((1024,), eps=1e-05, elementwise_affine=True)
              (dropout): Dropout(p=0.1, inplace=False)
            )
          )
        )
      )
      (pooler): XLMRobertaPooler(
        (dense): Linear(in_features=1024, out_features=1024, bias=True)
        (activation): Tanh()
      )
    )
  )
  (locked_dropout): LockedDropout(p=0.5)
  (linear): Linear(in_features=1024, out_features=5, bias=True)
  (loss_function): CrossEntropyLoss()
)"
2025-10-02 15:29:36,938 ----------------------------------------------------------------------------------------------------
2025-10-02 15:29:36,939 Corpus: 5832 train + 757 dev + 711 test sentences
2025-10-02 15:29:36,939 ----------------------------------------------------------------------------------------------------
2025-10-02 15:29:36,939 Train:  5832 sentences
2025-10-02 15:29:36,939         (train_with_dev=False, train_with_test=False)
2025-10-02 15:29:36,940 ----------------------------------------------------------------------------------------------------
2025-10-02 15:29:36,940 Training Params:
2025-10-02 15:29:36,940  - learning_rate: "5e-06" 
2025-10-02 15:29:36,940  - mini_batch_size: "4"
2025-10-02 15:29:36,941  - max_epochs: "20"
2025-10-02 15:29:36,941  - shuffle: "True"
2025-10-02 15:29:36,941 ----------------------------------------------------------------------------------------------------
2025-10-02 15:29:36,941 Plugins:
2025-10-02 15:29:36,941  - LinearScheduler | warmup_fraction: '0.1'
2025-10-02 15:29:36,942 ----------------------------------------------------------------------------------------------------
2025-10-02 15:29:36,942 Final evaluation on model after last epoch (final-model.pt)
2025-10-02 15:29:36,942  - metric: "('micro avg', 'f1-score')"
2025-10-02 15:29:36,942 ----------------------------------------------------------------------------------------------------
2025-10-02 15:29:36,943 Computation:
2025-10-02 15:29:36,943  - compute on device: cuda:0
2025-10-02 15:29:36,943  - embedding storage: gpu
2025-10-02 15:29:36,943 ----------------------------------------------------------------------------------------------------
2025-10-02 15:29:36,943 Model training base path: "ner_bertSpanish_fineTuning_2"
2025-10-02 15:29:36,944 ----------------------------------------------------------------------------------------------------
2025-10-02 15:29:36,944 ----------------------------------------------------------------------------------------------------
2025-10-02 15:30:19,713 epoch 1 - iter 145/1458 - loss 1.54345750 - time (sec): 42.77 - samples/sec: 198.28 - lr: 0.000000 - momentum: 0.000000
2025-10-02 15:31:00,966 epoch 1 - iter 290/1458 - loss 1.05130398 - time (sec): 84.02 - samples/sec: 194.29 - lr: 0.000000 - momentum: 0.000000
2025-10-02 15:31:41,826 epoch 1 - iter 435/1458 - loss 0.74997281 - time (sec): 124.88 - samples/sec: 187.83 - lr: 0.000001 - momentum: 0.000000
2025-10-02 15:32:22,541 epoch 1 - iter 580/1458 - loss 0.57161656 - time (sec): 165.59 - samples/sec: 188.78 - lr: 0.000001 - momentum: 0.000000
2025-10-02 15:33:03,180 epoch 1 - iter 725/1458 - loss 0.46104373 - time (sec): 206.23 - samples/sec: 189.47 - lr: 0.000001 - momentum: 0.000000
2025-10-02 15:33:43,775 epoch 1 - iter 870/1458 - loss 0.38810347 - time (sec): 246.83 - samples/sec: 189.25 - lr: 0.000001 - momentum: 0.000000
2025-10-02 15:34:24,390 epoch 1 - iter 1015/1458 - loss 0.33400564 - time (sec): 287.44 - samples/sec: 190.28 - lr: 0.000002 - momentum: 0.000000
2025-10-02 15:35:04,997 epoch 1 - iter 1160/1458 - loss 0.29502950 - time (sec): 328.05 - samples/sec: 190.59 - lr: 0.000002 - momentum: 0.000000
2025-10-02 15:35:45,685 epoch 1 - iter 1305/1458 - loss 0.26328529 - time (sec): 368.74 - samples/sec: 191.33 - lr: 0.000002 - momentum: 0.000000
2025-10-02 15:36:26,495 epoch 1 - iter 1450/1458 - loss 0.23877650 - time (sec): 409.55 - samples/sec: 191.38 - lr: 0.000002 - momentum: 0.000000
2025-10-02 15:36:28,727 ----------------------------------------------------------------------------------------------------
2025-10-02 15:36:28,727 EPOCH 1 done: loss 0.2376 - lr: 0.000002
2025-10-02 15:36:38,729 DEV : loss 0.015489920042455196 - f1-score (micro avg)  0.7683
2025-10-02 15:36:38,759 ----------------------------------------------------------------------------------------------------
2025-10-02 15:37:19,561 epoch 2 - iter 145/1458 - loss 0.03382172 - time (sec): 40.80 - samples/sec: 179.73 - lr: 0.000003 - momentum: 0.000000
2025-10-02 15:38:00,207 epoch 2 - iter 290/1458 - loss 0.02788472 - time (sec): 81.44 - samples/sec: 189.74 - lr: 0.000003 - momentum: 0.000000
2025-10-02 15:38:40,713 epoch 2 - iter 435/1458 - loss 0.02143981 - time (sec): 121.95 - samples/sec: 189.44 - lr: 0.000003 - momentum: 0.000000
2025-10-02 15:39:21,212 epoch 2 - iter 580/1458 - loss 0.01909086 - time (sec): 162.45 - samples/sec: 188.54 - lr: 0.000003 - momentum: 0.000000
2025-10-02 15:40:01,860 epoch 2 - iter 725/1458 - loss 0.01722883 - time (sec): 203.10 - samples/sec: 191.84 - lr: 0.000004 - momentum: 0.000000
2025-10-02 15:40:42,517 epoch 2 - iter 870/1458 - loss 0.01627258 - time (sec): 243.76 - samples/sec: 191.38 - lr: 0.000004 - momentum: 0.000000
2025-10-02 15:41:23,147 epoch 2 - iter 1015/1458 - loss 0.01485425 - time (sec): 284.38 - samples/sec: 191.35 - lr: 0.000004 - momentum: 0.000000
2025-10-02 15:42:03,646 epoch 2 - iter 1160/1458 - loss 0.01476431 - time (sec): 324.88 - samples/sec: 190.89 - lr: 0.000004 - momentum: 0.000000
2025-10-02 15:42:44,294 epoch 2 - iter 1305/1458 - loss 0.01447652 - time (sec): 365.53 - samples/sec: 192.85 - lr: 0.000005 - momentum: 0.000000
2025-10-02 15:43:24,827 epoch 2 - iter 1450/1458 - loss 0.01461729 - time (sec): 406.06 - samples/sec: 192.75 - lr: 0.000005 - momentum: 0.000000
2025-10-02 15:43:27,065 ----------------------------------------------------------------------------------------------------
2025-10-02 15:43:27,066 EPOCH 2 done: loss 0.0145 - lr: 0.000005
2025-10-02 15:43:27,616 DEV : loss 0.015518802218139172 - f1-score (micro avg)  0.7683
2025-10-02 15:43:27,649 ----------------------------------------------------------------------------------------------------
2025-10-02 15:44:08,511 epoch 3 - iter 145/1458 - loss 0.01320363 - time (sec): 40.86 - samples/sec: 211.31 - lr: 0.000005 - momentum: 0.000000
2025-10-02 15:44:49,148 epoch 3 - iter 290/1458 - loss 0.00840139 - time (sec): 81.50 - samples/sec: 205.34 - lr: 0.000005 - momentum: 0.000000
2025-10-02 15:45:29,747 epoch 3 - iter 435/1458 - loss 0.01146666 - time (sec): 122.09 - samples/sec: 199.44 - lr: 0.000005 - momentum: 0.000000
2025-10-02 15:46:10,537 epoch 3 - iter 580/1458 - loss 0.01180673 - time (sec): 162.88 - samples/sec: 198.18 - lr: 0.000005 - momentum: 0.000000
2025-10-02 15:46:51,234 epoch 3 - iter 725/1458 - loss 0.01168052 - time (sec): 203.58 - samples/sec: 197.91 - lr: 0.000005 - momentum: 0.000000
2025-10-02 15:47:31,891 epoch 3 - iter 870/1458 - loss 0.01191332 - time (sec): 244.24 - samples/sec: 197.45 - lr: 0.000005 - momentum: 0.000000
2025-10-02 15:48:12,554 epoch 3 - iter 1015/1458 - loss 0.01210319 - time (sec): 284.90 - samples/sec: 196.39 - lr: 0.000005 - momentum: 0.000000
2025-10-02 15:48:53,088 epoch 3 - iter 1160/1458 - loss 0.01106728 - time (sec): 325.44 - samples/sec: 195.79 - lr: 0.000005 - momentum: 0.000000
2025-10-02 15:49:33,728 epoch 3 - iter 1305/1458 - loss 0.01101125 - time (sec): 366.08 - samples/sec: 193.76 - lr: 0.000005 - momentum: 0.000000
2025-10-02 15:50:14,344 epoch 3 - iter 1450/1458 - loss 0.01042188 - time (sec): 406.69 - samples/sec: 192.89 - lr: 0.000005 - momentum: 0.000000
2025-10-02 15:50:16,569 ----------------------------------------------------------------------------------------------------
2025-10-02 15:50:16,570 EPOCH 3 done: loss 0.0104 - lr: 0.000005
2025-10-02 15:50:17,115 DEV : loss 0.015560448169708252 - f1-score (micro avg)  0.7683
2025-10-02 15:50:17,144 ----------------------------------------------------------------------------------------------------
2025-10-02 15:50:57,991 epoch 4 - iter 145/1458 - loss 0.01384654 - time (sec): 40.84 - samples/sec: 190.70 - lr: 0.000005 - momentum: 0.000000
2025-10-02 15:51:38,664 epoch 4 - iter 290/1458 - loss 0.01049752 - time (sec): 81.52 - samples/sec: 185.34 - lr: 0.000005 - momentum: 0.000000
2025-10-02 15:52:19,343 epoch 4 - iter 435/1458 - loss 0.00701067 - time (sec): 122.20 - samples/sec: 185.29 - lr: 0.000005 - momentum: 0.000000
2025-10-02 15:53:00,012 epoch 4 - iter 580/1458 - loss 0.00868587 - time (sec): 162.87 - samples/sec: 184.66 - lr: 0.000005 - momentum: 0.000000
2025-10-02 15:53:40,691 epoch 4 - iter 725/1458 - loss 0.00805868 - time (sec): 203.54 - samples/sec: 190.03 - lr: 0.000005 - momentum: 0.000000
2025-10-02 15:54:21,477 epoch 4 - iter 870/1458 - loss 0.00734068 - time (sec): 244.33 - samples/sec: 192.02 - lr: 0.000005 - momentum: 0.000000
2025-10-02 15:55:02,111 epoch 4 - iter 1015/1458 - loss 0.00664367 - time (sec): 284.96 - samples/sec: 191.52 - lr: 0.000005 - momentum: 0.000000
2025-10-02 15:55:42,831 epoch 4 - iter 1160/1458 - loss 0.00672048 - time (sec): 325.68 - samples/sec: 192.10 - lr: 0.000005 - momentum: 0.000000
2025-10-02 15:56:23,464 epoch 4 - iter 1305/1458 - loss 0.00780016 - time (sec): 366.32 - samples/sec: 192.53 - lr: 0.000004 - momentum: 0.000000
2025-10-02 15:57:04,159 epoch 4 - iter 1450/1458 - loss 0.00818145 - time (sec): 407.01 - samples/sec: 192.47 - lr: 0.000004 - momentum: 0.000000
2025-10-02 15:57:06,410 ----------------------------------------------------------------------------------------------------
2025-10-02 15:57:06,411 EPOCH 4 done: loss 0.0081 - lr: 0.000004
2025-10-02 15:57:06,956 DEV : loss 0.015542808920145035 - f1-score (micro avg)  0.7683
2025-10-02 15:57:06,987 ----------------------------------------------------------------------------------------------------
2025-10-02 15:57:47,774 epoch 5 - iter 145/1458 - loss 0.00851864 - time (sec): 40.78 - samples/sec: 208.88 - lr: 0.000004 - momentum: 0.000000
2025-10-02 15:58:28,424 epoch 5 - iter 290/1458 - loss 0.00659368 - time (sec): 81.43 - samples/sec: 197.34 - lr: 0.000004 - momentum: 0.000000
2025-10-02 15:59:09,067 epoch 5 - iter 435/1458 - loss 0.00566495 - time (sec): 122.08 - samples/sec: 193.24 - lr: 0.000004 - momentum: 0.000000
2025-10-02 15:59:49,751 epoch 5 - iter 580/1458 - loss 0.00542271 - time (sec): 162.76 - samples/sec: 194.43 - lr: 0.000004 - momentum: 0.000000
2025-10-02 16:00:30,475 epoch 5 - iter 725/1458 - loss 0.00513587 - time (sec): 203.49 - samples/sec: 194.84 - lr: 0.000004 - momentum: 0.000000
2025-10-02 16:01:11,129 epoch 5 - iter 870/1458 - loss 0.00431992 - time (sec): 244.14 - samples/sec: 193.09 - lr: 0.000004 - momentum: 0.000000
2025-10-02 16:01:51,775 epoch 5 - iter 1015/1458 - loss 0.00384781 - time (sec): 284.79 - samples/sec: 193.36 - lr: 0.000004 - momentum: 0.000000
2025-10-02 16:02:32,420 epoch 5 - iter 1160/1458 - loss 0.00452228 - time (sec): 325.43 - samples/sec: 194.11 - lr: 0.000004 - momentum: 0.000000
2025-10-02 16:03:13,077 epoch 5 - iter 1305/1458 - loss 0.00486403 - time (sec): 366.09 - samples/sec: 193.53 - lr: 0.000004 - momentum: 0.000000
2025-10-02 16:03:53,777 epoch 5 - iter 1450/1458 - loss 0.00520026 - time (sec): 406.79 - samples/sec: 192.76 - lr: 0.000004 - momentum: 0.000000
2025-10-02 16:03:56,023 ----------------------------------------------------------------------------------------------------
2025-10-02 16:03:56,023 EPOCH 5 done: loss 0.0052 - lr: 0.000004
2025-10-02 16:03:56,570 DEV : loss 0.015608805231750011 - f1-score (micro avg)  0.7683
2025-10-02 16:03:56,594 ----------------------------------------------------------------------------------------------------
2025-10-02 16:04:37,360 epoch 6 - iter 145/1458 - loss 0.00402096 - time (sec): 40.76 - samples/sec: 200.97 - lr: 0.000004 - momentum: 0.000000
2025-10-02 16:05:18,029 epoch 6 - iter 290/1458 - loss 0.00301876 - time (sec): 81.43 - samples/sec: 194.27 - lr: 0.000004 - momentum: 0.000000
2025-10-02 16:05:58,692 epoch 6 - iter 435/1458 - loss 0.00389681 - time (sec): 122.10 - samples/sec: 196.66 - lr: 0.000004 - momentum: 0.000000
2025-10-02 16:06:39,300 epoch 6 - iter 580/1458 - loss 0.00327425 - time (sec): 162.70 - samples/sec: 194.69 - lr: 0.000004 - momentum: 0.000000
2025-10-02 16:07:19,886 epoch 6 - iter 725/1458 - loss 0.00368075 - time (sec): 203.29 - samples/sec: 191.68 - lr: 0.000004 - momentum: 0.000000
2025-10-02 16:08:00,560 epoch 6 - iter 870/1458 - loss 0.00362848 - time (sec): 243.96 - samples/sec: 193.71 - lr: 0.000004 - momentum: 0.000000
2025-10-02 16:08:41,131 epoch 6 - iter 1015/1458 - loss 0.00336007 - time (sec): 284.53 - samples/sec: 193.24 - lr: 0.000004 - momentum: 0.000000
2025-10-02 16:09:21,820 epoch 6 - iter 1160/1458 - loss 0.00355030 - time (sec): 325.22 - samples/sec: 192.89 - lr: 0.000004 - momentum: 0.000000
2025-10-02 16:10:02,417 epoch 6 - iter 1305/1458 - loss 0.00357568 - time (sec): 365.82 - samples/sec: 192.46 - lr: 0.000004 - momentum: 0.000000
2025-10-02 16:10:43,027 epoch 6 - iter 1450/1458 - loss 0.00402348 - time (sec): 406.43 - samples/sec: 192.98 - lr: 0.000004 - momentum: 0.000000
2025-10-02 16:10:45,278 ----------------------------------------------------------------------------------------------------
2025-10-02 16:10:45,279 EPOCH 6 done: loss 0.0040 - lr: 0.000004
2025-10-02 16:10:45,824 DEV : loss 0.015630142763257027 - f1-score (micro avg)  0.7683
2025-10-02 16:10:45,848 ----------------------------------------------------------------------------------------------------
2025-10-02 16:11:26,627 epoch 7 - iter 145/1458 - loss 0.00471329 - time (sec): 40.78 - samples/sec: 204.83 - lr: 0.000004 - momentum: 0.000000
2025-10-02 16:12:07,059 epoch 7 - iter 290/1458 - loss 0.00410588 - time (sec): 81.21 - samples/sec: 201.36 - lr: 0.000004 - momentum: 0.000000
2025-10-02 16:12:47,550 epoch 7 - iter 435/1458 - loss 0.00413421 - time (sec): 121.70 - samples/sec: 194.41 - lr: 0.000004 - momentum: 0.000000
2025-10-02 16:13:28,153 epoch 7 - iter 580/1458 - loss 0.00447178 - time (sec): 162.30 - samples/sec: 192.61 - lr: 0.000004 - momentum: 0.000000
2025-10-02 16:14:08,713 epoch 7 - iter 725/1458 - loss 0.00375258 - time (sec): 202.86 - samples/sec: 191.90 - lr: 0.000004 - momentum: 0.000000
2025-10-02 16:14:49,344 epoch 7 - iter 870/1458 - loss 0.00328388 - time (sec): 243.49 - samples/sec: 191.71 - lr: 0.000004 - momentum: 0.000000
2025-10-02 16:15:29,954 epoch 7 - iter 1015/1458 - loss 0.00455046 - time (sec): 284.10 - samples/sec: 192.70 - lr: 0.000004 - momentum: 0.000000
2025-10-02 16:16:10,403 epoch 7 - iter 1160/1458 - loss 0.00416701 - time (sec): 324.55 - samples/sec: 192.82 - lr: 0.000004 - momentum: 0.000000
2025-10-02 16:16:51,053 epoch 7 - iter 1305/1458 - loss 0.00396385 - time (sec): 365.20 - samples/sec: 192.85 - lr: 0.000004 - momentum: 0.000000
2025-10-02 16:17:31,658 epoch 7 - iter 1450/1458 - loss 0.00428856 - time (sec): 405.81 - samples/sec: 193.24 - lr: 0.000004 - momentum: 0.000000
2025-10-02 16:17:33,889 ----------------------------------------------------------------------------------------------------
2025-10-02 16:17:33,890 EPOCH 7 done: loss 0.0043 - lr: 0.000004
2025-10-02 16:17:34,435 DEV : loss 0.015721308067440987 - f1-score (micro avg)  0.7683
2025-10-02 16:17:34,459 ----------------------------------------------------------------------------------------------------
2025-10-02 16:18:15,148 epoch 8 - iter 145/1458 - loss 0.00393574 - time (sec): 40.69 - samples/sec: 185.57 - lr: 0.000004 - momentum: 0.000000
2025-10-02 16:18:55,705 epoch 8 - iter 290/1458 - loss 0.00189825 - time (sec): 81.24 - samples/sec: 192.94 - lr: 0.000004 - momentum: 0.000000
2025-10-02 16:19:36,273 epoch 8 - iter 435/1458 - loss 0.00344328 - time (sec): 121.81 - samples/sec: 191.84 - lr: 0.000004 - momentum: 0.000000
2025-10-02 16:20:16,828 epoch 8 - iter 580/1458 - loss 0.00324640 - time (sec): 162.37 - samples/sec: 190.72 - lr: 0.000004 - momentum: 0.000000
2025-10-02 16:20:57,572 epoch 8 - iter 725/1458 - loss 0.00295132 - time (sec): 203.11 - samples/sec: 191.23 - lr: 0.000003 - momentum: 0.000000
2025-10-02 16:21:38,200 epoch 8 - iter 870/1458 - loss 0.00271305 - time (sec): 243.74 - samples/sec: 191.18 - lr: 0.000003 - momentum: 0.000000
2025-10-02 16:22:18,914 epoch 8 - iter 1015/1458 - loss 0.00253921 - time (sec): 284.45 - samples/sec: 191.25 - lr: 0.000003 - momentum: 0.000000
2025-10-02 16:22:59,657 epoch 8 - iter 1160/1458 - loss 0.00247391 - time (sec): 325.20 - samples/sec: 192.74 - lr: 0.000003 - momentum: 0.000000
2025-10-02 16:23:40,274 epoch 8 - iter 1305/1458 - loss 0.00278503 - time (sec): 365.81 - samples/sec: 192.32 - lr: 0.000003 - momentum: 0.000000
2025-10-02 16:24:20,814 epoch 8 - iter 1450/1458 - loss 0.00286607 - time (sec): 406.35 - samples/sec: 192.67 - lr: 0.000003 - momentum: 0.000000
2025-10-02 16:24:23,042 ----------------------------------------------------------------------------------------------------
2025-10-02 16:24:23,042 EPOCH 8 done: loss 0.0028 - lr: 0.000003
2025-10-02 16:24:23,589 DEV : loss 0.015740880742669106 - f1-score (micro avg)  0.7683
2025-10-02 16:24:23,613 ----------------------------------------------------------------------------------------------------
2025-10-02 16:25:04,539 epoch 9 - iter 145/1458 - loss 0.00025738 - time (sec): 40.92 - samples/sec: 191.77 - lr: 0.000003 - momentum: 0.000000
2025-10-02 16:25:45,144 epoch 9 - iter 290/1458 - loss 0.00184645 - time (sec): 81.53 - samples/sec: 194.90 - lr: 0.000003 - momentum: 0.000000
2025-10-02 16:26:25,743 epoch 9 - iter 435/1458 - loss 0.00123512 - time (sec): 122.13 - samples/sec: 194.67 - lr: 0.000003 - momentum: 0.000000
2025-10-02 16:27:06,398 epoch 9 - iter 580/1458 - loss 0.00092024 - time (sec): 162.78 - samples/sec: 196.14 - lr: 0.000003 - momentum: 0.000000
2025-10-02 16:27:47,068 epoch 9 - iter 725/1458 - loss 0.00073565 - time (sec): 203.45 - samples/sec: 196.37 - lr: 0.000003 - momentum: 0.000000
2025-10-02 16:28:27,713 epoch 9 - iter 870/1458 - loss 0.00123457 - time (sec): 244.10 - samples/sec: 195.33 - lr: 0.000003 - momentum: 0.000000
2025-10-02 16:29:08,208 epoch 9 - iter 1015/1458 - loss 0.00105847 - time (sec): 284.59 - samples/sec: 195.45 - lr: 0.000003 - momentum: 0.000000
2025-10-02 16:29:48,855 epoch 9 - iter 1160/1458 - loss 0.00140743 - time (sec): 325.24 - samples/sec: 194.80 - lr: 0.000003 - momentum: 0.000000
2025-10-02 16:30:29,400 epoch 9 - iter 1305/1458 - loss 0.00127570 - time (sec): 365.78 - samples/sec: 193.44 - lr: 0.000003 - momentum: 0.000000
2025-10-02 16:31:09,970 epoch 9 - iter 1450/1458 - loss 0.00131387 - time (sec): 406.35 - samples/sec: 192.81 - lr: 0.000003 - momentum: 0.000000
2025-10-02 16:31:12,191 ----------------------------------------------------------------------------------------------------
2025-10-02 16:31:12,192 EPOCH 9 done: loss 0.0016 - lr: 0.000003
2025-10-02 16:31:12,736 DEV : loss 0.01577482372522354 - f1-score (micro avg)  0.7683
2025-10-02 16:31:12,766 ----------------------------------------------------------------------------------------------------
2025-10-02 16:31:53,369 epoch 10 - iter 145/1458 - loss 0.00003366 - time (sec): 40.60 - samples/sec: 171.26 - lr: 0.000003 - momentum: 0.000000
2025-10-02 16:32:33,886 epoch 10 - iter 290/1458 - loss 0.00145863 - time (sec): 81.12 - samples/sec: 185.66 - lr: 0.000003 - momentum: 0.000000
2025-10-02 16:33:14,480 epoch 10 - iter 435/1458 - loss 0.00147029 - time (sec): 121.71 - samples/sec: 190.17 - lr: 0.000003 - momentum: 0.000000
2025-10-02 16:33:54,994 epoch 10 - iter 580/1458 - loss 0.00219244 - time (sec): 162.22 - samples/sec: 192.31 - lr: 0.000003 - momentum: 0.000000
2025-10-02 16:34:35,555 epoch 10 - iter 725/1458 - loss 0.00265482 - time (sec): 202.79 - samples/sec: 194.10 - lr: 0.000003 - momentum: 0.000000
2025-10-02 16:35:16,182 epoch 10 - iter 870/1458 - loss 0.00240822 - time (sec): 243.41 - samples/sec: 194.30 - lr: 0.000003 - momentum: 0.000000
2025-10-02 16:35:56,727 epoch 10 - iter 1015/1458 - loss 0.00223081 - time (sec): 283.96 - samples/sec: 193.76 - lr: 0.000003 - momentum: 0.000000
2025-10-02 16:36:37,405 epoch 10 - iter 1160/1458 - loss 0.00213844 - time (sec): 324.64 - samples/sec: 193.77 - lr: 0.000003 - momentum: 0.000000
2025-10-02 16:37:18,025 epoch 10 - iter 1305/1458 - loss 0.00189346 - time (sec): 365.26 - samples/sec: 194.51 - lr: 0.000003 - momentum: 0.000000
2025-10-02 16:37:58,543 epoch 10 - iter 1450/1458 - loss 0.00171685 - time (sec): 405.77 - samples/sec: 193.11 - lr: 0.000003 - momentum: 0.000000
2025-10-02 16:38:00,782 ----------------------------------------------------------------------------------------------------
2025-10-02 16:38:00,783 EPOCH 10 done: loss 0.0017 - lr: 0.000003
2025-10-02 16:38:01,330 DEV : loss 0.01577620394527912 - f1-score (micro avg)  0.7683
2025-10-02 16:38:01,354 ----------------------------------------------------------------------------------------------------
2025-10-02 16:38:42,243 epoch 11 - iter 145/1458 - loss 0.00000066 - time (sec): 40.89 - samples/sec: 198.75 - lr: 0.000003 - momentum: 0.000000
2025-10-02 16:39:22,972 epoch 11 - iter 290/1458 - loss 0.00000071 - time (sec): 81.62 - samples/sec: 195.27 - lr: 0.000003 - momentum: 0.000000
2025-10-02 16:40:03,647 epoch 11 - iter 435/1458 - loss 0.00058181 - time (sec): 122.29 - samples/sec: 194.77 - lr: 0.000003 - momentum: 0.000000
2025-10-02 16:40:44,276 epoch 11 - iter 580/1458 - loss 0.00094146 - time (sec): 162.92 - samples/sec: 193.51 - lr: 0.000003 - momentum: 0.000000
2025-10-02 16:41:24,843 epoch 11 - iter 725/1458 - loss 0.00075834 - time (sec): 203.49 - samples/sec: 192.44 - lr: 0.000003 - momentum: 0.000000
2025-10-02 16:42:05,507 epoch 11 - iter 870/1458 - loss 0.00097034 - time (sec): 244.15 - samples/sec: 191.80 - lr: 0.000003 - momentum: 0.000000
2025-10-02 16:42:46,260 epoch 11 - iter 1015/1458 - loss 0.00104074 - time (sec): 284.90 - samples/sec: 191.86 - lr: 0.000003 - momentum: 0.000000
2025-10-02 16:43:26,870 epoch 11 - iter 1160/1458 - loss 0.00125147 - time (sec): 325.51 - samples/sec: 192.85 - lr: 0.000003 - momentum: 0.000000
2025-10-02 16:44:07,523 epoch 11 - iter 1305/1458 - loss 0.00111057 - time (sec): 366.17 - samples/sec: 193.41 - lr: 0.000003 - momentum: 0.000000
2025-10-02 16:44:48,049 epoch 11 - iter 1450/1458 - loss 0.00115626 - time (sec): 406.69 - samples/sec: 192.36 - lr: 0.000003 - momentum: 0.000000
2025-10-02 16:44:50,332 ----------------------------------------------------------------------------------------------------
2025-10-02 16:44:50,332 EPOCH 11 done: loss 0.0013 - lr: 0.000003
2025-10-02 16:44:50,881 DEV : loss 0.015804069116711617 - f1-score (micro avg)  0.7683
2025-10-02 16:44:50,906 ----------------------------------------------------------------------------------------------------
2025-10-02 16:45:31,672 epoch 12 - iter 145/1458 - loss 0.00000226 - time (sec): 40.76 - samples/sec: 201.33 - lr: 0.000002 - momentum: 0.000000
2025-10-02 16:46:12,240 epoch 12 - iter 290/1458 - loss 0.00000157 - time (sec): 81.33 - samples/sec: 191.59 - lr: 0.000002 - momentum: 0.000000
2025-10-02 16:46:52,839 epoch 12 - iter 435/1458 - loss 0.00000245 - time (sec): 121.93 - samples/sec: 191.24 - lr: 0.000002 - momentum: 0.000000
2025-10-02 16:47:33,516 epoch 12 - iter 580/1458 - loss 0.00042410 - time (sec): 162.61 - samples/sec: 196.20 - lr: 0.000002 - momentum: 0.000000
2025-10-02 16:48:14,143 epoch 12 - iter 725/1458 - loss 0.00081450 - time (sec): 203.23 - samples/sec: 192.69 - lr: 0.000002 - momentum: 0.000000
2025-10-02 16:48:54,941 epoch 12 - iter 870/1458 - loss 0.00093598 - time (sec): 244.03 - samples/sec: 195.04 - lr: 0.000002 - momentum: 0.000000
2025-10-02 16:49:35,620 epoch 12 - iter 1015/1458 - loss 0.00129757 - time (sec): 284.71 - samples/sec: 193.86 - lr: 0.000002 - momentum: 0.000000
2025-10-02 16:50:16,198 epoch 12 - iter 1160/1458 - loss 0.00145978 - time (sec): 325.29 - samples/sec: 193.22 - lr: 0.000002 - momentum: 0.000000
2025-10-02 16:50:56,723 epoch 12 - iter 1305/1458 - loss 0.00130150 - time (sec): 365.81 - samples/sec: 192.78 - lr: 0.000002 - momentum: 0.000000
2025-10-02 16:51:37,294 epoch 12 - iter 1450/1458 - loss 0.00166959 - time (sec): 406.39 - samples/sec: 192.81 - lr: 0.000002 - momentum: 0.000000
2025-10-02 16:51:39,532 ----------------------------------------------------------------------------------------------------
2025-10-02 16:51:39,533 EPOCH 12 done: loss 0.0017 - lr: 0.000002
2025-10-02 16:51:40,078 DEV : loss 0.015861446037888527 - f1-score (micro avg)  0.7683
2025-10-02 16:51:40,102 ----------------------------------------------------------------------------------------------------
2025-10-02 16:52:20,984 epoch 13 - iter 145/1458 - loss 0.00008175 - time (sec): 40.88 - samples/sec: 197.78 - lr: 0.000002 - momentum: 0.000000
2025-10-02 16:53:01,670 epoch 13 - iter 290/1458 - loss 0.00090622 - time (sec): 81.57 - samples/sec: 193.38 - lr: 0.000002 - momentum: 0.000000
2025-10-02 16:53:42,178 epoch 13 - iter 435/1458 - loss 0.00146161 - time (sec): 122.07 - samples/sec: 192.14 - lr: 0.000002 - momentum: 0.000000
2025-10-02 16:54:22,803 epoch 13 - iter 580/1458 - loss 0.00147744 - time (sec): 162.70 - samples/sec: 192.38 - lr: 0.000002 - momentum: 0.000000
2025-10-02 16:55:03,410 epoch 13 - iter 725/1458 - loss 0.00158210 - time (sec): 203.31 - samples/sec: 191.50 - lr: 0.000002 - momentum: 0.000000
2025-10-02 16:55:43,984 epoch 13 - iter 870/1458 - loss 0.00131504 - time (sec): 243.88 - samples/sec: 192.10 - lr: 0.000002 - momentum: 0.000000
2025-10-02 16:56:24,558 epoch 13 - iter 1015/1458 - loss 0.00112930 - time (sec): 284.45 - samples/sec: 191.87 - lr: 0.000002 - momentum: 0.000000
2025-10-02 16:57:05,114 epoch 13 - iter 1160/1458 - loss 0.00135007 - time (sec): 325.01 - samples/sec: 191.81 - lr: 0.000002 - momentum: 0.000000
2025-10-02 16:57:45,677 epoch 13 - iter 1305/1458 - loss 0.00120312 - time (sec): 365.57 - samples/sec: 191.39 - lr: 0.000002 - momentum: 0.000000
2025-10-02 16:58:26,395 epoch 13 - iter 1450/1458 - loss 0.00107777 - time (sec): 406.29 - samples/sec: 192.97 - lr: 0.000002 - momentum: 0.000000
2025-10-02 16:58:28,617 ----------------------------------------------------------------------------------------------------
2025-10-02 16:58:28,617 EPOCH 13 done: loss 0.0011 - lr: 0.000002
2025-10-02 16:58:29,161 DEV : loss 0.015876861289143562 - f1-score (micro avg)  0.7683
2025-10-02 16:58:29,194 ----------------------------------------------------------------------------------------------------
2025-10-02 16:59:09,973 epoch 14 - iter 145/1458 - loss 0.00000072 - time (sec): 40.78 - samples/sec: 195.36 - lr: 0.000002 - momentum: 0.000000
2025-10-02 16:59:50,501 epoch 14 - iter 290/1458 - loss 0.00000081 - time (sec): 81.30 - samples/sec: 195.77 - lr: 0.000002 - momentum: 0.000000
2025-10-02 17:00:31,014 epoch 14 - iter 435/1458 - loss 0.00000074 - time (sec): 121.82 - samples/sec: 199.44 - lr: 0.000002 - momentum: 0.000000
2025-10-02 17:01:11,647 epoch 14 - iter 580/1458 - loss 0.00000067 - time (sec): 162.45 - samples/sec: 199.32 - lr: 0.000002 - momentum: 0.000000
2025-10-02 17:01:51,963 epoch 14 - iter 725/1458 - loss 0.00020454 - time (sec): 202.77 - samples/sec: 197.43 - lr: 0.000002 - momentum: 0.000000
2025-10-02 17:02:32,422 epoch 14 - iter 870/1458 - loss 0.00017129 - time (sec): 243.22 - samples/sec: 196.63 - lr: 0.000002 - momentum: 0.000000
2025-10-02 17:03:12,818 epoch 14 - iter 1015/1458 - loss 0.00016881 - time (sec): 283.62 - samples/sec: 195.50 - lr: 0.000002 - momentum: 0.000000
2025-10-02 17:03:53,145 epoch 14 - iter 1160/1458 - loss 0.00030009 - time (sec): 323.95 - samples/sec: 195.14 - lr: 0.000002 - momentum: 0.000000
2025-10-02 17:04:33,458 epoch 14 - iter 1305/1458 - loss 0.00027015 - time (sec): 364.26 - samples/sec: 193.52 - lr: 0.000002 - momentum: 0.000000
2025-10-02 17:05:13,751 epoch 14 - iter 1450/1458 - loss 0.00024296 - time (sec): 404.55 - samples/sec: 193.80 - lr: 0.000002 - momentum: 0.000000
2025-10-02 17:05:15,975 ----------------------------------------------------------------------------------------------------
2025-10-02 17:05:15,975 EPOCH 14 done: loss 0.0002 - lr: 0.000002
2025-10-02 17:05:16,521 DEV : loss 0.015909142792224884 - f1-score (micro avg)  0.7683
2025-10-02 17:05:16,545 ----------------------------------------------------------------------------------------------------
2025-10-02 17:05:57,038 epoch 15 - iter 145/1458 - loss 0.00004205 - time (sec): 40.49 - samples/sec: 185.11 - lr: 0.000002 - momentum: 0.000000
2025-10-02 17:06:37,373 epoch 15 - iter 290/1458 - loss 0.00002102 - time (sec): 80.83 - samples/sec: 187.45 - lr: 0.000002 - momentum: 0.000000
2025-10-02 17:07:17,846 epoch 15 - iter 435/1458 - loss 0.00001410 - time (sec): 121.30 - samples/sec: 189.19 - lr: 0.000002 - momentum: 0.000000
2025-10-02 17:07:58,184 epoch 15 - iter 580/1458 - loss 0.00032133 - time (sec): 161.64 - samples/sec: 188.24 - lr: 0.000002 - momentum: 0.000000
2025-10-02 17:08:38,667 epoch 15 - iter 725/1458 - loss 0.00025575 - time (sec): 202.12 - samples/sec: 189.21 - lr: 0.000002 - momentum: 0.000000
2025-10-02 17:09:19,107 epoch 15 - iter 870/1458 - loss 0.00021173 - time (sec): 242.56 - samples/sec: 190.49 - lr: 0.000002 - momentum: 0.000000
2025-10-02 17:09:59,657 epoch 15 - iter 1015/1458 - loss 0.00032232 - time (sec): 283.11 - samples/sec: 193.10 - lr: 0.000001 - momentum: 0.000000
2025-10-02 17:10:40,149 epoch 15 - iter 1160/1458 - loss 0.00028259 - time (sec): 323.60 - samples/sec: 192.77 - lr: 0.000001 - momentum: 0.000000
2025-10-02 17:11:20,605 epoch 15 - iter 1305/1458 - loss 0.00025119 - time (sec): 364.06 - samples/sec: 192.82 - lr: 0.000001 - momentum: 0.000000
2025-10-02 17:12:00,959 epoch 15 - iter 1450/1458 - loss 0.00039746 - time (sec): 404.41 - samples/sec: 193.60 - lr: 0.000001 - momentum: 0.000000
2025-10-02 17:12:03,185 ----------------------------------------------------------------------------------------------------
2025-10-02 17:12:03,186 EPOCH 15 done: loss 0.0004 - lr: 0.000001
2025-10-02 17:12:03,729 DEV : loss 0.015930967405438423 - f1-score (micro avg)  0.7683
2025-10-02 17:12:03,753 ----------------------------------------------------------------------------------------------------
2025-10-02 17:12:44,289 epoch 16 - iter 145/1458 - loss 0.00267628 - time (sec): 40.53 - samples/sec: 184.54 - lr: 0.000001 - momentum: 0.000000
2025-10-02 17:13:24,769 epoch 16 - iter 290/1458 - loss 0.00129983 - time (sec): 81.01 - samples/sec: 190.15 - lr: 0.000001 - momentum: 0.000000
2025-10-02 17:14:05,225 epoch 16 - iter 435/1458 - loss 0.00086710 - time (sec): 121.47 - samples/sec: 190.45 - lr: 0.000001 - momentum: 0.000000
2025-10-02 17:14:45,700 epoch 16 - iter 580/1458 - loss 0.00064274 - time (sec): 161.94 - samples/sec: 192.75 - lr: 0.000001 - momentum: 0.000000
2025-10-02 17:15:26,185 epoch 16 - iter 725/1458 - loss 0.00092708 - time (sec): 202.43 - samples/sec: 193.55 - lr: 0.000001 - momentum: 0.000000
2025-10-02 17:16:06,620 epoch 16 - iter 870/1458 - loss 0.00092114 - time (sec): 242.86 - samples/sec: 191.66 - lr: 0.000001 - momentum: 0.000000
2025-10-02 17:16:47,009 epoch 16 - iter 1015/1458 - loss 0.00086660 - time (sec): 283.25 - samples/sec: 193.41 - lr: 0.000001 - momentum: 0.000000
2025-10-02 17:17:27,484 epoch 16 - iter 1160/1458 - loss 0.00076361 - time (sec): 323.73 - samples/sec: 192.20 - lr: 0.000001 - momentum: 0.000000
2025-10-02 17:18:07,876 epoch 16 - iter 1305/1458 - loss 0.00067391 - time (sec): 364.12 - samples/sec: 193.82 - lr: 0.000001 - momentum: 0.000000
2025-10-02 17:18:48,364 epoch 16 - iter 1450/1458 - loss 0.00060652 - time (sec): 404.61 - samples/sec: 193.81 - lr: 0.000001 - momentum: 0.000000
2025-10-02 17:18:50,586 ----------------------------------------------------------------------------------------------------
2025-10-02 17:18:50,587 EPOCH 16 done: loss 0.0006 - lr: 0.000001
2025-10-02 17:18:51,130 DEV : loss 0.015942683443427086 - f1-score (micro avg)  0.7683
2025-10-02 17:18:51,154 ----------------------------------------------------------------------------------------------------
2025-10-02 17:19:31,658 epoch 17 - iter 145/1458 - loss 0.00000041 - time (sec): 40.50 - samples/sec: 181.50 - lr: 0.000001 - momentum: 0.000000
2025-10-02 17:20:12,080 epoch 17 - iter 290/1458 - loss 0.00051087 - time (sec): 80.92 - samples/sec: 189.31 - lr: 0.000001 - momentum: 0.000000
2025-10-02 17:20:52,445 epoch 17 - iter 435/1458 - loss 0.00034137 - time (sec): 121.29 - samples/sec: 191.06 - lr: 0.000001 - momentum: 0.000000
2025-10-02 17:21:32,866 epoch 17 - iter 580/1458 - loss 0.00055745 - time (sec): 161.71 - samples/sec: 192.44 - lr: 0.000001 - momentum: 0.000000
2025-10-02 17:22:13,265 epoch 17 - iter 725/1458 - loss 0.00045356 - time (sec): 202.11 - samples/sec: 189.26 - lr: 0.000001 - momentum: 0.000000
2025-10-02 17:22:53,744 epoch 17 - iter 870/1458 - loss 0.00037423 - time (sec): 242.59 - samples/sec: 191.15 - lr: 0.000001 - momentum: 0.000000
2025-10-02 17:23:34,134 epoch 17 - iter 1015/1458 - loss 0.00031906 - time (sec): 282.98 - samples/sec: 192.29 - lr: 0.000001 - momentum: 0.000000
2025-10-02 17:24:14,519 epoch 17 - iter 1160/1458 - loss 0.00027858 - time (sec): 323.36 - samples/sec: 192.75 - lr: 0.000001 - momentum: 0.000000
2025-10-02 17:24:54,925 epoch 17 - iter 1305/1458 - loss 0.00024628 - time (sec): 363.77 - samples/sec: 193.85 - lr: 0.000001 - momentum: 0.000000
2025-10-02 17:25:35,412 epoch 17 - iter 1450/1458 - loss 0.00027990 - time (sec): 404.26 - samples/sec: 193.92 - lr: 0.000001 - momentum: 0.000000
2025-10-02 17:25:37,631 ----------------------------------------------------------------------------------------------------
2025-10-02 17:25:37,632 EPOCH 17 done: loss 0.0003 - lr: 0.000001
2025-10-02 17:25:38,175 DEV : loss 0.015956001356244087 - f1-score (micro avg)  0.7683
2025-10-02 17:25:38,199 ----------------------------------------------------------------------------------------------------
2025-10-02 17:26:18,783 epoch 18 - iter 145/1458 - loss 0.00000074 - time (sec): 40.58 - samples/sec: 174.54 - lr: 0.000001 - momentum: 0.000000
2025-10-02 17:26:59,098 epoch 18 - iter 290/1458 - loss 0.00000048 - time (sec): 80.90 - samples/sec: 182.27 - lr: 0.000001 - momentum: 0.000000
2025-10-02 17:27:39,427 epoch 18 - iter 435/1458 - loss 0.00076929 - time (sec): 121.23 - samples/sec: 189.35 - lr: 0.000001 - momentum: 0.000000
2025-10-02 17:28:19,877 epoch 18 - iter 580/1458 - loss 0.00057430 - time (sec): 161.68 - samples/sec: 191.62 - lr: 0.000001 - momentum: 0.000000
2025-10-02 17:29:00,283 epoch 18 - iter 725/1458 - loss 0.00059411 - time (sec): 202.08 - samples/sec: 192.03 - lr: 0.000001 - momentum: 0.000000
2025-10-02 17:29:40,803 epoch 18 - iter 870/1458 - loss 0.00049514 - time (sec): 242.60 - samples/sec: 191.96 - lr: 0.000001 - momentum: 0.000000
2025-10-02 17:30:21,360 epoch 18 - iter 1015/1458 - loss 0.00049061 - time (sec): 283.16 - samples/sec: 193.47 - lr: 0.000001 - momentum: 0.000000
2025-10-02 17:31:01,689 epoch 18 - iter 1160/1458 - loss 0.00043071 - time (sec): 323.49 - samples/sec: 192.93 - lr: 0.000001 - momentum: 0.000000
2025-10-02 17:31:42,128 epoch 18 - iter 1305/1458 - loss 0.00038106 - time (sec): 363.93 - samples/sec: 193.86 - lr: 0.000001 - momentum: 0.000000
2025-10-02 17:32:22,535 epoch 18 - iter 1450/1458 - loss 0.00034357 - time (sec): 404.33 - samples/sec: 193.80 - lr: 0.000001 - momentum: 0.000000
2025-10-02 17:32:24,751 ----------------------------------------------------------------------------------------------------
2025-10-02 17:32:24,751 EPOCH 18 done: loss 0.0003 - lr: 0.000001
2025-10-02 17:32:25,295 DEV : loss 0.015964454039931297 - f1-score (micro avg)  0.7683
2025-10-02 17:32:25,323 ----------------------------------------------------------------------------------------------------
2025-10-02 17:33:05,963 epoch 19 - iter 145/1458 - loss 0.00039173 - time (sec): 40.64 - samples/sec: 189.41 - lr: 0.000001 - momentum: 0.000000
2025-10-02 17:33:46,399 epoch 19 - iter 290/1458 - loss 0.00019492 - time (sec): 81.07 - samples/sec: 191.98 - lr: 0.000001 - momentum: 0.000000
2025-10-02 17:34:26,927 epoch 19 - iter 435/1458 - loss 0.00143079 - time (sec): 121.60 - samples/sec: 193.95 - lr: 0.000000 - momentum: 0.000000
2025-10-02 17:35:07,297 epoch 19 - iter 580/1458 - loss 0.00106547 - time (sec): 161.97 - samples/sec: 195.54 - lr: 0.000000 - momentum: 0.000000
2025-10-02 17:35:47,725 epoch 19 - iter 725/1458 - loss 0.00086353 - time (sec): 202.40 - samples/sec: 193.09 - lr: 0.000000 - momentum: 0.000000
2025-10-02 17:36:28,214 epoch 19 - iter 870/1458 - loss 0.00072703 - time (sec): 242.89 - samples/sec: 191.13 - lr: 0.000000 - momentum: 0.000000
2025-10-02 17:37:08,657 epoch 19 - iter 1015/1458 - loss 0.00061972 - time (sec): 283.33 - samples/sec: 192.23 - lr: 0.000000 - momentum: 0.000000
2025-10-02 17:37:49,109 epoch 19 - iter 1160/1458 - loss 0.00054370 - time (sec): 323.78 - samples/sec: 191.75 - lr: 0.000000 - momentum: 0.000000
2025-10-02 17:38:29,581 epoch 19 - iter 1305/1458 - loss 0.00048173 - time (sec): 364.25 - samples/sec: 192.41 - lr: 0.000000 - momentum: 0.000000
2025-10-02 17:39:10,056 epoch 19 - iter 1450/1458 - loss 0.00047563 - time (sec): 404.73 - samples/sec: 193.27 - lr: 0.000000 - momentum: 0.000000
2025-10-02 17:39:12,265 ----------------------------------------------------------------------------------------------------
2025-10-02 17:39:12,266 EPOCH 19 done: loss 0.0005 - lr: 0.000000
2025-10-02 17:39:12,809 DEV : loss 0.015962744131684303 - f1-score (micro avg)  0.7683
2025-10-02 17:39:12,833 ----------------------------------------------------------------------------------------------------
2025-10-02 17:39:53,466 epoch 20 - iter 145/1458 - loss 0.00048490 - time (sec): 40.63 - samples/sec: 199.87 - lr: 0.000000 - momentum: 0.000000
2025-10-02 17:40:33,991 epoch 20 - iter 290/1458 - loss 0.00023981 - time (sec): 81.16 - samples/sec: 202.44 - lr: 0.000000 - momentum: 0.000000
2025-10-02 17:41:14,475 epoch 20 - iter 435/1458 - loss 0.00016200 - time (sec): 121.64 - samples/sec: 201.58 - lr: 0.000000 - momentum: 0.000000
2025-10-02 17:41:54,997 epoch 20 - iter 580/1458 - loss 0.00012410 - time (sec): 162.16 - samples/sec: 197.49 - lr: 0.000000 - momentum: 0.000000
2025-10-02 17:42:35,475 epoch 20 - iter 725/1458 - loss 0.00009928 - time (sec): 202.64 - samples/sec: 197.62 - lr: 0.000000 - momentum: 0.000000
2025-10-02 17:43:15,771 epoch 20 - iter 870/1458 - loss 0.00008377 - time (sec): 242.94 - samples/sec: 195.57 - lr: 0.000000 - momentum: 0.000000
2025-10-02 17:43:56,181 epoch 20 - iter 1015/1458 - loss 0.00012392 - time (sec): 283.35 - samples/sec: 193.98 - lr: 0.000000 - momentum: 0.000000
2025-10-02 17:44:36,636 epoch 20 - iter 1160/1458 - loss 0.00017509 - time (sec): 323.80 - samples/sec: 193.20 - lr: 0.000000 - momentum: 0.000000
2025-10-02 17:45:16,970 epoch 20 - iter 1305/1458 - loss 0.00015544 - time (sec): 364.13 - samples/sec: 193.56 - lr: 0.000000 - momentum: 0.000000
2025-10-02 17:45:57,338 epoch 20 - iter 1450/1458 - loss 0.00014223 - time (sec): 404.50 - samples/sec: 193.47 - lr: 0.000000 - momentum: 0.000000
2025-10-02 17:45:59,557 ----------------------------------------------------------------------------------------------------
2025-10-02 17:45:59,558 EPOCH 20 done: loss 0.0001 - lr: 0.000000
2025-10-02 17:46:00,099 DEV : loss 0.015962671488523483 - f1-score (micro avg)  0.7683
2025-10-02 17:46:02,358 ----------------------------------------------------------------------------------------------------
2025-10-02 17:46:02,361 Testing using last state of model ...
2025-10-02 17:46:11,759 
Results:
- F-score (micro) 0.9718
- F-score (macro) 0.9718
- Accuracy 0.9452

By class:
              precision    recall  f1-score   support

         LOC     0.9718    0.9718    0.9718        71

   micro avg     0.9718    0.9718    0.9718        71
   macro avg     0.9718    0.9718    0.9718        71
weighted avg     0.9718    0.9718    0.9718        71

2025-10-02 17:46:11,759 ----------------------------------------------------------------------------------------------------
