2025-10-01 09:44:03,210 ----------------------------------------------------------------------------------------------------
2025-10-01 09:44:03,212 Model: "SequenceTagger(
  (embeddings): TransformerWordEmbeddings(
    (model): XLMRobertaModel(
      (embeddings): XLMRobertaEmbeddings(
        (word_embeddings): Embedding(250003, 1024, padding_idx=1)
        (position_embeddings): Embedding(514, 1024, padding_idx=1)
        (token_type_embeddings): Embedding(1, 1024)
        (LayerNorm): LayerNorm((1024,), eps=1e-05, elementwise_affine=True)
        (dropout): Dropout(p=0.1, inplace=False)
      )
      (encoder): XLMRobertaEncoder(
        (layer): ModuleList(
          (0-23): 24 x XLMRobertaLayer(
            (attention): XLMRobertaAttention(
              (self): XLMRobertaSdpaSelfAttention(
                (query): Linear(in_features=1024, out_features=1024, bias=True)
                (key): Linear(in_features=1024, out_features=1024, bias=True)
                (value): Linear(in_features=1024, out_features=1024, bias=True)
                (dropout): Dropout(p=0.1, inplace=False)
              )
              (output): XLMRobertaSelfOutput(
                (dense): Linear(in_features=1024, out_features=1024, bias=True)
                (LayerNorm): LayerNorm((1024,), eps=1e-05, elementwise_affine=True)
                (dropout): Dropout(p=0.1, inplace=False)
              )
            )
            (intermediate): XLMRobertaIntermediate(
              (dense): Linear(in_features=1024, out_features=4096, bias=True)
              (intermediate_act_fn): GELUActivation()
            )
            (output): XLMRobertaOutput(
              (dense): Linear(in_features=4096, out_features=1024, bias=True)
              (LayerNorm): LayerNorm((1024,), eps=1e-05, elementwise_affine=True)
              (dropout): Dropout(p=0.1, inplace=False)
            )
          )
        )
      )
      (pooler): XLMRobertaPooler(
        (dense): Linear(in_features=1024, out_features=1024, bias=True)
        (activation): Tanh()
      )
    )
  )
  (locked_dropout): LockedDropout(p=0.5)
  (linear): Linear(in_features=1024, out_features=5, bias=True)
  (loss_function): CrossEntropyLoss()
)"
2025-10-01 09:44:03,212 ----------------------------------------------------------------------------------------------------
2025-10-01 09:44:03,212 Corpus: 12315 train + 1746 dev + 1700 test sentences
2025-10-01 09:44:03,213 ----------------------------------------------------------------------------------------------------
2025-10-01 09:44:03,213 Train:  12315 sentences
2025-10-01 09:44:03,213         (train_with_dev=False, train_with_test=False)
2025-10-01 09:44:03,213 ----------------------------------------------------------------------------------------------------
2025-10-01 09:44:03,214 Training Params:
2025-10-01 09:44:03,214  - learning_rate: "5e-06" 
2025-10-01 09:44:03,214  - mini_batch_size: "4"
2025-10-01 09:44:03,214  - max_epochs: "20"
2025-10-01 09:44:03,215  - shuffle: "True"
2025-10-01 09:44:03,215 ----------------------------------------------------------------------------------------------------
2025-10-01 09:44:03,215 Plugins:
2025-10-01 09:44:03,215  - LinearScheduler | warmup_fraction: '0.1'
2025-10-01 09:44:03,215 ----------------------------------------------------------------------------------------------------
2025-10-01 09:44:03,216 Final evaluation on model after last epoch (final-model.pt)
2025-10-01 09:44:03,216  - metric: "('micro avg', 'f1-score')"
2025-10-01 09:44:03,216 ----------------------------------------------------------------------------------------------------
2025-10-01 09:44:03,216 Computation:
2025-10-01 09:44:03,216  - compute on device: cuda:0
2025-10-01 09:44:03,217  - embedding storage: gpu
2025-10-01 09:44:03,217 ----------------------------------------------------------------------------------------------------
2025-10-01 09:44:03,217 Model training base path: "ner_bertSpanish_fineTuning3"
2025-10-01 09:44:03,217 ----------------------------------------------------------------------------------------------------
2025-10-01 09:44:03,217 ----------------------------------------------------------------------------------------------------
2025-10-01 09:45:33,000 epoch 1 - iter 307/3079 - loss 1.48605649 - time (sec): 89.78 - samples/sec: 183.90 - lr: 0.000000 - momentum: 0.000000
2025-10-01 09:47:00,212 epoch 1 - iter 614/3079 - loss 0.82799193 - time (sec): 176.99 - samples/sec: 185.84 - lr: 0.000000 - momentum: 0.000000
2025-10-01 09:48:27,081 epoch 1 - iter 921/3079 - loss 0.55805802 - time (sec): 263.86 - samples/sec: 186.44 - lr: 0.000001 - momentum: 0.000000
2025-10-01 09:49:55,367 epoch 1 - iter 1228/3079 - loss 0.42200353 - time (sec): 352.15 - samples/sec: 186.55 - lr: 0.000001 - momentum: 0.000000
2025-10-01 09:51:23,218 epoch 1 - iter 1535/3079 - loss 0.33660831 - time (sec): 440.00 - samples/sec: 188.79 - lr: 0.000001 - momentum: 0.000000
2025-10-01 09:52:51,730 epoch 1 - iter 1842/3079 - loss 0.28473540 - time (sec): 528.51 - samples/sec: 186.81 - lr: 0.000001 - momentum: 0.000000
2025-10-01 09:54:19,067 epoch 1 - iter 2149/3079 - loss 0.24672009 - time (sec): 615.85 - samples/sec: 185.96 - lr: 0.000002 - momentum: 0.000000
2025-10-01 09:55:45,832 epoch 1 - iter 2456/3079 - loss 0.21675347 - time (sec): 702.61 - samples/sec: 186.80 - lr: 0.000002 - momentum: 0.000000
2025-10-01 09:57:12,484 epoch 1 - iter 2763/3079 - loss 0.19452454 - time (sec): 789.26 - samples/sec: 186.08 - lr: 0.000002 - momentum: 0.000000
2025-10-01 09:58:39,262 epoch 1 - iter 3070/3079 - loss 0.17588839 - time (sec): 876.04 - samples/sec: 185.74 - lr: 0.000002 - momentum: 0.000000
2025-10-01 09:58:41,752 ----------------------------------------------------------------------------------------------------
2025-10-01 09:58:41,753 EPOCH 1 done: loss 0.1755 - lr: 0.000002
2025-10-01 09:59:04,486 DEV : loss 0.00791512057185173 - f1-score (micro avg)  0.8378
2025-10-01 09:59:04,537 ----------------------------------------------------------------------------------------------------
2025-10-01 10:00:31,649 epoch 2 - iter 307/3079 - loss 0.00534095 - time (sec): 87.11 - samples/sec: 185.23 - lr: 0.000003 - momentum: 0.000000
2025-10-01 10:01:58,363 epoch 2 - iter 614/3079 - loss 0.00544831 - time (sec): 173.82 - samples/sec: 183.82 - lr: 0.000003 - momentum: 0.000000
2025-10-01 10:03:25,168 epoch 2 - iter 921/3079 - loss 0.00500933 - time (sec): 260.63 - samples/sec: 185.59 - lr: 0.000003 - momentum: 0.000000
2025-10-01 10:04:52,239 epoch 2 - iter 1228/3079 - loss 0.00555192 - time (sec): 347.70 - samples/sec: 184.76 - lr: 0.000003 - momentum: 0.000000
2025-10-01 10:06:19,082 epoch 2 - iter 1535/3079 - loss 0.00594262 - time (sec): 434.54 - samples/sec: 186.41 - lr: 0.000004 - momentum: 0.000000
2025-10-01 10:07:45,791 epoch 2 - iter 1842/3079 - loss 0.00660176 - time (sec): 521.25 - samples/sec: 186.73 - lr: 0.000004 - momentum: 0.000000
2025-10-01 10:09:12,546 epoch 2 - iter 2149/3079 - loss 0.00623259 - time (sec): 608.01 - samples/sec: 186.84 - lr: 0.000004 - momentum: 0.000000
2025-10-01 10:10:39,348 epoch 2 - iter 2456/3079 - loss 0.00593938 - time (sec): 694.81 - samples/sec: 187.02 - lr: 0.000004 - momentum: 0.000000
2025-10-01 10:12:06,358 epoch 2 - iter 2763/3079 - loss 0.00593422 - time (sec): 781.82 - samples/sec: 186.78 - lr: 0.000005 - momentum: 0.000000
2025-10-01 10:13:33,022 epoch 2 - iter 3070/3079 - loss 0.00595130 - time (sec): 868.48 - samples/sec: 187.04 - lr: 0.000005 - momentum: 0.000000
2025-10-01 10:13:35,530 ----------------------------------------------------------------------------------------------------
2025-10-01 10:13:35,530 EPOCH 2 done: loss 0.0059 - lr: 0.000005
2025-10-01 10:13:36,559 DEV : loss 0.007976947352290154 - f1-score (micro avg)  0.8378
2025-10-01 10:13:36,618 ----------------------------------------------------------------------------------------------------
2025-10-01 10:15:03,617 epoch 3 - iter 307/3079 - loss 0.00556543 - time (sec): 87.00 - samples/sec: 189.43 - lr: 0.000005 - momentum: 0.000000
2025-10-01 10:16:30,403 epoch 3 - iter 614/3079 - loss 0.00611735 - time (sec): 173.78 - samples/sec: 188.39 - lr: 0.000005 - momentum: 0.000000
2025-10-01 10:17:57,279 epoch 3 - iter 921/3079 - loss 0.00629285 - time (sec): 260.66 - samples/sec: 193.98 - lr: 0.000005 - momentum: 0.000000
2025-10-01 10:19:24,207 epoch 3 - iter 1228/3079 - loss 0.00597027 - time (sec): 347.59 - samples/sec: 192.35 - lr: 0.000005 - momentum: 0.000000
2025-10-01 10:20:51,090 epoch 3 - iter 1535/3079 - loss 0.00515442 - time (sec): 434.47 - samples/sec: 190.13 - lr: 0.000005 - momentum: 0.000000
2025-10-01 10:22:18,419 epoch 3 - iter 1842/3079 - loss 0.00497899 - time (sec): 521.80 - samples/sec: 189.41 - lr: 0.000005 - momentum: 0.000000
2025-10-01 10:23:45,048 epoch 3 - iter 2149/3079 - loss 0.00472213 - time (sec): 608.43 - samples/sec: 189.06 - lr: 0.000005 - momentum: 0.000000
2025-10-01 10:25:11,485 epoch 3 - iter 2456/3079 - loss 0.00458792 - time (sec): 694.86 - samples/sec: 188.39 - lr: 0.000005 - momentum: 0.000000
2025-10-01 10:26:38,469 epoch 3 - iter 2763/3079 - loss 0.00493503 - time (sec): 781.85 - samples/sec: 187.96 - lr: 0.000005 - momentum: 0.000000
2025-10-01 10:28:05,365 epoch 3 - iter 3070/3079 - loss 0.00492675 - time (sec): 868.74 - samples/sec: 187.36 - lr: 0.000005 - momentum: 0.000000
2025-10-01 10:28:07,851 ----------------------------------------------------------------------------------------------------
2025-10-01 10:28:07,851 EPOCH 3 done: loss 0.0049 - lr: 0.000005
2025-10-01 10:28:09,194 DEV : loss 0.008045811206102371 - f1-score (micro avg)  0.8378
2025-10-01 10:28:09,257 ----------------------------------------------------------------------------------------------------
2025-10-01 10:29:35,887 epoch 4 - iter 307/3079 - loss 0.00065340 - time (sec): 86.63 - samples/sec: 183.79 - lr: 0.000005 - momentum: 0.000000
2025-10-01 10:31:02,674 epoch 4 - iter 614/3079 - loss 0.00032051 - time (sec): 173.41 - samples/sec: 188.01 - lr: 0.000005 - momentum: 0.000000
2025-10-01 10:32:28,901 epoch 4 - iter 921/3079 - loss 0.00085457 - time (sec): 259.64 - samples/sec: 184.89 - lr: 0.000005 - momentum: 0.000000
2025-10-01 10:33:55,002 epoch 4 - iter 1228/3079 - loss 0.00158657 - time (sec): 345.74 - samples/sec: 184.44 - lr: 0.000005 - momentum: 0.000000
2025-10-01 10:35:21,240 epoch 4 - iter 1535/3079 - loss 0.00177937 - time (sec): 431.98 - samples/sec: 185.72 - lr: 0.000005 - momentum: 0.000000
2025-10-01 10:36:47,400 epoch 4 - iter 1842/3079 - loss 0.00275183 - time (sec): 518.14 - samples/sec: 186.56 - lr: 0.000005 - momentum: 0.000000
2025-10-01 10:38:13,755 epoch 4 - iter 2149/3079 - loss 0.00371016 - time (sec): 604.50 - samples/sec: 188.16 - lr: 0.000005 - momentum: 0.000000
2025-10-01 10:39:40,252 epoch 4 - iter 2456/3079 - loss 0.00347170 - time (sec): 690.99 - samples/sec: 189.13 - lr: 0.000005 - momentum: 0.000000
2025-10-01 10:41:06,378 epoch 4 - iter 2763/3079 - loss 0.00365102 - time (sec): 777.12 - samples/sec: 188.20 - lr: 0.000004 - momentum: 0.000000
2025-10-01 10:42:32,821 epoch 4 - iter 3070/3079 - loss 0.00365913 - time (sec): 863.56 - samples/sec: 188.35 - lr: 0.000004 - momentum: 0.000000
2025-10-01 10:42:35,290 ----------------------------------------------------------------------------------------------------
2025-10-01 10:42:35,299 EPOCH 4 done: loss 0.0036 - lr: 0.000004
2025-10-01 10:42:36,391 DEV : loss 0.00810581911355257 - f1-score (micro avg)  0.8378
2025-10-01 10:42:36,475 ----------------------------------------------------------------------------------------------------
2025-10-01 10:44:02,648 epoch 5 - iter 307/3079 - loss 0.00093863 - time (sec): 86.17 - samples/sec: 184.57 - lr: 0.000004 - momentum: 0.000000
2025-10-01 10:45:29,069 epoch 5 - iter 614/3079 - loss 0.00418726 - time (sec): 172.59 - samples/sec: 183.21 - lr: 0.000004 - momentum: 0.000000
2025-10-01 10:46:55,123 epoch 5 - iter 921/3079 - loss 0.00460869 - time (sec): 258.64 - samples/sec: 186.24 - lr: 0.000004 - momentum: 0.000000
2025-10-01 10:48:21,181 epoch 5 - iter 1228/3079 - loss 0.00381659 - time (sec): 344.70 - samples/sec: 188.06 - lr: 0.000004 - momentum: 0.000000
2025-10-01 10:49:47,433 epoch 5 - iter 1535/3079 - loss 0.00351721 - time (sec): 430.95 - samples/sec: 188.27 - lr: 0.000004 - momentum: 0.000000
2025-10-01 10:51:13,543 epoch 5 - iter 1842/3079 - loss 0.00327756 - time (sec): 517.06 - samples/sec: 189.21 - lr: 0.000004 - momentum: 0.000000
2025-10-01 10:52:39,754 epoch 5 - iter 2149/3079 - loss 0.00289518 - time (sec): 603.28 - samples/sec: 188.73 - lr: 0.000004 - momentum: 0.000000
2025-10-01 10:54:06,104 epoch 5 - iter 2456/3079 - loss 0.00279985 - time (sec): 689.63 - samples/sec: 188.97 - lr: 0.000004 - momentum: 0.000000
2025-10-01 10:55:32,178 epoch 5 - iter 2763/3079 - loss 0.00315637 - time (sec): 775.70 - samples/sec: 189.04 - lr: 0.000004 - momentum: 0.000000
2025-10-01 10:56:58,573 epoch 5 - iter 3070/3079 - loss 0.00343373 - time (sec): 862.09 - samples/sec: 188.77 - lr: 0.000004 - momentum: 0.000000
2025-10-01 10:57:01,041 ----------------------------------------------------------------------------------------------------
2025-10-01 10:57:01,041 EPOCH 5 done: loss 0.0034 - lr: 0.000004
2025-10-01 10:57:02,189 DEV : loss 0.008143343962728977 - f1-score (micro avg)  0.8378
2025-10-01 10:57:02,242 ----------------------------------------------------------------------------------------------------
2025-10-01 10:58:28,229 epoch 6 - iter 307/3079 - loss 0.00317869 - time (sec): 85.98 - samples/sec: 197.58 - lr: 0.000004 - momentum: 0.000000
2025-10-01 10:59:54,628 epoch 6 - iter 614/3079 - loss 0.00162009 - time (sec): 172.38 - samples/sec: 193.53 - lr: 0.000004 - momentum: 0.000000
2025-10-01 11:01:20,599 epoch 6 - iter 921/3079 - loss 0.00253918 - time (sec): 258.35 - samples/sec: 190.80 - lr: 0.000004 - momentum: 0.000000
2025-10-01 11:02:46,659 epoch 6 - iter 1228/3079 - loss 0.00189542 - time (sec): 344.41 - samples/sec: 191.77 - lr: 0.000004 - momentum: 0.000000
2025-10-01 11:04:12,797 epoch 6 - iter 1535/3079 - loss 0.00218399 - time (sec): 430.55 - samples/sec: 191.77 - lr: 0.000004 - momentum: 0.000000
2025-10-01 11:05:38,853 epoch 6 - iter 1842/3079 - loss 0.00239094 - time (sec): 516.61 - samples/sec: 192.08 - lr: 0.000004 - momentum: 0.000000
2025-10-01 11:07:04,955 epoch 6 - iter 2149/3079 - loss 0.00226213 - time (sec): 602.71 - samples/sec: 191.03 - lr: 0.000004 - momentum: 0.000000
2025-10-01 11:08:31,786 epoch 6 - iter 2456/3079 - loss 0.00236321 - time (sec): 689.54 - samples/sec: 189.61 - lr: 0.000004 - momentum: 0.000000
2025-10-01 11:09:57,707 epoch 6 - iter 2763/3079 - loss 0.00232164 - time (sec): 775.46 - samples/sec: 189.57 - lr: 0.000004 - momentum: 0.000000
2025-10-01 11:11:24,031 epoch 6 - iter 3070/3079 - loss 0.00257008 - time (sec): 861.79 - samples/sec: 188.86 - lr: 0.000004 - momentum: 0.000000
2025-10-01 11:11:26,490 ----------------------------------------------------------------------------------------------------
2025-10-01 11:11:26,490 EPOCH 6 done: loss 0.0026 - lr: 0.000004
2025-10-01 11:11:27,557 DEV : loss 0.008186133578419685 - f1-score (micro avg)  0.8378
2025-10-01 11:11:27,609 ----------------------------------------------------------------------------------------------------
2025-10-01 11:12:53,528 epoch 7 - iter 307/3079 - loss 0.00084070 - time (sec): 85.92 - samples/sec: 191.14 - lr: 0.000004 - momentum: 0.000000
2025-10-01 11:14:19,771 epoch 7 - iter 614/3079 - loss 0.00119136 - time (sec): 172.16 - samples/sec: 185.69 - lr: 0.000004 - momentum: 0.000000
2025-10-01 11:15:45,862 epoch 7 - iter 921/3079 - loss 0.00219442 - time (sec): 258.25 - samples/sec: 188.10 - lr: 0.000004 - momentum: 0.000000
2025-10-01 11:17:11,921 epoch 7 - iter 1228/3079 - loss 0.00185993 - time (sec): 344.31 - samples/sec: 189.71 - lr: 0.000004 - momentum: 0.000000
2025-10-01 11:18:38,084 epoch 7 - iter 1535/3079 - loss 0.00162760 - time (sec): 430.47 - samples/sec: 189.97 - lr: 0.000004 - momentum: 0.000000
2025-10-01 11:20:03,803 epoch 7 - iter 1842/3079 - loss 0.00161126 - time (sec): 516.19 - samples/sec: 190.66 - lr: 0.000004 - momentum: 0.000000
2025-10-01 11:21:29,641 epoch 7 - iter 2149/3079 - loss 0.00171703 - time (sec): 602.03 - samples/sec: 188.76 - lr: 0.000004 - momentum: 0.000000
2025-10-01 11:22:55,429 epoch 7 - iter 2456/3079 - loss 0.00186701 - time (sec): 687.82 - samples/sec: 187.71 - lr: 0.000004 - momentum: 0.000000
2025-10-01 11:24:21,286 epoch 7 - iter 2763/3079 - loss 0.00186831 - time (sec): 773.67 - samples/sec: 188.50 - lr: 0.000004 - momentum: 0.000000
2025-10-01 11:25:47,766 epoch 7 - iter 3070/3079 - loss 0.00167423 - time (sec): 860.15 - samples/sec: 189.22 - lr: 0.000004 - momentum: 0.000000
2025-10-01 11:25:50,234 ----------------------------------------------------------------------------------------------------
2025-10-01 11:25:50,234 EPOCH 7 done: loss 0.0017 - lr: 0.000004
2025-10-01 11:25:51,195 DEV : loss 0.008206324651837349 - f1-score (micro avg)  0.8378
2025-10-01 11:25:51,247 ----------------------------------------------------------------------------------------------------
2025-10-01 11:27:17,073 epoch 8 - iter 307/3079 - loss 0.00136752 - time (sec): 85.82 - samples/sec: 191.69 - lr: 0.000004 - momentum: 0.000000
2025-10-01 11:28:43,386 epoch 8 - iter 614/3079 - loss 0.00096995 - time (sec): 172.14 - samples/sec: 189.23 - lr: 0.000004 - momentum: 0.000000
2025-10-01 11:30:09,191 epoch 8 - iter 921/3079 - loss 0.00122718 - time (sec): 257.94 - samples/sec: 189.00 - lr: 0.000004 - momentum: 0.000000
2025-10-01 11:31:35,036 epoch 8 - iter 1228/3079 - loss 0.00120214 - time (sec): 343.79 - samples/sec: 189.65 - lr: 0.000004 - momentum: 0.000000
2025-10-01 11:33:01,009 epoch 8 - iter 1535/3079 - loss 0.00140134 - time (sec): 429.76 - samples/sec: 189.70 - lr: 0.000003 - momentum: 0.000000
2025-10-01 11:34:26,972 epoch 8 - iter 1842/3079 - loss 0.00134182 - time (sec): 515.72 - samples/sec: 188.98 - lr: 0.000003 - momentum: 0.000000
2025-10-01 11:35:52,913 epoch 8 - iter 2149/3079 - loss 0.00125198 - time (sec): 601.66 - samples/sec: 188.09 - lr: 0.000003 - momentum: 0.000000
2025-10-01 11:37:18,860 epoch 8 - iter 2456/3079 - loss 0.00123360 - time (sec): 687.61 - samples/sec: 188.62 - lr: 0.000003 - momentum: 0.000000
2025-10-01 11:38:44,992 epoch 8 - iter 2763/3079 - loss 0.00122334 - time (sec): 773.74 - samples/sec: 189.62 - lr: 0.000003 - momentum: 0.000000
2025-10-01 11:40:11,291 epoch 8 - iter 3070/3079 - loss 0.00123948 - time (sec): 860.04 - samples/sec: 189.06 - lr: 0.000003 - momentum: 0.000000
2025-10-01 11:40:13,761 ----------------------------------------------------------------------------------------------------
2025-10-01 11:40:13,762 EPOCH 8 done: loss 0.0012 - lr: 0.000003
2025-10-01 11:40:14,722 DEV : loss 0.00824285950511694 - f1-score (micro avg)  0.8378
2025-10-01 11:40:14,775 ----------------------------------------------------------------------------------------------------
2025-10-01 11:41:40,730 epoch 9 - iter 307/3079 - loss 0.00057138 - time (sec): 85.95 - samples/sec: 192.37 - lr: 0.000003 - momentum: 0.000000
2025-10-01 11:43:06,981 epoch 9 - iter 614/3079 - loss 0.00088204 - time (sec): 172.20 - samples/sec: 190.46 - lr: 0.000003 - momentum: 0.000000
2025-10-01 11:44:32,875 epoch 9 - iter 921/3079 - loss 0.00138189 - time (sec): 258.10 - samples/sec: 188.51 - lr: 0.000003 - momentum: 0.000000
2025-10-01 11:45:58,954 epoch 9 - iter 1228/3079 - loss 0.00112145 - time (sec): 344.18 - samples/sec: 188.22 - lr: 0.000003 - momentum: 0.000000
2025-10-01 11:47:24,791 epoch 9 - iter 1535/3079 - loss 0.00130669 - time (sec): 430.01 - samples/sec: 186.98 - lr: 0.000003 - momentum: 0.000000
2025-10-01 11:48:50,819 epoch 9 - iter 1842/3079 - loss 0.00115585 - time (sec): 516.04 - samples/sec: 188.83 - lr: 0.000003 - momentum: 0.000000
2025-10-01 11:50:16,708 epoch 9 - iter 2149/3079 - loss 0.00103015 - time (sec): 601.93 - samples/sec: 188.98 - lr: 0.000003 - momentum: 0.000000
2025-10-01 11:51:42,887 epoch 9 - iter 2456/3079 - loss 0.00130258 - time (sec): 688.11 - samples/sec: 189.19 - lr: 0.000003 - momentum: 0.000000
2025-10-01 11:53:08,969 epoch 9 - iter 2763/3079 - loss 0.00130170 - time (sec): 774.19 - samples/sec: 188.98 - lr: 0.000003 - momentum: 0.000000
2025-10-01 11:54:35,572 epoch 9 - iter 3070/3079 - loss 0.00117130 - time (sec): 860.79 - samples/sec: 188.90 - lr: 0.000003 - momentum: 0.000000
2025-10-01 11:54:38,044 ----------------------------------------------------------------------------------------------------
2025-10-01 11:54:38,044 EPOCH 9 done: loss 0.0012 - lr: 0.000003
2025-10-01 11:54:39,099 DEV : loss 0.008280554786324501 - f1-score (micro avg)  0.8378
2025-10-01 11:54:39,162 ----------------------------------------------------------------------------------------------------
2025-10-01 11:56:05,244 epoch 10 - iter 307/3079 - loss 0.00105697 - time (sec): 86.08 - samples/sec: 185.02 - lr: 0.000003 - momentum: 0.000000
2025-10-01 11:57:31,816 epoch 10 - iter 614/3079 - loss 0.00051807 - time (sec): 172.65 - samples/sec: 189.28 - lr: 0.000003 - momentum: 0.000000
2025-10-01 11:58:58,030 epoch 10 - iter 921/3079 - loss 0.00057142 - time (sec): 258.87 - samples/sec: 189.51 - lr: 0.000003 - momentum: 0.000000
2025-10-01 12:00:24,317 epoch 10 - iter 1228/3079 - loss 0.00043354 - time (sec): 345.15 - samples/sec: 187.37 - lr: 0.000003 - momentum: 0.000000
2025-10-01 12:01:50,698 epoch 10 - iter 1535/3079 - loss 0.00063809 - time (sec): 431.53 - samples/sec: 188.14 - lr: 0.000003 - momentum: 0.000000
2025-10-01 12:03:16,791 epoch 10 - iter 1842/3079 - loss 0.00066890 - time (sec): 517.63 - samples/sec: 188.53 - lr: 0.000003 - momentum: 0.000000
2025-10-01 12:04:42,924 epoch 10 - iter 2149/3079 - loss 0.00077391 - time (sec): 603.76 - samples/sec: 187.72 - lr: 0.000003 - momentum: 0.000000
2025-10-01 12:06:09,139 epoch 10 - iter 2456/3079 - loss 0.00078600 - time (sec): 689.97 - samples/sec: 187.95 - lr: 0.000003 - momentum: 0.000000
2025-10-01 12:07:35,315 epoch 10 - iter 2763/3079 - loss 0.00074639 - time (sec): 776.15 - samples/sec: 187.88 - lr: 0.000003 - momentum: 0.000000
2025-10-01 12:09:01,867 epoch 10 - iter 3070/3079 - loss 0.00066949 - time (sec): 862.70 - samples/sec: 188.68 - lr: 0.000003 - momentum: 0.000000
2025-10-01 12:09:04,338 ----------------------------------------------------------------------------------------------------
2025-10-01 12:09:04,338 EPOCH 10 done: loss 0.0007 - lr: 0.000003
2025-10-01 12:09:05,387 DEV : loss 0.008326672948896885 - f1-score (micro avg)  0.8378
2025-10-01 12:09:05,447 ----------------------------------------------------------------------------------------------------
2025-10-01 12:10:31,534 epoch 11 - iter 307/3079 - loss 0.00000049 - time (sec): 86.08 - samples/sec: 194.14 - lr: 0.000003 - momentum: 0.000000
2025-10-01 12:11:58,005 epoch 11 - iter 614/3079 - loss 0.00113024 - time (sec): 172.56 - samples/sec: 187.30 - lr: 0.000003 - momentum: 0.000000
2025-10-01 12:13:24,165 epoch 11 - iter 921/3079 - loss 0.00103669 - time (sec): 258.71 - samples/sec: 186.74 - lr: 0.000003 - momentum: 0.000000
2025-10-01 12:14:50,338 epoch 11 - iter 1228/3079 - loss 0.00099958 - time (sec): 344.89 - samples/sec: 187.83 - lr: 0.000003 - momentum: 0.000000
2025-10-01 12:16:16,492 epoch 11 - iter 1535/3079 - loss 0.00079523 - time (sec): 431.04 - samples/sec: 189.48 - lr: 0.000003 - momentum: 0.000000
2025-10-01 12:17:42,364 epoch 11 - iter 1842/3079 - loss 0.00146480 - time (sec): 516.91 - samples/sec: 189.42 - lr: 0.000003 - momentum: 0.000000
2025-10-01 12:19:08,316 epoch 11 - iter 2149/3079 - loss 0.00125557 - time (sec): 602.87 - samples/sec: 189.59 - lr: 0.000003 - momentum: 0.000000
2025-10-01 12:20:34,339 epoch 11 - iter 2456/3079 - loss 0.00116653 - time (sec): 688.89 - samples/sec: 189.46 - lr: 0.000003 - momentum: 0.000000
2025-10-01 12:22:00,465 epoch 11 - iter 2763/3079 - loss 0.00103954 - time (sec): 775.01 - samples/sec: 189.01 - lr: 0.000003 - momentum: 0.000000
2025-10-01 12:23:26,844 epoch 11 - iter 3070/3079 - loss 0.00102180 - time (sec): 861.39 - samples/sec: 188.96 - lr: 0.000003 - momentum: 0.000000
2025-10-01 12:23:29,306 ----------------------------------------------------------------------------------------------------
2025-10-01 12:23:29,307 EPOCH 11 done: loss 0.0010 - lr: 0.000003
2025-10-01 12:23:30,275 DEV : loss 0.008348111994564533 - f1-score (micro avg)  0.8378
2025-10-01 12:23:30,328 ----------------------------------------------------------------------------------------------------
2025-10-01 12:24:56,360 epoch 12 - iter 307/3079 - loss 0.00045619 - time (sec): 86.03 - samples/sec: 191.78 - lr: 0.000002 - momentum: 0.000000
2025-10-01 12:26:22,699 epoch 12 - iter 614/3079 - loss 0.00064984 - time (sec): 172.37 - samples/sec: 191.47 - lr: 0.000002 - momentum: 0.000000
2025-10-01 12:27:48,603 epoch 12 - iter 921/3079 - loss 0.00080638 - time (sec): 258.27 - samples/sec: 188.62 - lr: 0.000002 - momentum: 0.000000
2025-10-01 12:29:14,713 epoch 12 - iter 1228/3079 - loss 0.00060712 - time (sec): 344.38 - samples/sec: 188.03 - lr: 0.000002 - momentum: 0.000000
2025-10-01 12:30:40,976 epoch 12 - iter 1535/3079 - loss 0.00064828 - time (sec): 430.64 - samples/sec: 189.49 - lr: 0.000002 - momentum: 0.000000
2025-10-01 12:32:07,121 epoch 12 - iter 1842/3079 - loss 0.00057783 - time (sec): 516.79 - samples/sec: 189.44 - lr: 0.000002 - momentum: 0.000000
2025-10-01 12:33:33,206 epoch 12 - iter 2149/3079 - loss 0.00049861 - time (sec): 602.87 - samples/sec: 189.14 - lr: 0.000002 - momentum: 0.000000
2025-10-01 12:34:59,507 epoch 12 - iter 2456/3079 - loss 0.00044886 - time (sec): 689.18 - samples/sec: 188.46 - lr: 0.000002 - momentum: 0.000000
2025-10-01 12:36:25,778 epoch 12 - iter 2763/3079 - loss 0.00039941 - time (sec): 775.45 - samples/sec: 188.28 - lr: 0.000002 - momentum: 0.000000
2025-10-01 12:37:52,543 epoch 12 - iter 3070/3079 - loss 0.00043751 - time (sec): 862.21 - samples/sec: 188.72 - lr: 0.000002 - momentum: 0.000000
2025-10-01 12:37:55,047 ----------------------------------------------------------------------------------------------------
2025-10-01 12:37:55,048 EPOCH 12 done: loss 0.0004 - lr: 0.000002
2025-10-01 12:37:56,076 DEV : loss 0.008380409330129623 - f1-score (micro avg)  0.8378
2025-10-01 12:37:56,129 ----------------------------------------------------------------------------------------------------
2025-10-01 12:39:22,155 epoch 13 - iter 307/3079 - loss 0.00026525 - time (sec): 86.02 - samples/sec: 185.28 - lr: 0.000002 - momentum: 0.000000
2025-10-01 12:40:48,667 epoch 13 - iter 614/3079 - loss 0.00067000 - time (sec): 172.54 - samples/sec: 188.61 - lr: 0.000002 - momentum: 0.000000
2025-10-01 12:42:14,871 epoch 13 - iter 921/3079 - loss 0.00045406 - time (sec): 258.74 - samples/sec: 185.69 - lr: 0.000002 - momentum: 0.000000
2025-10-01 12:43:41,071 epoch 13 - iter 1228/3079 - loss 0.00033932 - time (sec): 344.94 - samples/sec: 186.43 - lr: 0.000002 - momentum: 0.000000
2025-10-01 12:45:07,348 epoch 13 - iter 1535/3079 - loss 0.00027033 - time (sec): 431.22 - samples/sec: 187.24 - lr: 0.000002 - momentum: 0.000000
2025-10-01 12:46:33,535 epoch 13 - iter 1842/3079 - loss 0.00022561 - time (sec): 517.40 - samples/sec: 188.93 - lr: 0.000002 - momentum: 0.000000
2025-10-01 12:47:59,702 epoch 13 - iter 2149/3079 - loss 0.00019337 - time (sec): 603.57 - samples/sec: 188.98 - lr: 0.000002 - momentum: 0.000000
2025-10-01 12:49:25,875 epoch 13 - iter 2456/3079 - loss 0.00020506 - time (sec): 689.74 - samples/sec: 189.38 - lr: 0.000002 - momentum: 0.000000
2025-10-01 12:50:52,112 epoch 13 - iter 2763/3079 - loss 0.00018229 - time (sec): 775.98 - samples/sec: 189.38 - lr: 0.000002 - momentum: 0.000000
2025-10-01 12:52:18,810 epoch 13 - iter 3070/3079 - loss 0.00016472 - time (sec): 862.68 - samples/sec: 188.53 - lr: 0.000002 - momentum: 0.000000
2025-10-01 12:52:21,280 ----------------------------------------------------------------------------------------------------
2025-10-01 12:52:21,280 EPOCH 13 done: loss 0.0002 - lr: 0.000002
2025-10-01 12:52:22,250 DEV : loss 0.008422626182436943 - f1-score (micro avg)  0.8378
2025-10-01 12:52:22,303 ----------------------------------------------------------------------------------------------------
2025-10-01 12:53:48,403 epoch 14 - iter 307/3079 - loss 0.00000011 - time (sec): 86.10 - samples/sec: 184.38 - lr: 0.000002 - momentum: 0.000000
2025-10-01 12:55:15,010 epoch 14 - iter 614/3079 - loss 0.00043479 - time (sec): 172.70 - samples/sec: 187.47 - lr: 0.000002 - momentum: 0.000000
2025-10-01 12:56:41,019 epoch 14 - iter 921/3079 - loss 0.00054465 - time (sec): 258.71 - samples/sec: 185.26 - lr: 0.000002 - momentum: 0.000000
2025-10-01 12:58:06,897 epoch 14 - iter 1228/3079 - loss 0.00040390 - time (sec): 344.59 - samples/sec: 187.59 - lr: 0.000002 - momentum: 0.000000
2025-10-01 12:59:32,909 epoch 14 - iter 1535/3079 - loss 0.00032047 - time (sec): 430.60 - samples/sec: 189.28 - lr: 0.000002 - momentum: 0.000000
2025-10-01 13:00:58,955 epoch 14 - iter 1842/3079 - loss 0.00026842 - time (sec): 516.65 - samples/sec: 188.67 - lr: 0.000002 - momentum: 0.000000
2025-10-01 13:02:25,059 epoch 14 - iter 2149/3079 - loss 0.00023043 - time (sec): 602.75 - samples/sec: 189.64 - lr: 0.000002 - momentum: 0.000000
2025-10-01 13:03:50,967 epoch 14 - iter 2456/3079 - loss 0.00020211 - time (sec): 688.66 - samples/sec: 189.25 - lr: 0.000002 - momentum: 0.000000
2025-10-01 13:05:16,849 epoch 14 - iter 2763/3079 - loss 0.00018033 - time (sec): 774.54 - samples/sec: 188.97 - lr: 0.000002 - momentum: 0.000000
2025-10-01 13:06:43,066 epoch 14 - iter 3070/3079 - loss 0.00031528 - time (sec): 860.76 - samples/sec: 188.90 - lr: 0.000002 - momentum: 0.000000
2025-10-01 13:06:45,550 ----------------------------------------------------------------------------------------------------
2025-10-01 13:06:45,551 EPOCH 14 done: loss 0.0003 - lr: 0.000002
2025-10-01 13:06:46,519 DEV : loss 0.00846390426158905 - f1-score (micro avg)  0.8378
2025-10-01 13:06:46,571 ----------------------------------------------------------------------------------------------------
2025-10-01 13:08:12,588 epoch 15 - iter 307/3079 - loss 0.00000030 - time (sec): 86.01 - samples/sec: 198.97 - lr: 0.000002 - momentum: 0.000000
2025-10-01 13:09:38,973 epoch 15 - iter 614/3079 - loss 0.00026395 - time (sec): 172.40 - samples/sec: 195.95 - lr: 0.000002 - momentum: 0.000000
2025-10-01 13:11:04,859 epoch 15 - iter 921/3079 - loss 0.00033364 - time (sec): 258.29 - samples/sec: 190.34 - lr: 0.000002 - momentum: 0.000000
2025-10-01 13:12:30,784 epoch 15 - iter 1228/3079 - loss 0.00072183 - time (sec): 344.21 - samples/sec: 188.68 - lr: 0.000002 - momentum: 0.000000
2025-10-01 13:13:56,700 epoch 15 - iter 1535/3079 - loss 0.00080570 - time (sec): 430.13 - samples/sec: 188.32 - lr: 0.000002 - momentum: 0.000000
2025-10-01 13:15:22,633 epoch 15 - iter 1842/3079 - loss 0.00067471 - time (sec): 516.06 - samples/sec: 187.46 - lr: 0.000002 - momentum: 0.000000
2025-10-01 13:16:48,747 epoch 15 - iter 2149/3079 - loss 0.00057576 - time (sec): 602.17 - samples/sec: 188.28 - lr: 0.000001 - momentum: 0.000000
2025-10-01 13:18:14,727 epoch 15 - iter 2456/3079 - loss 0.00063061 - time (sec): 688.15 - samples/sec: 188.41 - lr: 0.000001 - momentum: 0.000000
2025-10-01 13:19:40,650 epoch 15 - iter 2763/3079 - loss 0.00067731 - time (sec): 774.08 - samples/sec: 189.56 - lr: 0.000001 - momentum: 0.000000
2025-10-01 13:21:06,973 epoch 15 - iter 3070/3079 - loss 0.00071649 - time (sec): 860.40 - samples/sec: 189.14 - lr: 0.000001 - momentum: 0.000000
2025-10-01 13:21:09,444 ----------------------------------------------------------------------------------------------------
2025-10-01 13:21:09,445 EPOCH 15 done: loss 0.0007 - lr: 0.000001
2025-10-01 13:21:10,403 DEV : loss 0.008478568866848946 - f1-score (micro avg)  0.8378
2025-10-01 13:21:10,456 ----------------------------------------------------------------------------------------------------
2025-10-01 13:22:36,571 epoch 16 - iter 307/3079 - loss 0.00000017 - time (sec): 86.11 - samples/sec: 191.97 - lr: 0.000001 - momentum: 0.000000
2025-10-01 13:24:02,804 epoch 16 - iter 614/3079 - loss 0.00028569 - time (sec): 172.34 - samples/sec: 188.63 - lr: 0.000001 - momentum: 0.000000
2025-10-01 13:25:28,788 epoch 16 - iter 921/3079 - loss 0.00018882 - time (sec): 258.33 - samples/sec: 191.31 - lr: 0.000001 - momentum: 0.000000
2025-10-01 13:26:54,701 epoch 16 - iter 1228/3079 - loss 0.00014267 - time (sec): 344.24 - samples/sec: 190.02 - lr: 0.000001 - momentum: 0.000000
2025-10-01 13:28:20,578 epoch 16 - iter 1535/3079 - loss 0.00012122 - time (sec): 430.12 - samples/sec: 191.60 - lr: 0.000001 - momentum: 0.000000
2025-10-01 13:29:47,498 epoch 16 - iter 1842/3079 - loss 0.00010073 - time (sec): 517.04 - samples/sec: 192.05 - lr: 0.000001 - momentum: 0.000000
2025-10-01 13:31:13,297 epoch 16 - iter 2149/3079 - loss 0.00008709 - time (sec): 602.84 - samples/sec: 190.62 - lr: 0.000001 - momentum: 0.000000
2025-10-01 13:32:39,224 epoch 16 - iter 2456/3079 - loss 0.00013585 - time (sec): 688.76 - samples/sec: 190.24 - lr: 0.000001 - momentum: 0.000000
2025-10-01 13:34:05,098 epoch 16 - iter 2763/3079 - loss 0.00012082 - time (sec): 774.64 - samples/sec: 190.22 - lr: 0.000001 - momentum: 0.000000
2025-10-01 13:35:31,396 epoch 16 - iter 3070/3079 - loss 0.00011230 - time (sec): 860.94 - samples/sec: 189.05 - lr: 0.000001 - momentum: 0.000000
2025-10-01 13:35:33,873 ----------------------------------------------------------------------------------------------------
2025-10-01 13:35:33,873 EPOCH 16 done: loss 0.0001 - lr: 0.000001
2025-10-01 13:35:35,042 DEV : loss 0.008496190421283245 - f1-score (micro avg)  0.8378
2025-10-01 13:35:35,100 ----------------------------------------------------------------------------------------------------
2025-10-01 13:37:00,976 epoch 17 - iter 307/3079 - loss 0.00155835 - time (sec): 85.87 - samples/sec: 189.92 - lr: 0.000001 - momentum: 0.000000
2025-10-01 13:38:27,247 epoch 17 - iter 614/3079 - loss 0.00075916 - time (sec): 172.14 - samples/sec: 194.49 - lr: 0.000001 - momentum: 0.000000
2025-10-01 13:39:53,121 epoch 17 - iter 921/3079 - loss 0.00057321 - time (sec): 258.02 - samples/sec: 191.20 - lr: 0.000001 - momentum: 0.000000
2025-10-01 13:41:18,876 epoch 17 - iter 1228/3079 - loss 0.00043379 - time (sec): 343.77 - samples/sec: 189.74 - lr: 0.000001 - momentum: 0.000000
2025-10-01 13:42:44,766 epoch 17 - iter 1535/3079 - loss 0.00034682 - time (sec): 429.66 - samples/sec: 189.89 - lr: 0.000001 - momentum: 0.000000
2025-10-01 13:44:10,751 epoch 17 - iter 1842/3079 - loss 0.00039497 - time (sec): 515.65 - samples/sec: 189.96 - lr: 0.000001 - momentum: 0.000000
2025-10-01 13:45:36,687 epoch 17 - iter 2149/3079 - loss 0.00033889 - time (sec): 601.58 - samples/sec: 189.81 - lr: 0.000001 - momentum: 0.000000
2025-10-01 13:47:02,647 epoch 17 - iter 2456/3079 - loss 0.00043218 - time (sec): 687.54 - samples/sec: 189.67 - lr: 0.000001 - momentum: 0.000000
2025-10-01 13:48:28,598 epoch 17 - iter 2763/3079 - loss 0.00038396 - time (sec): 773.50 - samples/sec: 189.79 - lr: 0.000001 - momentum: 0.000000
2025-10-01 13:49:55,022 epoch 17 - iter 3070/3079 - loss 0.00034635 - time (sec): 859.92 - samples/sec: 189.26 - lr: 0.000001 - momentum: 0.000000
2025-10-01 13:49:57,503 ----------------------------------------------------------------------------------------------------
2025-10-01 13:49:57,504 EPOCH 17 done: loss 0.0003 - lr: 0.000001
2025-10-01 13:49:58,469 DEV : loss 0.008509183302521706 - f1-score (micro avg)  0.8378
2025-10-01 13:49:58,523 ----------------------------------------------------------------------------------------------------
2025-10-01 13:51:24,447 epoch 18 - iter 307/3079 - loss 0.00000012 - time (sec): 85.92 - samples/sec: 193.06 - lr: 0.000001 - momentum: 0.000000
2025-10-01 13:52:50,622 epoch 18 - iter 614/3079 - loss 0.00000013 - time (sec): 172.10 - samples/sec: 191.46 - lr: 0.000001 - momentum: 0.000000
2025-10-01 13:54:16,561 epoch 18 - iter 921/3079 - loss 0.00000212 - time (sec): 258.04 - samples/sec: 189.77 - lr: 0.000001 - momentum: 0.000000
2025-10-01 13:55:42,462 epoch 18 - iter 1228/3079 - loss 0.00012886 - time (sec): 343.94 - samples/sec: 188.99 - lr: 0.000001 - momentum: 0.000000
2025-10-01 13:57:08,330 epoch 18 - iter 1535/3079 - loss 0.00020135 - time (sec): 429.80 - samples/sec: 189.15 - lr: 0.000001 - momentum: 0.000000
2025-10-01 13:58:34,265 epoch 18 - iter 1842/3079 - loss 0.00016790 - time (sec): 515.74 - samples/sec: 189.16 - lr: 0.000001 - momentum: 0.000000
2025-10-01 14:00:00,387 epoch 18 - iter 2149/3079 - loss 0.00014311 - time (sec): 601.86 - samples/sec: 190.21 - lr: 0.000001 - momentum: 0.000000
2025-10-01 14:01:26,513 epoch 18 - iter 2456/3079 - loss 0.00012536 - time (sec): 687.99 - samples/sec: 189.98 - lr: 0.000001 - momentum: 0.000000
2025-10-01 14:02:52,560 epoch 18 - iter 2763/3079 - loss 0.00012968 - time (sec): 774.03 - samples/sec: 189.66 - lr: 0.000001 - momentum: 0.000000
2025-10-01 14:04:18,841 epoch 18 - iter 3070/3079 - loss 0.00020523 - time (sec): 860.32 - samples/sec: 189.12 - lr: 0.000001 - momentum: 0.000000
2025-10-01 14:04:21,302 ----------------------------------------------------------------------------------------------------
2025-10-01 14:04:21,303 EPOCH 18 done: loss 0.0002 - lr: 0.000001
2025-10-01 14:04:22,268 DEV : loss 0.008517570793628693 - f1-score (micro avg)  0.8378
2025-10-01 14:04:22,324 ----------------------------------------------------------------------------------------------------
2025-10-01 14:05:48,209 epoch 19 - iter 307/3079 - loss 0.00000079 - time (sec): 85.88 - samples/sec: 189.22 - lr: 0.000001 - momentum: 0.000000
2025-10-01 14:07:14,479 epoch 19 - iter 614/3079 - loss 0.00000045 - time (sec): 172.15 - samples/sec: 188.22 - lr: 0.000001 - momentum: 0.000000
2025-10-01 14:08:40,494 epoch 19 - iter 921/3079 - loss 0.00000037 - time (sec): 258.17 - samples/sec: 190.18 - lr: 0.000000 - momentum: 0.000000
2025-10-01 14:10:06,345 epoch 19 - iter 1228/3079 - loss 0.00000030 - time (sec): 344.02 - samples/sec: 189.76 - lr: 0.000000 - momentum: 0.000000
2025-10-01 14:11:32,209 epoch 19 - iter 1535/3079 - loss 0.00000040 - time (sec): 429.88 - samples/sec: 190.45 - lr: 0.000000 - momentum: 0.000000
2025-10-01 14:12:58,212 epoch 19 - iter 1842/3079 - loss 0.00007610 - time (sec): 515.89 - samples/sec: 191.15 - lr: 0.000000 - momentum: 0.000000
2025-10-01 14:14:24,069 epoch 19 - iter 2149/3079 - loss 0.00006746 - time (sec): 601.74 - samples/sec: 190.74 - lr: 0.000000 - momentum: 0.000000
2025-10-01 14:15:50,274 epoch 19 - iter 2456/3079 - loss 0.00005890 - time (sec): 687.95 - samples/sec: 191.39 - lr: 0.000000 - momentum: 0.000000
2025-10-01 14:17:16,162 epoch 19 - iter 2763/3079 - loss 0.00008752 - time (sec): 773.83 - samples/sec: 190.13 - lr: 0.000000 - momentum: 0.000000
2025-10-01 14:18:42,373 epoch 19 - iter 3070/3079 - loss 0.00007917 - time (sec): 860.05 - samples/sec: 189.13 - lr: 0.000000 - momentum: 0.000000
2025-10-01 14:18:44,836 ----------------------------------------------------------------------------------------------------
2025-10-01 14:18:44,836 EPOCH 19 done: loss 0.0001 - lr: 0.000000
2025-10-01 14:18:45,801 DEV : loss 0.00852369237691164 - f1-score (micro avg)  0.8378
2025-10-01 14:18:45,861 ----------------------------------------------------------------------------------------------------
2025-10-01 14:20:11,767 epoch 20 - iter 307/3079 - loss 0.00000110 - time (sec): 85.90 - samples/sec: 189.46 - lr: 0.000000 - momentum: 0.000000
2025-10-01 14:21:38,118 epoch 20 - iter 614/3079 - loss 0.00000060 - time (sec): 172.25 - samples/sec: 189.93 - lr: 0.000000 - momentum: 0.000000
2025-10-01 14:23:04,075 epoch 20 - iter 921/3079 - loss 0.00000046 - time (sec): 258.21 - samples/sec: 187.06 - lr: 0.000000 - momentum: 0.000000
2025-10-01 14:24:30,225 epoch 20 - iter 1228/3079 - loss 0.00000120 - time (sec): 344.36 - samples/sec: 188.45 - lr: 0.000000 - momentum: 0.000000
2025-10-01 14:25:56,392 epoch 20 - iter 1535/3079 - loss 0.00000098 - time (sec): 430.53 - samples/sec: 190.01 - lr: 0.000000 - momentum: 0.000000
2025-10-01 14:27:22,327 epoch 20 - iter 1842/3079 - loss 0.00000102 - time (sec): 516.46 - samples/sec: 189.37 - lr: 0.000000 - momentum: 0.000000
2025-10-01 14:28:48,418 epoch 20 - iter 2149/3079 - loss 0.00000089 - time (sec): 602.55 - samples/sec: 190.00 - lr: 0.000000 - momentum: 0.000000
2025-10-01 14:30:14,467 epoch 20 - iter 2456/3079 - loss 0.00000080 - time (sec): 688.60 - samples/sec: 189.17 - lr: 0.000000 - momentum: 0.000000
2025-10-01 14:31:40,543 epoch 20 - iter 2763/3079 - loss 0.00000073 - time (sec): 774.68 - samples/sec: 189.49 - lr: 0.000000 - momentum: 0.000000
2025-10-01 14:33:07,057 epoch 20 - iter 3070/3079 - loss 0.00000066 - time (sec): 861.19 - samples/sec: 189.03 - lr: 0.000000 - momentum: 0.000000
2025-10-01 14:33:09,501 ----------------------------------------------------------------------------------------------------
2025-10-01 14:33:09,502 EPOCH 20 done: loss 0.0000 - lr: 0.000000
2025-10-01 14:33:10,461 DEV : loss 0.008525939658284187 - f1-score (micro avg)  0.8378
2025-10-01 14:33:12,641 ----------------------------------------------------------------------------------------------------
2025-10-01 14:33:12,644 Testing using last state of model ...
2025-10-01 14:33:34,623 
Results:
- F-score (micro) 0.9098
- F-score (macro) 0.9098
- Accuracy 0.8345

By class:
              precision    recall  f1-score   support

         LOC     0.9380    0.8832    0.9098       137

   micro avg     0.9380    0.8832    0.9098       137
   macro avg     0.9380    0.8832    0.9098       137
weighted avg     0.9380    0.8832    0.9098       137

2025-10-01 14:33:34,623 ----------------------------------------------------------------------------------------------------
