2025-10-02 15:29:36,937 ----------------------------------------------------------------------------------------------------
2025-10-02 15:29:36,938 Model: "SequenceTagger(
  (embeddings): TransformerWordEmbeddings(
    (model): RobertaModel(
      (embeddings): RobertaEmbeddings(
        (word_embeddings): Embedding(52001, 768, padding_idx=1)
        (position_embeddings): Embedding(512, 768, padding_idx=1)
        (token_type_embeddings): Embedding(2, 768)
        (LayerNorm): LayerNorm((768,), eps=1e-12, elementwise_affine=True)
        (dropout): Dropout(p=0.1, inplace=False)
      )
      (encoder): RobertaEncoder(
        (layer): ModuleList(
          (0-11): 12 x RobertaLayer(
            (attention): RobertaAttention(
              (self): RobertaSdpaSelfAttention(
                (query): Linear(in_features=768, out_features=768, bias=True)
                (key): Linear(in_features=768, out_features=768, bias=True)
                (value): Linear(in_features=768, out_features=768, bias=True)
                (dropout): Dropout(p=0.1, inplace=False)
              )
              (output): RobertaSelfOutput(
                (dense): Linear(in_features=768, out_features=768, bias=True)
                (LayerNorm): LayerNorm((768,), eps=1e-12, elementwise_affine=True)
                (dropout): Dropout(p=0.1, inplace=False)
              )
            )
            (intermediate): RobertaIntermediate(
              (dense): Linear(in_features=768, out_features=3072, bias=True)
              (intermediate_act_fn): GELUActivation()
            )
            (output): RobertaOutput(
              (dense): Linear(in_features=3072, out_features=768, bias=True)
              (LayerNorm): LayerNorm((768,), eps=1e-12, elementwise_affine=True)
              (dropout): Dropout(p=0.1, inplace=False)
            )
          )
        )
      )
      (pooler): RobertaPooler(
        (dense): Linear(in_features=768, out_features=768, bias=True)
        (activation): Tanh()
      )
    )
  )
  (locked_dropout): LockedDropout(p=0.5)
  (linear): Linear(in_features=768, out_features=5, bias=True)
  (loss_function): CrossEntropyLoss()
)"
2025-10-02 15:29:36,939 ----------------------------------------------------------------------------------------------------
2025-10-02 15:29:36,939 Corpus: 5832 train + 757 dev + 711 test sentences
2025-10-02 15:29:36,939 ----------------------------------------------------------------------------------------------------
2025-10-02 15:29:36,939 Train:  5832 sentences
2025-10-02 15:29:36,940         (train_with_dev=False, train_with_test=False)
2025-10-02 15:29:36,940 ----------------------------------------------------------------------------------------------------
2025-10-02 15:29:36,940 Training Params:
2025-10-02 15:29:36,940  - learning_rate: "5e-06" 
2025-10-02 15:29:36,941  - mini_batch_size: "4"
2025-10-02 15:29:36,941  - max_epochs: "20"
2025-10-02 15:29:36,941  - shuffle: "True"
2025-10-02 15:29:36,941 ----------------------------------------------------------------------------------------------------
2025-10-02 15:29:36,941 Plugins:
2025-10-02 15:29:36,942  - LinearScheduler | warmup_fraction: '0.1'
2025-10-02 15:29:36,942 ----------------------------------------------------------------------------------------------------
2025-10-02 15:29:36,942 Final evaluation on model after last epoch (final-model.pt)
2025-10-02 15:29:36,942  - metric: "('micro avg', 'f1-score')"
2025-10-02 15:29:36,943 ----------------------------------------------------------------------------------------------------
2025-10-02 15:29:36,943 Computation:
2025-10-02 15:29:36,943  - compute on device: cuda:0
2025-10-02 15:29:36,943  - embedding storage: gpu
2025-10-02 15:29:36,943 ----------------------------------------------------------------------------------------------------
2025-10-02 15:29:36,944 Model training base path: "ner_bertSpanish_fineTuning_balanced3"
2025-10-02 15:29:36,944 ----------------------------------------------------------------------------------------------------
2025-10-02 15:29:36,944 ----------------------------------------------------------------------------------------------------
2025-10-02 15:29:55,710 epoch 1 - iter 145/1458 - loss 1.53881459 - time (sec): 18.76 - samples/sec: 438.27 - lr: 0.000000 - momentum: 0.000000
2025-10-02 15:30:12,711 epoch 1 - iter 290/1458 - loss 1.11997026 - time (sec): 35.77 - samples/sec: 427.96 - lr: 0.000000 - momentum: 0.000000
2025-10-02 15:30:29,724 epoch 1 - iter 435/1458 - loss 0.77969213 - time (sec): 52.78 - samples/sec: 435.80 - lr: 0.000001 - momentum: 0.000000
2025-10-02 15:30:46,752 epoch 1 - iter 580/1458 - loss 0.59964564 - time (sec): 69.81 - samples/sec: 438.11 - lr: 0.000001 - momentum: 0.000000
2025-10-02 15:31:03,810 epoch 1 - iter 725/1458 - loss 0.49166118 - time (sec): 86.86 - samples/sec: 442.76 - lr: 0.000001 - momentum: 0.000000
2025-10-02 15:31:20,842 epoch 1 - iter 870/1458 - loss 0.41967358 - time (sec): 103.90 - samples/sec: 443.41 - lr: 0.000001 - momentum: 0.000000
2025-10-02 15:31:37,889 epoch 1 - iter 1015/1458 - loss 0.36387924 - time (sec): 120.94 - samples/sec: 447.40 - lr: 0.000002 - momentum: 0.000000
2025-10-02 15:31:54,924 epoch 1 - iter 1160/1458 - loss 0.32243032 - time (sec): 137.98 - samples/sec: 448.58 - lr: 0.000002 - momentum: 0.000000
2025-10-02 15:32:11,956 epoch 1 - iter 1305/1458 - loss 0.28754092 - time (sec): 155.01 - samples/sec: 452.85 - lr: 0.000002 - momentum: 0.000000
2025-10-02 15:32:28,989 epoch 1 - iter 1450/1458 - loss 0.25847367 - time (sec): 172.04 - samples/sec: 456.38 - lr: 0.000002 - momentum: 0.000000
2025-10-02 15:32:29,925 ----------------------------------------------------------------------------------------------------
2025-10-02 15:32:29,925 EPOCH 1 done: loss 0.2576 - lr: 0.000002
2025-10-02 15:32:33,311 DEV : loss 0.01590617559850216 - f1-score (micro avg)  0.8271
2025-10-02 15:32:33,337 ----------------------------------------------------------------------------------------------------
2025-10-02 15:32:50,397 epoch 2 - iter 145/1458 - loss 0.02171427 - time (sec): 17.06 - samples/sec: 451.79 - lr: 0.000003 - momentum: 0.000000
2025-10-02 15:33:07,491 epoch 2 - iter 290/1458 - loss 0.01588649 - time (sec): 34.15 - samples/sec: 457.65 - lr: 0.000003 - momentum: 0.000000
2025-10-02 15:33:24,564 epoch 2 - iter 435/1458 - loss 0.01258106 - time (sec): 51.23 - samples/sec: 453.31 - lr: 0.000003 - momentum: 0.000000
2025-10-02 15:33:41,630 epoch 2 - iter 580/1458 - loss 0.01231863 - time (sec): 68.29 - samples/sec: 452.47 - lr: 0.000003 - momentum: 0.000000
2025-10-02 15:33:58,721 epoch 2 - iter 725/1458 - loss 0.01216688 - time (sec): 85.38 - samples/sec: 455.87 - lr: 0.000004 - momentum: 0.000000
2025-10-02 15:34:15,800 epoch 2 - iter 870/1458 - loss 0.01307996 - time (sec): 102.46 - samples/sec: 457.21 - lr: 0.000004 - momentum: 0.000000
2025-10-02 15:34:32,861 epoch 2 - iter 1015/1458 - loss 0.01321413 - time (sec): 119.52 - samples/sec: 456.71 - lr: 0.000004 - momentum: 0.000000
2025-10-02 15:34:49,931 epoch 2 - iter 1160/1458 - loss 0.01368281 - time (sec): 136.59 - samples/sec: 454.08 - lr: 0.000004 - momentum: 0.000000
2025-10-02 15:35:07,032 epoch 2 - iter 1305/1458 - loss 0.01452095 - time (sec): 153.69 - samples/sec: 457.29 - lr: 0.000005 - momentum: 0.000000
2025-10-02 15:35:24,143 epoch 2 - iter 1450/1458 - loss 0.01515681 - time (sec): 170.80 - samples/sec: 459.32 - lr: 0.000005 - momentum: 0.000000
2025-10-02 15:35:25,085 ----------------------------------------------------------------------------------------------------
2025-10-02 15:35:25,086 EPOCH 2 done: loss 0.0152 - lr: 0.000005
2025-10-02 15:35:25,591 DEV : loss 0.01592068187892437 - f1-score (micro avg)  0.8271
2025-10-02 15:35:25,616 ----------------------------------------------------------------------------------------------------
2025-10-02 15:35:42,727 epoch 3 - iter 145/1458 - loss 0.00753141 - time (sec): 17.11 - samples/sec: 437.42 - lr: 0.000005 - momentum: 0.000000
2025-10-02 15:35:59,862 epoch 3 - iter 290/1458 - loss 0.00897978 - time (sec): 34.24 - samples/sec: 452.36 - lr: 0.000005 - momentum: 0.000000
2025-10-02 15:36:17,025 epoch 3 - iter 435/1458 - loss 0.00951564 - time (sec): 51.41 - samples/sec: 459.38 - lr: 0.000005 - momentum: 0.000000
2025-10-02 15:36:34,158 epoch 3 - iter 580/1458 - loss 0.00804730 - time (sec): 68.54 - samples/sec: 449.60 - lr: 0.000005 - momentum: 0.000000
2025-10-02 15:36:51,288 epoch 3 - iter 725/1458 - loss 0.00877555 - time (sec): 85.67 - samples/sec: 454.23 - lr: 0.000005 - momentum: 0.000000
2025-10-02 15:37:08,445 epoch 3 - iter 870/1458 - loss 0.00912848 - time (sec): 102.83 - samples/sec: 455.73 - lr: 0.000005 - momentum: 0.000000
2025-10-02 15:37:25,590 epoch 3 - iter 1015/1458 - loss 0.00907819 - time (sec): 119.97 - samples/sec: 456.30 - lr: 0.000005 - momentum: 0.000000
2025-10-02 15:37:42,737 epoch 3 - iter 1160/1458 - loss 0.00927621 - time (sec): 137.12 - samples/sec: 459.68 - lr: 0.000005 - momentum: 0.000000
2025-10-02 15:37:59,871 epoch 3 - iter 1305/1458 - loss 0.00883190 - time (sec): 154.25 - samples/sec: 460.42 - lr: 0.000005 - momentum: 0.000000
2025-10-02 15:38:17,012 epoch 3 - iter 1450/1458 - loss 0.01025552 - time (sec): 171.39 - samples/sec: 457.34 - lr: 0.000005 - momentum: 0.000000
2025-10-02 15:38:17,957 ----------------------------------------------------------------------------------------------------
2025-10-02 15:38:17,957 EPOCH 3 done: loss 0.0102 - lr: 0.000005
2025-10-02 15:38:18,446 DEV : loss 0.01594359613955021 - f1-score (micro avg)  0.8271
2025-10-02 15:38:18,470 ----------------------------------------------------------------------------------------------------
2025-10-02 15:38:35,584 epoch 4 - iter 145/1458 - loss 0.00477143 - time (sec): 17.11 - samples/sec: 435.65 - lr: 0.000005 - momentum: 0.000000
2025-10-02 15:38:52,714 epoch 4 - iter 290/1458 - loss 0.00546629 - time (sec): 34.24 - samples/sec: 447.31 - lr: 0.000005 - momentum: 0.000000
2025-10-02 15:39:09,801 epoch 4 - iter 435/1458 - loss 0.00543246 - time (sec): 51.33 - samples/sec: 441.04 - lr: 0.000005 - momentum: 0.000000
2025-10-02 15:39:26,938 epoch 4 - iter 580/1458 - loss 0.00715430 - time (sec): 68.47 - samples/sec: 447.20 - lr: 0.000005 - momentum: 0.000000
2025-10-02 15:39:44,065 epoch 4 - iter 725/1458 - loss 0.00587092 - time (sec): 85.59 - samples/sec: 450.68 - lr: 0.000005 - momentum: 0.000000
2025-10-02 15:40:01,184 epoch 4 - iter 870/1458 - loss 0.00642442 - time (sec): 102.71 - samples/sec: 453.44 - lr: 0.000005 - momentum: 0.000000
2025-10-02 15:40:18,337 epoch 4 - iter 1015/1458 - loss 0.00657005 - time (sec): 119.87 - samples/sec: 455.77 - lr: 0.000005 - momentum: 0.000000
2025-10-02 15:40:35,477 epoch 4 - iter 1160/1458 - loss 0.00696171 - time (sec): 137.01 - samples/sec: 456.81 - lr: 0.000005 - momentum: 0.000000
2025-10-02 15:40:52,617 epoch 4 - iter 1305/1458 - loss 0.00768235 - time (sec): 154.15 - samples/sec: 458.22 - lr: 0.000004 - momentum: 0.000000
2025-10-02 15:41:09,754 epoch 4 - iter 1450/1458 - loss 0.00727918 - time (sec): 171.28 - samples/sec: 457.22 - lr: 0.000004 - momentum: 0.000000
2025-10-02 15:41:10,698 ----------------------------------------------------------------------------------------------------
2025-10-02 15:41:10,699 EPOCH 4 done: loss 0.0072 - lr: 0.000004
2025-10-02 15:41:11,301 DEV : loss 0.01599278301000595 - f1-score (micro avg)  0.8271
2025-10-02 15:41:11,326 ----------------------------------------------------------------------------------------------------
2025-10-02 15:41:28,449 epoch 5 - iter 145/1458 - loss 0.00292766 - time (sec): 17.12 - samples/sec: 446.79 - lr: 0.000004 - momentum: 0.000000
2025-10-02 15:41:45,596 epoch 5 - iter 290/1458 - loss 0.00307897 - time (sec): 34.27 - samples/sec: 444.81 - lr: 0.000004 - momentum: 0.000000
2025-10-02 15:42:02,739 epoch 5 - iter 435/1458 - loss 0.00431023 - time (sec): 51.41 - samples/sec: 438.44 - lr: 0.000004 - momentum: 0.000000
2025-10-02 15:42:19,897 epoch 5 - iter 580/1458 - loss 0.00463967 - time (sec): 68.57 - samples/sec: 441.81 - lr: 0.000004 - momentum: 0.000000
2025-10-02 15:42:37,063 epoch 5 - iter 725/1458 - loss 0.00384864 - time (sec): 85.74 - samples/sec: 440.26 - lr: 0.000004 - momentum: 0.000000
2025-10-02 15:42:54,197 epoch 5 - iter 870/1458 - loss 0.00463593 - time (sec): 102.87 - samples/sec: 441.16 - lr: 0.000004 - momentum: 0.000000
2025-10-02 15:43:11,335 epoch 5 - iter 1015/1458 - loss 0.00417143 - time (sec): 120.01 - samples/sec: 446.03 - lr: 0.000004 - momentum: 0.000000
2025-10-02 15:43:28,493 epoch 5 - iter 1160/1458 - loss 0.00476345 - time (sec): 137.17 - samples/sec: 453.95 - lr: 0.000004 - momentum: 0.000000
2025-10-02 15:43:45,659 epoch 5 - iter 1305/1458 - loss 0.00462739 - time (sec): 154.33 - samples/sec: 458.29 - lr: 0.000004 - momentum: 0.000000
2025-10-02 15:44:02,797 epoch 5 - iter 1450/1458 - loss 0.00443342 - time (sec): 171.47 - samples/sec: 457.32 - lr: 0.000004 - momentum: 0.000000
2025-10-02 15:44:03,745 ----------------------------------------------------------------------------------------------------
2025-10-02 15:44:03,745 EPOCH 5 done: loss 0.0044 - lr: 0.000004
2025-10-02 15:44:04,235 DEV : loss 0.01604253053665161 - f1-score (micro avg)  0.8271
2025-10-02 15:44:04,259 ----------------------------------------------------------------------------------------------------
2025-10-02 15:44:21,412 epoch 6 - iter 145/1458 - loss 0.00639605 - time (sec): 17.15 - samples/sec: 473.91 - lr: 0.000004 - momentum: 0.000000
2025-10-02 15:44:38,552 epoch 6 - iter 290/1458 - loss 0.00478039 - time (sec): 34.29 - samples/sec: 467.82 - lr: 0.000004 - momentum: 0.000000
2025-10-02 15:44:55,698 epoch 6 - iter 435/1458 - loss 0.00410598 - time (sec): 51.44 - samples/sec: 465.35 - lr: 0.000004 - momentum: 0.000000
2025-10-02 15:45:12,807 epoch 6 - iter 580/1458 - loss 0.00392074 - time (sec): 68.55 - samples/sec: 456.55 - lr: 0.000004 - momentum: 0.000000
2025-10-02 15:45:29,964 epoch 6 - iter 725/1458 - loss 0.00420091 - time (sec): 85.70 - samples/sec: 454.10 - lr: 0.000004 - momentum: 0.000000
2025-10-02 15:45:47,131 epoch 6 - iter 870/1458 - loss 0.00380030 - time (sec): 102.87 - samples/sec: 456.50 - lr: 0.000004 - momentum: 0.000000
2025-10-02 15:46:04,287 epoch 6 - iter 1015/1458 - loss 0.00394000 - time (sec): 120.03 - samples/sec: 457.03 - lr: 0.000004 - momentum: 0.000000
2025-10-02 15:46:21,414 epoch 6 - iter 1160/1458 - loss 0.00391161 - time (sec): 137.15 - samples/sec: 456.04 - lr: 0.000004 - momentum: 0.000000
2025-10-02 15:46:38,540 epoch 6 - iter 1305/1458 - loss 0.00358171 - time (sec): 154.28 - samples/sec: 453.88 - lr: 0.000004 - momentum: 0.000000
2025-10-02 15:46:55,684 epoch 6 - iter 1450/1458 - loss 0.00346522 - time (sec): 171.42 - samples/sec: 457.08 - lr: 0.000004 - momentum: 0.000000
2025-10-02 15:46:56,630 ----------------------------------------------------------------------------------------------------
2025-10-02 15:46:56,630 EPOCH 6 done: loss 0.0034 - lr: 0.000004
2025-10-02 15:46:57,130 DEV : loss 0.01609908603131771 - f1-score (micro avg)  0.8271
2025-10-02 15:46:57,155 ----------------------------------------------------------------------------------------------------
2025-10-02 15:47:14,275 epoch 7 - iter 145/1458 - loss 0.00123424 - time (sec): 17.12 - samples/sec: 482.33 - lr: 0.000004 - momentum: 0.000000
2025-10-02 15:47:31,389 epoch 7 - iter 290/1458 - loss 0.00085055 - time (sec): 34.23 - samples/sec: 452.96 - lr: 0.000004 - momentum: 0.000000
2025-10-02 15:47:48,527 epoch 7 - iter 435/1458 - loss 0.00124362 - time (sec): 51.37 - samples/sec: 452.40 - lr: 0.000004 - momentum: 0.000000
2025-10-02 15:48:05,670 epoch 7 - iter 580/1458 - loss 0.00220487 - time (sec): 68.51 - samples/sec: 460.10 - lr: 0.000004 - momentum: 0.000000
2025-10-02 15:48:22,811 epoch 7 - iter 725/1458 - loss 0.00278482 - time (sec): 85.65 - samples/sec: 458.19 - lr: 0.000004 - momentum: 0.000000
2025-10-02 15:48:39,952 epoch 7 - iter 870/1458 - loss 0.00242205 - time (sec): 102.80 - samples/sec: 461.22 - lr: 0.000004 - momentum: 0.000000
2025-10-02 15:48:57,096 epoch 7 - iter 1015/1458 - loss 0.00256250 - time (sec): 119.94 - samples/sec: 459.38 - lr: 0.000004 - momentum: 0.000000
2025-10-02 15:49:14,224 epoch 7 - iter 1160/1458 - loss 0.00241248 - time (sec): 137.07 - samples/sec: 455.97 - lr: 0.000004 - momentum: 0.000000
2025-10-02 15:49:31,369 epoch 7 - iter 1305/1458 - loss 0.00231398 - time (sec): 154.21 - samples/sec: 455.20 - lr: 0.000004 - momentum: 0.000000
2025-10-02 15:49:48,533 epoch 7 - iter 1450/1458 - loss 0.00242526 - time (sec): 171.38 - samples/sec: 457.27 - lr: 0.000004 - momentum: 0.000000
2025-10-02 15:49:49,480 ----------------------------------------------------------------------------------------------------
2025-10-02 15:49:49,481 EPOCH 7 done: loss 0.0024 - lr: 0.000004
2025-10-02 15:49:49,969 DEV : loss 0.016128933057188988 - f1-score (micro avg)  0.8271
2025-10-02 15:49:49,992 ----------------------------------------------------------------------------------------------------
2025-10-02 15:50:07,142 epoch 8 - iter 145/1458 - loss 0.00014141 - time (sec): 17.15 - samples/sec: 482.56 - lr: 0.000004 - momentum: 0.000000
2025-10-02 15:50:24,273 epoch 8 - iter 290/1458 - loss 0.00020551 - time (sec): 34.28 - samples/sec: 463.29 - lr: 0.000004 - momentum: 0.000000
2025-10-02 15:50:41,417 epoch 8 - iter 435/1458 - loss 0.00070521 - time (sec): 51.42 - samples/sec: 445.14 - lr: 0.000004 - momentum: 0.000000
2025-10-02 15:50:58,563 epoch 8 - iter 580/1458 - loss 0.00055275 - time (sec): 68.57 - samples/sec: 444.37 - lr: 0.000004 - momentum: 0.000000
2025-10-02 15:51:15,698 epoch 8 - iter 725/1458 - loss 0.00067363 - time (sec): 85.70 - samples/sec: 443.18 - lr: 0.000003 - momentum: 0.000000
2025-10-02 15:51:32,830 epoch 8 - iter 870/1458 - loss 0.00082021 - time (sec): 102.84 - samples/sec: 444.92 - lr: 0.000003 - momentum: 0.000000
2025-10-02 15:51:49,968 epoch 8 - iter 1015/1458 - loss 0.00090459 - time (sec): 119.97 - samples/sec: 447.85 - lr: 0.000003 - momentum: 0.000000
2025-10-02 15:52:07,131 epoch 8 - iter 1160/1458 - loss 0.00100814 - time (sec): 137.14 - samples/sec: 448.87 - lr: 0.000003 - momentum: 0.000000
2025-10-02 15:52:24,274 epoch 8 - iter 1305/1458 - loss 0.00117718 - time (sec): 154.28 - samples/sec: 450.63 - lr: 0.000003 - momentum: 0.000000
2025-10-02 15:52:41,430 epoch 8 - iter 1450/1458 - loss 0.00106591 - time (sec): 171.44 - samples/sec: 456.90 - lr: 0.000003 - momentum: 0.000000
2025-10-02 15:52:42,379 ----------------------------------------------------------------------------------------------------
2025-10-02 15:52:42,379 EPOCH 8 done: loss 0.0011 - lr: 0.000003
2025-10-02 15:52:42,906 DEV : loss 0.016187988221645355 - f1-score (micro avg)  0.8271
2025-10-02 15:52:42,930 ----------------------------------------------------------------------------------------------------
2025-10-02 15:53:00,052 epoch 9 - iter 145/1458 - loss 0.00002249 - time (sec): 17.12 - samples/sec: 441.22 - lr: 0.000003 - momentum: 0.000000
2025-10-02 15:53:17,203 epoch 9 - iter 290/1458 - loss 0.00005917 - time (sec): 34.27 - samples/sec: 448.43 - lr: 0.000003 - momentum: 0.000000
2025-10-02 15:53:34,355 epoch 9 - iter 435/1458 - loss 0.00087728 - time (sec): 51.42 - samples/sec: 456.59 - lr: 0.000003 - momentum: 0.000000
2025-10-02 15:53:51,490 epoch 9 - iter 580/1458 - loss 0.00077751 - time (sec): 68.56 - samples/sec: 462.00 - lr: 0.000003 - momentum: 0.000000
2025-10-02 15:54:08,649 epoch 9 - iter 725/1458 - loss 0.00062948 - time (sec): 85.72 - samples/sec: 462.93 - lr: 0.000003 - momentum: 0.000000
2025-10-02 15:54:25,780 epoch 9 - iter 870/1458 - loss 0.00076338 - time (sec): 102.85 - samples/sec: 462.29 - lr: 0.000003 - momentum: 0.000000
2025-10-02 15:54:42,910 epoch 9 - iter 1015/1458 - loss 0.00078952 - time (sec): 119.98 - samples/sec: 460.17 - lr: 0.000003 - momentum: 0.000000
2025-10-02 15:55:00,035 epoch 9 - iter 1160/1458 - loss 0.00083000 - time (sec): 137.10 - samples/sec: 459.36 - lr: 0.000003 - momentum: 0.000000
2025-10-02 15:55:17,174 epoch 9 - iter 1305/1458 - loss 0.00082612 - time (sec): 154.24 - samples/sec: 457.64 - lr: 0.000003 - momentum: 0.000000
2025-10-02 15:55:34,323 epoch 9 - iter 1450/1458 - loss 0.00089707 - time (sec): 171.39 - samples/sec: 457.58 - lr: 0.000003 - momentum: 0.000000
2025-10-02 15:55:35,268 ----------------------------------------------------------------------------------------------------
2025-10-02 15:55:35,269 EPOCH 9 done: loss 0.0009 - lr: 0.000003
2025-10-02 15:55:35,756 DEV : loss 0.01622999645769596 - f1-score (micro avg)  0.8271
2025-10-02 15:55:35,791 ----------------------------------------------------------------------------------------------------
2025-10-02 15:55:52,920 epoch 10 - iter 145/1458 - loss 0.00067242 - time (sec): 17.13 - samples/sec: 454.64 - lr: 0.000003 - momentum: 0.000000
2025-10-02 15:56:10,064 epoch 10 - iter 290/1458 - loss 0.00089072 - time (sec): 34.27 - samples/sec: 459.27 - lr: 0.000003 - momentum: 0.000000
2025-10-02 15:56:27,202 epoch 10 - iter 435/1458 - loss 0.00088482 - time (sec): 51.41 - samples/sec: 458.94 - lr: 0.000003 - momentum: 0.000000
2025-10-02 15:56:44,346 epoch 10 - iter 580/1458 - loss 0.00085641 - time (sec): 68.55 - samples/sec: 456.67 - lr: 0.000003 - momentum: 0.000000
2025-10-02 15:57:01,467 epoch 10 - iter 725/1458 - loss 0.00099011 - time (sec): 85.67 - samples/sec: 453.94 - lr: 0.000003 - momentum: 0.000000
2025-10-02 15:57:18,593 epoch 10 - iter 870/1458 - loss 0.00098636 - time (sec): 102.80 - samples/sec: 456.93 - lr: 0.000003 - momentum: 0.000000
2025-10-02 15:57:35,714 epoch 10 - iter 1015/1458 - loss 0.00085002 - time (sec): 119.92 - samples/sec: 456.82 - lr: 0.000003 - momentum: 0.000000
2025-10-02 15:57:52,851 epoch 10 - iter 1160/1458 - loss 0.00079170 - time (sec): 137.06 - samples/sec: 456.79 - lr: 0.000003 - momentum: 0.000000
2025-10-02 15:58:09,992 epoch 10 - iter 1305/1458 - loss 0.00070144 - time (sec): 154.20 - samples/sec: 458.52 - lr: 0.000003 - momentum: 0.000000
2025-10-02 15:58:27,134 epoch 10 - iter 1450/1458 - loss 0.00064059 - time (sec): 171.34 - samples/sec: 457.33 - lr: 0.000003 - momentum: 0.000000
2025-10-02 15:58:28,078 ----------------------------------------------------------------------------------------------------
2025-10-02 15:58:28,078 EPOCH 10 done: loss 0.0006 - lr: 0.000003
2025-10-02 15:58:28,807 DEV : loss 0.01627381145954132 - f1-score (micro avg)  0.8271
2025-10-02 15:58:28,831 ----------------------------------------------------------------------------------------------------
2025-10-02 15:58:45,989 epoch 11 - iter 145/1458 - loss 0.00087009 - time (sec): 17.16 - samples/sec: 467.81 - lr: 0.000003 - momentum: 0.000000
2025-10-02 15:59:03,153 epoch 11 - iter 290/1458 - loss 0.00043790 - time (sec): 34.32 - samples/sec: 465.05 - lr: 0.000003 - momentum: 0.000000
2025-10-02 15:59:20,295 epoch 11 - iter 435/1458 - loss 0.00030148 - time (sec): 51.46 - samples/sec: 461.85 - lr: 0.000003 - momentum: 0.000000
2025-10-02 15:59:37,436 epoch 11 - iter 580/1458 - loss 0.00089758 - time (sec): 68.60 - samples/sec: 466.90 - lr: 0.000003 - momentum: 0.000000
2025-10-02 15:59:54,567 epoch 11 - iter 725/1458 - loss 0.00073841 - time (sec): 85.73 - samples/sec: 460.47 - lr: 0.000003 - momentum: 0.000000
2025-10-02 16:00:11,683 epoch 11 - iter 870/1458 - loss 0.00068414 - time (sec): 102.85 - samples/sec: 458.55 - lr: 0.000003 - momentum: 0.000000
2025-10-02 16:00:28,804 epoch 11 - iter 1015/1458 - loss 0.00076304 - time (sec): 119.97 - samples/sec: 456.63 - lr: 0.000003 - momentum: 0.000000
2025-10-02 16:00:45,948 epoch 11 - iter 1160/1458 - loss 0.00073836 - time (sec): 137.12 - samples/sec: 455.54 - lr: 0.000003 - momentum: 0.000000
2025-10-02 16:01:03,074 epoch 11 - iter 1305/1458 - loss 0.00065615 - time (sec): 154.24 - samples/sec: 455.84 - lr: 0.000003 - momentum: 0.000000
2025-10-02 16:01:20,236 epoch 11 - iter 1450/1458 - loss 0.00060008 - time (sec): 171.40 - samples/sec: 457.67 - lr: 0.000003 - momentum: 0.000000
2025-10-02 16:01:21,180 ----------------------------------------------------------------------------------------------------
2025-10-02 16:01:21,180 EPOCH 11 done: loss 0.0008 - lr: 0.000003
2025-10-02 16:01:21,687 DEV : loss 0.016310011968016624 - f1-score (micro avg)  0.8271
2025-10-02 16:01:21,711 ----------------------------------------------------------------------------------------------------
2025-10-02 16:01:38,644 epoch 12 - iter 145/1458 - loss 0.00082744 - time (sec): 16.93 - samples/sec: 438.98 - lr: 0.000002 - momentum: 0.000000
2025-10-02 16:01:55,214 epoch 12 - iter 290/1458 - loss 0.00102062 - time (sec): 33.50 - samples/sec: 450.90 - lr: 0.000002 - momentum: 0.000000
2025-10-02 16:02:11,779 epoch 12 - iter 435/1458 - loss 0.00068267 - time (sec): 50.07 - samples/sec: 451.30 - lr: 0.000002 - momentum: 0.000000
2025-10-02 16:02:28,353 epoch 12 - iter 580/1458 - loss 0.00052228 - time (sec): 66.64 - samples/sec: 457.69 - lr: 0.000002 - momentum: 0.000000
2025-10-02 16:02:44,926 epoch 12 - iter 725/1458 - loss 0.00049806 - time (sec): 83.21 - samples/sec: 461.93 - lr: 0.000002 - momentum: 0.000000
2025-10-02 16:03:01,490 epoch 12 - iter 870/1458 - loss 0.00041875 - time (sec): 99.78 - samples/sec: 459.23 - lr: 0.000002 - momentum: 0.000000
2025-10-02 16:03:18,060 epoch 12 - iter 1015/1458 - loss 0.00035342 - time (sec): 116.35 - samples/sec: 467.04 - lr: 0.000002 - momentum: 0.000000
2025-10-02 16:03:34,630 epoch 12 - iter 1160/1458 - loss 0.00049655 - time (sec): 132.92 - samples/sec: 467.32 - lr: 0.000002 - momentum: 0.000000
2025-10-02 16:03:51,196 epoch 12 - iter 1305/1458 - loss 0.00044066 - time (sec): 149.48 - samples/sec: 468.70 - lr: 0.000002 - momentum: 0.000000
2025-10-02 16:04:07,777 epoch 12 - iter 1450/1458 - loss 0.00039426 - time (sec): 166.06 - samples/sec: 471.90 - lr: 0.000002 - momentum: 0.000000
2025-10-02 16:04:08,694 ----------------------------------------------------------------------------------------------------
2025-10-02 16:04:08,695 EPOCH 12 done: loss 0.0004 - lr: 0.000002
2025-10-02 16:04:09,190 DEV : loss 0.016350075602531433 - f1-score (micro avg)  0.8271
2025-10-02 16:04:09,214 ----------------------------------------------------------------------------------------------------
2025-10-02 16:04:25,784 epoch 13 - iter 145/1458 - loss 0.00000432 - time (sec): 16.57 - samples/sec: 460.65 - lr: 0.000002 - momentum: 0.000000
2025-10-02 16:04:42,366 epoch 13 - iter 290/1458 - loss 0.00000328 - time (sec): 33.15 - samples/sec: 467.81 - lr: 0.000002 - momentum: 0.000000
2025-10-02 16:04:58,927 epoch 13 - iter 435/1458 - loss 0.00006910 - time (sec): 49.71 - samples/sec: 465.47 - lr: 0.000002 - momentum: 0.000000
2025-10-02 16:05:15,506 epoch 13 - iter 580/1458 - loss 0.00006117 - time (sec): 66.29 - samples/sec: 463.81 - lr: 0.000002 - momentum: 0.000000
2025-10-02 16:05:32,084 epoch 13 - iter 725/1458 - loss 0.00044061 - time (sec): 82.87 - samples/sec: 467.13 - lr: 0.000002 - momentum: 0.000000
2025-10-02 16:05:48,653 epoch 13 - iter 870/1458 - loss 0.00037479 - time (sec): 99.44 - samples/sec: 470.11 - lr: 0.000002 - momentum: 0.000000
2025-10-02 16:06:05,222 epoch 13 - iter 1015/1458 - loss 0.00032363 - time (sec): 116.01 - samples/sec: 471.62 - lr: 0.000002 - momentum: 0.000000
2025-10-02 16:06:21,787 epoch 13 - iter 1160/1458 - loss 0.00029307 - time (sec): 132.57 - samples/sec: 470.37 - lr: 0.000002 - momentum: 0.000000
2025-10-02 16:06:38,388 epoch 13 - iter 1305/1458 - loss 0.00032114 - time (sec): 149.17 - samples/sec: 470.32 - lr: 0.000002 - momentum: 0.000000
2025-10-02 16:06:54,988 epoch 13 - iter 1450/1458 - loss 0.00028752 - time (sec): 165.77 - samples/sec: 472.84 - lr: 0.000002 - momentum: 0.000000
2025-10-02 16:06:55,900 ----------------------------------------------------------------------------------------------------
2025-10-02 16:06:55,900 EPOCH 13 done: loss 0.0003 - lr: 0.000002
2025-10-02 16:06:56,400 DEV : loss 0.016389090567827225 - f1-score (micro avg)  0.8271
2025-10-02 16:06:56,424 ----------------------------------------------------------------------------------------------------
2025-10-02 16:07:12,991 epoch 14 - iter 145/1458 - loss 0.00004536 - time (sec): 16.57 - samples/sec: 466.58 - lr: 0.000002 - momentum: 0.000000
2025-10-02 16:07:29,565 epoch 14 - iter 290/1458 - loss 0.00020506 - time (sec): 33.14 - samples/sec: 456.25 - lr: 0.000002 - momentum: 0.000000
2025-10-02 16:07:46,148 epoch 14 - iter 435/1458 - loss 0.00038842 - time (sec): 49.72 - samples/sec: 454.61 - lr: 0.000002 - momentum: 0.000000
2025-10-02 16:08:02,736 epoch 14 - iter 580/1458 - loss 0.00028933 - time (sec): 66.31 - samples/sec: 458.12 - lr: 0.000002 - momentum: 0.000000
2025-10-02 16:08:19,314 epoch 14 - iter 725/1458 - loss 0.00022985 - time (sec): 82.89 - samples/sec: 461.54 - lr: 0.000002 - momentum: 0.000000
2025-10-02 16:08:35,894 epoch 14 - iter 870/1458 - loss 0.00019075 - time (sec): 99.47 - samples/sec: 464.42 - lr: 0.000002 - momentum: 0.000000
2025-10-02 16:08:52,477 epoch 14 - iter 1015/1458 - loss 0.00016037 - time (sec): 116.05 - samples/sec: 473.99 - lr: 0.000002 - momentum: 0.000000
2025-10-02 16:09:09,049 epoch 14 - iter 1160/1458 - loss 0.00014128 - time (sec): 132.62 - samples/sec: 471.21 - lr: 0.000002 - momentum: 0.000000
2025-10-02 16:09:25,611 epoch 14 - iter 1305/1458 - loss 0.00012502 - time (sec): 149.19 - samples/sec: 473.89 - lr: 0.000002 - momentum: 0.000000
2025-10-02 16:09:42,168 epoch 14 - iter 1450/1458 - loss 0.00011717 - time (sec): 165.74 - samples/sec: 472.04 - lr: 0.000002 - momentum: 0.000000
2025-10-02 16:09:43,084 ----------------------------------------------------------------------------------------------------
2025-10-02 16:09:43,084 EPOCH 14 done: loss 0.0001 - lr: 0.000002
2025-10-02 16:09:43,588 DEV : loss 0.016435697674751282 - f1-score (micro avg)  0.8271
2025-10-02 16:09:43,612 ----------------------------------------------------------------------------------------------------
2025-10-02 16:10:00,140 epoch 15 - iter 145/1458 - loss 0.00001289 - time (sec): 16.53 - samples/sec: 495.53 - lr: 0.000002 - momentum: 0.000000
2025-10-02 16:10:16,675 epoch 15 - iter 290/1458 - loss 0.00001234 - time (sec): 33.06 - samples/sec: 487.12 - lr: 0.000002 - momentum: 0.000000
2025-10-02 16:10:33,218 epoch 15 - iter 435/1458 - loss 0.00032111 - time (sec): 49.60 - samples/sec: 481.00 - lr: 0.000002 - momentum: 0.000000
2025-10-02 16:10:49,744 epoch 15 - iter 580/1458 - loss 0.00024297 - time (sec): 66.13 - samples/sec: 477.21 - lr: 0.000002 - momentum: 0.000000
2025-10-02 16:11:06,268 epoch 15 - iter 725/1458 - loss 0.00019544 - time (sec): 82.65 - samples/sec: 474.92 - lr: 0.000002 - momentum: 0.000000
2025-10-02 16:11:22,813 epoch 15 - iter 870/1458 - loss 0.00016434 - time (sec): 99.20 - samples/sec: 472.13 - lr: 0.000002 - momentum: 0.000000
2025-10-02 16:11:39,336 epoch 15 - iter 1015/1458 - loss 0.00014187 - time (sec): 115.72 - samples/sec: 469.13 - lr: 0.000001 - momentum: 0.000000
2025-10-02 16:11:55,881 epoch 15 - iter 1160/1458 - loss 0.00012466 - time (sec): 132.27 - samples/sec: 472.42 - lr: 0.000001 - momentum: 0.000000
2025-10-02 16:12:12,413 epoch 15 - iter 1305/1458 - loss 0.00011145 - time (sec): 148.80 - samples/sec: 470.68 - lr: 0.000001 - momentum: 0.000000
2025-10-02 16:12:28,957 epoch 15 - iter 1450/1458 - loss 0.00011018 - time (sec): 165.34 - samples/sec: 473.85 - lr: 0.000001 - momentum: 0.000000
2025-10-02 16:12:29,872 ----------------------------------------------------------------------------------------------------
2025-10-02 16:12:29,873 EPOCH 15 done: loss 0.0001 - lr: 0.000001
2025-10-02 16:12:30,366 DEV : loss 0.01647910848259926 - f1-score (micro avg)  0.8271
2025-10-02 16:12:30,389 ----------------------------------------------------------------------------------------------------
2025-10-02 16:12:46,919 epoch 16 - iter 145/1458 - loss 0.00000050 - time (sec): 16.53 - samples/sec: 454.32 - lr: 0.000001 - momentum: 0.000000
2025-10-02 16:13:03,462 epoch 16 - iter 290/1458 - loss 0.00046756 - time (sec): 33.07 - samples/sec: 453.81 - lr: 0.000001 - momentum: 0.000000
2025-10-02 16:13:20,005 epoch 16 - iter 435/1458 - loss 0.00030209 - time (sec): 49.61 - samples/sec: 468.39 - lr: 0.000001 - momentum: 0.000000
2025-10-02 16:13:36,566 epoch 16 - iter 580/1458 - loss 0.00033893 - time (sec): 66.17 - samples/sec: 473.25 - lr: 0.000001 - momentum: 0.000000
2025-10-02 16:13:53,104 epoch 16 - iter 725/1458 - loss 0.00027390 - time (sec): 82.71 - samples/sec: 468.61 - lr: 0.000001 - momentum: 0.000000
2025-10-02 16:14:09,665 epoch 16 - iter 870/1458 - loss 0.00037203 - time (sec): 99.27 - samples/sec: 469.67 - lr: 0.000001 - momentum: 0.000000
2025-10-02 16:14:26,242 epoch 16 - iter 1015/1458 - loss 0.00045092 - time (sec): 115.85 - samples/sec: 471.75 - lr: 0.000001 - momentum: 0.000000
2025-10-02 16:14:42,809 epoch 16 - iter 1160/1458 - loss 0.00039461 - time (sec): 132.42 - samples/sec: 471.82 - lr: 0.000001 - momentum: 0.000000
2025-10-02 16:14:59,399 epoch 16 - iter 1305/1458 - loss 0.00035021 - time (sec): 149.01 - samples/sec: 472.64 - lr: 0.000001 - momentum: 0.000000
2025-10-02 16:15:15,989 epoch 16 - iter 1450/1458 - loss 0.00031508 - time (sec): 165.60 - samples/sec: 472.92 - lr: 0.000001 - momentum: 0.000000
2025-10-02 16:15:16,906 ----------------------------------------------------------------------------------------------------
2025-10-02 16:15:16,906 EPOCH 16 done: loss 0.0003 - lr: 0.000001
2025-10-02 16:15:17,393 DEV : loss 0.016517268493771553 - f1-score (micro avg)  0.8271
2025-10-02 16:15:17,417 ----------------------------------------------------------------------------------------------------
2025-10-02 16:15:33,994 epoch 17 - iter 145/1458 - loss 0.00000036 - time (sec): 16.58 - samples/sec: 472.55 - lr: 0.000001 - momentum: 0.000000
2025-10-02 16:15:50,564 epoch 17 - iter 290/1458 - loss 0.00000038 - time (sec): 33.15 - samples/sec: 464.16 - lr: 0.000001 - momentum: 0.000000
2025-10-02 16:16:07,123 epoch 17 - iter 435/1458 - loss 0.00000043 - time (sec): 49.70 - samples/sec: 456.19 - lr: 0.000001 - momentum: 0.000000
2025-10-02 16:16:23,722 epoch 17 - iter 580/1458 - loss 0.00000043 - time (sec): 66.30 - samples/sec: 469.06 - lr: 0.000001 - momentum: 0.000000
2025-10-02 16:16:40,305 epoch 17 - iter 725/1458 - loss 0.00000056 - time (sec): 82.89 - samples/sec: 472.67 - lr: 0.000001 - momentum: 0.000000
2025-10-02 16:16:56,891 epoch 17 - iter 870/1458 - loss 0.00000064 - time (sec): 99.47 - samples/sec: 475.46 - lr: 0.000001 - momentum: 0.000000
2025-10-02 16:17:13,458 epoch 17 - iter 1015/1458 - loss 0.00000062 - time (sec): 116.04 - samples/sec: 475.42 - lr: 0.000001 - momentum: 0.000000
2025-10-02 16:17:30,033 epoch 17 - iter 1160/1458 - loss 0.00000470 - time (sec): 132.61 - samples/sec: 474.27 - lr: 0.000001 - momentum: 0.000000
2025-10-02 16:17:46,599 epoch 17 - iter 1305/1458 - loss 0.00000427 - time (sec): 149.18 - samples/sec: 474.93 - lr: 0.000001 - momentum: 0.000000
2025-10-02 16:18:03,174 epoch 17 - iter 1450/1458 - loss 0.00000401 - time (sec): 165.76 - samples/sec: 472.92 - lr: 0.000001 - momentum: 0.000000
2025-10-02 16:18:04,086 ----------------------------------------------------------------------------------------------------
2025-10-02 16:18:04,087 EPOCH 17 done: loss 0.0000 - lr: 0.000001
2025-10-02 16:18:04,579 DEV : loss 0.01656515896320343 - f1-score (micro avg)  0.8271
2025-10-02 16:18:04,603 ----------------------------------------------------------------------------------------------------
2025-10-02 16:18:21,149 epoch 18 - iter 145/1458 - loss 0.00000062 - time (sec): 16.54 - samples/sec: 449.89 - lr: 0.000001 - momentum: 0.000000
2025-10-02 16:18:37,729 epoch 18 - iter 290/1458 - loss 0.00000051 - time (sec): 33.12 - samples/sec: 468.81 - lr: 0.000001 - momentum: 0.000000
2025-10-02 16:18:54,296 epoch 18 - iter 435/1458 - loss 0.00000042 - time (sec): 49.69 - samples/sec: 473.65 - lr: 0.000001 - momentum: 0.000000
2025-10-02 16:19:10,852 epoch 18 - iter 580/1458 - loss 0.00000040 - time (sec): 66.25 - samples/sec: 476.58 - lr: 0.000001 - momentum: 0.000000
2025-10-02 16:19:27,428 epoch 18 - iter 725/1458 - loss 0.00000037 - time (sec): 82.82 - samples/sec: 476.84 - lr: 0.000001 - momentum: 0.000000
2025-10-02 16:19:43,989 epoch 18 - iter 870/1458 - loss 0.00000042 - time (sec): 99.38 - samples/sec: 472.08 - lr: 0.000001 - momentum: 0.000000
2025-10-02 16:20:00,553 epoch 18 - iter 1015/1458 - loss 0.00000158 - time (sec): 115.95 - samples/sec: 472.56 - lr: 0.000001 - momentum: 0.000000
2025-10-02 16:20:17,128 epoch 18 - iter 1160/1458 - loss 0.00000143 - time (sec): 132.52 - samples/sec: 473.09 - lr: 0.000001 - momentum: 0.000000
2025-10-02 16:20:33,714 epoch 18 - iter 1305/1458 - loss 0.00000132 - time (sec): 149.11 - samples/sec: 474.14 - lr: 0.000001 - momentum: 0.000000
2025-10-02 16:20:50,275 epoch 18 - iter 1450/1458 - loss 0.00000123 - time (sec): 165.67 - samples/sec: 473.19 - lr: 0.000001 - momentum: 0.000000
2025-10-02 16:20:51,188 ----------------------------------------------------------------------------------------------------
2025-10-02 16:20:51,188 EPOCH 18 done: loss 0.0000 - lr: 0.000001
2025-10-02 16:20:51,678 DEV : loss 0.01661180518567562 - f1-score (micro avg)  0.8271
2025-10-02 16:20:51,702 ----------------------------------------------------------------------------------------------------
2025-10-02 16:21:08,274 epoch 19 - iter 145/1458 - loss 0.00000070 - time (sec): 16.57 - samples/sec: 464.70 - lr: 0.000001 - momentum: 0.000000
2025-10-02 16:21:24,857 epoch 19 - iter 290/1458 - loss 0.00000050 - time (sec): 33.15 - samples/sec: 468.14 - lr: 0.000001 - momentum: 0.000000
2025-10-02 16:21:41,448 epoch 19 - iter 435/1458 - loss 0.00000042 - time (sec): 49.74 - samples/sec: 471.19 - lr: 0.000000 - momentum: 0.000000
2025-10-02 16:21:58,032 epoch 19 - iter 580/1458 - loss 0.00000036 - time (sec): 66.33 - samples/sec: 472.92 - lr: 0.000000 - momentum: 0.000000
2025-10-02 16:22:14,623 epoch 19 - iter 725/1458 - loss 0.00000039 - time (sec): 82.92 - samples/sec: 469.84 - lr: 0.000000 - momentum: 0.000000
2025-10-02 16:22:31,218 epoch 19 - iter 870/1458 - loss 0.00000037 - time (sec): 99.51 - samples/sec: 471.35 - lr: 0.000000 - momentum: 0.000000
2025-10-02 16:22:47,814 epoch 19 - iter 1015/1458 - loss 0.00000035 - time (sec): 116.11 - samples/sec: 471.16 - lr: 0.000000 - momentum: 0.000000
2025-10-02 16:23:04,404 epoch 19 - iter 1160/1458 - loss 0.00000034 - time (sec): 132.70 - samples/sec: 472.14 - lr: 0.000000 - momentum: 0.000000
2025-10-02 16:23:21,009 epoch 19 - iter 1305/1458 - loss 0.00000034 - time (sec): 149.31 - samples/sec: 472.60 - lr: 0.000000 - momentum: 0.000000
2025-10-02 16:23:37,607 epoch 19 - iter 1450/1458 - loss 0.00000035 - time (sec): 165.90 - samples/sec: 472.10 - lr: 0.000000 - momentum: 0.000000
2025-10-02 16:23:38,525 ----------------------------------------------------------------------------------------------------
2025-10-02 16:23:38,526 EPOCH 19 done: loss 0.0000 - lr: 0.000000
2025-10-02 16:23:39,025 DEV : loss 0.016645321622490883 - f1-score (micro avg)  0.8271
2025-10-02 16:23:39,062 ----------------------------------------------------------------------------------------------------
2025-10-02 16:23:55,659 epoch 20 - iter 145/1458 - loss 0.00000031 - time (sec): 16.60 - samples/sec: 510.26 - lr: 0.000000 - momentum: 0.000000
2025-10-02 16:24:12,246 epoch 20 - iter 290/1458 - loss 0.00000028 - time (sec): 33.18 - samples/sec: 483.27 - lr: 0.000000 - momentum: 0.000000
2025-10-02 16:24:28,806 epoch 20 - iter 435/1458 - loss 0.00000025 - time (sec): 49.74 - samples/sec: 481.53 - lr: 0.000000 - momentum: 0.000000
2025-10-02 16:24:45,376 epoch 20 - iter 580/1458 - loss 0.00000026 - time (sec): 66.31 - samples/sec: 478.16 - lr: 0.000000 - momentum: 0.000000
2025-10-02 16:25:01,972 epoch 20 - iter 725/1458 - loss 0.00000032 - time (sec): 82.91 - samples/sec: 482.97 - lr: 0.000000 - momentum: 0.000000
2025-10-02 16:25:18,563 epoch 20 - iter 870/1458 - loss 0.00000562 - time (sec): 99.50 - samples/sec: 477.44 - lr: 0.000000 - momentum: 0.000000
2025-10-02 16:25:35,144 epoch 20 - iter 1015/1458 - loss 0.00000491 - time (sec): 116.08 - samples/sec: 472.55 - lr: 0.000000 - momentum: 0.000000
2025-10-02 16:25:51,732 epoch 20 - iter 1160/1458 - loss 0.00000644 - time (sec): 132.67 - samples/sec: 471.82 - lr: 0.000000 - momentum: 0.000000
2025-10-02 16:26:08,326 epoch 20 - iter 1305/1458 - loss 0.00000576 - time (sec): 149.26 - samples/sec: 471.33 - lr: 0.000000 - momentum: 0.000000
2025-10-02 16:26:24,901 epoch 20 - iter 1450/1458 - loss 0.00000523 - time (sec): 165.84 - samples/sec: 471.73 - lr: 0.000000 - momentum: 0.000000
2025-10-02 16:26:25,816 ----------------------------------------------------------------------------------------------------
2025-10-02 16:26:25,816 EPOCH 20 done: loss 0.0000 - lr: 0.000000
2025-10-02 16:26:26,303 DEV : loss 0.0166621133685112 - f1-score (micro avg)  0.8271
2025-10-02 16:26:26,817 ----------------------------------------------------------------------------------------------------
2025-10-02 16:26:26,819 Testing using last state of model ...
2025-10-02 16:26:30,071 
Results:
- F-score (micro) 0.9577
- F-score (macro) 0.9577
- Accuracy 0.9189

By class:
              precision    recall  f1-score   support

         LOC     0.9577    0.9577    0.9577        71

   micro avg     0.9577    0.9577    0.9577        71
   macro avg     0.9577    0.9577    0.9577        71
weighted avg     0.9577    0.9577    0.9577        71

2025-10-02 16:26:30,071 ----------------------------------------------------------------------------------------------------
