2025-10-02 15:29:36,937 ----------------------------------------------------------------------------------------------------
2025-10-02 15:29:36,939 Model: "SequenceTagger(
  (embeddings): TransformerWordEmbeddings(
    (model): BertModel(
      (embeddings): BertEmbeddings(
        (word_embeddings): Embedding(31003, 768, padding_idx=1)
        (position_embeddings): Embedding(512, 768)
        (token_type_embeddings): Embedding(2, 768)
        (LayerNorm): LayerNorm((768,), eps=1e-12, elementwise_affine=True)
        (dropout): Dropout(p=0.1, inplace=False)
      )
      (encoder): BertEncoder(
        (layer): ModuleList(
          (0-11): 12 x BertLayer(
            (attention): BertAttention(
              (self): BertSdpaSelfAttention(
                (query): Linear(in_features=768, out_features=768, bias=True)
                (key): Linear(in_features=768, out_features=768, bias=True)
                (value): Linear(in_features=768, out_features=768, bias=True)
                (dropout): Dropout(p=0.1, inplace=False)
              )
              (output): BertSelfOutput(
                (dense): Linear(in_features=768, out_features=768, bias=True)
                (LayerNorm): LayerNorm((768,), eps=1e-12, elementwise_affine=True)
                (dropout): Dropout(p=0.1, inplace=False)
              )
            )
            (intermediate): BertIntermediate(
              (dense): Linear(in_features=768, out_features=3072, bias=True)
              (intermediate_act_fn): GELUActivation()
            )
            (output): BertOutput(
              (dense): Linear(in_features=3072, out_features=768, bias=True)
              (LayerNorm): LayerNorm((768,), eps=1e-12, elementwise_affine=True)
              (dropout): Dropout(p=0.1, inplace=False)
            )
          )
        )
      )
      (pooler): BertPooler(
        (dense): Linear(in_features=768, out_features=768, bias=True)
        (activation): Tanh()
      )
    )
  )
  (locked_dropout): LockedDropout(p=0.5)
  (linear): Linear(in_features=768, out_features=5, bias=True)
  (loss_function): CrossEntropyLoss()
)"
2025-10-02 15:29:36,939 ----------------------------------------------------------------------------------------------------
2025-10-02 15:29:36,939 Corpus: 5832 train + 757 dev + 711 test sentences
2025-10-02 15:29:36,939 ----------------------------------------------------------------------------------------------------
2025-10-02 15:29:36,940 Train:  5832 sentences
2025-10-02 15:29:36,940         (train_with_dev=False, train_with_test=False)
2025-10-02 15:29:36,940 ----------------------------------------------------------------------------------------------------
2025-10-02 15:29:36,940 Training Params:
2025-10-02 15:29:36,941  - learning_rate: "5e-06" 
2025-10-02 15:29:36,941  - mini_batch_size: "4"
2025-10-02 15:29:36,941  - max_epochs: "20"
2025-10-02 15:29:36,941  - shuffle: "True"
2025-10-02 15:29:36,941 ----------------------------------------------------------------------------------------------------
2025-10-02 15:29:36,942 Plugins:
2025-10-02 15:29:36,942  - LinearScheduler | warmup_fraction: '0.1'
2025-10-02 15:29:36,942 ----------------------------------------------------------------------------------------------------
2025-10-02 15:29:36,942 Final evaluation on model after last epoch (final-model.pt)
2025-10-02 15:29:36,943  - metric: "('micro avg', 'f1-score')"
2025-10-02 15:29:36,943 ----------------------------------------------------------------------------------------------------
2025-10-02 15:29:36,943 Computation:
2025-10-02 15:29:36,943  - compute on device: cuda:0
2025-10-02 15:29:36,944  - embedding storage: gpu
2025-10-02 15:29:36,944 ----------------------------------------------------------------------------------------------------
2025-10-02 15:29:36,944 Model training base path: "ner_bertSpanish_fineTuning_1"
2025-10-02 15:29:36,944 ----------------------------------------------------------------------------------------------------
2025-10-02 15:29:36,944 ----------------------------------------------------------------------------------------------------
2025-10-02 15:29:55,183 epoch 1 - iter 145/1458 - loss 2.17014012 - time (sec): 18.24 - samples/sec: 454.01 - lr: 0.000000 - momentum: 0.000000
2025-10-02 15:30:11,717 epoch 1 - iter 290/1458 - loss 1.90341850 - time (sec): 34.77 - samples/sec: 458.77 - lr: 0.000000 - momentum: 0.000000
2025-10-02 15:30:28,242 epoch 1 - iter 435/1458 - loss 1.48389151 - time (sec): 51.30 - samples/sec: 470.60 - lr: 0.000001 - momentum: 0.000000
2025-10-02 15:30:44,780 epoch 1 - iter 580/1458 - loss 1.13716264 - time (sec): 67.83 - samples/sec: 473.81 - lr: 0.000001 - momentum: 0.000000
2025-10-02 15:31:01,323 epoch 1 - iter 725/1458 - loss 0.92858664 - time (sec): 84.38 - samples/sec: 470.30 - lr: 0.000001 - momentum: 0.000000
2025-10-02 15:31:17,869 epoch 1 - iter 870/1458 - loss 0.77511619 - time (sec): 100.92 - samples/sec: 473.32 - lr: 0.000001 - momentum: 0.000000
2025-10-02 15:31:34,396 epoch 1 - iter 1015/1458 - loss 0.66791999 - time (sec): 117.45 - samples/sec: 474.59 - lr: 0.000002 - momentum: 0.000000
2025-10-02 15:31:50,908 epoch 1 - iter 1160/1458 - loss 0.59084258 - time (sec): 133.96 - samples/sec: 471.58 - lr: 0.000002 - momentum: 0.000000
2025-10-02 15:32:07,445 epoch 1 - iter 1305/1458 - loss 0.52752424 - time (sec): 150.50 - samples/sec: 471.68 - lr: 0.000002 - momentum: 0.000000
2025-10-02 15:32:23,988 epoch 1 - iter 1450/1458 - loss 0.47952738 - time (sec): 167.04 - samples/sec: 468.59 - lr: 0.000002 - momentum: 0.000000
2025-10-02 15:32:24,900 ----------------------------------------------------------------------------------------------------
2025-10-02 15:32:24,900 EPOCH 1 done: loss 0.4764 - lr: 0.000002
2025-10-02 15:32:28,594 DEV : loss 0.010220617055892944 - f1-score (micro avg)  0.7949
2025-10-02 15:32:28,619 ----------------------------------------------------------------------------------------------------
2025-10-02 15:32:45,202 epoch 2 - iter 145/1458 - loss 0.01194624 - time (sec): 16.58 - samples/sec: 443.93 - lr: 0.000003 - momentum: 0.000000
2025-10-02 15:33:01,791 epoch 2 - iter 290/1458 - loss 0.01135381 - time (sec): 33.17 - samples/sec: 459.62 - lr: 0.000003 - momentum: 0.000000
2025-10-02 15:33:18,404 epoch 2 - iter 435/1458 - loss 0.01365503 - time (sec): 49.78 - samples/sec: 467.64 - lr: 0.000003 - momentum: 0.000000
2025-10-02 15:33:35,028 epoch 2 - iter 580/1458 - loss 0.01274034 - time (sec): 66.41 - samples/sec: 476.12 - lr: 0.000003 - momentum: 0.000000
2025-10-02 15:33:51,658 epoch 2 - iter 725/1458 - loss 0.01184961 - time (sec): 83.04 - samples/sec: 479.32 - lr: 0.000004 - momentum: 0.000000
2025-10-02 15:34:08,272 epoch 2 - iter 870/1458 - loss 0.01209828 - time (sec): 99.65 - samples/sec: 474.82 - lr: 0.000004 - momentum: 0.000000
2025-10-02 15:34:24,888 epoch 2 - iter 1015/1458 - loss 0.01116224 - time (sec): 116.27 - samples/sec: 471.78 - lr: 0.000004 - momentum: 0.000000
2025-10-02 15:34:41,498 epoch 2 - iter 1160/1458 - loss 0.01064762 - time (sec): 132.88 - samples/sec: 471.81 - lr: 0.000004 - momentum: 0.000000
2025-10-02 15:34:58,109 epoch 2 - iter 1305/1458 - loss 0.00987119 - time (sec): 149.49 - samples/sec: 470.23 - lr: 0.000005 - momentum: 0.000000
2025-10-02 15:35:14,709 epoch 2 - iter 1450/1458 - loss 0.00977687 - time (sec): 166.09 - samples/sec: 472.11 - lr: 0.000005 - momentum: 0.000000
2025-10-02 15:35:15,626 ----------------------------------------------------------------------------------------------------
2025-10-02 15:35:15,626 EPOCH 2 done: loss 0.0097 - lr: 0.000005
2025-10-02 15:35:16,130 DEV : loss 0.010264373384416103 - f1-score (micro avg)  0.7949
2025-10-02 15:35:16,154 ----------------------------------------------------------------------------------------------------
2025-10-02 15:35:32,789 epoch 3 - iter 145/1458 - loss 0.01107330 - time (sec): 16.63 - samples/sec: 496.29 - lr: 0.000005 - momentum: 0.000000
2025-10-02 15:35:49,418 epoch 3 - iter 290/1458 - loss 0.00802615 - time (sec): 33.26 - samples/sec: 473.69 - lr: 0.000005 - momentum: 0.000000
2025-10-02 15:36:06,023 epoch 3 - iter 435/1458 - loss 0.00829534 - time (sec): 49.87 - samples/sec: 470.81 - lr: 0.000005 - momentum: 0.000000
2025-10-02 15:36:22,631 epoch 3 - iter 580/1458 - loss 0.00750209 - time (sec): 66.48 - samples/sec: 475.43 - lr: 0.000005 - momentum: 0.000000
2025-10-02 15:36:39,248 epoch 3 - iter 725/1458 - loss 0.00685139 - time (sec): 83.09 - samples/sec: 472.08 - lr: 0.000005 - momentum: 0.000000
2025-10-02 15:36:55,881 epoch 3 - iter 870/1458 - loss 0.00589405 - time (sec): 99.73 - samples/sec: 472.23 - lr: 0.000005 - momentum: 0.000000
2025-10-02 15:37:12,514 epoch 3 - iter 1015/1458 - loss 0.00551002 - time (sec): 116.36 - samples/sec: 471.85 - lr: 0.000005 - momentum: 0.000000
2025-10-02 15:37:29,132 epoch 3 - iter 1160/1458 - loss 0.00524629 - time (sec): 132.98 - samples/sec: 472.53 - lr: 0.000005 - momentum: 0.000000
2025-10-02 15:37:45,737 epoch 3 - iter 1305/1458 - loss 0.00585038 - time (sec): 149.58 - samples/sec: 473.12 - lr: 0.000005 - momentum: 0.000000
2025-10-02 15:38:02,328 epoch 3 - iter 1450/1458 - loss 0.00592672 - time (sec): 166.17 - samples/sec: 471.81 - lr: 0.000005 - momentum: 0.000000
2025-10-02 15:38:03,243 ----------------------------------------------------------------------------------------------------
2025-10-02 15:38:03,244 EPOCH 3 done: loss 0.0059 - lr: 0.000005
2025-10-02 15:38:03,729 DEV : loss 0.01028968021273613 - f1-score (micro avg)  0.7949
2025-10-02 15:38:03,753 ----------------------------------------------------------------------------------------------------
2025-10-02 15:38:20,370 epoch 4 - iter 145/1458 - loss 0.00110929 - time (sec): 16.62 - samples/sec: 471.91 - lr: 0.000005 - momentum: 0.000000
2025-10-02 15:38:36,995 epoch 4 - iter 290/1458 - loss 0.00305352 - time (sec): 33.24 - samples/sec: 459.74 - lr: 0.000005 - momentum: 0.000000
2025-10-02 15:38:53,614 epoch 4 - iter 435/1458 - loss 0.00235652 - time (sec): 49.86 - samples/sec: 472.77 - lr: 0.000005 - momentum: 0.000000
2025-10-02 15:39:10,228 epoch 4 - iter 580/1458 - loss 0.00280207 - time (sec): 66.47 - samples/sec: 477.48 - lr: 0.000005 - momentum: 0.000000
2025-10-02 15:39:26,852 epoch 4 - iter 725/1458 - loss 0.00267597 - time (sec): 83.10 - samples/sec: 469.96 - lr: 0.000005 - momentum: 0.000000
2025-10-02 15:39:43,453 epoch 4 - iter 870/1458 - loss 0.00316039 - time (sec): 99.70 - samples/sec: 469.72 - lr: 0.000005 - momentum: 0.000000
2025-10-02 15:40:00,059 epoch 4 - iter 1015/1458 - loss 0.00314695 - time (sec): 116.30 - samples/sec: 471.26 - lr: 0.000005 - momentum: 0.000000
2025-10-02 15:40:16,662 epoch 4 - iter 1160/1458 - loss 0.00357025 - time (sec): 132.91 - samples/sec: 472.66 - lr: 0.000005 - momentum: 0.000000
2025-10-02 15:40:33,288 epoch 4 - iter 1305/1458 - loss 0.00328550 - time (sec): 149.53 - samples/sec: 471.73 - lr: 0.000004 - momentum: 0.000000
2025-10-02 15:40:49,925 epoch 4 - iter 1450/1458 - loss 0.00352938 - time (sec): 166.17 - samples/sec: 471.16 - lr: 0.000004 - momentum: 0.000000
2025-10-02 15:40:50,844 ----------------------------------------------------------------------------------------------------
2025-10-02 15:40:50,844 EPOCH 4 done: loss 0.0035 - lr: 0.000004
2025-10-02 15:40:51,338 DEV : loss 0.010337874293327332 - f1-score (micro avg)  0.7949
2025-10-02 15:40:51,363 ----------------------------------------------------------------------------------------------------
2025-10-02 15:41:07,993 epoch 5 - iter 145/1458 - loss 0.00064199 - time (sec): 16.63 - samples/sec: 471.67 - lr: 0.000004 - momentum: 0.000000
2025-10-02 15:41:24,613 epoch 5 - iter 290/1458 - loss 0.00126598 - time (sec): 33.25 - samples/sec: 459.63 - lr: 0.000004 - momentum: 0.000000
2025-10-02 15:41:41,234 epoch 5 - iter 435/1458 - loss 0.00122529 - time (sec): 49.87 - samples/sec: 458.73 - lr: 0.000004 - momentum: 0.000000
2025-10-02 15:41:57,887 epoch 5 - iter 580/1458 - loss 0.00112419 - time (sec): 66.52 - samples/sec: 473.87 - lr: 0.000004 - momentum: 0.000000
2025-10-02 15:42:14,546 epoch 5 - iter 725/1458 - loss 0.00116909 - time (sec): 83.18 - samples/sec: 476.20 - lr: 0.000004 - momentum: 0.000000
2025-10-02 15:42:31,195 epoch 5 - iter 870/1458 - loss 0.00098157 - time (sec): 99.83 - samples/sec: 473.81 - lr: 0.000004 - momentum: 0.000000
2025-10-02 15:42:47,843 epoch 5 - iter 1015/1458 - loss 0.00102485 - time (sec): 116.48 - samples/sec: 477.24 - lr: 0.000004 - momentum: 0.000000
2025-10-02 15:43:04,487 epoch 5 - iter 1160/1458 - loss 0.00127750 - time (sec): 133.12 - samples/sec: 471.64 - lr: 0.000004 - momentum: 0.000000
2025-10-02 15:43:21,130 epoch 5 - iter 1305/1458 - loss 0.00142293 - time (sec): 149.77 - samples/sec: 470.65 - lr: 0.000004 - momentum: 0.000000
2025-10-02 15:43:37,766 epoch 5 - iter 1450/1458 - loss 0.00173911 - time (sec): 166.40 - samples/sec: 469.86 - lr: 0.000004 - momentum: 0.000000
2025-10-02 15:43:38,692 ----------------------------------------------------------------------------------------------------
2025-10-02 15:43:38,693 EPOCH 5 done: loss 0.0017 - lr: 0.000004
2025-10-02 15:43:39,181 DEV : loss 0.010383157059550285 - f1-score (micro avg)  0.7949
2025-10-02 15:43:39,205 ----------------------------------------------------------------------------------------------------
2025-10-02 15:43:55,817 epoch 6 - iter 145/1458 - loss 0.00512454 - time (sec): 16.61 - samples/sec: 451.70 - lr: 0.000004 - momentum: 0.000000
2025-10-02 15:44:12,451 epoch 6 - iter 290/1458 - loss 0.00270350 - time (sec): 33.24 - samples/sec: 461.14 - lr: 0.000004 - momentum: 0.000000
2025-10-02 15:44:29,073 epoch 6 - iter 435/1458 - loss 0.00237179 - time (sec): 49.87 - samples/sec: 463.22 - lr: 0.000004 - momentum: 0.000000
2025-10-02 15:44:45,714 epoch 6 - iter 580/1458 - loss 0.00192396 - time (sec): 66.51 - samples/sec: 471.41 - lr: 0.000004 - momentum: 0.000000
2025-10-02 15:45:02,329 epoch 6 - iter 725/1458 - loss 0.00190459 - time (sec): 83.12 - samples/sec: 466.21 - lr: 0.000004 - momentum: 0.000000
2025-10-02 15:45:18,946 epoch 6 - iter 870/1458 - loss 0.00158560 - time (sec): 99.74 - samples/sec: 467.24 - lr: 0.000004 - momentum: 0.000000
2025-10-02 15:45:35,561 epoch 6 - iter 1015/1458 - loss 0.00164209 - time (sec): 116.35 - samples/sec: 467.35 - lr: 0.000004 - momentum: 0.000000
2025-10-02 15:45:52,170 epoch 6 - iter 1160/1458 - loss 0.00184933 - time (sec): 132.96 - samples/sec: 471.00 - lr: 0.000004 - momentum: 0.000000
2025-10-02 15:46:08,785 epoch 6 - iter 1305/1458 - loss 0.00189999 - time (sec): 149.58 - samples/sec: 471.76 - lr: 0.000004 - momentum: 0.000000
2025-10-02 15:46:25,403 epoch 6 - iter 1450/1458 - loss 0.00199266 - time (sec): 166.20 - samples/sec: 470.49 - lr: 0.000004 - momentum: 0.000000
2025-10-02 15:46:26,324 ----------------------------------------------------------------------------------------------------
2025-10-02 15:46:26,324 EPOCH 6 done: loss 0.0020 - lr: 0.000004
2025-10-02 15:46:26,847 DEV : loss 0.010416588746011257 - f1-score (micro avg)  0.7949
2025-10-02 15:46:26,871 ----------------------------------------------------------------------------------------------------
2025-10-02 15:46:43,508 epoch 7 - iter 145/1458 - loss 0.00202843 - time (sec): 16.64 - samples/sec: 491.90 - lr: 0.000004 - momentum: 0.000000
2025-10-02 15:47:00,142 epoch 7 - iter 290/1458 - loss 0.00104468 - time (sec): 33.27 - samples/sec: 479.87 - lr: 0.000004 - momentum: 0.000000
2025-10-02 15:47:16,558 epoch 7 - iter 435/1458 - loss 0.00115204 - time (sec): 49.69 - samples/sec: 475.10 - lr: 0.000004 - momentum: 0.000000
2025-10-02 15:47:32,586 epoch 7 - iter 580/1458 - loss 0.00092693 - time (sec): 65.71 - samples/sec: 478.88 - lr: 0.000004 - momentum: 0.000000
2025-10-02 15:47:48,627 epoch 7 - iter 725/1458 - loss 0.00093378 - time (sec): 81.75 - samples/sec: 477.11 - lr: 0.000004 - momentum: 0.000000
2025-10-02 15:48:04,670 epoch 7 - iter 870/1458 - loss 0.00093156 - time (sec): 97.80 - samples/sec: 484.22 - lr: 0.000004 - momentum: 0.000000
2025-10-02 15:48:20,683 epoch 7 - iter 1015/1458 - loss 0.00093357 - time (sec): 113.81 - samples/sec: 483.83 - lr: 0.000004 - momentum: 0.000000
2025-10-02 15:48:36,702 epoch 7 - iter 1160/1458 - loss 0.00139090 - time (sec): 129.83 - samples/sec: 482.34 - lr: 0.000004 - momentum: 0.000000
2025-10-02 15:48:52,732 epoch 7 - iter 1305/1458 - loss 0.00123138 - time (sec): 145.86 - samples/sec: 485.38 - lr: 0.000004 - momentum: 0.000000
2025-10-02 15:49:08,768 epoch 7 - iter 1450/1458 - loss 0.00127891 - time (sec): 161.90 - samples/sec: 483.96 - lr: 0.000004 - momentum: 0.000000
2025-10-02 15:49:09,655 ----------------------------------------------------------------------------------------------------
2025-10-02 15:49:09,655 EPOCH 7 done: loss 0.0013 - lr: 0.000004
2025-10-02 15:49:10,141 DEV : loss 0.01048117782920599 - f1-score (micro avg)  0.7949
2025-10-02 15:49:10,165 ----------------------------------------------------------------------------------------------------
2025-10-02 15:49:26,204 epoch 8 - iter 145/1458 - loss 0.00099014 - time (sec): 16.04 - samples/sec: 505.19 - lr: 0.000004 - momentum: 0.000000
2025-10-02 15:49:42,240 epoch 8 - iter 290/1458 - loss 0.00054182 - time (sec): 32.07 - samples/sec: 496.83 - lr: 0.000004 - momentum: 0.000000
2025-10-02 15:49:58,278 epoch 8 - iter 435/1458 - loss 0.00057035 - time (sec): 48.11 - samples/sec: 484.94 - lr: 0.000004 - momentum: 0.000000
2025-10-02 15:50:14,320 epoch 8 - iter 580/1458 - loss 0.00112407 - time (sec): 64.15 - samples/sec: 490.06 - lr: 0.000004 - momentum: 0.000000
2025-10-02 15:50:30,361 epoch 8 - iter 725/1458 - loss 0.00110365 - time (sec): 80.19 - samples/sec: 488.65 - lr: 0.000003 - momentum: 0.000000
2025-10-02 15:50:46,391 epoch 8 - iter 870/1458 - loss 0.00092200 - time (sec): 96.22 - samples/sec: 488.58 - lr: 0.000003 - momentum: 0.000000
2025-10-02 15:51:02,446 epoch 8 - iter 1015/1458 - loss 0.00079150 - time (sec): 112.28 - samples/sec: 488.20 - lr: 0.000003 - momentum: 0.000000
2025-10-02 15:51:18,487 epoch 8 - iter 1160/1458 - loss 0.00069969 - time (sec): 128.32 - samples/sec: 487.78 - lr: 0.000003 - momentum: 0.000000
2025-10-02 15:51:34,533 epoch 8 - iter 1305/1458 - loss 0.00073643 - time (sec): 144.37 - samples/sec: 488.35 - lr: 0.000003 - momentum: 0.000000
2025-10-02 15:51:50,577 epoch 8 - iter 1450/1458 - loss 0.00066312 - time (sec): 160.41 - samples/sec: 488.62 - lr: 0.000003 - momentum: 0.000000
2025-10-02 15:51:51,464 ----------------------------------------------------------------------------------------------------
2025-10-02 15:51:51,464 EPOCH 8 done: loss 0.0007 - lr: 0.000003
2025-10-02 15:51:52,189 DEV : loss 0.010529868304729462 - f1-score (micro avg)  0.7949
2025-10-02 15:51:52,213 ----------------------------------------------------------------------------------------------------
2025-10-02 15:52:08,259 epoch 9 - iter 145/1458 - loss 0.00005633 - time (sec): 16.04 - samples/sec: 499.30 - lr: 0.000003 - momentum: 0.000000
2025-10-02 15:52:24,277 epoch 9 - iter 290/1458 - loss 0.00041240 - time (sec): 32.06 - samples/sec: 483.40 - lr: 0.000003 - momentum: 0.000000
2025-10-02 15:52:40,297 epoch 9 - iter 435/1458 - loss 0.00027872 - time (sec): 48.08 - samples/sec: 479.91 - lr: 0.000003 - momentum: 0.000000
2025-10-02 15:52:56,324 epoch 9 - iter 580/1458 - loss 0.00030676 - time (sec): 64.11 - samples/sec: 482.35 - lr: 0.000003 - momentum: 0.000000
2025-10-02 15:53:12,358 epoch 9 - iter 725/1458 - loss 0.00024354 - time (sec): 80.14 - samples/sec: 487.43 - lr: 0.000003 - momentum: 0.000000
2025-10-02 15:53:28,393 epoch 9 - iter 870/1458 - loss 0.00027657 - time (sec): 96.18 - samples/sec: 492.12 - lr: 0.000003 - momentum: 0.000000
2025-10-02 15:53:44,411 epoch 9 - iter 1015/1458 - loss 0.00032865 - time (sec): 112.20 - samples/sec: 492.05 - lr: 0.000003 - momentum: 0.000000
2025-10-02 15:54:00,437 epoch 9 - iter 1160/1458 - loss 0.00028840 - time (sec): 128.22 - samples/sec: 491.37 - lr: 0.000003 - momentum: 0.000000
2025-10-02 15:54:16,447 epoch 9 - iter 1305/1458 - loss 0.00057342 - time (sec): 144.23 - samples/sec: 487.44 - lr: 0.000003 - momentum: 0.000000
2025-10-02 15:54:32,463 epoch 9 - iter 1450/1458 - loss 0.00051485 - time (sec): 160.25 - samples/sec: 489.45 - lr: 0.000003 - momentum: 0.000000
2025-10-02 15:54:33,344 ----------------------------------------------------------------------------------------------------
2025-10-02 15:54:33,345 EPOCH 9 done: loss 0.0005 - lr: 0.000003
2025-10-02 15:54:33,848 DEV : loss 0.010571182705461979 - f1-score (micro avg)  0.8
2025-10-02 15:54:33,872 ----------------------------------------------------------------------------------------------------
2025-10-02 15:54:49,890 epoch 10 - iter 145/1458 - loss 0.00244824 - time (sec): 16.02 - samples/sec: 503.30 - lr: 0.000003 - momentum: 0.000000
2025-10-02 15:55:05,906 epoch 10 - iter 290/1458 - loss 0.00127709 - time (sec): 32.03 - samples/sec: 484.24 - lr: 0.000003 - momentum: 0.000000
2025-10-02 15:55:21,931 epoch 10 - iter 435/1458 - loss 0.00083887 - time (sec): 48.06 - samples/sec: 491.95 - lr: 0.000003 - momentum: 0.000000
2025-10-02 15:55:37,957 epoch 10 - iter 580/1458 - loss 0.00063284 - time (sec): 64.08 - samples/sec: 490.89 - lr: 0.000003 - momentum: 0.000000
2025-10-02 15:55:53,971 epoch 10 - iter 725/1458 - loss 0.00051018 - time (sec): 80.10 - samples/sec: 487.92 - lr: 0.000003 - momentum: 0.000000
2025-10-02 15:56:09,983 epoch 10 - iter 870/1458 - loss 0.00043116 - time (sec): 96.11 - samples/sec: 482.40 - lr: 0.000003 - momentum: 0.000000
2025-10-02 15:56:26,011 epoch 10 - iter 1015/1458 - loss 0.00045344 - time (sec): 112.14 - samples/sec: 484.66 - lr: 0.000003 - momentum: 0.000000
2025-10-02 15:56:42,046 epoch 10 - iter 1160/1458 - loss 0.00040193 - time (sec): 128.17 - samples/sec: 488.23 - lr: 0.000003 - momentum: 0.000000
2025-10-02 15:56:58,088 epoch 10 - iter 1305/1458 - loss 0.00035701 - time (sec): 144.21 - samples/sec: 488.91 - lr: 0.000003 - momentum: 0.000000
2025-10-02 15:57:14,110 epoch 10 - iter 1450/1458 - loss 0.00042434 - time (sec): 160.24 - samples/sec: 489.46 - lr: 0.000003 - momentum: 0.000000
2025-10-02 15:57:14,995 ----------------------------------------------------------------------------------------------------
2025-10-02 15:57:14,996 EPOCH 10 done: loss 0.0004 - lr: 0.000003
2025-10-02 15:57:15,482 DEV : loss 0.010634278878569603 - f1-score (micro avg)  0.8
2025-10-02 15:57:15,513 ----------------------------------------------------------------------------------------------------
2025-10-02 15:57:31,538 epoch 11 - iter 145/1458 - loss 0.00000448 - time (sec): 16.02 - samples/sec: 482.30 - lr: 0.000003 - momentum: 0.000000
2025-10-02 15:57:47,575 epoch 11 - iter 290/1458 - loss 0.00000467 - time (sec): 32.06 - samples/sec: 491.36 - lr: 0.000003 - momentum: 0.000000
2025-10-02 15:58:03,612 epoch 11 - iter 435/1458 - loss 0.00007224 - time (sec): 48.10 - samples/sec: 488.79 - lr: 0.000003 - momentum: 0.000000
2025-10-02 15:58:19,629 epoch 11 - iter 580/1458 - loss 0.00005701 - time (sec): 64.11 - samples/sec: 482.34 - lr: 0.000003 - momentum: 0.000000
2025-10-02 15:58:35,671 epoch 11 - iter 725/1458 - loss 0.00004605 - time (sec): 80.16 - samples/sec: 484.90 - lr: 0.000003 - momentum: 0.000000
2025-10-02 15:58:51,693 epoch 11 - iter 870/1458 - loss 0.00024269 - time (sec): 96.18 - samples/sec: 483.31 - lr: 0.000003 - momentum: 0.000000
2025-10-02 15:59:07,726 epoch 11 - iter 1015/1458 - loss 0.00020756 - time (sec): 112.21 - samples/sec: 485.79 - lr: 0.000003 - momentum: 0.000000
2025-10-02 15:59:23,736 epoch 11 - iter 1160/1458 - loss 0.00018271 - time (sec): 128.22 - samples/sec: 483.85 - lr: 0.000003 - momentum: 0.000000
2025-10-02 15:59:39,751 epoch 11 - iter 1305/1458 - loss 0.00022906 - time (sec): 144.24 - samples/sec: 485.61 - lr: 0.000003 - momentum: 0.000000
2025-10-02 15:59:55,785 epoch 11 - iter 1450/1458 - loss 0.00020566 - time (sec): 160.27 - samples/sec: 489.00 - lr: 0.000003 - momentum: 0.000000
2025-10-02 15:59:56,670 ----------------------------------------------------------------------------------------------------
2025-10-02 15:59:56,671 EPOCH 11 done: loss 0.0002 - lr: 0.000003
2025-10-02 15:59:57,161 DEV : loss 0.010696201585233212 - f1-score (micro avg)  0.8
2025-10-02 15:59:57,185 ----------------------------------------------------------------------------------------------------
2025-10-02 16:00:13,211 epoch 12 - iter 145/1458 - loss 0.00000290 - time (sec): 16.02 - samples/sec: 478.84 - lr: 0.000002 - momentum: 0.000000
2025-10-02 16:00:29,250 epoch 12 - iter 290/1458 - loss 0.00014513 - time (sec): 32.06 - samples/sec: 483.55 - lr: 0.000002 - momentum: 0.000000
2025-10-02 16:00:45,298 epoch 12 - iter 435/1458 - loss 0.00009900 - time (sec): 48.11 - samples/sec: 482.87 - lr: 0.000002 - momentum: 0.000000
2025-10-02 16:01:01,335 epoch 12 - iter 580/1458 - loss 0.00007520 - time (sec): 64.15 - samples/sec: 489.13 - lr: 0.000002 - momentum: 0.000000
2025-10-02 16:01:17,372 epoch 12 - iter 725/1458 - loss 0.00008428 - time (sec): 80.18 - samples/sec: 484.22 - lr: 0.000002 - momentum: 0.000000
2025-10-02 16:01:33,397 epoch 12 - iter 870/1458 - loss 0.00008188 - time (sec): 96.21 - samples/sec: 485.73 - lr: 0.000002 - momentum: 0.000000
2025-10-02 16:01:49,406 epoch 12 - iter 1015/1458 - loss 0.00007021 - time (sec): 112.22 - samples/sec: 488.14 - lr: 0.000002 - momentum: 0.000000
2025-10-02 16:02:05,418 epoch 12 - iter 1160/1458 - loss 0.00006145 - time (sec): 128.23 - samples/sec: 490.17 - lr: 0.000002 - momentum: 0.000000
2025-10-02 16:02:21,434 epoch 12 - iter 1305/1458 - loss 0.00005501 - time (sec): 144.25 - samples/sec: 490.63 - lr: 0.000002 - momentum: 0.000000
2025-10-02 16:02:37,444 epoch 12 - iter 1450/1458 - loss 0.00004983 - time (sec): 160.26 - samples/sec: 489.35 - lr: 0.000002 - momentum: 0.000000
2025-10-02 16:02:38,326 ----------------------------------------------------------------------------------------------------
2025-10-02 16:02:38,327 EPOCH 12 done: loss 0.0000 - lr: 0.000002
2025-10-02 16:02:38,811 DEV : loss 0.010760392993688583 - f1-score (micro avg)  0.8
2025-10-02 16:02:38,835 ----------------------------------------------------------------------------------------------------
2025-10-02 16:02:54,849 epoch 13 - iter 145/1458 - loss 0.00100729 - time (sec): 16.01 - samples/sec: 478.64 - lr: 0.000002 - momentum: 0.000000
2025-10-02 16:03:10,871 epoch 13 - iter 290/1458 - loss 0.00050966 - time (sec): 32.03 - samples/sec: 495.55 - lr: 0.000002 - momentum: 0.000000
2025-10-02 16:03:26,898 epoch 13 - iter 435/1458 - loss 0.00033217 - time (sec): 48.06 - samples/sec: 507.75 - lr: 0.000002 - momentum: 0.000000
2025-10-02 16:03:42,913 epoch 13 - iter 580/1458 - loss 0.00025471 - time (sec): 64.08 - samples/sec: 497.67 - lr: 0.000002 - momentum: 0.000000
2025-10-02 16:03:58,935 epoch 13 - iter 725/1458 - loss 0.00020364 - time (sec): 80.10 - samples/sec: 499.06 - lr: 0.000002 - momentum: 0.000000
2025-10-02 16:04:14,952 epoch 13 - iter 870/1458 - loss 0.00017187 - time (sec): 96.12 - samples/sec: 494.64 - lr: 0.000002 - momentum: 0.000000
2025-10-02 16:04:30,987 epoch 13 - iter 1015/1458 - loss 0.00014767 - time (sec): 112.15 - samples/sec: 495.18 - lr: 0.000002 - momentum: 0.000000
2025-10-02 16:04:47,004 epoch 13 - iter 1160/1458 - loss 0.00012943 - time (sec): 128.17 - samples/sec: 495.10 - lr: 0.000002 - momentum: 0.000000
2025-10-02 16:05:03,007 epoch 13 - iter 1305/1458 - loss 0.00011695 - time (sec): 144.17 - samples/sec: 487.88 - lr: 0.000002 - momentum: 0.000000
2025-10-02 16:05:19,026 epoch 13 - iter 1450/1458 - loss 0.00014694 - time (sec): 160.19 - samples/sec: 489.14 - lr: 0.000002 - momentum: 0.000000
2025-10-02 16:05:19,908 ----------------------------------------------------------------------------------------------------
2025-10-02 16:05:19,908 EPOCH 13 done: loss 0.0001 - lr: 0.000002
2025-10-02 16:05:20,405 DEV : loss 0.010813706554472446 - f1-score (micro avg)  0.8
2025-10-02 16:05:20,430 ----------------------------------------------------------------------------------------------------
2025-10-02 16:05:36,444 epoch 14 - iter 145/1458 - loss 0.00000306 - time (sec): 16.01 - samples/sec: 506.36 - lr: 0.000002 - momentum: 0.000000
2025-10-02 16:05:52,461 epoch 14 - iter 290/1458 - loss 0.00038446 - time (sec): 32.03 - samples/sec: 498.45 - lr: 0.000002 - momentum: 0.000000
2025-10-02 16:06:08,481 epoch 14 - iter 435/1458 - loss 0.00025928 - time (sec): 48.05 - samples/sec: 493.68 - lr: 0.000002 - momentum: 0.000000
2025-10-02 16:06:24,502 epoch 14 - iter 580/1458 - loss 0.00019368 - time (sec): 64.07 - samples/sec: 496.77 - lr: 0.000002 - momentum: 0.000000
2025-10-02 16:06:40,531 epoch 14 - iter 725/1458 - loss 0.00015754 - time (sec): 80.10 - samples/sec: 489.72 - lr: 0.000002 - momentum: 0.000000
2025-10-02 16:06:56,568 epoch 14 - iter 870/1458 - loss 0.00013276 - time (sec): 96.14 - samples/sec: 485.23 - lr: 0.000002 - momentum: 0.000000
2025-10-02 16:07:12,594 epoch 14 - iter 1015/1458 - loss 0.00012176 - time (sec): 112.16 - samples/sec: 487.19 - lr: 0.000002 - momentum: 0.000000
2025-10-02 16:07:28,614 epoch 14 - iter 1160/1458 - loss 0.00010699 - time (sec): 128.18 - samples/sec: 485.72 - lr: 0.000002 - momentum: 0.000000
2025-10-02 16:07:44,631 epoch 14 - iter 1305/1458 - loss 0.00026799 - time (sec): 144.20 - samples/sec: 489.38 - lr: 0.000002 - momentum: 0.000000
2025-10-02 16:08:00,631 epoch 14 - iter 1450/1458 - loss 0.00024121 - time (sec): 160.20 - samples/sec: 489.97 - lr: 0.000002 - momentum: 0.000000
2025-10-02 16:08:01,512 ----------------------------------------------------------------------------------------------------
2025-10-02 16:08:01,513 EPOCH 14 done: loss 0.0002 - lr: 0.000002
2025-10-02 16:08:01,999 DEV : loss 0.010852912440896034 - f1-score (micro avg)  0.8
2025-10-02 16:08:02,023 ----------------------------------------------------------------------------------------------------
2025-10-02 16:08:18,028 epoch 15 - iter 145/1458 - loss 0.00053683 - time (sec): 16.00 - samples/sec: 485.05 - lr: 0.000002 - momentum: 0.000000
2025-10-02 16:08:34,039 epoch 15 - iter 290/1458 - loss 0.00027303 - time (sec): 32.01 - samples/sec: 478.19 - lr: 0.000002 - momentum: 0.000000
2025-10-02 16:08:50,046 epoch 15 - iter 435/1458 - loss 0.00018230 - time (sec): 48.02 - samples/sec: 478.42 - lr: 0.000002 - momentum: 0.000000
2025-10-02 16:09:06,049 epoch 15 - iter 580/1458 - loss 0.00013858 - time (sec): 64.02 - samples/sec: 473.43 - lr: 0.000002 - momentum: 0.000000
2025-10-02 16:09:22,073 epoch 15 - iter 725/1458 - loss 0.00010821 - time (sec): 80.05 - samples/sec: 486.32 - lr: 0.000002 - momentum: 0.000000
2025-10-02 16:09:38,073 epoch 15 - iter 870/1458 - loss 0.00008996 - time (sec): 96.05 - samples/sec: 488.63 - lr: 0.000002 - momentum: 0.000000
2025-10-02 16:09:54,091 epoch 15 - iter 1015/1458 - loss 0.00007735 - time (sec): 112.07 - samples/sec: 489.01 - lr: 0.000001 - momentum: 0.000000
2025-10-02 16:10:10,096 epoch 15 - iter 1160/1458 - loss 0.00009400 - time (sec): 128.07 - samples/sec: 490.93 - lr: 0.000001 - momentum: 0.000000
2025-10-02 16:10:26,115 epoch 15 - iter 1305/1458 - loss 0.00008403 - time (sec): 144.09 - samples/sec: 488.79 - lr: 0.000001 - momentum: 0.000000
2025-10-02 16:10:42,128 epoch 15 - iter 1450/1458 - loss 0.00007571 - time (sec): 160.10 - samples/sec: 488.96 - lr: 0.000001 - momentum: 0.000000
2025-10-02 16:10:43,014 ----------------------------------------------------------------------------------------------------
2025-10-02 16:10:43,014 EPOCH 15 done: loss 0.0001 - lr: 0.000001
2025-10-02 16:10:43,506 DEV : loss 0.010895575396716595 - f1-score (micro avg)  0.8
2025-10-02 16:10:43,530 ----------------------------------------------------------------------------------------------------
2025-10-02 16:10:59,534 epoch 16 - iter 145/1458 - loss 0.00000140 - time (sec): 16.00 - samples/sec: 492.87 - lr: 0.000001 - momentum: 0.000000
2025-10-02 16:11:15,539 epoch 16 - iter 290/1458 - loss 0.00002617 - time (sec): 32.01 - samples/sec: 472.68 - lr: 0.000001 - momentum: 0.000000
2025-10-02 16:11:31,552 epoch 16 - iter 435/1458 - loss 0.00001775 - time (sec): 48.02 - samples/sec: 479.41 - lr: 0.000001 - momentum: 0.000000
2025-10-02 16:11:47,562 epoch 16 - iter 580/1458 - loss 0.00001353 - time (sec): 64.03 - samples/sec: 480.42 - lr: 0.000001 - momentum: 0.000000
2025-10-02 16:12:03,587 epoch 16 - iter 725/1458 - loss 0.00001091 - time (sec): 80.06 - samples/sec: 487.38 - lr: 0.000001 - momentum: 0.000000
2025-10-02 16:12:19,602 epoch 16 - iter 870/1458 - loss 0.00000992 - time (sec): 96.07 - samples/sec: 489.53 - lr: 0.000001 - momentum: 0.000000
2025-10-02 16:12:35,618 epoch 16 - iter 1015/1458 - loss 0.00000870 - time (sec): 112.09 - samples/sec: 490.14 - lr: 0.000001 - momentum: 0.000000
2025-10-02 16:12:51,626 epoch 16 - iter 1160/1458 - loss 0.00000774 - time (sec): 128.09 - samples/sec: 490.41 - lr: 0.000001 - momentum: 0.000000
2025-10-02 16:13:07,641 epoch 16 - iter 1305/1458 - loss 0.00000702 - time (sec): 144.11 - samples/sec: 489.37 - lr: 0.000001 - momentum: 0.000000
2025-10-02 16:13:23,652 epoch 16 - iter 1450/1458 - loss 0.00000640 - time (sec): 160.12 - samples/sec: 489.15 - lr: 0.000001 - momentum: 0.000000
2025-10-02 16:13:24,536 ----------------------------------------------------------------------------------------------------
2025-10-02 16:13:24,537 EPOCH 16 done: loss 0.0000 - lr: 0.000001
2025-10-02 16:13:25,025 DEV : loss 0.010944752022624016 - f1-score (micro avg)  0.8
2025-10-02 16:13:25,049 ----------------------------------------------------------------------------------------------------
2025-10-02 16:13:41,064 epoch 17 - iter 145/1458 - loss 0.00000095 - time (sec): 16.01 - samples/sec: 474.84 - lr: 0.000001 - momentum: 0.000000
2025-10-02 16:13:57,088 epoch 17 - iter 290/1458 - loss 0.00000124 - time (sec): 32.04 - samples/sec: 477.10 - lr: 0.000001 - momentum: 0.000000
2025-10-02 16:14:13,117 epoch 17 - iter 435/1458 - loss 0.00000893 - time (sec): 48.07 - samples/sec: 491.30 - lr: 0.000001 - momentum: 0.000000
2025-10-02 16:14:29,145 epoch 17 - iter 580/1458 - loss 0.00000710 - time (sec): 64.09 - samples/sec: 487.97 - lr: 0.000001 - momentum: 0.000000
2025-10-02 16:14:45,166 epoch 17 - iter 725/1458 - loss 0.00000593 - time (sec): 80.12 - samples/sec: 484.22 - lr: 0.000001 - momentum: 0.000000
2025-10-02 16:15:01,176 epoch 17 - iter 870/1458 - loss 0.00000512 - time (sec): 96.13 - samples/sec: 482.16 - lr: 0.000001 - momentum: 0.000000
2025-10-02 16:15:17,205 epoch 17 - iter 1015/1458 - loss 0.00000448 - time (sec): 112.15 - samples/sec: 484.49 - lr: 0.000001 - momentum: 0.000000
2025-10-02 16:15:33,251 epoch 17 - iter 1160/1458 - loss 0.00000413 - time (sec): 128.20 - samples/sec: 489.54 - lr: 0.000001 - momentum: 0.000000
2025-10-02 16:15:49,285 epoch 17 - iter 1305/1458 - loss 0.00000374 - time (sec): 144.23 - samples/sec: 490.64 - lr: 0.000001 - momentum: 0.000000
2025-10-02 16:16:05,302 epoch 17 - iter 1450/1458 - loss 0.00000347 - time (sec): 160.25 - samples/sec: 488.53 - lr: 0.000001 - momentum: 0.000000
2025-10-02 16:16:06,186 ----------------------------------------------------------------------------------------------------
2025-10-02 16:16:06,187 EPOCH 17 done: loss 0.0000 - lr: 0.000001
2025-10-02 16:16:06,680 DEV : loss 0.010977553203701973 - f1-score (micro avg)  0.8
2025-10-02 16:16:06,704 ----------------------------------------------------------------------------------------------------
2025-10-02 16:16:22,736 epoch 18 - iter 145/1458 - loss 0.00000096 - time (sec): 16.03 - samples/sec: 530.05 - lr: 0.000001 - momentum: 0.000000
2025-10-02 16:16:38,747 epoch 18 - iter 290/1458 - loss 0.00000084 - time (sec): 32.04 - samples/sec: 510.06 - lr: 0.000001 - momentum: 0.000000
2025-10-02 16:16:54,760 epoch 18 - iter 435/1458 - loss 0.00000116 - time (sec): 48.05 - samples/sec: 500.77 - lr: 0.000001 - momentum: 0.000000
2025-10-02 16:17:10,788 epoch 18 - iter 580/1458 - loss 0.00000111 - time (sec): 64.08 - samples/sec: 496.28 - lr: 0.000001 - momentum: 0.000000
2025-10-02 16:17:26,823 epoch 18 - iter 725/1458 - loss 0.00000118 - time (sec): 80.12 - samples/sec: 498.46 - lr: 0.000001 - momentum: 0.000000
2025-10-02 16:17:42,843 epoch 18 - iter 870/1458 - loss 0.00000118 - time (sec): 96.14 - samples/sec: 496.79 - lr: 0.000001 - momentum: 0.000000
2025-10-02 16:17:58,869 epoch 18 - iter 1015/1458 - loss 0.00000114 - time (sec): 112.16 - samples/sec: 494.43 - lr: 0.000001 - momentum: 0.000000
2025-10-02 16:18:14,885 epoch 18 - iter 1160/1458 - loss 0.00000111 - time (sec): 128.18 - samples/sec: 493.48 - lr: 0.000001 - momentum: 0.000000
2025-10-02 16:18:30,909 epoch 18 - iter 1305/1458 - loss 0.00000108 - time (sec): 144.20 - samples/sec: 490.04 - lr: 0.000001 - momentum: 0.000000
2025-10-02 16:18:46,917 epoch 18 - iter 1450/1458 - loss 0.00000105 - time (sec): 160.21 - samples/sec: 489.46 - lr: 0.000001 - momentum: 0.000000
2025-10-02 16:18:47,800 ----------------------------------------------------------------------------------------------------
2025-10-02 16:18:47,801 EPOCH 18 done: loss 0.0000 - lr: 0.000001
2025-10-02 16:18:48,287 DEV : loss 0.011011632159352303 - f1-score (micro avg)  0.8
2025-10-02 16:18:48,311 ----------------------------------------------------------------------------------------------------
2025-10-02 16:19:04,310 epoch 19 - iter 145/1458 - loss 0.00000086 - time (sec): 16.00 - samples/sec: 429.93 - lr: 0.000001 - momentum: 0.000000
2025-10-02 16:19:20,323 epoch 19 - iter 290/1458 - loss 0.00000078 - time (sec): 32.01 - samples/sec: 471.61 - lr: 0.000001 - momentum: 0.000000
2025-10-02 16:19:36,344 epoch 19 - iter 435/1458 - loss 0.00000080 - time (sec): 48.03 - samples/sec: 479.85 - lr: 0.000000 - momentum: 0.000000
2025-10-02 16:19:52,355 epoch 19 - iter 580/1458 - loss 0.00000096 - time (sec): 64.04 - samples/sec: 492.31 - lr: 0.000000 - momentum: 0.000000
2025-10-02 16:20:08,360 epoch 19 - iter 725/1458 - loss 0.00000101 - time (sec): 80.05 - samples/sec: 493.28 - lr: 0.000000 - momentum: 0.000000
2025-10-02 16:20:24,360 epoch 19 - iter 870/1458 - loss 0.00000100 - time (sec): 96.05 - samples/sec: 489.23 - lr: 0.000000 - momentum: 0.000000
2025-10-02 16:20:40,347 epoch 19 - iter 1015/1458 - loss 0.00000097 - time (sec): 112.03 - samples/sec: 488.13 - lr: 0.000000 - momentum: 0.000000
2025-10-02 16:20:56,343 epoch 19 - iter 1160/1458 - loss 0.00000091 - time (sec): 128.03 - samples/sec: 488.76 - lr: 0.000000 - momentum: 0.000000
2025-10-02 16:21:12,324 epoch 19 - iter 1305/1458 - loss 0.00000090 - time (sec): 144.01 - samples/sec: 488.93 - lr: 0.000000 - momentum: 0.000000
2025-10-02 16:21:28,306 epoch 19 - iter 1450/1458 - loss 0.00000100 - time (sec): 159.99 - samples/sec: 489.71 - lr: 0.000000 - momentum: 0.000000
2025-10-02 16:21:29,188 ----------------------------------------------------------------------------------------------------
2025-10-02 16:21:29,188 EPOCH 19 done: loss 0.0000 - lr: 0.000000
2025-10-02 16:21:29,682 DEV : loss 0.011037066578865051 - f1-score (micro avg)  0.8
2025-10-02 16:21:29,716 ----------------------------------------------------------------------------------------------------
2025-10-02 16:21:45,675 epoch 20 - iter 145/1458 - loss 0.00000095 - time (sec): 15.96 - samples/sec: 481.09 - lr: 0.000000 - momentum: 0.000000
2025-10-02 16:22:01,630 epoch 20 - iter 290/1458 - loss 0.00000081 - time (sec): 31.91 - samples/sec: 474.95 - lr: 0.000000 - momentum: 0.000000
2025-10-02 16:22:17,588 epoch 20 - iter 435/1458 - loss 0.00000078 - time (sec): 47.87 - samples/sec: 468.41 - lr: 0.000000 - momentum: 0.000000
2025-10-02 16:22:33,554 epoch 20 - iter 580/1458 - loss 0.00000080 - time (sec): 63.84 - samples/sec: 471.86 - lr: 0.000000 - momentum: 0.000000
2025-10-02 16:22:49,508 epoch 20 - iter 725/1458 - loss 0.00000076 - time (sec): 79.79 - samples/sec: 479.34 - lr: 0.000000 - momentum: 0.000000
2025-10-02 16:23:05,487 epoch 20 - iter 870/1458 - loss 0.00000076 - time (sec): 95.77 - samples/sec: 483.29 - lr: 0.000000 - momentum: 0.000000
2025-10-02 16:23:21,462 epoch 20 - iter 1015/1458 - loss 0.00000075 - time (sec): 111.74 - samples/sec: 483.19 - lr: 0.000000 - momentum: 0.000000
2025-10-02 16:23:37,452 epoch 20 - iter 1160/1458 - loss 0.00000075 - time (sec): 127.73 - samples/sec: 487.14 - lr: 0.000000 - momentum: 0.000000
2025-10-02 16:23:53,430 epoch 20 - iter 1305/1458 - loss 0.00000076 - time (sec): 143.71 - samples/sec: 491.61 - lr: 0.000000 - momentum: 0.000000
2025-10-02 16:24:09,389 epoch 20 - iter 1450/1458 - loss 0.00000076 - time (sec): 159.67 - samples/sec: 491.38 - lr: 0.000000 - momentum: 0.000000
2025-10-02 16:24:10,270 ----------------------------------------------------------------------------------------------------
2025-10-02 16:24:10,271 EPOCH 20 done: loss 0.0000 - lr: 0.000000
2025-10-02 16:24:10,758 DEV : loss 0.011046387255191803 - f1-score (micro avg)  0.8
2025-10-02 16:24:11,201 ----------------------------------------------------------------------------------------------------
2025-10-02 16:24:11,202 Testing using last state of model ...
2025-10-02 16:24:14,499 
Results:
- F-score (micro) 0.9571
- F-score (macro) 0.9571
- Accuracy 0.9178

By class:
              precision    recall  f1-score   support

         LOC     0.9710    0.9437    0.9571        71

   micro avg     0.9710    0.9437    0.9571        71
   macro avg     0.9710    0.9437    0.9571        71
weighted avg     0.9710    0.9437    0.9571        71

2025-10-02 16:24:14,500 ----------------------------------------------------------------------------------------------------
