2025-10-02 18:40:30,408 ----------------------------------------------------------------------------------------------------
2025-10-02 18:40:30,411 Model: "SequenceTagger(
  (embeddings): TransformerWordEmbeddings(
    (model): XLMRobertaModel(
      (embeddings): XLMRobertaEmbeddings(
        (word_embeddings): Embedding(250003, 1024, padding_idx=1)
        (position_embeddings): Embedding(514, 1024, padding_idx=1)
        (token_type_embeddings): Embedding(1, 1024)
        (LayerNorm): LayerNorm((1024,), eps=1e-05, elementwise_affine=True)
        (dropout): Dropout(p=0.1, inplace=False)
      )
      (encoder): XLMRobertaEncoder(
        (layer): ModuleList(
          (0-23): 24 x XLMRobertaLayer(
            (attention): XLMRobertaAttention(
              (self): XLMRobertaSdpaSelfAttention(
                (query): Linear(in_features=1024, out_features=1024, bias=True)
                (key): Linear(in_features=1024, out_features=1024, bias=True)
                (value): Linear(in_features=1024, out_features=1024, bias=True)
                (dropout): Dropout(p=0.1, inplace=False)
              )
              (output): XLMRobertaSelfOutput(
                (dense): Linear(in_features=1024, out_features=1024, bias=True)
                (LayerNorm): LayerNorm((1024,), eps=1e-05, elementwise_affine=True)
                (dropout): Dropout(p=0.1, inplace=False)
              )
            )
            (intermediate): XLMRobertaIntermediate(
              (dense): Linear(in_features=1024, out_features=4096, bias=True)
              (intermediate_act_fn): GELUActivation()
            )
            (output): XLMRobertaOutput(
              (dense): Linear(in_features=4096, out_features=1024, bias=True)
              (LayerNorm): LayerNorm((1024,), eps=1e-05, elementwise_affine=True)
              (dropout): Dropout(p=0.1, inplace=False)
            )
          )
        )
      )
      (pooler): XLMRobertaPooler(
        (dense): Linear(in_features=1024, out_features=1024, bias=True)
        (activation): Tanh()
      )
    )
  )
  (locked_dropout): LockedDropout(p=0.5)
  (linear): Linear(in_features=1024, out_features=9, bias=True)
  (loss_function): CrossEntropyLoss()
)"
2025-10-02 18:40:30,411 ----------------------------------------------------------------------------------------------------
2025-10-02 18:40:30,412 Corpus: 5838 train + 729 dev + 733 test sentences
2025-10-02 18:40:30,412 ----------------------------------------------------------------------------------------------------
2025-10-02 18:40:30,412 Train:  5838 sentences
2025-10-02 18:40:30,412         (train_with_dev=False, train_with_test=False)
2025-10-02 18:40:30,413 ----------------------------------------------------------------------------------------------------
2025-10-02 18:40:30,413 Training Params:
2025-10-02 18:40:30,413  - learning_rate: "5e-06" 
2025-10-02 18:40:30,414  - mini_batch_size: "4"
2025-10-02 18:40:30,414  - max_epochs: "20"
2025-10-02 18:40:30,414  - shuffle: "True"
2025-10-02 18:40:30,414 ----------------------------------------------------------------------------------------------------
2025-10-02 18:40:30,414 Plugins:
2025-10-02 18:40:30,415  - LinearScheduler | warmup_fraction: '0.1'
2025-10-02 18:40:30,415 ----------------------------------------------------------------------------------------------------
2025-10-02 18:40:30,415 Final evaluation on model after last epoch (final-model.pt)
2025-10-02 18:40:30,415  - metric: "('micro avg', 'f1-score')"
2025-10-02 18:40:30,416 ----------------------------------------------------------------------------------------------------
2025-10-02 18:40:30,416 Computation:
2025-10-02 18:40:30,416  - compute on device: cuda:0
2025-10-02 18:40:30,416  - embedding storage: gpu
2025-10-02 18:40:30,417 ----------------------------------------------------------------------------------------------------
2025-10-02 18:40:30,417 Model training base path: "ner_fineTuning_5"
2025-10-02 18:40:30,417 ----------------------------------------------------------------------------------------------------
2025-10-02 18:40:30,417 ----------------------------------------------------------------------------------------------------
2025-10-02 18:41:13,149 epoch 1 - iter 146/1460 - loss 2.38616884 - time (sec): 42.73 - samples/sec: 195.32 - lr: 0.000000 - momentum: 0.000000
2025-10-02 18:41:54,752 epoch 1 - iter 292/1460 - loss 1.82561496 - time (sec): 84.33 - samples/sec: 190.50 - lr: 0.000000 - momentum: 0.000000
2025-10-02 18:42:36,437 epoch 1 - iter 438/1460 - loss 1.31490408 - time (sec): 126.02 - samples/sec: 188.68 - lr: 0.000001 - momentum: 0.000000
2025-10-02 18:43:18,101 epoch 1 - iter 584/1460 - loss 1.01037497 - time (sec): 167.68 - samples/sec: 189.25 - lr: 0.000001 - momentum: 0.000000
2025-10-02 18:43:59,753 epoch 1 - iter 730/1460 - loss 0.82886262 - time (sec): 209.33 - samples/sec: 188.64 - lr: 0.000001 - momentum: 0.000000
2025-10-02 18:44:41,422 epoch 1 - iter 876/1460 - loss 0.70561434 - time (sec): 251.00 - samples/sec: 188.95 - lr: 0.000001 - momentum: 0.000000
2025-10-02 18:45:23,158 epoch 1 - iter 1022/1460 - loss 0.61660182 - time (sec): 292.74 - samples/sec: 189.03 - lr: 0.000002 - momentum: 0.000000
2025-10-02 18:46:04,827 epoch 1 - iter 1168/1460 - loss 0.54704559 - time (sec): 334.41 - samples/sec: 189.14 - lr: 0.000002 - momentum: 0.000000
2025-10-02 18:46:46,518 epoch 1 - iter 1314/1460 - loss 0.49819469 - time (sec): 376.10 - samples/sec: 188.45 - lr: 0.000002 - momentum: 0.000000
2025-10-02 18:47:28,374 epoch 1 - iter 1460/1460 - loss 0.45466880 - time (sec): 417.95 - samples/sec: 188.68 - lr: 0.000002 - momentum: 0.000000
2025-10-02 18:47:28,374 ----------------------------------------------------------------------------------------------------
2025-10-02 18:47:28,375 EPOCH 1 done: loss 0.4547 - lr: 0.000002
2025-10-02 18:47:37,999 DEV : loss 0.07878721505403519 - f1-score (micro avg)  0.8641
2025-10-02 18:47:38,023 ----------------------------------------------------------------------------------------------------
2025-10-02 18:48:19,590 epoch 2 - iter 146/1460 - loss 0.07579493 - time (sec): 41.56 - samples/sec: 188.26 - lr: 0.000003 - momentum: 0.000000
2025-10-02 18:49:01,513 epoch 2 - iter 292/1460 - loss 0.07807563 - time (sec): 83.49 - samples/sec: 188.93 - lr: 0.000003 - momentum: 0.000000
2025-10-02 18:49:43,239 epoch 2 - iter 438/1460 - loss 0.08244303 - time (sec): 125.21 - samples/sec: 190.36 - lr: 0.000003 - momentum: 0.000000
2025-10-02 18:50:24,844 epoch 2 - iter 584/1460 - loss 0.07832094 - time (sec): 166.82 - samples/sec: 189.57 - lr: 0.000003 - momentum: 0.000000
2025-10-02 18:51:06,510 epoch 2 - iter 730/1460 - loss 0.07660826 - time (sec): 208.48 - samples/sec: 186.58 - lr: 0.000004 - momentum: 0.000000
2025-10-02 18:51:48,328 epoch 2 - iter 876/1460 - loss 0.07357678 - time (sec): 250.30 - samples/sec: 189.42 - lr: 0.000004 - momentum: 0.000000
2025-10-02 18:52:30,049 epoch 2 - iter 1022/1460 - loss 0.06947498 - time (sec): 292.02 - samples/sec: 190.33 - lr: 0.000004 - momentum: 0.000000
2025-10-02 18:53:11,742 epoch 2 - iter 1168/1460 - loss 0.06794443 - time (sec): 333.72 - samples/sec: 190.15 - lr: 0.000004 - momentum: 0.000000
2025-10-02 18:53:53,407 epoch 2 - iter 1314/1460 - loss 0.06747424 - time (sec): 375.38 - samples/sec: 190.38 - lr: 0.000005 - momentum: 0.000000
2025-10-02 18:54:34,926 epoch 2 - iter 1460/1460 - loss 0.06808928 - time (sec): 416.90 - samples/sec: 189.16 - lr: 0.000005 - momentum: 0.000000
2025-10-02 18:54:34,927 ----------------------------------------------------------------------------------------------------
2025-10-02 18:54:34,927 EPOCH 2 done: loss 0.0681 - lr: 0.000005
2025-10-02 18:54:35,483 DEV : loss 0.07909657806158066 - f1-score (micro avg)  0.8669
2025-10-02 18:54:35,507 ----------------------------------------------------------------------------------------------------
2025-10-02 18:55:17,464 epoch 3 - iter 146/1460 - loss 0.05658598 - time (sec): 41.95 - samples/sec: 185.61 - lr: 0.000005 - momentum: 0.000000
2025-10-02 18:55:59,249 epoch 3 - iter 292/1460 - loss 0.05249587 - time (sec): 83.74 - samples/sec: 191.34 - lr: 0.000005 - momentum: 0.000000
2025-10-02 18:56:41,149 epoch 3 - iter 438/1460 - loss 0.05490379 - time (sec): 125.64 - samples/sec: 190.31 - lr: 0.000005 - momentum: 0.000000
2025-10-02 18:57:23,044 epoch 3 - iter 584/1460 - loss 0.05605150 - time (sec): 167.53 - samples/sec: 191.89 - lr: 0.000005 - momentum: 0.000000
2025-10-02 18:58:04,883 epoch 3 - iter 730/1460 - loss 0.05639883 - time (sec): 209.37 - samples/sec: 191.72 - lr: 0.000005 - momentum: 0.000000
2025-10-02 18:58:46,818 epoch 3 - iter 876/1460 - loss 0.05546066 - time (sec): 251.31 - samples/sec: 190.91 - lr: 0.000005 - momentum: 0.000000
2025-10-02 18:59:28,771 epoch 3 - iter 1022/1460 - loss 0.05719297 - time (sec): 293.26 - samples/sec: 190.91 - lr: 0.000005 - momentum: 0.000000
2025-10-02 19:00:10,569 epoch 3 - iter 1168/1460 - loss 0.05637322 - time (sec): 335.06 - samples/sec: 190.33 - lr: 0.000005 - momentum: 0.000000
2025-10-02 19:00:52,426 epoch 3 - iter 1314/1460 - loss 0.05585881 - time (sec): 376.92 - samples/sec: 189.76 - lr: 0.000005 - momentum: 0.000000
2025-10-02 19:01:34,087 epoch 3 - iter 1460/1460 - loss 0.05537898 - time (sec): 418.58 - samples/sec: 188.40 - lr: 0.000005 - momentum: 0.000000
2025-10-02 19:01:34,087 ----------------------------------------------------------------------------------------------------
2025-10-02 19:01:34,088 EPOCH 3 done: loss 0.0554 - lr: 0.000005
2025-10-02 19:01:34,645 DEV : loss 0.07929705083370209 - f1-score (micro avg)  0.8669
2025-10-02 19:01:34,668 ----------------------------------------------------------------------------------------------------
2025-10-02 19:02:16,714 epoch 4 - iter 146/1460 - loss 0.05346073 - time (sec): 42.04 - samples/sec: 180.00 - lr: 0.000005 - momentum: 0.000000
2025-10-02 19:02:58,594 epoch 4 - iter 292/1460 - loss 0.04338407 - time (sec): 83.92 - samples/sec: 186.92 - lr: 0.000005 - momentum: 0.000000
2025-10-02 19:03:40,363 epoch 4 - iter 438/1460 - loss 0.04403215 - time (sec): 125.69 - samples/sec: 188.15 - lr: 0.000005 - momentum: 0.000000
2025-10-02 19:04:22,156 epoch 4 - iter 584/1460 - loss 0.04448625 - time (sec): 167.48 - samples/sec: 187.78 - lr: 0.000005 - momentum: 0.000000
2025-10-02 19:05:03,996 epoch 4 - iter 730/1460 - loss 0.04593266 - time (sec): 209.32 - samples/sec: 188.99 - lr: 0.000005 - momentum: 0.000000
2025-10-02 19:05:45,806 epoch 4 - iter 876/1460 - loss 0.04518927 - time (sec): 251.14 - samples/sec: 188.26 - lr: 0.000005 - momentum: 0.000000
2025-10-02 19:06:27,578 epoch 4 - iter 1022/1460 - loss 0.04434856 - time (sec): 292.91 - samples/sec: 188.22 - lr: 0.000005 - momentum: 0.000000
2025-10-02 19:07:09,416 epoch 4 - iter 1168/1460 - loss 0.04569820 - time (sec): 334.75 - samples/sec: 187.29 - lr: 0.000005 - momentum: 0.000000
2025-10-02 19:07:51,338 epoch 4 - iter 1314/1460 - loss 0.04485274 - time (sec): 376.67 - samples/sec: 188.13 - lr: 0.000004 - momentum: 0.000000
2025-10-02 19:08:33,063 epoch 4 - iter 1460/1460 - loss 0.04474416 - time (sec): 418.39 - samples/sec: 188.48 - lr: 0.000004 - momentum: 0.000000
2025-10-02 19:08:33,063 ----------------------------------------------------------------------------------------------------
2025-10-02 19:08:33,064 EPOCH 4 done: loss 0.0447 - lr: 0.000004
2025-10-02 19:08:33,621 DEV : loss 0.07934467494487762 - f1-score (micro avg)  0.8706
2025-10-02 19:08:33,644 ----------------------------------------------------------------------------------------------------
2025-10-02 19:09:15,672 epoch 5 - iter 146/1460 - loss 0.02953300 - time (sec): 42.03 - samples/sec: 190.29 - lr: 0.000004 - momentum: 0.000000
2025-10-02 19:09:57,531 epoch 5 - iter 292/1460 - loss 0.03395257 - time (sec): 83.88 - samples/sec: 188.01 - lr: 0.000004 - momentum: 0.000000
2025-10-02 19:10:39,318 epoch 5 - iter 438/1460 - loss 0.03609205 - time (sec): 125.67 - samples/sec: 187.48 - lr: 0.000004 - momentum: 0.000000
2025-10-02 19:11:21,282 epoch 5 - iter 584/1460 - loss 0.04174838 - time (sec): 167.64 - samples/sec: 187.77 - lr: 0.000004 - momentum: 0.000000
2025-10-02 19:12:03,221 epoch 5 - iter 730/1460 - loss 0.04074595 - time (sec): 209.57 - samples/sec: 185.97 - lr: 0.000004 - momentum: 0.000000
2025-10-02 19:12:45,020 epoch 5 - iter 876/1460 - loss 0.04073463 - time (sec): 251.37 - samples/sec: 185.99 - lr: 0.000004 - momentum: 0.000000
2025-10-02 19:13:26,948 epoch 5 - iter 1022/1460 - loss 0.03823254 - time (sec): 293.30 - samples/sec: 187.24 - lr: 0.000004 - momentum: 0.000000
2025-10-02 19:14:08,766 epoch 5 - iter 1168/1460 - loss 0.03797649 - time (sec): 335.12 - samples/sec: 186.96 - lr: 0.000004 - momentum: 0.000000
2025-10-02 19:14:50,611 epoch 5 - iter 1314/1460 - loss 0.03812537 - time (sec): 376.96 - samples/sec: 187.81 - lr: 0.000004 - momentum: 0.000000
2025-10-02 19:15:32,371 epoch 5 - iter 1460/1460 - loss 0.03766081 - time (sec): 418.72 - samples/sec: 188.33 - lr: 0.000004 - momentum: 0.000000
2025-10-02 19:15:32,372 ----------------------------------------------------------------------------------------------------
2025-10-02 19:15:32,372 EPOCH 5 done: loss 0.0377 - lr: 0.000004
2025-10-02 19:15:32,929 DEV : loss 0.07951932400465012 - f1-score (micro avg)  0.8725
2025-10-02 19:15:32,961 ----------------------------------------------------------------------------------------------------
2025-10-02 19:16:14,965 epoch 6 - iter 146/1460 - loss 0.03984709 - time (sec): 42.00 - samples/sec: 184.83 - lr: 0.000004 - momentum: 0.000000
2025-10-02 19:16:56,781 epoch 6 - iter 292/1460 - loss 0.03329593 - time (sec): 83.82 - samples/sec: 185.52 - lr: 0.000004 - momentum: 0.000000
2025-10-02 19:17:38,522 epoch 6 - iter 438/1460 - loss 0.02811560 - time (sec): 125.56 - samples/sec: 187.88 - lr: 0.000004 - momentum: 0.000000
2025-10-02 19:18:20,290 epoch 6 - iter 584/1460 - loss 0.02826499 - time (sec): 167.33 - samples/sec: 189.22 - lr: 0.000004 - momentum: 0.000000
2025-10-02 19:19:02,067 epoch 6 - iter 730/1460 - loss 0.02939230 - time (sec): 209.10 - samples/sec: 189.83 - lr: 0.000004 - momentum: 0.000000
2025-10-02 19:19:43,862 epoch 6 - iter 876/1460 - loss 0.03087085 - time (sec): 250.90 - samples/sec: 190.73 - lr: 0.000004 - momentum: 0.000000
2025-10-02 19:20:25,564 epoch 6 - iter 1022/1460 - loss 0.03186289 - time (sec): 292.60 - samples/sec: 189.47 - lr: 0.000004 - momentum: 0.000000
2025-10-02 19:21:07,188 epoch 6 - iter 1168/1460 - loss 0.03292001 - time (sec): 334.22 - samples/sec: 188.50 - lr: 0.000004 - momentum: 0.000000
2025-10-02 19:21:48,902 epoch 6 - iter 1314/1460 - loss 0.03152102 - time (sec): 375.94 - samples/sec: 188.55 - lr: 0.000004 - momentum: 0.000000
2025-10-02 19:22:30,430 epoch 6 - iter 1460/1460 - loss 0.03138115 - time (sec): 417.47 - samples/sec: 188.90 - lr: 0.000004 - momentum: 0.000000
2025-10-02 19:22:30,431 ----------------------------------------------------------------------------------------------------
2025-10-02 19:22:30,431 EPOCH 6 done: loss 0.0314 - lr: 0.000004
2025-10-02 19:22:30,987 DEV : loss 0.07973473519086838 - f1-score (micro avg)  0.8725
2025-10-02 19:22:31,010 ----------------------------------------------------------------------------------------------------
2025-10-02 19:23:12,974 epoch 7 - iter 146/1460 - loss 0.02571298 - time (sec): 41.96 - samples/sec: 189.39 - lr: 0.000004 - momentum: 0.000000
2025-10-02 19:23:54,698 epoch 7 - iter 292/1460 - loss 0.02443718 - time (sec): 83.69 - samples/sec: 185.13 - lr: 0.000004 - momentum: 0.000000
2025-10-02 19:24:36,465 epoch 7 - iter 438/1460 - loss 0.02522593 - time (sec): 125.45 - samples/sec: 184.42 - lr: 0.000004 - momentum: 0.000000
2025-10-02 19:25:18,165 epoch 7 - iter 584/1460 - loss 0.02174101 - time (sec): 167.15 - samples/sec: 187.92 - lr: 0.000004 - momentum: 0.000000
2025-10-02 19:25:59,829 epoch 7 - iter 730/1460 - loss 0.02121409 - time (sec): 208.82 - samples/sec: 189.08 - lr: 0.000004 - momentum: 0.000000
2025-10-02 19:26:41,565 epoch 7 - iter 876/1460 - loss 0.02305622 - time (sec): 250.55 - samples/sec: 189.94 - lr: 0.000004 - momentum: 0.000000
2025-10-02 19:27:23,280 epoch 7 - iter 1022/1460 - loss 0.02379012 - time (sec): 292.27 - samples/sec: 188.75 - lr: 0.000004 - momentum: 0.000000
2025-10-02 19:28:04,937 epoch 7 - iter 1168/1460 - loss 0.02349253 - time (sec): 333.92 - samples/sec: 188.74 - lr: 0.000004 - momentum: 0.000000
2025-10-02 19:28:46,640 epoch 7 - iter 1314/1460 - loss 0.02524077 - time (sec): 375.63 - samples/sec: 190.11 - lr: 0.000004 - momentum: 0.000000
2025-10-02 19:29:28,117 epoch 7 - iter 1460/1460 - loss 0.02612476 - time (sec): 417.10 - samples/sec: 189.07 - lr: 0.000004 - momentum: 0.000000
2025-10-02 19:29:28,118 ----------------------------------------------------------------------------------------------------
2025-10-02 19:29:28,119 EPOCH 7 done: loss 0.0261 - lr: 0.000004
2025-10-02 19:29:28,674 DEV : loss 0.07988599687814713 - f1-score (micro avg)  0.8714
2025-10-02 19:29:28,702 ----------------------------------------------------------------------------------------------------
2025-10-02 19:30:10,557 epoch 8 - iter 146/1460 - loss 0.03117119 - time (sec): 41.85 - samples/sec: 184.68 - lr: 0.000004 - momentum: 0.000000
2025-10-02 19:30:52,282 epoch 8 - iter 292/1460 - loss 0.02519231 - time (sec): 83.58 - samples/sec: 182.93 - lr: 0.000004 - momentum: 0.000000
2025-10-02 19:31:33,993 epoch 8 - iter 438/1460 - loss 0.02708021 - time (sec): 125.29 - samples/sec: 186.90 - lr: 0.000004 - momentum: 0.000000
2025-10-02 19:32:15,679 epoch 8 - iter 584/1460 - loss 0.02808401 - time (sec): 166.97 - samples/sec: 189.47 - lr: 0.000004 - momentum: 0.000000
2025-10-02 19:32:57,343 epoch 8 - iter 730/1460 - loss 0.02697524 - time (sec): 208.64 - samples/sec: 189.09 - lr: 0.000003 - momentum: 0.000000
2025-10-02 19:33:39,022 epoch 8 - iter 876/1460 - loss 0.02555110 - time (sec): 250.32 - samples/sec: 189.11 - lr: 0.000003 - momentum: 0.000000
2025-10-02 19:34:20,713 epoch 8 - iter 1022/1460 - loss 0.02593709 - time (sec): 292.01 - samples/sec: 188.12 - lr: 0.000003 - momentum: 0.000000
2025-10-02 19:35:02,367 epoch 8 - iter 1168/1460 - loss 0.02513628 - time (sec): 333.66 - samples/sec: 188.28 - lr: 0.000003 - momentum: 0.000000
2025-10-02 19:35:44,027 epoch 8 - iter 1314/1460 - loss 0.02458474 - time (sec): 375.32 - samples/sec: 187.39 - lr: 0.000003 - momentum: 0.000000
2025-10-02 19:36:25,679 epoch 8 - iter 1460/1460 - loss 0.02514355 - time (sec): 416.97 - samples/sec: 189.12 - lr: 0.000003 - momentum: 0.000000
2025-10-02 19:36:25,680 ----------------------------------------------------------------------------------------------------
2025-10-02 19:36:25,680 EPOCH 8 done: loss 0.0251 - lr: 0.000003
2025-10-02 19:36:26,239 DEV : loss 0.07997236400842667 - f1-score (micro avg)  0.8714
2025-10-02 19:36:26,262 ----------------------------------------------------------------------------------------------------
2025-10-02 19:37:08,306 epoch 9 - iter 146/1460 - loss 0.01636834 - time (sec): 42.04 - samples/sec: 187.22 - lr: 0.000003 - momentum: 0.000000
2025-10-02 19:37:50,138 epoch 9 - iter 292/1460 - loss 0.02230949 - time (sec): 83.87 - samples/sec: 188.18 - lr: 0.000003 - momentum: 0.000000
2025-10-02 19:38:31,995 epoch 9 - iter 438/1460 - loss 0.02463090 - time (sec): 125.73 - samples/sec: 185.10 - lr: 0.000003 - momentum: 0.000000
2025-10-02 19:39:13,728 epoch 9 - iter 584/1460 - loss 0.02282247 - time (sec): 167.46 - samples/sec: 186.26 - lr: 0.000003 - momentum: 0.000000
2025-10-02 19:39:55,412 epoch 9 - iter 730/1460 - loss 0.02142275 - time (sec): 209.15 - samples/sec: 187.70 - lr: 0.000003 - momentum: 0.000000
2025-10-02 19:40:37,167 epoch 9 - iter 876/1460 - loss 0.02066816 - time (sec): 250.90 - samples/sec: 188.68 - lr: 0.000003 - momentum: 0.000000
2025-10-02 19:41:18,951 epoch 9 - iter 1022/1460 - loss 0.01967711 - time (sec): 292.69 - samples/sec: 187.90 - lr: 0.000003 - momentum: 0.000000
2025-10-02 19:42:00,681 epoch 9 - iter 1168/1460 - loss 0.01866672 - time (sec): 334.42 - samples/sec: 187.23 - lr: 0.000003 - momentum: 0.000000
2025-10-02 19:42:42,473 epoch 9 - iter 1314/1460 - loss 0.01930615 - time (sec): 376.21 - samples/sec: 188.51 - lr: 0.000003 - momentum: 0.000000
2025-10-02 19:43:24,067 epoch 9 - iter 1460/1460 - loss 0.01882892 - time (sec): 417.80 - samples/sec: 188.75 - lr: 0.000003 - momentum: 0.000000
2025-10-02 19:43:24,067 ----------------------------------------------------------------------------------------------------
2025-10-02 19:43:24,068 EPOCH 9 done: loss 0.0188 - lr: 0.000003
2025-10-02 19:43:24,627 DEV : loss 0.08012614399194717 - f1-score (micro avg)  0.8714
2025-10-02 19:43:24,658 ----------------------------------------------------------------------------------------------------
2025-10-02 19:44:06,551 epoch 10 - iter 146/1460 - loss 0.01784021 - time (sec): 41.89 - samples/sec: 177.89 - lr: 0.000003 - momentum: 0.000000
2025-10-02 19:44:48,311 epoch 10 - iter 292/1460 - loss 0.01693775 - time (sec): 83.65 - samples/sec: 191.57 - lr: 0.000003 - momentum: 0.000000
2025-10-02 19:45:30,041 epoch 10 - iter 438/1460 - loss 0.01687927 - time (sec): 125.38 - samples/sec: 186.97 - lr: 0.000003 - momentum: 0.000000
2025-10-02 19:46:11,738 epoch 10 - iter 584/1460 - loss 0.01990265 - time (sec): 167.08 - samples/sec: 187.89 - lr: 0.000003 - momentum: 0.000000
2025-10-02 19:46:53,564 epoch 10 - iter 730/1460 - loss 0.01806517 - time (sec): 208.90 - samples/sec: 190.35 - lr: 0.000003 - momentum: 0.000000
2025-10-02 19:47:35,301 epoch 10 - iter 876/1460 - loss 0.01749741 - time (sec): 250.64 - samples/sec: 190.10 - lr: 0.000003 - momentum: 0.000000
2025-10-02 19:48:17,036 epoch 10 - iter 1022/1460 - loss 0.01779795 - time (sec): 292.38 - samples/sec: 188.34 - lr: 0.000003 - momentum: 0.000000
2025-10-02 19:48:58,744 epoch 10 - iter 1168/1460 - loss 0.01790979 - time (sec): 334.08 - samples/sec: 187.92 - lr: 0.000003 - momentum: 0.000000
2025-10-02 19:49:40,514 epoch 10 - iter 1314/1460 - loss 0.01704360 - time (sec): 375.85 - samples/sec: 188.07 - lr: 0.000003 - momentum: 0.000000
2025-10-02 19:50:22,221 epoch 10 - iter 1460/1460 - loss 0.01708801 - time (sec): 417.56 - samples/sec: 188.86 - lr: 0.000003 - momentum: 0.000000
2025-10-02 19:50:22,222 ----------------------------------------------------------------------------------------------------
2025-10-02 19:50:22,222 EPOCH 10 done: loss 0.0171 - lr: 0.000003
2025-10-02 19:50:22,775 DEV : loss 0.08020706474781036 - f1-score (micro avg)  0.8714
2025-10-02 19:50:22,808 ----------------------------------------------------------------------------------------------------
2025-10-02 19:51:04,778 epoch 11 - iter 146/1460 - loss 0.02711197 - time (sec): 41.97 - samples/sec: 182.29 - lr: 0.000003 - momentum: 0.000000
2025-10-02 19:51:46,574 epoch 11 - iter 292/1460 - loss 0.02176141 - time (sec): 83.76 - samples/sec: 184.52 - lr: 0.000003 - momentum: 0.000000
2025-10-02 19:52:28,377 epoch 11 - iter 438/1460 - loss 0.01701524 - time (sec): 125.57 - samples/sec: 182.20 - lr: 0.000003 - momentum: 0.000000
2025-10-02 19:53:10,224 epoch 11 - iter 584/1460 - loss 0.01700857 - time (sec): 167.41 - samples/sec: 184.63 - lr: 0.000003 - momentum: 0.000000
2025-10-02 19:53:52,115 epoch 11 - iter 730/1460 - loss 0.01510140 - time (sec): 209.30 - samples/sec: 186.50 - lr: 0.000003 - momentum: 0.000000
2025-10-02 19:54:33,887 epoch 11 - iter 876/1460 - loss 0.01425081 - time (sec): 251.08 - samples/sec: 187.29 - lr: 0.000003 - momentum: 0.000000
2025-10-02 19:55:15,687 epoch 11 - iter 1022/1460 - loss 0.01312806 - time (sec): 292.88 - samples/sec: 187.75 - lr: 0.000003 - momentum: 0.000000
2025-10-02 19:55:57,380 epoch 11 - iter 1168/1460 - loss 0.01361190 - time (sec): 334.57 - samples/sec: 187.27 - lr: 0.000003 - momentum: 0.000000
2025-10-02 19:56:39,165 epoch 11 - iter 1314/1460 - loss 0.01351479 - time (sec): 376.35 - samples/sec: 187.22 - lr: 0.000003 - momentum: 0.000000
2025-10-02 19:57:20,875 epoch 11 - iter 1460/1460 - loss 0.01343693 - time (sec): 418.06 - samples/sec: 188.63 - lr: 0.000003 - momentum: 0.000000
2025-10-02 19:57:20,876 ----------------------------------------------------------------------------------------------------
2025-10-02 19:57:20,876 EPOCH 11 done: loss 0.0134 - lr: 0.000003
2025-10-02 19:57:21,431 DEV : loss 0.08028867095708847 - f1-score (micro avg)  0.8714
2025-10-02 19:57:21,464 ----------------------------------------------------------------------------------------------------
2025-10-02 19:58:03,423 epoch 12 - iter 146/1460 - loss 0.01476423 - time (sec): 41.96 - samples/sec: 181.04 - lr: 0.000002 - momentum: 0.000000
2025-10-02 19:58:45,165 epoch 12 - iter 292/1460 - loss 0.01022886 - time (sec): 83.70 - samples/sec: 188.98 - lr: 0.000002 - momentum: 0.000000
2025-10-02 19:59:26,849 epoch 12 - iter 438/1460 - loss 0.01251501 - time (sec): 125.38 - samples/sec: 186.95 - lr: 0.000002 - momentum: 0.000000
2025-10-02 20:00:08,579 epoch 12 - iter 584/1460 - loss 0.01161931 - time (sec): 167.11 - samples/sec: 186.84 - lr: 0.000002 - momentum: 0.000000
2025-10-02 20:00:50,334 epoch 12 - iter 730/1460 - loss 0.01287154 - time (sec): 208.87 - samples/sec: 185.33 - lr: 0.000002 - momentum: 0.000000
2025-10-02 20:01:32,207 epoch 12 - iter 876/1460 - loss 0.01397469 - time (sec): 250.74 - samples/sec: 184.62 - lr: 0.000002 - momentum: 0.000000
2025-10-02 20:02:14,153 epoch 12 - iter 1022/1460 - loss 0.01241583 - time (sec): 292.69 - samples/sec: 187.79 - lr: 0.000002 - momentum: 0.000000
2025-10-02 20:02:56,031 epoch 12 - iter 1168/1460 - loss 0.01312303 - time (sec): 334.56 - samples/sec: 188.22 - lr: 0.000002 - momentum: 0.000000
2025-10-02 20:03:37,773 epoch 12 - iter 1314/1460 - loss 0.01368079 - time (sec): 376.31 - samples/sec: 188.64 - lr: 0.000002 - momentum: 0.000000
2025-10-02 20:04:19,512 epoch 12 - iter 1460/1460 - loss 0.01301109 - time (sec): 418.05 - samples/sec: 188.64 - lr: 0.000002 - momentum: 0.000000
2025-10-02 20:04:19,513 ----------------------------------------------------------------------------------------------------
2025-10-02 20:04:19,513 EPOCH 12 done: loss 0.0130 - lr: 0.000002
2025-10-02 20:04:20,068 DEV : loss 0.08039546757936478 - f1-score (micro avg)  0.8714
2025-10-02 20:04:20,100 ----------------------------------------------------------------------------------------------------
2025-10-02 20:05:02,103 epoch 13 - iter 146/1460 - loss 0.01295322 - time (sec): 42.00 - samples/sec: 177.00 - lr: 0.000002 - momentum: 0.000000
2025-10-02 20:05:43,894 epoch 13 - iter 292/1460 - loss 0.01668966 - time (sec): 83.79 - samples/sec: 181.25 - lr: 0.000002 - momentum: 0.000000
2025-10-02 20:06:25,656 epoch 13 - iter 438/1460 - loss 0.01615748 - time (sec): 125.55 - samples/sec: 186.30 - lr: 0.000002 - momentum: 0.000000
2025-10-02 20:07:07,432 epoch 13 - iter 584/1460 - loss 0.01477192 - time (sec): 167.33 - samples/sec: 187.83 - lr: 0.000002 - momentum: 0.000000
2025-10-02 20:07:49,238 epoch 13 - iter 730/1460 - loss 0.01392999 - time (sec): 209.14 - samples/sec: 186.70 - lr: 0.000002 - momentum: 0.000000
2025-10-02 20:08:30,986 epoch 13 - iter 876/1460 - loss 0.01320388 - time (sec): 250.88 - samples/sec: 187.38 - lr: 0.000002 - momentum: 0.000000
2025-10-02 20:09:12,759 epoch 13 - iter 1022/1460 - loss 0.01247914 - time (sec): 292.66 - samples/sec: 187.75 - lr: 0.000002 - momentum: 0.000000
2025-10-02 20:09:54,629 epoch 13 - iter 1168/1460 - loss 0.01197047 - time (sec): 334.53 - samples/sec: 188.35 - lr: 0.000002 - momentum: 0.000000
2025-10-02 20:10:36,336 epoch 13 - iter 1314/1460 - loss 0.01146536 - time (sec): 376.23 - samples/sec: 188.13 - lr: 0.000002 - momentum: 0.000000
2025-10-02 20:11:17,944 epoch 13 - iter 1460/1460 - loss 0.01148032 - time (sec): 417.84 - samples/sec: 188.73 - lr: 0.000002 - momentum: 0.000000
2025-10-02 20:11:17,945 ----------------------------------------------------------------------------------------------------
2025-10-02 20:11:17,945 EPOCH 13 done: loss 0.0115 - lr: 0.000002
2025-10-02 20:11:18,501 DEV : loss 0.08046429604291916 - f1-score (micro avg)  0.8714
2025-10-02 20:11:18,532 ----------------------------------------------------------------------------------------------------
2025-10-02 20:12:00,233 epoch 14 - iter 146/1460 - loss 0.00926148 - time (sec): 41.70 - samples/sec: 189.02 - lr: 0.000002 - momentum: 0.000000
2025-10-02 20:12:41,691 epoch 14 - iter 292/1460 - loss 0.01031935 - time (sec): 83.16 - samples/sec: 191.55 - lr: 0.000002 - momentum: 0.000000
2025-10-02 20:13:23,153 epoch 14 - iter 438/1460 - loss 0.01043236 - time (sec): 124.62 - samples/sec: 196.10 - lr: 0.000002 - momentum: 0.000000
2025-10-02 20:14:04,587 epoch 14 - iter 584/1460 - loss 0.00935420 - time (sec): 166.05 - samples/sec: 194.69 - lr: 0.000002 - momentum: 0.000000
2025-10-02 20:14:45,918 epoch 14 - iter 730/1460 - loss 0.00893498 - time (sec): 207.38 - samples/sec: 193.17 - lr: 0.000002 - momentum: 0.000000
2025-10-02 20:15:27,260 epoch 14 - iter 876/1460 - loss 0.00963132 - time (sec): 248.72 - samples/sec: 192.59 - lr: 0.000002 - momentum: 0.000000
2025-10-02 20:16:08,728 epoch 14 - iter 1022/1460 - loss 0.01017761 - time (sec): 290.19 - samples/sec: 191.63 - lr: 0.000002 - momentum: 0.000000
2025-10-02 20:16:50,241 epoch 14 - iter 1168/1460 - loss 0.00966376 - time (sec): 331.71 - samples/sec: 191.18 - lr: 0.000002 - momentum: 0.000000
2025-10-02 20:17:31,654 epoch 14 - iter 1314/1460 - loss 0.00944434 - time (sec): 373.12 - samples/sec: 190.57 - lr: 0.000002 - momentum: 0.000000
2025-10-02 20:18:12,969 epoch 14 - iter 1460/1460 - loss 0.00879804 - time (sec): 414.43 - samples/sec: 190.28 - lr: 0.000002 - momentum: 0.000000
2025-10-02 20:18:12,969 ----------------------------------------------------------------------------------------------------
2025-10-02 20:18:12,970 EPOCH 14 done: loss 0.0088 - lr: 0.000002
2025-10-02 20:18:13,526 DEV : loss 0.08055588603019714 - f1-score (micro avg)  0.8714
2025-10-02 20:18:13,558 ----------------------------------------------------------------------------------------------------
2025-10-02 20:18:55,181 epoch 15 - iter 146/1460 - loss 0.01227035 - time (sec): 41.62 - samples/sec: 181.23 - lr: 0.000002 - momentum: 0.000000
2025-10-02 20:19:36,524 epoch 15 - iter 292/1460 - loss 0.00919513 - time (sec): 82.96 - samples/sec: 178.68 - lr: 0.000002 - momentum: 0.000000
2025-10-02 20:20:17,914 epoch 15 - iter 438/1460 - loss 0.00872784 - time (sec): 124.35 - samples/sec: 181.58 - lr: 0.000002 - momentum: 0.000000
2025-10-02 20:20:59,303 epoch 15 - iter 584/1460 - loss 0.00905693 - time (sec): 165.74 - samples/sec: 182.22 - lr: 0.000002 - momentum: 0.000000
2025-10-02 20:21:40,642 epoch 15 - iter 730/1460 - loss 0.00887879 - time (sec): 207.08 - samples/sec: 185.35 - lr: 0.000002 - momentum: 0.000000
2025-10-02 20:22:22,075 epoch 15 - iter 876/1460 - loss 0.00863638 - time (sec): 248.51 - samples/sec: 187.42 - lr: 0.000002 - momentum: 0.000000
2025-10-02 20:23:03,437 epoch 15 - iter 1022/1460 - loss 0.00872039 - time (sec): 289.88 - samples/sec: 189.29 - lr: 0.000001 - momentum: 0.000000
2025-10-02 20:23:44,779 epoch 15 - iter 1168/1460 - loss 0.00787990 - time (sec): 331.22 - samples/sec: 190.25 - lr: 0.000001 - momentum: 0.000000
2025-10-02 20:24:26,184 epoch 15 - iter 1314/1460 - loss 0.00819210 - time (sec): 372.62 - samples/sec: 189.99 - lr: 0.000001 - momentum: 0.000000
2025-10-02 20:25:07,331 epoch 15 - iter 1460/1460 - loss 0.00860730 - time (sec): 413.77 - samples/sec: 190.59 - lr: 0.000001 - momentum: 0.000000
2025-10-02 20:25:07,331 ----------------------------------------------------------------------------------------------------
2025-10-02 20:25:07,332 EPOCH 15 done: loss 0.0086 - lr: 0.000001
2025-10-02 20:25:07,887 DEV : loss 0.08059041202068329 - f1-score (micro avg)  0.8714
2025-10-02 20:25:07,920 ----------------------------------------------------------------------------------------------------
2025-10-02 20:25:49,478 epoch 16 - iter 146/1460 - loss 0.01500002 - time (sec): 41.56 - samples/sec: 181.42 - lr: 0.000001 - momentum: 0.000000
2025-10-02 20:26:30,821 epoch 16 - iter 292/1460 - loss 0.01248720 - time (sec): 82.90 - samples/sec: 187.28 - lr: 0.000001 - momentum: 0.000000
2025-10-02 20:27:12,192 epoch 16 - iter 438/1460 - loss 0.01014964 - time (sec): 124.27 - samples/sec: 185.82 - lr: 0.000001 - momentum: 0.000000
2025-10-02 20:27:53,523 epoch 16 - iter 584/1460 - loss 0.00934787 - time (sec): 165.60 - samples/sec: 187.18 - lr: 0.000001 - momentum: 0.000000
2025-10-02 20:28:34,849 epoch 16 - iter 730/1460 - loss 0.00875681 - time (sec): 206.93 - samples/sec: 188.92 - lr: 0.000001 - momentum: 0.000000
2025-10-02 20:29:16,139 epoch 16 - iter 876/1460 - loss 0.00790765 - time (sec): 248.22 - samples/sec: 189.70 - lr: 0.000001 - momentum: 0.000000
2025-10-02 20:29:57,588 epoch 16 - iter 1022/1460 - loss 0.00779191 - time (sec): 289.66 - samples/sec: 190.71 - lr: 0.000001 - momentum: 0.000000
2025-10-02 20:30:39,042 epoch 16 - iter 1168/1460 - loss 0.00774744 - time (sec): 331.12 - samples/sec: 190.12 - lr: 0.000001 - momentum: 0.000000
2025-10-02 20:31:20,515 epoch 16 - iter 1314/1460 - loss 0.00739946 - time (sec): 372.59 - samples/sec: 190.50 - lr: 0.000001 - momentum: 0.000000
2025-10-02 20:32:01,861 epoch 16 - iter 1460/1460 - loss 0.00740180 - time (sec): 413.94 - samples/sec: 190.51 - lr: 0.000001 - momentum: 0.000000
2025-10-02 20:32:01,862 ----------------------------------------------------------------------------------------------------
2025-10-02 20:32:01,862 EPOCH 16 done: loss 0.0074 - lr: 0.000001
2025-10-02 20:32:02,416 DEV : loss 0.08066917955875397 - f1-score (micro avg)  0.8714
2025-10-02 20:32:02,439 ----------------------------------------------------------------------------------------------------
2025-10-02 20:32:44,028 epoch 17 - iter 146/1460 - loss 0.00177018 - time (sec): 41.59 - samples/sec: 183.98 - lr: 0.000001 - momentum: 0.000000
2025-10-02 20:33:25,532 epoch 17 - iter 292/1460 - loss 0.00314604 - time (sec): 83.09 - samples/sec: 194.79 - lr: 0.000001 - momentum: 0.000000
2025-10-02 20:34:07,061 epoch 17 - iter 438/1460 - loss 0.00397221 - time (sec): 124.62 - samples/sec: 191.76 - lr: 0.000001 - momentum: 0.000000
2025-10-02 20:34:48,422 epoch 17 - iter 584/1460 - loss 0.00424907 - time (sec): 165.98 - samples/sec: 189.49 - lr: 0.000001 - momentum: 0.000000
2025-10-02 20:35:29,899 epoch 17 - iter 730/1460 - loss 0.00530671 - time (sec): 207.46 - samples/sec: 189.31 - lr: 0.000001 - momentum: 0.000000
2025-10-02 20:36:11,287 epoch 17 - iter 876/1460 - loss 0.00538477 - time (sec): 248.85 - samples/sec: 188.49 - lr: 0.000001 - momentum: 0.000000
2025-10-02 20:36:52,798 epoch 17 - iter 1022/1460 - loss 0.00511791 - time (sec): 290.36 - samples/sec: 187.85 - lr: 0.000001 - momentum: 0.000000
2025-10-02 20:37:34,259 epoch 17 - iter 1168/1460 - loss 0.00548098 - time (sec): 331.82 - samples/sec: 188.05 - lr: 0.000001 - momentum: 0.000000
2025-10-02 20:38:15,706 epoch 17 - iter 1314/1460 - loss 0.00530707 - time (sec): 373.26 - samples/sec: 188.23 - lr: 0.000001 - momentum: 0.000000
2025-10-02 20:38:57,056 epoch 17 - iter 1460/1460 - loss 0.00526661 - time (sec): 414.62 - samples/sec: 190.20 - lr: 0.000001 - momentum: 0.000000
2025-10-02 20:38:57,057 ----------------------------------------------------------------------------------------------------
2025-10-02 20:38:57,058 EPOCH 17 done: loss 0.0053 - lr: 0.000001
2025-10-02 20:38:57,610 DEV : loss 0.08075258880853653 - f1-score (micro avg)  0.8714
2025-10-02 20:38:57,634 ----------------------------------------------------------------------------------------------------
2025-10-02 20:39:39,350 epoch 18 - iter 146/1460 - loss 0.00893785 - time (sec): 41.71 - samples/sec: 188.33 - lr: 0.000001 - momentum: 0.000000
2025-10-02 20:40:20,724 epoch 18 - iter 292/1460 - loss 0.00552511 - time (sec): 83.09 - samples/sec: 193.57 - lr: 0.000001 - momentum: 0.000000
2025-10-02 20:41:02,226 epoch 18 - iter 438/1460 - loss 0.00558644 - time (sec): 124.59 - samples/sec: 193.91 - lr: 0.000001 - momentum: 0.000000
2025-10-02 20:41:43,638 epoch 18 - iter 584/1460 - loss 0.00462871 - time (sec): 166.00 - samples/sec: 190.23 - lr: 0.000001 - momentum: 0.000000
2025-10-02 20:42:25,111 epoch 18 - iter 730/1460 - loss 0.00399784 - time (sec): 207.47 - samples/sec: 189.75 - lr: 0.000001 - momentum: 0.000000
2025-10-02 20:43:06,520 epoch 18 - iter 876/1460 - loss 0.00419657 - time (sec): 248.88 - samples/sec: 190.65 - lr: 0.000001 - momentum: 0.000000
2025-10-02 20:43:47,976 epoch 18 - iter 1022/1460 - loss 0.00437512 - time (sec): 290.34 - samples/sec: 188.90 - lr: 0.000001 - momentum: 0.000000
2025-10-02 20:44:29,347 epoch 18 - iter 1168/1460 - loss 0.00433757 - time (sec): 331.71 - samples/sec: 189.09 - lr: 0.000001 - momentum: 0.000000
2025-10-02 20:45:10,855 epoch 18 - iter 1314/1460 - loss 0.00500488 - time (sec): 373.22 - samples/sec: 189.94 - lr: 0.000001 - momentum: 0.000000
2025-10-02 20:45:52,238 epoch 18 - iter 1460/1460 - loss 0.00495603 - time (sec): 414.60 - samples/sec: 190.21 - lr: 0.000001 - momentum: 0.000000
2025-10-02 20:45:52,239 ----------------------------------------------------------------------------------------------------
2025-10-02 20:45:52,239 EPOCH 18 done: loss 0.0050 - lr: 0.000001
2025-10-02 20:45:52,789 DEV : loss 0.0807972326874733 - f1-score (micro avg)  0.8714
2025-10-02 20:45:52,813 ----------------------------------------------------------------------------------------------------
2025-10-02 20:46:34,547 epoch 19 - iter 146/1460 - loss 0.00342891 - time (sec): 41.73 - samples/sec: 195.22 - lr: 0.000001 - momentum: 0.000000
2025-10-02 20:47:16,019 epoch 19 - iter 292/1460 - loss 0.00357757 - time (sec): 83.20 - samples/sec: 189.78 - lr: 0.000001 - momentum: 0.000000
2025-10-02 20:47:57,583 epoch 19 - iter 438/1460 - loss 0.00484800 - time (sec): 124.77 - samples/sec: 191.04 - lr: 0.000000 - momentum: 0.000000
2025-10-02 20:48:39,058 epoch 19 - iter 584/1460 - loss 0.00470980 - time (sec): 166.24 - samples/sec: 190.25 - lr: 0.000000 - momentum: 0.000000
2025-10-02 20:49:20,550 epoch 19 - iter 730/1460 - loss 0.00507957 - time (sec): 207.73 - samples/sec: 189.07 - lr: 0.000000 - momentum: 0.000000
2025-10-02 20:50:01,974 epoch 19 - iter 876/1460 - loss 0.00534014 - time (sec): 249.16 - samples/sec: 189.29 - lr: 0.000000 - momentum: 0.000000
2025-10-02 20:50:43,516 epoch 19 - iter 1022/1460 - loss 0.00523444 - time (sec): 290.70 - samples/sec: 189.77 - lr: 0.000000 - momentum: 0.000000
2025-10-02 20:51:25,008 epoch 19 - iter 1168/1460 - loss 0.00476746 - time (sec): 332.19 - samples/sec: 189.33 - lr: 0.000000 - momentum: 0.000000
2025-10-02 20:52:06,499 epoch 19 - iter 1314/1460 - loss 0.00486478 - time (sec): 373.68 - samples/sec: 189.10 - lr: 0.000000 - momentum: 0.000000
2025-10-02 20:52:47,871 epoch 19 - iter 1460/1460 - loss 0.00447007 - time (sec): 415.06 - samples/sec: 190.00 - lr: 0.000000 - momentum: 0.000000
2025-10-02 20:52:47,871 ----------------------------------------------------------------------------------------------------
2025-10-02 20:52:47,872 EPOCH 19 done: loss 0.0045 - lr: 0.000000
2025-10-02 20:52:48,428 DEV : loss 0.08083289861679077 - f1-score (micro avg)  0.8714
2025-10-02 20:52:48,458 ----------------------------------------------------------------------------------------------------
2025-10-02 20:53:30,297 epoch 20 - iter 146/1460 - loss 0.00739642 - time (sec): 41.84 - samples/sec: 184.98 - lr: 0.000000 - momentum: 0.000000
2025-10-02 20:54:11,916 epoch 20 - iter 292/1460 - loss 0.00527343 - time (sec): 83.46 - samples/sec: 190.20 - lr: 0.000000 - momentum: 0.000000
2025-10-02 20:54:53,441 epoch 20 - iter 438/1460 - loss 0.00453862 - time (sec): 124.98 - samples/sec: 189.72 - lr: 0.000000 - momentum: 0.000000
2025-10-02 20:55:34,985 epoch 20 - iter 584/1460 - loss 0.00374817 - time (sec): 166.52 - samples/sec: 189.75 - lr: 0.000000 - momentum: 0.000000
2025-10-02 20:56:16,499 epoch 20 - iter 730/1460 - loss 0.00353625 - time (sec): 208.04 - samples/sec: 188.89 - lr: 0.000000 - momentum: 0.000000
2025-10-02 20:56:58,050 epoch 20 - iter 876/1460 - loss 0.00300779 - time (sec): 249.59 - samples/sec: 190.30 - lr: 0.000000 - momentum: 0.000000
2025-10-02 20:57:39,513 epoch 20 - iter 1022/1460 - loss 0.00349069 - time (sec): 291.05 - samples/sec: 189.08 - lr: 0.000000 - momentum: 0.000000
2025-10-02 20:58:21,074 epoch 20 - iter 1168/1460 - loss 0.00362884 - time (sec): 332.61 - samples/sec: 190.28 - lr: 0.000000 - momentum: 0.000000
2025-10-02 20:59:02,635 epoch 20 - iter 1314/1460 - loss 0.00399950 - time (sec): 374.17 - samples/sec: 189.72 - lr: 0.000000 - momentum: 0.000000
2025-10-02 20:59:44,096 epoch 20 - iter 1460/1460 - loss 0.00408842 - time (sec): 415.64 - samples/sec: 189.73 - lr: 0.000000 - momentum: 0.000000
2025-10-02 20:59:44,097 ----------------------------------------------------------------------------------------------------
2025-10-02 20:59:44,097 EPOCH 20 done: loss 0.0041 - lr: 0.000000
2025-10-02 20:59:44,651 DEV : loss 0.08084606379270554 - f1-score (micro avg)  0.8714
2025-10-02 20:59:46,614 ----------------------------------------------------------------------------------------------------
2025-10-02 20:59:46,616 Testing using last state of model ...
2025-10-02 20:59:56,607 
Results:
- F-score (micro) 0.883
- F-score (macro) 0.8527
- Accuracy 0.8084

By class:
              precision    recall  f1-score   support

         PER     0.8812    0.9067    0.8938       450
         LOC     0.8000    0.8235    0.8116        68

   micro avg     0.8705    0.8958    0.8830       518
   macro avg     0.8406    0.8651    0.8527       518
weighted avg     0.8705    0.8958    0.8830       518

2025-10-02 20:59:56,608 ----------------------------------------------------------------------------------------------------
