2025-10-02 18:40:30,411 ----------------------------------------------------------------------------------------------------
2025-10-02 18:40:30,413 Model: "SequenceTagger(
  (embeddings): TransformerWordEmbeddings(
    (model): RobertaModel(
      (embeddings): RobertaEmbeddings(
        (word_embeddings): Embedding(52001, 768, padding_idx=1)
        (position_embeddings): Embedding(512, 768, padding_idx=1)
        (token_type_embeddings): Embedding(2, 768)
        (LayerNorm): LayerNorm((768,), eps=1e-12, elementwise_affine=True)
        (dropout): Dropout(p=0.1, inplace=False)
      )
      (encoder): RobertaEncoder(
        (layer): ModuleList(
          (0-11): 12 x RobertaLayer(
            (attention): RobertaAttention(
              (self): RobertaSdpaSelfAttention(
                (query): Linear(in_features=768, out_features=768, bias=True)
                (key): Linear(in_features=768, out_features=768, bias=True)
                (value): Linear(in_features=768, out_features=768, bias=True)
                (dropout): Dropout(p=0.1, inplace=False)
              )
              (output): RobertaSelfOutput(
                (dense): Linear(in_features=768, out_features=768, bias=True)
                (LayerNorm): LayerNorm((768,), eps=1e-12, elementwise_affine=True)
                (dropout): Dropout(p=0.1, inplace=False)
              )
            )
            (intermediate): RobertaIntermediate(
              (dense): Linear(in_features=768, out_features=3072, bias=True)
              (intermediate_act_fn): GELUActivation()
            )
            (output): RobertaOutput(
              (dense): Linear(in_features=3072, out_features=768, bias=True)
              (LayerNorm): LayerNorm((768,), eps=1e-12, elementwise_affine=True)
              (dropout): Dropout(p=0.1, inplace=False)
            )
          )
        )
      )
      (pooler): RobertaPooler(
        (dense): Linear(in_features=768, out_features=768, bias=True)
        (activation): Tanh()
      )
    )
  )
  (locked_dropout): LockedDropout(p=0.5)
  (linear): Linear(in_features=768, out_features=9, bias=True)
  (loss_function): CrossEntropyLoss()
)"
2025-10-02 18:40:30,413 ----------------------------------------------------------------------------------------------------
2025-10-02 18:40:30,413 Corpus: 5838 train + 729 dev + 733 test sentences
2025-10-02 18:40:30,414 ----------------------------------------------------------------------------------------------------
2025-10-02 18:40:30,414 Train:  5838 sentences
2025-10-02 18:40:30,414         (train_with_dev=False, train_with_test=False)
2025-10-02 18:40:30,414 ----------------------------------------------------------------------------------------------------
2025-10-02 18:40:30,415 Training Params:
2025-10-02 18:40:30,415  - learning_rate: "5e-06" 
2025-10-02 18:40:30,415  - mini_batch_size: "4"
2025-10-02 18:40:30,415  - max_epochs: "20"
2025-10-02 18:40:30,415  - shuffle: "True"
2025-10-02 18:40:30,416 ----------------------------------------------------------------------------------------------------
2025-10-02 18:40:30,416 Plugins:
2025-10-02 18:40:30,416  - LinearScheduler | warmup_fraction: '0.1'
2025-10-02 18:40:30,416 ----------------------------------------------------------------------------------------------------
2025-10-02 18:40:30,417 Final evaluation on model after last epoch (final-model.pt)
2025-10-02 18:40:30,417  - metric: "('micro avg', 'f1-score')"
2025-10-02 18:40:30,417 ----------------------------------------------------------------------------------------------------
2025-10-02 18:40:30,417 Computation:
2025-10-02 18:40:30,417  - compute on device: cuda:0
2025-10-02 18:40:30,418  - embedding storage: gpu
2025-10-02 18:40:30,418 ----------------------------------------------------------------------------------------------------
2025-10-02 18:40:30,418 Model training base path: "ner_fineTuning_6"
2025-10-02 18:40:30,418 ----------------------------------------------------------------------------------------------------
2025-10-02 18:40:30,419 ----------------------------------------------------------------------------------------------------
2025-10-02 18:40:48,972 epoch 1 - iter 146/1460 - loss 2.69818434 - time (sec): 18.55 - samples/sec: 407.66 - lr: 0.000000 - momentum: 0.000000
2025-10-02 18:41:06,160 epoch 1 - iter 292/1460 - loss 2.10125077 - time (sec): 35.74 - samples/sec: 440.06 - lr: 0.000000 - momentum: 0.000000
2025-10-02 18:41:23,387 epoch 1 - iter 438/1460 - loss 1.57967116 - time (sec): 52.97 - samples/sec: 439.52 - lr: 0.000001 - momentum: 0.000000
2025-10-02 18:41:40,601 epoch 1 - iter 584/1460 - loss 1.24710857 - time (sec): 70.18 - samples/sec: 444.41 - lr: 0.000001 - momentum: 0.000000
2025-10-02 18:41:57,830 epoch 1 - iter 730/1460 - loss 1.02175301 - time (sec): 87.41 - samples/sec: 450.74 - lr: 0.000001 - momentum: 0.000000
2025-10-02 18:42:15,090 epoch 1 - iter 876/1460 - loss 0.87234833 - time (sec): 104.67 - samples/sec: 450.80 - lr: 0.000001 - momentum: 0.000000
2025-10-02 18:42:32,278 epoch 1 - iter 1022/1460 - loss 0.76484790 - time (sec): 121.86 - samples/sec: 449.73 - lr: 0.000002 - momentum: 0.000000
2025-10-02 18:42:49,536 epoch 1 - iter 1168/1460 - loss 0.67911961 - time (sec): 139.12 - samples/sec: 450.80 - lr: 0.000002 - momentum: 0.000000
2025-10-02 18:43:06,404 epoch 1 - iter 1314/1460 - loss 0.61601354 - time (sec): 155.98 - samples/sec: 452.21 - lr: 0.000002 - momentum: 0.000000
2025-10-02 18:43:23,094 epoch 1 - iter 1460/1460 - loss 0.56073934 - time (sec): 172.67 - samples/sec: 456.70 - lr: 0.000002 - momentum: 0.000000
2025-10-02 18:43:23,095 ----------------------------------------------------------------------------------------------------
2025-10-02 18:43:23,095 EPOCH 1 done: loss 0.5607 - lr: 0.000002
2025-10-02 18:43:26,479 DEV : loss 0.07706134766340256 - f1-score (micro avg)  0.8008
2025-10-02 18:43:26,504 ----------------------------------------------------------------------------------------------------
2025-10-02 18:43:43,315 epoch 2 - iter 146/1460 - loss 0.08049948 - time (sec): 16.81 - samples/sec: 471.69 - lr: 0.000003 - momentum: 0.000000
2025-10-02 18:44:00,100 epoch 2 - iter 292/1460 - loss 0.07848313 - time (sec): 33.59 - samples/sec: 467.93 - lr: 0.000003 - momentum: 0.000000
2025-10-02 18:44:16,940 epoch 2 - iter 438/1460 - loss 0.07632554 - time (sec): 50.44 - samples/sec: 473.84 - lr: 0.000003 - momentum: 0.000000
2025-10-02 18:44:33,762 epoch 2 - iter 584/1460 - loss 0.07505595 - time (sec): 67.26 - samples/sec: 472.31 - lr: 0.000003 - momentum: 0.000000
2025-10-02 18:44:50,573 epoch 2 - iter 730/1460 - loss 0.07344256 - time (sec): 84.07 - samples/sec: 472.95 - lr: 0.000004 - momentum: 0.000000
2025-10-02 18:45:07,391 epoch 2 - iter 876/1460 - loss 0.07468174 - time (sec): 100.89 - samples/sec: 472.67 - lr: 0.000004 - momentum: 0.000000
2025-10-02 18:45:24,210 epoch 2 - iter 1022/1460 - loss 0.07442143 - time (sec): 117.71 - samples/sec: 470.57 - lr: 0.000004 - momentum: 0.000000
2025-10-02 18:45:41,040 epoch 2 - iter 1168/1460 - loss 0.07553798 - time (sec): 134.53 - samples/sec: 470.11 - lr: 0.000004 - momentum: 0.000000
2025-10-02 18:45:57,857 epoch 2 - iter 1314/1460 - loss 0.07574180 - time (sec): 151.35 - samples/sec: 467.54 - lr: 0.000005 - momentum: 0.000000
2025-10-02 18:46:14,631 epoch 2 - iter 1460/1460 - loss 0.07524749 - time (sec): 168.13 - samples/sec: 469.05 - lr: 0.000005 - momentum: 0.000000
2025-10-02 18:46:14,632 ----------------------------------------------------------------------------------------------------
2025-10-02 18:46:14,632 EPOCH 2 done: loss 0.0752 - lr: 0.000005
2025-10-02 18:46:15,160 DEV : loss 0.0771477147936821 - f1-score (micro avg)  0.8008
2025-10-02 18:46:15,183 ----------------------------------------------------------------------------------------------------
2025-10-02 18:46:31,990 epoch 3 - iter 146/1460 - loss 0.06028601 - time (sec): 16.80 - samples/sec: 440.23 - lr: 0.000005 - momentum: 0.000000
2025-10-02 18:46:48,795 epoch 3 - iter 292/1460 - loss 0.05160684 - time (sec): 33.61 - samples/sec: 452.37 - lr: 0.000005 - momentum: 0.000000
2025-10-02 18:47:05,609 epoch 3 - iter 438/1460 - loss 0.05438429 - time (sec): 50.42 - samples/sec: 461.57 - lr: 0.000005 - momentum: 0.000000
2025-10-02 18:47:22,409 epoch 3 - iter 584/1460 - loss 0.05544244 - time (sec): 67.22 - samples/sec: 466.36 - lr: 0.000005 - momentum: 0.000000
2025-10-02 18:47:39,198 epoch 3 - iter 730/1460 - loss 0.05439704 - time (sec): 84.01 - samples/sec: 470.10 - lr: 0.000005 - momentum: 0.000000
2025-10-02 18:47:56,011 epoch 3 - iter 876/1460 - loss 0.05593057 - time (sec): 100.83 - samples/sec: 471.89 - lr: 0.000005 - momentum: 0.000000
2025-10-02 18:48:12,836 epoch 3 - iter 1022/1460 - loss 0.05551658 - time (sec): 117.65 - samples/sec: 467.44 - lr: 0.000005 - momentum: 0.000000
2025-10-02 18:48:29,646 epoch 3 - iter 1168/1460 - loss 0.05515304 - time (sec): 134.46 - samples/sec: 467.12 - lr: 0.000005 - momentum: 0.000000
2025-10-02 18:48:46,460 epoch 3 - iter 1314/1460 - loss 0.05561604 - time (sec): 151.28 - samples/sec: 469.76 - lr: 0.000005 - momentum: 0.000000
2025-10-02 18:49:03,224 epoch 3 - iter 1460/1460 - loss 0.05462126 - time (sec): 168.04 - samples/sec: 469.30 - lr: 0.000005 - momentum: 0.000000
2025-10-02 18:49:03,224 ----------------------------------------------------------------------------------------------------
2025-10-02 18:49:03,224 EPOCH 3 done: loss 0.0546 - lr: 0.000005
2025-10-02 18:49:03,726 DEV : loss 0.07723242789506912 - f1-score (micro avg)  0.8008
2025-10-02 18:49:03,751 ----------------------------------------------------------------------------------------------------
2025-10-02 18:49:20,613 epoch 4 - iter 146/1460 - loss 0.03864263 - time (sec): 16.86 - samples/sec: 490.14 - lr: 0.000005 - momentum: 0.000000
2025-10-02 18:49:37,439 epoch 4 - iter 292/1460 - loss 0.04713748 - time (sec): 33.69 - samples/sec: 473.73 - lr: 0.000005 - momentum: 0.000000
2025-10-02 18:49:54,258 epoch 4 - iter 438/1460 - loss 0.04894937 - time (sec): 50.51 - samples/sec: 469.56 - lr: 0.000005 - momentum: 0.000000
2025-10-02 18:50:11,049 epoch 4 - iter 584/1460 - loss 0.04667873 - time (sec): 67.30 - samples/sec: 465.00 - lr: 0.000005 - momentum: 0.000000
2025-10-02 18:50:27,883 epoch 4 - iter 730/1460 - loss 0.04446372 - time (sec): 84.13 - samples/sec: 467.13 - lr: 0.000005 - momentum: 0.000000
2025-10-02 18:50:44,684 epoch 4 - iter 876/1460 - loss 0.04493850 - time (sec): 100.93 - samples/sec: 466.26 - lr: 0.000005 - momentum: 0.000000
2025-10-02 18:51:01,499 epoch 4 - iter 1022/1460 - loss 0.04588958 - time (sec): 117.75 - samples/sec: 469.34 - lr: 0.000005 - momentum: 0.000000
2025-10-02 18:51:18,288 epoch 4 - iter 1168/1460 - loss 0.04530851 - time (sec): 134.54 - samples/sec: 468.37 - lr: 0.000005 - momentum: 0.000000
2025-10-02 18:51:35,111 epoch 4 - iter 1314/1460 - loss 0.04513435 - time (sec): 151.36 - samples/sec: 469.21 - lr: 0.000004 - momentum: 0.000000
2025-10-02 18:51:51,908 epoch 4 - iter 1460/1460 - loss 0.04586422 - time (sec): 168.16 - samples/sec: 468.97 - lr: 0.000004 - momentum: 0.000000
2025-10-02 18:51:51,909 ----------------------------------------------------------------------------------------------------
2025-10-02 18:51:51,909 EPOCH 4 done: loss 0.0459 - lr: 0.000004
2025-10-02 18:51:52,419 DEV : loss 0.07731740176677704 - f1-score (micro avg)  0.8008
2025-10-02 18:51:52,443 ----------------------------------------------------------------------------------------------------
2025-10-02 18:52:09,245 epoch 5 - iter 146/1460 - loss 0.03700434 - time (sec): 16.80 - samples/sec: 458.55 - lr: 0.000004 - momentum: 0.000000
2025-10-02 18:52:26,097 epoch 5 - iter 292/1460 - loss 0.03939969 - time (sec): 33.65 - samples/sec: 460.60 - lr: 0.000004 - momentum: 0.000000
2025-10-02 18:52:42,984 epoch 5 - iter 438/1460 - loss 0.03843440 - time (sec): 50.54 - samples/sec: 466.92 - lr: 0.000004 - momentum: 0.000000
2025-10-02 18:52:59,816 epoch 5 - iter 584/1460 - loss 0.04170576 - time (sec): 67.37 - samples/sec: 464.56 - lr: 0.000004 - momentum: 0.000000
2025-10-02 18:53:16,648 epoch 5 - iter 730/1460 - loss 0.04178299 - time (sec): 84.20 - samples/sec: 468.26 - lr: 0.000004 - momentum: 0.000000
2025-10-02 18:53:33,496 epoch 5 - iter 876/1460 - loss 0.04378025 - time (sec): 101.05 - samples/sec: 466.89 - lr: 0.000004 - momentum: 0.000000
2025-10-02 18:53:50,331 epoch 5 - iter 1022/1460 - loss 0.04179929 - time (sec): 117.89 - samples/sec: 465.74 - lr: 0.000004 - momentum: 0.000000
2025-10-02 18:54:07,145 epoch 5 - iter 1168/1460 - loss 0.04239798 - time (sec): 134.70 - samples/sec: 468.20 - lr: 0.000004 - momentum: 0.000000
2025-10-02 18:54:23,973 epoch 5 - iter 1314/1460 - loss 0.04176940 - time (sec): 151.53 - samples/sec: 468.52 - lr: 0.000004 - momentum: 0.000000
2025-10-02 18:54:40,769 epoch 5 - iter 1460/1460 - loss 0.04144100 - time (sec): 168.32 - samples/sec: 468.50 - lr: 0.000004 - momentum: 0.000000
2025-10-02 18:54:40,770 ----------------------------------------------------------------------------------------------------
2025-10-02 18:54:40,771 EPOCH 5 done: loss 0.0414 - lr: 0.000004
2025-10-02 18:54:41,282 DEV : loss 0.07734649628400803 - f1-score (micro avg)  0.8008
2025-10-02 18:54:41,306 ----------------------------------------------------------------------------------------------------
2025-10-02 18:54:58,132 epoch 6 - iter 146/1460 - loss 0.02987514 - time (sec): 16.82 - samples/sec: 483.94 - lr: 0.000004 - momentum: 0.000000
2025-10-02 18:55:14,989 epoch 6 - iter 292/1460 - loss 0.04017856 - time (sec): 33.68 - samples/sec: 485.38 - lr: 0.000004 - momentum: 0.000000
2025-10-02 18:55:31,850 epoch 6 - iter 438/1460 - loss 0.03736936 - time (sec): 50.54 - samples/sec: 481.18 - lr: 0.000004 - momentum: 0.000000
2025-10-02 18:55:48,692 epoch 6 - iter 584/1460 - loss 0.03826229 - time (sec): 67.38 - samples/sec: 474.30 - lr: 0.000004 - momentum: 0.000000
2025-10-02 18:56:05,540 epoch 6 - iter 730/1460 - loss 0.03697929 - time (sec): 84.23 - samples/sec: 470.96 - lr: 0.000004 - momentum: 0.000000
2025-10-02 18:56:22,421 epoch 6 - iter 876/1460 - loss 0.03679645 - time (sec): 101.11 - samples/sec: 469.37 - lr: 0.000004 - momentum: 0.000000
2025-10-02 18:56:39,304 epoch 6 - iter 1022/1460 - loss 0.03630270 - time (sec): 118.00 - samples/sec: 467.84 - lr: 0.000004 - momentum: 0.000000
2025-10-02 18:56:56,176 epoch 6 - iter 1168/1460 - loss 0.03658185 - time (sec): 134.87 - samples/sec: 467.36 - lr: 0.000004 - momentum: 0.000000
2025-10-02 18:57:13,048 epoch 6 - iter 1314/1460 - loss 0.03733799 - time (sec): 151.74 - samples/sec: 467.63 - lr: 0.000004 - momentum: 0.000000
2025-10-02 18:57:29,873 epoch 6 - iter 1460/1460 - loss 0.03663995 - time (sec): 168.57 - samples/sec: 467.83 - lr: 0.000004 - momentum: 0.000000
2025-10-02 18:57:29,874 ----------------------------------------------------------------------------------------------------
2025-10-02 18:57:29,875 EPOCH 6 done: loss 0.0366 - lr: 0.000004
2025-10-02 18:57:30,385 DEV : loss 0.07742802053689957 - f1-score (micro avg)  0.8008
2025-10-02 18:57:30,410 ----------------------------------------------------------------------------------------------------
2025-10-02 18:57:47,275 epoch 7 - iter 146/1460 - loss 0.02772546 - time (sec): 16.86 - samples/sec: 475.23 - lr: 0.000004 - momentum: 0.000000
2025-10-02 18:58:04,125 epoch 7 - iter 292/1460 - loss 0.03152798 - time (sec): 33.71 - samples/sec: 472.27 - lr: 0.000004 - momentum: 0.000000
2025-10-02 18:58:21,011 epoch 7 - iter 438/1460 - loss 0.03073255 - time (sec): 50.60 - samples/sec: 473.83 - lr: 0.000004 - momentum: 0.000000
2025-10-02 18:58:37,869 epoch 7 - iter 584/1460 - loss 0.03157585 - time (sec): 67.46 - samples/sec: 466.28 - lr: 0.000004 - momentum: 0.000000
2025-10-02 18:58:54,759 epoch 7 - iter 730/1460 - loss 0.03024828 - time (sec): 84.35 - samples/sec: 466.90 - lr: 0.000004 - momentum: 0.000000
2025-10-02 18:59:11,632 epoch 7 - iter 876/1460 - loss 0.03124243 - time (sec): 101.22 - samples/sec: 464.41 - lr: 0.000004 - momentum: 0.000000
2025-10-02 18:59:28,509 epoch 7 - iter 1022/1460 - loss 0.03072213 - time (sec): 118.10 - samples/sec: 466.13 - lr: 0.000004 - momentum: 0.000000
2025-10-02 18:59:45,375 epoch 7 - iter 1168/1460 - loss 0.03030551 - time (sec): 134.96 - samples/sec: 466.68 - lr: 0.000004 - momentum: 0.000000
2025-10-02 19:00:02,246 epoch 7 - iter 1314/1460 - loss 0.03004747 - time (sec): 151.83 - samples/sec: 467.90 - lr: 0.000004 - momentum: 0.000000
2025-10-02 19:00:19,070 epoch 7 - iter 1460/1460 - loss 0.03012629 - time (sec): 168.66 - samples/sec: 467.57 - lr: 0.000004 - momentum: 0.000000
2025-10-02 19:00:19,070 ----------------------------------------------------------------------------------------------------
2025-10-02 19:00:19,071 EPOCH 7 done: loss 0.0301 - lr: 0.000004
2025-10-02 19:00:19,612 DEV : loss 0.07748183608055115 - f1-score (micro avg)  0.8008
2025-10-02 19:00:19,636 ----------------------------------------------------------------------------------------------------
2025-10-02 19:00:36,518 epoch 8 - iter 146/1460 - loss 0.02221306 - time (sec): 16.88 - samples/sec: 480.75 - lr: 0.000004 - momentum: 0.000000
2025-10-02 19:00:53,428 epoch 8 - iter 292/1460 - loss 0.02644299 - time (sec): 33.79 - samples/sec: 479.64 - lr: 0.000004 - momentum: 0.000000
2025-10-02 19:01:10,329 epoch 8 - iter 438/1460 - loss 0.02732914 - time (sec): 50.69 - samples/sec: 467.70 - lr: 0.000004 - momentum: 0.000000
2025-10-02 19:01:27,211 epoch 8 - iter 584/1460 - loss 0.02739270 - time (sec): 67.57 - samples/sec: 467.48 - lr: 0.000004 - momentum: 0.000000
2025-10-02 19:01:44,107 epoch 8 - iter 730/1460 - loss 0.02778929 - time (sec): 84.47 - samples/sec: 469.25 - lr: 0.000003 - momentum: 0.000000
2025-10-02 19:02:00,975 epoch 8 - iter 876/1460 - loss 0.02866166 - time (sec): 101.34 - samples/sec: 465.75 - lr: 0.000003 - momentum: 0.000000
2025-10-02 19:02:17,853 epoch 8 - iter 1022/1460 - loss 0.02728866 - time (sec): 118.21 - samples/sec: 469.37 - lr: 0.000003 - momentum: 0.000000
2025-10-02 19:02:34,705 epoch 8 - iter 1168/1460 - loss 0.02658619 - time (sec): 135.07 - samples/sec: 469.42 - lr: 0.000003 - momentum: 0.000000
2025-10-02 19:02:51,556 epoch 8 - iter 1314/1460 - loss 0.02636881 - time (sec): 151.92 - samples/sec: 468.01 - lr: 0.000003 - momentum: 0.000000
2025-10-02 19:03:08,361 epoch 8 - iter 1460/1460 - loss 0.02621179 - time (sec): 168.72 - samples/sec: 467.39 - lr: 0.000003 - momentum: 0.000000
2025-10-02 19:03:08,362 ----------------------------------------------------------------------------------------------------
2025-10-02 19:03:08,362 EPOCH 8 done: loss 0.0262 - lr: 0.000003
2025-10-02 19:03:08,869 DEV : loss 0.07761333137750626 - f1-score (micro avg)  0.8008
2025-10-02 19:03:08,893 ----------------------------------------------------------------------------------------------------
2025-10-02 19:03:25,723 epoch 9 - iter 146/1460 - loss 0.02264167 - time (sec): 16.83 - samples/sec: 468.75 - lr: 0.000003 - momentum: 0.000000
2025-10-02 19:03:42,558 epoch 9 - iter 292/1460 - loss 0.02236001 - time (sec): 33.66 - samples/sec: 465.24 - lr: 0.000003 - momentum: 0.000000
2025-10-02 19:03:59,435 epoch 9 - iter 438/1460 - loss 0.01993577 - time (sec): 50.54 - samples/sec: 481.25 - lr: 0.000003 - momentum: 0.000000
2025-10-02 19:04:16,301 epoch 9 - iter 584/1460 - loss 0.02097107 - time (sec): 67.41 - samples/sec: 474.78 - lr: 0.000003 - momentum: 0.000000
2025-10-02 19:04:33,157 epoch 9 - iter 730/1460 - loss 0.02063395 - time (sec): 84.26 - samples/sec: 470.98 - lr: 0.000003 - momentum: 0.000000
2025-10-02 19:04:50,021 epoch 9 - iter 876/1460 - loss 0.02149055 - time (sec): 101.13 - samples/sec: 469.43 - lr: 0.000003 - momentum: 0.000000
2025-10-02 19:05:06,877 epoch 9 - iter 1022/1460 - loss 0.02148231 - time (sec): 117.98 - samples/sec: 463.92 - lr: 0.000003 - momentum: 0.000000
2025-10-02 19:05:23,755 epoch 9 - iter 1168/1460 - loss 0.02164494 - time (sec): 134.86 - samples/sec: 463.61 - lr: 0.000003 - momentum: 0.000000
2025-10-02 19:05:40,632 epoch 9 - iter 1314/1460 - loss 0.02315521 - time (sec): 151.74 - samples/sec: 466.26 - lr: 0.000003 - momentum: 0.000000
2025-10-02 19:05:57,458 epoch 9 - iter 1460/1460 - loss 0.02287713 - time (sec): 168.56 - samples/sec: 467.84 - lr: 0.000003 - momentum: 0.000000
2025-10-02 19:05:57,458 ----------------------------------------------------------------------------------------------------
2025-10-02 19:05:57,459 EPOCH 9 done: loss 0.0229 - lr: 0.000003
2025-10-02 19:05:57,970 DEV : loss 0.07763941586017609 - f1-score (micro avg)  0.8008
2025-10-02 19:05:57,994 ----------------------------------------------------------------------------------------------------
2025-10-02 19:06:14,884 epoch 10 - iter 146/1460 - loss 0.01863540 - time (sec): 16.89 - samples/sec: 467.44 - lr: 0.000003 - momentum: 0.000000
2025-10-02 19:06:31,759 epoch 10 - iter 292/1460 - loss 0.01886064 - time (sec): 33.76 - samples/sec: 463.28 - lr: 0.000003 - momentum: 0.000000
2025-10-02 19:06:48,637 epoch 10 - iter 438/1460 - loss 0.01771304 - time (sec): 50.64 - samples/sec: 464.32 - lr: 0.000003 - momentum: 0.000000
2025-10-02 19:07:05,517 epoch 10 - iter 584/1460 - loss 0.01950028 - time (sec): 67.52 - samples/sec: 467.38 - lr: 0.000003 - momentum: 0.000000
2025-10-02 19:07:22,392 epoch 10 - iter 730/1460 - loss 0.01927585 - time (sec): 84.40 - samples/sec: 463.71 - lr: 0.000003 - momentum: 0.000000
2025-10-02 19:07:39,286 epoch 10 - iter 876/1460 - loss 0.01944158 - time (sec): 101.29 - samples/sec: 466.36 - lr: 0.000003 - momentum: 0.000000
2025-10-02 19:07:56,177 epoch 10 - iter 1022/1460 - loss 0.01902102 - time (sec): 118.18 - samples/sec: 470.57 - lr: 0.000003 - momentum: 0.000000
2025-10-02 19:08:13,078 epoch 10 - iter 1168/1460 - loss 0.01923778 - time (sec): 135.08 - samples/sec: 469.21 - lr: 0.000003 - momentum: 0.000000
2025-10-02 19:08:29,968 epoch 10 - iter 1314/1460 - loss 0.01914754 - time (sec): 151.97 - samples/sec: 468.27 - lr: 0.000003 - momentum: 0.000000
2025-10-02 19:08:46,816 epoch 10 - iter 1460/1460 - loss 0.02055337 - time (sec): 168.82 - samples/sec: 467.13 - lr: 0.000003 - momentum: 0.000000
2025-10-02 19:08:46,816 ----------------------------------------------------------------------------------------------------
2025-10-02 19:08:46,817 EPOCH 10 done: loss 0.0206 - lr: 0.000003
2025-10-02 19:08:47,326 DEV : loss 0.07776331901550293 - f1-score (micro avg)  0.8008
2025-10-02 19:08:47,350 ----------------------------------------------------------------------------------------------------
2025-10-02 19:09:04,229 epoch 11 - iter 146/1460 - loss 0.01467696 - time (sec): 16.88 - samples/sec: 472.18 - lr: 0.000003 - momentum: 0.000000
2025-10-02 19:09:21,135 epoch 11 - iter 292/1460 - loss 0.01453053 - time (sec): 33.78 - samples/sec: 474.49 - lr: 0.000003 - momentum: 0.000000
2025-10-02 19:09:38,035 epoch 11 - iter 438/1460 - loss 0.01687492 - time (sec): 50.68 - samples/sec: 473.12 - lr: 0.000003 - momentum: 0.000000
2025-10-02 19:09:54,917 epoch 11 - iter 584/1460 - loss 0.01840859 - time (sec): 67.57 - samples/sec: 469.95 - lr: 0.000003 - momentum: 0.000000
2025-10-02 19:10:11,791 epoch 11 - iter 730/1460 - loss 0.01922394 - time (sec): 84.44 - samples/sec: 469.20 - lr: 0.000003 - momentum: 0.000000
2025-10-02 19:10:28,678 epoch 11 - iter 876/1460 - loss 0.01891707 - time (sec): 101.33 - samples/sec: 471.83 - lr: 0.000003 - momentum: 0.000000
2025-10-02 19:10:45,533 epoch 11 - iter 1022/1460 - loss 0.01806370 - time (sec): 118.18 - samples/sec: 468.25 - lr: 0.000003 - momentum: 0.000000
2025-10-02 19:11:02,444 epoch 11 - iter 1168/1460 - loss 0.01753178 - time (sec): 135.09 - samples/sec: 469.83 - lr: 0.000003 - momentum: 0.000000
2025-10-02 19:11:19,347 epoch 11 - iter 1314/1460 - loss 0.01771529 - time (sec): 151.99 - samples/sec: 470.59 - lr: 0.000003 - momentum: 0.000000
2025-10-02 19:11:36,171 epoch 11 - iter 1460/1460 - loss 0.01736534 - time (sec): 168.82 - samples/sec: 467.13 - lr: 0.000003 - momentum: 0.000000
2025-10-02 19:11:36,172 ----------------------------------------------------------------------------------------------------
2025-10-02 19:11:36,172 EPOCH 11 done: loss 0.0174 - lr: 0.000003
2025-10-02 19:11:36,680 DEV : loss 0.07786913961172104 - f1-score (micro avg)  0.8008
2025-10-02 19:11:36,705 ----------------------------------------------------------------------------------------------------
2025-10-02 19:11:53,583 epoch 12 - iter 146/1460 - loss 0.01299158 - time (sec): 16.88 - samples/sec: 459.29 - lr: 0.000002 - momentum: 0.000000
2025-10-02 19:12:10,456 epoch 12 - iter 292/1460 - loss 0.01438131 - time (sec): 33.75 - samples/sec: 462.24 - lr: 0.000002 - momentum: 0.000000
2025-10-02 19:12:27,313 epoch 12 - iter 438/1460 - loss 0.01430710 - time (sec): 50.61 - samples/sec: 459.45 - lr: 0.000002 - momentum: 0.000000
2025-10-02 19:12:44,196 epoch 12 - iter 584/1460 - loss 0.01611837 - time (sec): 67.49 - samples/sec: 464.58 - lr: 0.000002 - momentum: 0.000000
2025-10-02 19:13:01,062 epoch 12 - iter 730/1460 - loss 0.01866908 - time (sec): 84.36 - samples/sec: 467.52 - lr: 0.000002 - momentum: 0.000000
2025-10-02 19:13:17,931 epoch 12 - iter 876/1460 - loss 0.01773237 - time (sec): 101.22 - samples/sec: 467.37 - lr: 0.000002 - momentum: 0.000000
2025-10-02 19:13:34,812 epoch 12 - iter 1022/1460 - loss 0.01783608 - time (sec): 118.10 - samples/sec: 465.76 - lr: 0.000002 - momentum: 0.000000
2025-10-02 19:13:51,690 epoch 12 - iter 1168/1460 - loss 0.01662677 - time (sec): 134.98 - samples/sec: 465.98 - lr: 0.000002 - momentum: 0.000000
2025-10-02 19:14:08,543 epoch 12 - iter 1314/1460 - loss 0.01631040 - time (sec): 151.84 - samples/sec: 464.96 - lr: 0.000002 - momentum: 0.000000
2025-10-02 19:14:25,348 epoch 12 - iter 1460/1460 - loss 0.01610665 - time (sec): 168.64 - samples/sec: 467.62 - lr: 0.000002 - momentum: 0.000000
2025-10-02 19:14:25,348 ----------------------------------------------------------------------------------------------------
2025-10-02 19:14:25,349 EPOCH 12 done: loss 0.0161 - lr: 0.000002
2025-10-02 19:14:25,860 DEV : loss 0.07796582579612732 - f1-score (micro avg)  0.8008
2025-10-02 19:14:25,884 ----------------------------------------------------------------------------------------------------
2025-10-02 19:14:42,758 epoch 13 - iter 146/1460 - loss 0.01571203 - time (sec): 16.87 - samples/sec: 464.83 - lr: 0.000002 - momentum: 0.000000
2025-10-02 19:14:59,639 epoch 13 - iter 292/1460 - loss 0.01556345 - time (sec): 33.75 - samples/sec: 456.84 - lr: 0.000002 - momentum: 0.000000
2025-10-02 19:15:16,542 epoch 13 - iter 438/1460 - loss 0.01254193 - time (sec): 50.66 - samples/sec: 460.63 - lr: 0.000002 - momentum: 0.000000
2025-10-02 19:15:33,430 epoch 13 - iter 584/1460 - loss 0.01121525 - time (sec): 67.54 - samples/sec: 462.85 - lr: 0.000002 - momentum: 0.000000
2025-10-02 19:15:50,315 epoch 13 - iter 730/1460 - loss 0.01303619 - time (sec): 84.43 - samples/sec: 466.71 - lr: 0.000002 - momentum: 0.000000
2025-10-02 19:16:07,200 epoch 13 - iter 876/1460 - loss 0.01275076 - time (sec): 101.31 - samples/sec: 466.94 - lr: 0.000002 - momentum: 0.000000
2025-10-02 19:16:24,072 epoch 13 - iter 1022/1460 - loss 0.01286332 - time (sec): 118.19 - samples/sec: 468.99 - lr: 0.000002 - momentum: 0.000000
2025-10-02 19:16:40,935 epoch 13 - iter 1168/1460 - loss 0.01412148 - time (sec): 135.05 - samples/sec: 466.18 - lr: 0.000002 - momentum: 0.000000
2025-10-02 19:16:57,800 epoch 13 - iter 1314/1460 - loss 0.01433381 - time (sec): 151.91 - samples/sec: 466.28 - lr: 0.000002 - momentum: 0.000000
2025-10-02 19:17:14,632 epoch 13 - iter 1460/1460 - loss 0.01368999 - time (sec): 168.75 - samples/sec: 467.33 - lr: 0.000002 - momentum: 0.000000
2025-10-02 19:17:14,632 ----------------------------------------------------------------------------------------------------
2025-10-02 19:17:14,632 EPOCH 13 done: loss 0.0137 - lr: 0.000002
2025-10-02 19:17:15,410 DEV : loss 0.07802726328372955 - f1-score (micro avg)  0.8008
2025-10-02 19:17:15,434 ----------------------------------------------------------------------------------------------------
2025-10-02 19:17:32,307 epoch 14 - iter 146/1460 - loss 0.01561106 - time (sec): 16.87 - samples/sec: 469.95 - lr: 0.000002 - momentum: 0.000000
2025-10-02 19:17:49,188 epoch 14 - iter 292/1460 - loss 0.01332539 - time (sec): 33.75 - samples/sec: 460.50 - lr: 0.000002 - momentum: 0.000000
2025-10-02 19:18:06,063 epoch 14 - iter 438/1460 - loss 0.01314662 - time (sec): 50.63 - samples/sec: 462.28 - lr: 0.000002 - momentum: 0.000000
2025-10-02 19:18:22,905 epoch 14 - iter 584/1460 - loss 0.01319002 - time (sec): 67.47 - samples/sec: 458.70 - lr: 0.000002 - momentum: 0.000000
2025-10-02 19:18:39,807 epoch 14 - iter 730/1460 - loss 0.01221347 - time (sec): 84.37 - samples/sec: 460.99 - lr: 0.000002 - momentum: 0.000000
2025-10-02 19:18:56,696 epoch 14 - iter 876/1460 - loss 0.01323674 - time (sec): 101.26 - samples/sec: 464.54 - lr: 0.000002 - momentum: 0.000000
2025-10-02 19:19:13,570 epoch 14 - iter 1022/1460 - loss 0.01314208 - time (sec): 118.13 - samples/sec: 463.73 - lr: 0.000002 - momentum: 0.000000
2025-10-02 19:19:30,400 epoch 14 - iter 1168/1460 - loss 0.01224323 - time (sec): 134.96 - samples/sec: 464.30 - lr: 0.000002 - momentum: 0.000000
2025-10-02 19:19:47,222 epoch 14 - iter 1314/1460 - loss 0.01210938 - time (sec): 151.79 - samples/sec: 466.60 - lr: 0.000002 - momentum: 0.000000
2025-10-02 19:20:03,985 epoch 14 - iter 1460/1460 - loss 0.01205521 - time (sec): 168.55 - samples/sec: 467.87 - lr: 0.000002 - momentum: 0.000000
2025-10-02 19:20:03,986 ----------------------------------------------------------------------------------------------------
2025-10-02 19:20:03,987 EPOCH 14 done: loss 0.0121 - lr: 0.000002
2025-10-02 19:20:04,520 DEV : loss 0.07812059670686722 - f1-score (micro avg)  0.8008
2025-10-02 19:20:04,543 ----------------------------------------------------------------------------------------------------
2025-10-02 19:20:21,367 epoch 15 - iter 146/1460 - loss 0.00777648 - time (sec): 16.82 - samples/sec: 477.30 - lr: 0.000002 - momentum: 0.000000
2025-10-02 19:20:38,206 epoch 15 - iter 292/1460 - loss 0.00793601 - time (sec): 33.66 - samples/sec: 480.26 - lr: 0.000002 - momentum: 0.000000
2025-10-02 19:20:55,033 epoch 15 - iter 438/1460 - loss 0.00923901 - time (sec): 50.49 - samples/sec: 469.95 - lr: 0.000002 - momentum: 0.000000
2025-10-02 19:21:11,856 epoch 15 - iter 584/1460 - loss 0.00765911 - time (sec): 67.31 - samples/sec: 471.90 - lr: 0.000002 - momentum: 0.000000
2025-10-02 19:21:28,674 epoch 15 - iter 730/1460 - loss 0.00810550 - time (sec): 84.13 - samples/sec: 468.37 - lr: 0.000002 - momentum: 0.000000
2025-10-02 19:21:45,518 epoch 15 - iter 876/1460 - loss 0.01003489 - time (sec): 100.97 - samples/sec: 471.39 - lr: 0.000002 - momentum: 0.000000
2025-10-02 19:22:02,347 epoch 15 - iter 1022/1460 - loss 0.00933843 - time (sec): 117.80 - samples/sec: 471.36 - lr: 0.000001 - momentum: 0.000000
2025-10-02 19:22:19,174 epoch 15 - iter 1168/1460 - loss 0.01006799 - time (sec): 134.63 - samples/sec: 472.13 - lr: 0.000001 - momentum: 0.000000
2025-10-02 19:22:36,003 epoch 15 - iter 1314/1460 - loss 0.01055916 - time (sec): 151.46 - samples/sec: 469.05 - lr: 0.000001 - momentum: 0.000000
2025-10-02 19:22:52,790 epoch 15 - iter 1460/1460 - loss 0.01048698 - time (sec): 168.25 - samples/sec: 468.72 - lr: 0.000001 - momentum: 0.000000
2025-10-02 19:22:52,791 ----------------------------------------------------------------------------------------------------
2025-10-02 19:22:52,791 EPOCH 15 done: loss 0.0105 - lr: 0.000001
2025-10-02 19:22:53,300 DEV : loss 0.07828773558139801 - f1-score (micro avg)  0.8008
2025-10-02 19:22:53,323 ----------------------------------------------------------------------------------------------------
2025-10-02 19:23:10,135 epoch 16 - iter 146/1460 - loss 0.00708576 - time (sec): 16.81 - samples/sec: 456.04 - lr: 0.000001 - momentum: 0.000000
2025-10-02 19:23:26,964 epoch 16 - iter 292/1460 - loss 0.00733731 - time (sec): 33.64 - samples/sec: 448.11 - lr: 0.000001 - momentum: 0.000000
2025-10-02 19:23:43,806 epoch 16 - iter 438/1460 - loss 0.00674101 - time (sec): 50.48 - samples/sec: 453.68 - lr: 0.000001 - momentum: 0.000000
2025-10-02 19:24:00,671 epoch 16 - iter 584/1460 - loss 0.00774346 - time (sec): 67.35 - samples/sec: 455.66 - lr: 0.000001 - momentum: 0.000000
2025-10-02 19:24:17,522 epoch 16 - iter 730/1460 - loss 0.00929258 - time (sec): 84.20 - samples/sec: 465.21 - lr: 0.000001 - momentum: 0.000000
2025-10-02 19:24:34,353 epoch 16 - iter 876/1460 - loss 0.00839061 - time (sec): 101.03 - samples/sec: 466.62 - lr: 0.000001 - momentum: 0.000000
2025-10-02 19:24:51,227 epoch 16 - iter 1022/1460 - loss 0.00807205 - time (sec): 117.90 - samples/sec: 466.88 - lr: 0.000001 - momentum: 0.000000
2025-10-02 19:25:08,092 epoch 16 - iter 1168/1460 - loss 0.00808272 - time (sec): 134.77 - samples/sec: 466.98 - lr: 0.000001 - momentum: 0.000000
2025-10-02 19:25:24,943 epoch 16 - iter 1314/1460 - loss 0.00757667 - time (sec): 151.62 - samples/sec: 468.18 - lr: 0.000001 - momentum: 0.000000
2025-10-02 19:25:41,767 epoch 16 - iter 1460/1460 - loss 0.00755997 - time (sec): 168.44 - samples/sec: 468.17 - lr: 0.000001 - momentum: 0.000000
2025-10-02 19:25:41,768 ----------------------------------------------------------------------------------------------------
2025-10-02 19:25:41,768 EPOCH 16 done: loss 0.0076 - lr: 0.000001
2025-10-02 19:25:42,281 DEV : loss 0.07837653905153275 - f1-score (micro avg)  0.8008
2025-10-02 19:25:42,305 ----------------------------------------------------------------------------------------------------
2025-10-02 19:25:59,165 epoch 17 - iter 146/1460 - loss 0.00681778 - time (sec): 16.86 - samples/sec: 456.74 - lr: 0.000001 - momentum: 0.000000
2025-10-02 19:26:16,042 epoch 17 - iter 292/1460 - loss 0.01445782 - time (sec): 33.74 - samples/sec: 461.56 - lr: 0.000001 - momentum: 0.000000
2025-10-02 19:26:32,899 epoch 17 - iter 438/1460 - loss 0.01182705 - time (sec): 50.59 - samples/sec: 467.04 - lr: 0.000001 - momentum: 0.000000
2025-10-02 19:26:49,752 epoch 17 - iter 584/1460 - loss 0.00987027 - time (sec): 67.45 - samples/sec: 466.36 - lr: 0.000001 - momentum: 0.000000
2025-10-02 19:27:06,629 epoch 17 - iter 730/1460 - loss 0.01008084 - time (sec): 84.32 - samples/sec: 458.13 - lr: 0.000001 - momentum: 0.000000
2025-10-02 19:27:23,510 epoch 17 - iter 876/1460 - loss 0.00971127 - time (sec): 101.20 - samples/sec: 459.95 - lr: 0.000001 - momentum: 0.000000
2025-10-02 19:27:40,375 epoch 17 - iter 1022/1460 - loss 0.00950996 - time (sec): 118.07 - samples/sec: 462.59 - lr: 0.000001 - momentum: 0.000000
2025-10-02 19:27:57,243 epoch 17 - iter 1168/1460 - loss 0.00873506 - time (sec): 134.94 - samples/sec: 462.97 - lr: 0.000001 - momentum: 0.000000
2025-10-02 19:28:14,107 epoch 17 - iter 1314/1460 - loss 0.00845547 - time (sec): 151.80 - samples/sec: 465.90 - lr: 0.000001 - momentum: 0.000000
2025-10-02 19:28:30,953 epoch 17 - iter 1460/1460 - loss 0.00817550 - time (sec): 168.65 - samples/sec: 467.61 - lr: 0.000001 - momentum: 0.000000
2025-10-02 19:28:30,953 ----------------------------------------------------------------------------------------------------
2025-10-02 19:28:30,953 EPOCH 17 done: loss 0.0082 - lr: 0.000001
2025-10-02 19:28:31,472 DEV : loss 0.07846437394618988 - f1-score (micro avg)  0.8016
2025-10-02 19:28:31,495 ----------------------------------------------------------------------------------------------------
2025-10-02 19:28:48,336 epoch 18 - iter 146/1460 - loss 0.00920268 - time (sec): 16.84 - samples/sec: 479.91 - lr: 0.000001 - momentum: 0.000000
2025-10-02 19:29:05,158 epoch 18 - iter 292/1460 - loss 0.00673819 - time (sec): 33.66 - samples/sec: 482.02 - lr: 0.000001 - momentum: 0.000000
2025-10-02 19:29:22,001 epoch 18 - iter 438/1460 - loss 0.00638648 - time (sec): 50.50 - samples/sec: 480.40 - lr: 0.000001 - momentum: 0.000000
2025-10-02 19:29:38,841 epoch 18 - iter 584/1460 - loss 0.00668025 - time (sec): 67.34 - samples/sec: 483.36 - lr: 0.000001 - momentum: 0.000000
2025-10-02 19:29:55,691 epoch 18 - iter 730/1460 - loss 0.00618843 - time (sec): 84.19 - samples/sec: 473.85 - lr: 0.000001 - momentum: 0.000000
2025-10-02 19:30:12,537 epoch 18 - iter 876/1460 - loss 0.00598452 - time (sec): 101.04 - samples/sec: 474.67 - lr: 0.000001 - momentum: 0.000000
2025-10-02 19:30:29,372 epoch 18 - iter 1022/1460 - loss 0.00626401 - time (sec): 117.87 - samples/sec: 474.79 - lr: 0.000001 - momentum: 0.000000
2025-10-02 19:30:46,198 epoch 18 - iter 1168/1460 - loss 0.00566591 - time (sec): 134.70 - samples/sec: 472.00 - lr: 0.000001 - momentum: 0.000000
2025-10-02 19:31:03,028 epoch 18 - iter 1314/1460 - loss 0.00598036 - time (sec): 151.53 - samples/sec: 469.47 - lr: 0.000001 - momentum: 0.000000
2025-10-02 19:31:19,838 epoch 18 - iter 1460/1460 - loss 0.00606448 - time (sec): 168.34 - samples/sec: 468.45 - lr: 0.000001 - momentum: 0.000000
2025-10-02 19:31:19,839 ----------------------------------------------------------------------------------------------------
2025-10-02 19:31:19,839 EPOCH 18 done: loss 0.0061 - lr: 0.000001
2025-10-02 19:31:20,380 DEV : loss 0.07854775339365005 - f1-score (micro avg)  0.8016
2025-10-02 19:31:20,404 ----------------------------------------------------------------------------------------------------
2025-10-02 19:31:37,277 epoch 19 - iter 146/1460 - loss 0.00262428 - time (sec): 16.87 - samples/sec: 458.71 - lr: 0.000001 - momentum: 0.000000
2025-10-02 19:31:54,103 epoch 19 - iter 292/1460 - loss 0.00317349 - time (sec): 33.70 - samples/sec: 455.56 - lr: 0.000001 - momentum: 0.000000
2025-10-02 19:32:10,974 epoch 19 - iter 438/1460 - loss 0.00474375 - time (sec): 50.57 - samples/sec: 454.22 - lr: 0.000000 - momentum: 0.000000
2025-10-02 19:32:27,848 epoch 19 - iter 584/1460 - loss 0.00363429 - time (sec): 67.44 - samples/sec: 463.58 - lr: 0.000000 - momentum: 0.000000
2025-10-02 19:32:44,676 epoch 19 - iter 730/1460 - loss 0.00353095 - time (sec): 84.27 - samples/sec: 466.97 - lr: 0.000000 - momentum: 0.000000
2025-10-02 19:33:01,539 epoch 19 - iter 876/1460 - loss 0.00468946 - time (sec): 101.13 - samples/sec: 469.44 - lr: 0.000000 - momentum: 0.000000
2025-10-02 19:33:18,372 epoch 19 - iter 1022/1460 - loss 0.00432100 - time (sec): 117.97 - samples/sec: 472.40 - lr: 0.000000 - momentum: 0.000000
2025-10-02 19:33:35,242 epoch 19 - iter 1168/1460 - loss 0.00466638 - time (sec): 134.84 - samples/sec: 468.89 - lr: 0.000000 - momentum: 0.000000
2025-10-02 19:33:52,104 epoch 19 - iter 1314/1460 - loss 0.00480056 - time (sec): 151.70 - samples/sec: 469.98 - lr: 0.000000 - momentum: 0.000000
2025-10-02 19:34:08,901 epoch 19 - iter 1460/1460 - loss 0.00513281 - time (sec): 168.50 - samples/sec: 468.03 - lr: 0.000000 - momentum: 0.000000
2025-10-02 19:34:08,902 ----------------------------------------------------------------------------------------------------
2025-10-02 19:34:08,902 EPOCH 19 done: loss 0.0051 - lr: 0.000000
2025-10-02 19:34:09,413 DEV : loss 0.07860670238733292 - f1-score (micro avg)  0.8016
2025-10-02 19:34:09,437 ----------------------------------------------------------------------------------------------------
2025-10-02 19:34:26,267 epoch 20 - iter 146/1460 - loss 0.00595052 - time (sec): 16.83 - samples/sec: 480.25 - lr: 0.000000 - momentum: 0.000000
2025-10-02 19:34:43,089 epoch 20 - iter 292/1460 - loss 0.00512443 - time (sec): 33.65 - samples/sec: 469.95 - lr: 0.000000 - momentum: 0.000000
2025-10-02 19:34:59,947 epoch 20 - iter 438/1460 - loss 0.00783774 - time (sec): 50.51 - samples/sec: 481.01 - lr: 0.000000 - momentum: 0.000000
2025-10-02 19:35:16,789 epoch 20 - iter 584/1460 - loss 0.00650200 - time (sec): 67.35 - samples/sec: 475.34 - lr: 0.000000 - momentum: 0.000000
2025-10-02 19:35:33,612 epoch 20 - iter 730/1460 - loss 0.00571637 - time (sec): 84.17 - samples/sec: 467.69 - lr: 0.000000 - momentum: 0.000000
2025-10-02 19:35:50,467 epoch 20 - iter 876/1460 - loss 0.00491285 - time (sec): 101.03 - samples/sec: 468.17 - lr: 0.000000 - momentum: 0.000000
2025-10-02 19:36:07,307 epoch 20 - iter 1022/1460 - loss 0.00501365 - time (sec): 117.87 - samples/sec: 471.15 - lr: 0.000000 - momentum: 0.000000
2025-10-02 19:36:24,168 epoch 20 - iter 1168/1460 - loss 0.00521619 - time (sec): 134.73 - samples/sec: 472.62 - lr: 0.000000 - momentum: 0.000000
2025-10-02 19:36:41,035 epoch 20 - iter 1314/1460 - loss 0.00532445 - time (sec): 151.60 - samples/sec: 470.99 - lr: 0.000000 - momentum: 0.000000
2025-10-02 19:36:57,813 epoch 20 - iter 1460/1460 - loss 0.00539431 - time (sec): 168.37 - samples/sec: 468.36 - lr: 0.000000 - momentum: 0.000000
2025-10-02 19:36:57,813 ----------------------------------------------------------------------------------------------------
2025-10-02 19:36:57,814 EPOCH 20 done: loss 0.0054 - lr: 0.000000
2025-10-02 19:36:58,323 DEV : loss 0.07862360775470734 - f1-score (micro avg)  0.8016
2025-10-02 19:36:58,863 ----------------------------------------------------------------------------------------------------
2025-10-02 19:36:58,864 Testing using last state of model ...
2025-10-02 19:37:02,244 
Results:
- F-score (micro) 0.8602
- F-score (macro) 0.8155
- Accuracy 0.7795

By class:
              precision    recall  f1-score   support

         PER     0.8795    0.8756    0.8775       450
         LOC     0.7051    0.8088    0.7534        68

   micro avg     0.8536    0.8668    0.8602       518
   macro avg     0.7923    0.8422    0.8155       518
weighted avg     0.8566    0.8668    0.8612       518

2025-10-02 19:37:02,244 ----------------------------------------------------------------------------------------------------
