2025-10-02 18:40:30,411 ----------------------------------------------------------------------------------------------------
2025-10-02 18:40:30,413 Model: "SequenceTagger(
  (embeddings): TransformerWordEmbeddings(
    (model): BertModel(
      (embeddings): BertEmbeddings(
        (word_embeddings): Embedding(31003, 768, padding_idx=1)
        (position_embeddings): Embedding(512, 768)
        (token_type_embeddings): Embedding(2, 768)
        (LayerNorm): LayerNorm((768,), eps=1e-12, elementwise_affine=True)
        (dropout): Dropout(p=0.1, inplace=False)
      )
      (encoder): BertEncoder(
        (layer): ModuleList(
          (0-11): 12 x BertLayer(
            (attention): BertAttention(
              (self): BertSdpaSelfAttention(
                (query): Linear(in_features=768, out_features=768, bias=True)
                (key): Linear(in_features=768, out_features=768, bias=True)
                (value): Linear(in_features=768, out_features=768, bias=True)
                (dropout): Dropout(p=0.1, inplace=False)
              )
              (output): BertSelfOutput(
                (dense): Linear(in_features=768, out_features=768, bias=True)
                (LayerNorm): LayerNorm((768,), eps=1e-12, elementwise_affine=True)
                (dropout): Dropout(p=0.1, inplace=False)
              )
            )
            (intermediate): BertIntermediate(
              (dense): Linear(in_features=768, out_features=3072, bias=True)
              (intermediate_act_fn): GELUActivation()
            )
            (output): BertOutput(
              (dense): Linear(in_features=3072, out_features=768, bias=True)
              (LayerNorm): LayerNorm((768,), eps=1e-12, elementwise_affine=True)
              (dropout): Dropout(p=0.1, inplace=False)
            )
          )
        )
      )
      (pooler): BertPooler(
        (dense): Linear(in_features=768, out_features=768, bias=True)
        (activation): Tanh()
      )
    )
  )
  (locked_dropout): LockedDropout(p=0.5)
  (linear): Linear(in_features=768, out_features=9, bias=True)
  (loss_function): CrossEntropyLoss()
)"
2025-10-02 18:40:30,413 ----------------------------------------------------------------------------------------------------
2025-10-02 18:40:30,413 Corpus: 5838 train + 729 dev + 733 test sentences
2025-10-02 18:40:30,414 ----------------------------------------------------------------------------------------------------
2025-10-02 18:40:30,414 Train:  5838 sentences
2025-10-02 18:40:30,414         (train_with_dev=False, train_with_test=False)
2025-10-02 18:40:30,414 ----------------------------------------------------------------------------------------------------
2025-10-02 18:40:30,415 Training Params:
2025-10-02 18:40:30,415  - learning_rate: "5e-06" 
2025-10-02 18:40:30,415  - mini_batch_size: "4"
2025-10-02 18:40:30,415  - max_epochs: "20"
2025-10-02 18:40:30,415  - shuffle: "True"
2025-10-02 18:40:30,416 ----------------------------------------------------------------------------------------------------
2025-10-02 18:40:30,416 Plugins:
2025-10-02 18:40:30,416  - LinearScheduler | warmup_fraction: '0.1'
2025-10-02 18:40:30,416 ----------------------------------------------------------------------------------------------------
2025-10-02 18:40:30,417 Final evaluation on model after last epoch (final-model.pt)
2025-10-02 18:40:30,417  - metric: "('micro avg', 'f1-score')"
2025-10-02 18:40:30,417 ----------------------------------------------------------------------------------------------------
2025-10-02 18:40:30,417 Computation:
2025-10-02 18:40:30,418  - compute on device: cuda:0
2025-10-02 18:40:30,418  - embedding storage: gpu
2025-10-02 18:40:30,418 ----------------------------------------------------------------------------------------------------
2025-10-02 18:40:30,418 Model training base path: "ner_fineTuning_4"
2025-10-02 18:40:30,418 ----------------------------------------------------------------------------------------------------
2025-10-02 18:40:30,419 ----------------------------------------------------------------------------------------------------
2025-10-02 18:40:48,542 epoch 1 - iter 146/1460 - loss 2.75270793 - time (sec): 18.12 - samples/sec: 407.09 - lr: 0.000000 - momentum: 0.000000
2025-10-02 18:41:05,174 epoch 1 - iter 292/1460 - loss 2.47749030 - time (sec): 34.75 - samples/sec: 435.90 - lr: 0.000000 - momentum: 0.000000
2025-10-02 18:41:21,817 epoch 1 - iter 438/1460 - loss 2.06560856 - time (sec): 51.40 - samples/sec: 452.40 - lr: 0.000001 - momentum: 0.000000
2025-10-02 18:41:38,465 epoch 1 - iter 584/1460 - loss 1.64504821 - time (sec): 68.04 - samples/sec: 453.97 - lr: 0.000001 - momentum: 0.000000
2025-10-02 18:41:54,987 epoch 1 - iter 730/1460 - loss 1.32447530 - time (sec): 84.57 - samples/sec: 461.59 - lr: 0.000001 - momentum: 0.000000
2025-10-02 18:42:11,140 epoch 1 - iter 876/1460 - loss 1.11488361 - time (sec): 100.72 - samples/sec: 466.99 - lr: 0.000001 - momentum: 0.000000
2025-10-02 18:42:27,293 epoch 1 - iter 1022/1460 - loss 0.96810874 - time (sec): 116.87 - samples/sec: 469.92 - lr: 0.000002 - momentum: 0.000000
2025-10-02 18:42:43,448 epoch 1 - iter 1168/1460 - loss 0.85645620 - time (sec): 133.03 - samples/sec: 472.87 - lr: 0.000002 - momentum: 0.000000
2025-10-02 18:42:59,597 epoch 1 - iter 1314/1460 - loss 0.76862771 - time (sec): 149.18 - samples/sec: 474.83 - lr: 0.000002 - momentum: 0.000000
2025-10-02 18:43:15,690 epoch 1 - iter 1460/1460 - loss 0.69796032 - time (sec): 165.27 - samples/sec: 477.16 - lr: 0.000002 - momentum: 0.000000
2025-10-02 18:43:15,690 ----------------------------------------------------------------------------------------------------
2025-10-02 18:43:15,691 EPOCH 1 done: loss 0.6980 - lr: 0.000002
2025-10-02 18:43:19,139 DEV : loss 0.07786794006824493 - f1-score (micro avg)  0.8457
2025-10-02 18:43:19,162 ----------------------------------------------------------------------------------------------------
2025-10-02 18:43:35,377 epoch 2 - iter 146/1460 - loss 0.06230465 - time (sec): 16.21 - samples/sec: 492.38 - lr: 0.000003 - momentum: 0.000000
2025-10-02 18:43:51,591 epoch 2 - iter 292/1460 - loss 0.06549525 - time (sec): 32.43 - samples/sec: 498.28 - lr: 0.000003 - momentum: 0.000000
2025-10-02 18:44:07,790 epoch 2 - iter 438/1460 - loss 0.06643083 - time (sec): 48.63 - samples/sec: 498.68 - lr: 0.000003 - momentum: 0.000000
2025-10-02 18:44:24,161 epoch 2 - iter 584/1460 - loss 0.06706341 - time (sec): 65.00 - samples/sec: 491.43 - lr: 0.000003 - momentum: 0.000000
2025-10-02 18:44:40,385 epoch 2 - iter 730/1460 - loss 0.06532402 - time (sec): 81.22 - samples/sec: 493.57 - lr: 0.000004 - momentum: 0.000000
2025-10-02 18:44:56,595 epoch 2 - iter 876/1460 - loss 0.06286425 - time (sec): 97.43 - samples/sec: 493.03 - lr: 0.000004 - momentum: 0.000000
2025-10-02 18:45:12,798 epoch 2 - iter 1022/1460 - loss 0.06284086 - time (sec): 113.63 - samples/sec: 488.85 - lr: 0.000004 - momentum: 0.000000
2025-10-02 18:45:29,044 epoch 2 - iter 1168/1460 - loss 0.06193646 - time (sec): 129.88 - samples/sec: 489.86 - lr: 0.000004 - momentum: 0.000000
2025-10-02 18:45:45,267 epoch 2 - iter 1314/1460 - loss 0.06034368 - time (sec): 146.10 - samples/sec: 488.63 - lr: 0.000005 - momentum: 0.000000
2025-10-02 18:46:01,442 epoch 2 - iter 1460/1460 - loss 0.06036387 - time (sec): 162.28 - samples/sec: 485.96 - lr: 0.000005 - momentum: 0.000000
2025-10-02 18:46:01,443 ----------------------------------------------------------------------------------------------------
2025-10-02 18:46:01,443 EPOCH 2 done: loss 0.0604 - lr: 0.000005
2025-10-02 18:46:01,959 DEV : loss 0.07830101996660233 - f1-score (micro avg)  0.8506
2025-10-02 18:46:01,982 ----------------------------------------------------------------------------------------------------
2025-10-02 18:46:18,219 epoch 3 - iter 146/1460 - loss 0.04430505 - time (sec): 16.24 - samples/sec: 485.52 - lr: 0.000005 - momentum: 0.000000
2025-10-02 18:46:34,462 epoch 3 - iter 292/1460 - loss 0.04441989 - time (sec): 32.48 - samples/sec: 481.08 - lr: 0.000005 - momentum: 0.000000
2025-10-02 18:46:50,708 epoch 3 - iter 438/1460 - loss 0.04352653 - time (sec): 48.72 - samples/sec: 483.20 - lr: 0.000005 - momentum: 0.000000
2025-10-02 18:47:06,944 epoch 3 - iter 584/1460 - loss 0.04475218 - time (sec): 64.96 - samples/sec: 485.19 - lr: 0.000005 - momentum: 0.000000
2025-10-02 18:47:23,179 epoch 3 - iter 730/1460 - loss 0.04355878 - time (sec): 81.20 - samples/sec: 481.98 - lr: 0.000005 - momentum: 0.000000
2025-10-02 18:47:39,418 epoch 3 - iter 876/1460 - loss 0.04341982 - time (sec): 97.43 - samples/sec: 479.37 - lr: 0.000005 - momentum: 0.000000
2025-10-02 18:47:55,663 epoch 3 - iter 1022/1460 - loss 0.04521519 - time (sec): 113.68 - samples/sec: 482.02 - lr: 0.000005 - momentum: 0.000000
2025-10-02 18:48:11,882 epoch 3 - iter 1168/1460 - loss 0.04584929 - time (sec): 129.90 - samples/sec: 482.16 - lr: 0.000005 - momentum: 0.000000
2025-10-02 18:48:28,113 epoch 3 - iter 1314/1460 - loss 0.04455427 - time (sec): 146.13 - samples/sec: 485.73 - lr: 0.000005 - momentum: 0.000000
2025-10-02 18:48:44,289 epoch 3 - iter 1460/1460 - loss 0.04438999 - time (sec): 162.31 - samples/sec: 485.87 - lr: 0.000005 - momentum: 0.000000
2025-10-02 18:48:44,290 ----------------------------------------------------------------------------------------------------
2025-10-02 18:48:44,290 EPOCH 3 done: loss 0.0444 - lr: 0.000005
2025-10-02 18:48:44,786 DEV : loss 0.0786866545677185 - f1-score (micro avg)  0.8506
2025-10-02 18:48:44,810 ----------------------------------------------------------------------------------------------------
2025-10-02 18:49:01,053 epoch 4 - iter 146/1460 - loss 0.03691652 - time (sec): 16.24 - samples/sec: 492.49 - lr: 0.000005 - momentum: 0.000000
2025-10-02 18:49:17,293 epoch 4 - iter 292/1460 - loss 0.03531439 - time (sec): 32.48 - samples/sec: 487.70 - lr: 0.000005 - momentum: 0.000000
2025-10-02 18:49:33,523 epoch 4 - iter 438/1460 - loss 0.03133172 - time (sec): 48.71 - samples/sec: 487.46 - lr: 0.000005 - momentum: 0.000000
2025-10-02 18:49:49,774 epoch 4 - iter 584/1460 - loss 0.03438455 - time (sec): 64.96 - samples/sec: 488.84 - lr: 0.000005 - momentum: 0.000000
2025-10-02 18:50:06,014 epoch 4 - iter 730/1460 - loss 0.03547889 - time (sec): 81.20 - samples/sec: 490.14 - lr: 0.000005 - momentum: 0.000000
2025-10-02 18:50:22,235 epoch 4 - iter 876/1460 - loss 0.03578886 - time (sec): 97.42 - samples/sec: 484.45 - lr: 0.000005 - momentum: 0.000000
2025-10-02 18:50:38,459 epoch 4 - iter 1022/1460 - loss 0.03599707 - time (sec): 113.65 - samples/sec: 485.42 - lr: 0.000005 - momentum: 0.000000
2025-10-02 18:50:54,690 epoch 4 - iter 1168/1460 - loss 0.03485048 - time (sec): 129.88 - samples/sec: 486.06 - lr: 0.000005 - momentum: 0.000000
2025-10-02 18:51:10,934 epoch 4 - iter 1314/1460 - loss 0.03449208 - time (sec): 146.12 - samples/sec: 487.41 - lr: 0.000004 - momentum: 0.000000
2025-10-02 18:51:27,116 epoch 4 - iter 1460/1460 - loss 0.03468056 - time (sec): 162.30 - samples/sec: 485.88 - lr: 0.000004 - momentum: 0.000000
2025-10-02 18:51:27,117 ----------------------------------------------------------------------------------------------------
2025-10-02 18:51:27,117 EPOCH 4 done: loss 0.0347 - lr: 0.000004
2025-10-02 18:51:27,614 DEV : loss 0.07916509360074997 - f1-score (micro avg)  0.8514
2025-10-02 18:51:27,637 ----------------------------------------------------------------------------------------------------
2025-10-02 18:51:43,888 epoch 5 - iter 146/1460 - loss 0.02639883 - time (sec): 16.25 - samples/sec: 493.21 - lr: 0.000004 - momentum: 0.000000
2025-10-02 18:52:00,152 epoch 5 - iter 292/1460 - loss 0.02778756 - time (sec): 32.51 - samples/sec: 490.82 - lr: 0.000004 - momentum: 0.000000
2025-10-02 18:52:16,395 epoch 5 - iter 438/1460 - loss 0.02911178 - time (sec): 48.76 - samples/sec: 481.97 - lr: 0.000004 - momentum: 0.000000
2025-10-02 18:52:32,628 epoch 5 - iter 584/1460 - loss 0.02907764 - time (sec): 64.99 - samples/sec: 483.81 - lr: 0.000004 - momentum: 0.000000
2025-10-02 18:52:48,873 epoch 5 - iter 730/1460 - loss 0.02922114 - time (sec): 81.23 - samples/sec: 485.88 - lr: 0.000004 - momentum: 0.000000
2025-10-02 18:53:05,114 epoch 5 - iter 876/1460 - loss 0.02960874 - time (sec): 97.47 - samples/sec: 487.92 - lr: 0.000004 - momentum: 0.000000
2025-10-02 18:53:21,349 epoch 5 - iter 1022/1460 - loss 0.02796726 - time (sec): 113.71 - samples/sec: 487.82 - lr: 0.000004 - momentum: 0.000000
2025-10-02 18:53:37,610 epoch 5 - iter 1168/1460 - loss 0.02807370 - time (sec): 129.97 - samples/sec: 486.36 - lr: 0.000004 - momentum: 0.000000
2025-10-02 18:53:53,856 epoch 5 - iter 1314/1460 - loss 0.02786812 - time (sec): 146.22 - samples/sec: 485.04 - lr: 0.000004 - momentum: 0.000000
2025-10-02 18:54:10,054 epoch 5 - iter 1460/1460 - loss 0.02757414 - time (sec): 162.42 - samples/sec: 485.54 - lr: 0.000004 - momentum: 0.000000
2025-10-02 18:54:10,055 ----------------------------------------------------------------------------------------------------
2025-10-02 18:54:10,055 EPOCH 5 done: loss 0.0276 - lr: 0.000004
2025-10-02 18:54:10,555 DEV : loss 0.07966021448373795 - f1-score (micro avg)  0.8514
2025-10-02 18:54:10,578 ----------------------------------------------------------------------------------------------------
2025-10-02 18:54:26,817 epoch 6 - iter 146/1460 - loss 0.01871197 - time (sec): 16.24 - samples/sec: 500.59 - lr: 0.000004 - momentum: 0.000000
2025-10-02 18:54:43,063 epoch 6 - iter 292/1460 - loss 0.01902987 - time (sec): 32.48 - samples/sec: 486.83 - lr: 0.000004 - momentum: 0.000000
2025-10-02 18:54:59,324 epoch 6 - iter 438/1460 - loss 0.02281882 - time (sec): 48.74 - samples/sec: 482.79 - lr: 0.000004 - momentum: 0.000000
2025-10-02 18:55:15,597 epoch 6 - iter 584/1460 - loss 0.02006103 - time (sec): 65.02 - samples/sec: 488.01 - lr: 0.000004 - momentum: 0.000000
2025-10-02 18:55:31,848 epoch 6 - iter 730/1460 - loss 0.02086590 - time (sec): 81.27 - samples/sec: 488.04 - lr: 0.000004 - momentum: 0.000000
2025-10-02 18:55:48,095 epoch 6 - iter 876/1460 - loss 0.02030321 - time (sec): 97.51 - samples/sec: 484.98 - lr: 0.000004 - momentum: 0.000000
2025-10-02 18:56:04,362 epoch 6 - iter 1022/1460 - loss 0.02085154 - time (sec): 113.78 - samples/sec: 487.38 - lr: 0.000004 - momentum: 0.000000
2025-10-02 18:56:20,670 epoch 6 - iter 1168/1460 - loss 0.02045011 - time (sec): 130.09 - samples/sec: 488.08 - lr: 0.000004 - momentum: 0.000000
2025-10-02 18:56:36,974 epoch 6 - iter 1314/1460 - loss 0.02060048 - time (sec): 146.39 - samples/sec: 485.33 - lr: 0.000004 - momentum: 0.000000
2025-10-02 18:56:53,210 epoch 6 - iter 1460/1460 - loss 0.02176577 - time (sec): 162.63 - samples/sec: 484.90 - lr: 0.000004 - momentum: 0.000000
2025-10-02 18:56:53,210 ----------------------------------------------------------------------------------------------------
2025-10-02 18:56:53,211 EPOCH 6 done: loss 0.0218 - lr: 0.000004
2025-10-02 18:56:53,744 DEV : loss 0.08016572147607803 - f1-score (micro avg)  0.8514
2025-10-02 18:56:53,768 ----------------------------------------------------------------------------------------------------
2025-10-02 18:57:10,035 epoch 7 - iter 146/1460 - loss 0.01529388 - time (sec): 16.27 - samples/sec: 493.25 - lr: 0.000004 - momentum: 0.000000
2025-10-02 18:57:26,333 epoch 7 - iter 292/1460 - loss 0.01713343 - time (sec): 32.56 - samples/sec: 496.41 - lr: 0.000004 - momentum: 0.000000
2025-10-02 18:57:42,645 epoch 7 - iter 438/1460 - loss 0.01760947 - time (sec): 48.88 - samples/sec: 501.47 - lr: 0.000004 - momentum: 0.000000
2025-10-02 18:57:58,936 epoch 7 - iter 584/1460 - loss 0.01762708 - time (sec): 65.17 - samples/sec: 495.52 - lr: 0.000004 - momentum: 0.000000
2025-10-02 18:58:15,240 epoch 7 - iter 730/1460 - loss 0.01749759 - time (sec): 81.47 - samples/sec: 494.64 - lr: 0.000004 - momentum: 0.000000
2025-10-02 18:58:31,537 epoch 7 - iter 876/1460 - loss 0.01658399 - time (sec): 97.77 - samples/sec: 491.22 - lr: 0.000004 - momentum: 0.000000
2025-10-02 18:58:47,830 epoch 7 - iter 1022/1460 - loss 0.01722363 - time (sec): 114.06 - samples/sec: 486.99 - lr: 0.000004 - momentum: 0.000000
2025-10-02 18:59:04,123 epoch 7 - iter 1168/1460 - loss 0.01771547 - time (sec): 130.35 - samples/sec: 483.78 - lr: 0.000004 - momentum: 0.000000
2025-10-02 18:59:20,404 epoch 7 - iter 1314/1460 - loss 0.01766563 - time (sec): 146.64 - samples/sec: 484.65 - lr: 0.000004 - momentum: 0.000000
2025-10-02 18:59:36,642 epoch 7 - iter 1460/1460 - loss 0.01736068 - time (sec): 162.87 - samples/sec: 484.18 - lr: 0.000004 - momentum: 0.000000
2025-10-02 18:59:36,643 ----------------------------------------------------------------------------------------------------
2025-10-02 18:59:36,643 EPOCH 7 done: loss 0.0174 - lr: 0.000004
2025-10-02 18:59:37,143 DEV : loss 0.08074713498353958 - f1-score (micro avg)  0.8514
2025-10-02 18:59:37,166 ----------------------------------------------------------------------------------------------------
2025-10-02 18:59:53,459 epoch 8 - iter 146/1460 - loss 0.01370836 - time (sec): 16.29 - samples/sec: 447.61 - lr: 0.000004 - momentum: 0.000000
2025-10-02 19:00:09,754 epoch 8 - iter 292/1460 - loss 0.01183045 - time (sec): 32.59 - samples/sec: 468.18 - lr: 0.000004 - momentum: 0.000000
2025-10-02 19:00:26,055 epoch 8 - iter 438/1460 - loss 0.01147043 - time (sec): 48.89 - samples/sec: 472.58 - lr: 0.000004 - momentum: 0.000000
2025-10-02 19:00:42,363 epoch 8 - iter 584/1460 - loss 0.01373029 - time (sec): 65.20 - samples/sec: 477.49 - lr: 0.000004 - momentum: 0.000000
2025-10-02 19:00:58,672 epoch 8 - iter 730/1460 - loss 0.01361142 - time (sec): 81.50 - samples/sec: 480.32 - lr: 0.000003 - momentum: 0.000000
2025-10-02 19:01:14,974 epoch 8 - iter 876/1460 - loss 0.01428450 - time (sec): 97.81 - samples/sec: 485.38 - lr: 0.000003 - momentum: 0.000000
2025-10-02 19:01:31,301 epoch 8 - iter 1022/1460 - loss 0.01546663 - time (sec): 114.13 - samples/sec: 485.51 - lr: 0.000003 - momentum: 0.000000
2025-10-02 19:01:47,612 epoch 8 - iter 1168/1460 - loss 0.01515733 - time (sec): 130.44 - samples/sec: 483.34 - lr: 0.000003 - momentum: 0.000000
2025-10-02 19:02:03,938 epoch 8 - iter 1314/1460 - loss 0.01473778 - time (sec): 146.77 - samples/sec: 484.70 - lr: 0.000003 - momentum: 0.000000
2025-10-02 19:02:20,217 epoch 8 - iter 1460/1460 - loss 0.01419877 - time (sec): 163.05 - samples/sec: 483.66 - lr: 0.000003 - momentum: 0.000000
2025-10-02 19:02:20,218 ----------------------------------------------------------------------------------------------------
2025-10-02 19:02:20,218 EPOCH 8 done: loss 0.0142 - lr: 0.000003
2025-10-02 19:02:20,714 DEV : loss 0.08128511160612106 - f1-score (micro avg)  0.8522
2025-10-02 19:02:20,737 ----------------------------------------------------------------------------------------------------
2025-10-02 19:02:37,014 epoch 9 - iter 146/1460 - loss 0.01138206 - time (sec): 16.27 - samples/sec: 462.68 - lr: 0.000003 - momentum: 0.000000
2025-10-02 19:02:53,247 epoch 9 - iter 292/1460 - loss 0.01298635 - time (sec): 32.51 - samples/sec: 465.40 - lr: 0.000003 - momentum: 0.000000
2025-10-02 19:03:09,481 epoch 9 - iter 438/1460 - loss 0.01309879 - time (sec): 48.74 - samples/sec: 464.98 - lr: 0.000003 - momentum: 0.000000
2025-10-02 19:03:25,722 epoch 9 - iter 584/1460 - loss 0.01181487 - time (sec): 64.98 - samples/sec: 474.57 - lr: 0.000003 - momentum: 0.000000
2025-10-02 19:03:41,953 epoch 9 - iter 730/1460 - loss 0.01103392 - time (sec): 81.21 - samples/sec: 474.82 - lr: 0.000003 - momentum: 0.000000
2025-10-02 19:03:58,195 epoch 9 - iter 876/1460 - loss 0.01141972 - time (sec): 97.46 - samples/sec: 478.66 - lr: 0.000003 - momentum: 0.000000
2025-10-02 19:04:14,426 epoch 9 - iter 1022/1460 - loss 0.01129010 - time (sec): 113.69 - samples/sec: 479.84 - lr: 0.000003 - momentum: 0.000000
2025-10-02 19:04:30,664 epoch 9 - iter 1168/1460 - loss 0.01044883 - time (sec): 129.92 - samples/sec: 482.39 - lr: 0.000003 - momentum: 0.000000
2025-10-02 19:04:46,869 epoch 9 - iter 1314/1460 - loss 0.01021323 - time (sec): 146.13 - samples/sec: 481.19 - lr: 0.000003 - momentum: 0.000000
2025-10-02 19:05:03,111 epoch 9 - iter 1460/1460 - loss 0.01191262 - time (sec): 162.37 - samples/sec: 485.68 - lr: 0.000003 - momentum: 0.000000
2025-10-02 19:05:03,111 ----------------------------------------------------------------------------------------------------
2025-10-02 19:05:03,112 EPOCH 9 done: loss 0.0119 - lr: 0.000003
2025-10-02 19:05:03,611 DEV : loss 0.08178911358118057 - f1-score (micro avg)  0.8522
2025-10-02 19:05:03,634 ----------------------------------------------------------------------------------------------------
2025-10-02 19:05:19,898 epoch 10 - iter 146/1460 - loss 0.00757218 - time (sec): 16.26 - samples/sec: 486.34 - lr: 0.000003 - momentum: 0.000000
2025-10-02 19:05:36,175 epoch 10 - iter 292/1460 - loss 0.01024774 - time (sec): 32.54 - samples/sec: 478.63 - lr: 0.000003 - momentum: 0.000000
2025-10-02 19:05:52,483 epoch 10 - iter 438/1460 - loss 0.00738435 - time (sec): 48.85 - samples/sec: 484.45 - lr: 0.000003 - momentum: 0.000000
2025-10-02 19:06:08,781 epoch 10 - iter 584/1460 - loss 0.00870199 - time (sec): 65.15 - samples/sec: 489.60 - lr: 0.000003 - momentum: 0.000000
2025-10-02 19:06:25,082 epoch 10 - iter 730/1460 - loss 0.00862088 - time (sec): 81.45 - samples/sec: 487.29 - lr: 0.000003 - momentum: 0.000000
2025-10-02 19:06:41,372 epoch 10 - iter 876/1460 - loss 0.00923025 - time (sec): 97.74 - samples/sec: 484.02 - lr: 0.000003 - momentum: 0.000000
2025-10-02 19:06:57,673 epoch 10 - iter 1022/1460 - loss 0.00921976 - time (sec): 114.04 - samples/sec: 483.75 - lr: 0.000003 - momentum: 0.000000
2025-10-02 19:07:13,988 epoch 10 - iter 1168/1460 - loss 0.00950678 - time (sec): 130.35 - samples/sec: 486.84 - lr: 0.000003 - momentum: 0.000000
2025-10-02 19:07:30,267 epoch 10 - iter 1314/1460 - loss 0.00951178 - time (sec): 146.63 - samples/sec: 484.12 - lr: 0.000003 - momentum: 0.000000
2025-10-02 19:07:46,507 epoch 10 - iter 1460/1460 - loss 0.00987972 - time (sec): 162.87 - samples/sec: 484.18 - lr: 0.000003 - momentum: 0.000000
2025-10-02 19:07:46,508 ----------------------------------------------------------------------------------------------------
2025-10-02 19:07:46,509 EPOCH 10 done: loss 0.0099 - lr: 0.000003
2025-10-02 19:07:47,008 DEV : loss 0.08218198269605637 - f1-score (micro avg)  0.8522
2025-10-02 19:07:47,032 ----------------------------------------------------------------------------------------------------
2025-10-02 19:08:03,311 epoch 11 - iter 146/1460 - loss 0.01071453 - time (sec): 16.28 - samples/sec: 477.28 - lr: 0.000003 - momentum: 0.000000
2025-10-02 19:08:19,625 epoch 11 - iter 292/1460 - loss 0.00881726 - time (sec): 32.59 - samples/sec: 483.38 - lr: 0.000003 - momentum: 0.000000
2025-10-02 19:08:35,910 epoch 11 - iter 438/1460 - loss 0.00808804 - time (sec): 48.88 - samples/sec: 479.23 - lr: 0.000003 - momentum: 0.000000
2025-10-02 19:08:52,206 epoch 11 - iter 584/1460 - loss 0.00745532 - time (sec): 65.17 - samples/sec: 482.42 - lr: 0.000003 - momentum: 0.000000
2025-10-02 19:09:08,527 epoch 11 - iter 730/1460 - loss 0.00687958 - time (sec): 81.49 - samples/sec: 481.40 - lr: 0.000003 - momentum: 0.000000
2025-10-02 19:09:24,845 epoch 11 - iter 876/1460 - loss 0.00663020 - time (sec): 97.81 - samples/sec: 484.64 - lr: 0.000003 - momentum: 0.000000
2025-10-02 19:09:41,147 epoch 11 - iter 1022/1460 - loss 0.00717579 - time (sec): 114.11 - samples/sec: 485.95 - lr: 0.000003 - momentum: 0.000000
2025-10-02 19:09:57,453 epoch 11 - iter 1168/1460 - loss 0.00714990 - time (sec): 130.42 - samples/sec: 486.24 - lr: 0.000003 - momentum: 0.000000
2025-10-02 19:10:13,735 epoch 11 - iter 1314/1460 - loss 0.00743502 - time (sec): 146.70 - samples/sec: 485.78 - lr: 0.000003 - momentum: 0.000000
2025-10-02 19:10:29,964 epoch 11 - iter 1460/1460 - loss 0.00710566 - time (sec): 162.93 - samples/sec: 484.01 - lr: 0.000003 - momentum: 0.000000
2025-10-02 19:10:29,965 ----------------------------------------------------------------------------------------------------
2025-10-02 19:10:29,965 EPOCH 11 done: loss 0.0071 - lr: 0.000003
2025-10-02 19:10:30,464 DEV : loss 0.08266398310661316 - f1-score (micro avg)  0.8522
2025-10-02 19:10:30,487 ----------------------------------------------------------------------------------------------------
2025-10-02 19:10:46,776 epoch 12 - iter 146/1460 - loss 0.00307541 - time (sec): 16.29 - samples/sec: 508.74 - lr: 0.000002 - momentum: 0.000000
2025-10-02 19:11:03,073 epoch 12 - iter 292/1460 - loss 0.00289805 - time (sec): 32.58 - samples/sec: 488.29 - lr: 0.000002 - momentum: 0.000000
2025-10-02 19:11:19,370 epoch 12 - iter 438/1460 - loss 0.00314190 - time (sec): 48.88 - samples/sec: 483.73 - lr: 0.000002 - momentum: 0.000000
2025-10-02 19:11:35,671 epoch 12 - iter 584/1460 - loss 0.00412272 - time (sec): 65.18 - samples/sec: 487.88 - lr: 0.000002 - momentum: 0.000000
2025-10-02 19:11:51,977 epoch 12 - iter 730/1460 - loss 0.00478613 - time (sec): 81.49 - samples/sec: 486.94 - lr: 0.000002 - momentum: 0.000000
2025-10-02 19:12:08,285 epoch 12 - iter 876/1460 - loss 0.00489883 - time (sec): 97.80 - samples/sec: 484.08 - lr: 0.000002 - momentum: 0.000000
2025-10-02 19:12:24,573 epoch 12 - iter 1022/1460 - loss 0.00648956 - time (sec): 114.08 - samples/sec: 483.06 - lr: 0.000002 - momentum: 0.000000
2025-10-02 19:12:40,864 epoch 12 - iter 1168/1460 - loss 0.00653935 - time (sec): 130.37 - samples/sec: 485.11 - lr: 0.000002 - momentum: 0.000000
2025-10-02 19:12:57,159 epoch 12 - iter 1314/1460 - loss 0.00666041 - time (sec): 146.67 - samples/sec: 484.46 - lr: 0.000002 - momentum: 0.000000
2025-10-02 19:13:13,430 epoch 12 - iter 1460/1460 - loss 0.00658305 - time (sec): 162.94 - samples/sec: 483.98 - lr: 0.000002 - momentum: 0.000000
2025-10-02 19:13:13,430 ----------------------------------------------------------------------------------------------------
2025-10-02 19:13:13,431 EPOCH 12 done: loss 0.0066 - lr: 0.000002
2025-10-02 19:13:14,205 DEV : loss 0.0830826684832573 - f1-score (micro avg)  0.8522
2025-10-02 19:13:14,235 ----------------------------------------------------------------------------------------------------
2025-10-02 19:13:30,503 epoch 13 - iter 146/1460 - loss 0.00614506 - time (sec): 16.27 - samples/sec: 500.00 - lr: 0.000002 - momentum: 0.000000
2025-10-02 19:13:46,805 epoch 13 - iter 292/1460 - loss 0.00796445 - time (sec): 32.57 - samples/sec: 489.07 - lr: 0.000002 - momentum: 0.000000
2025-10-02 19:14:03,098 epoch 13 - iter 438/1460 - loss 0.00650242 - time (sec): 48.86 - samples/sec: 491.64 - lr: 0.000002 - momentum: 0.000000
2025-10-02 19:14:19,393 epoch 13 - iter 584/1460 - loss 0.00544077 - time (sec): 65.16 - samples/sec: 494.78 - lr: 0.000002 - momentum: 0.000000
2025-10-02 19:14:35,667 epoch 13 - iter 730/1460 - loss 0.00545335 - time (sec): 81.43 - samples/sec: 488.58 - lr: 0.000002 - momentum: 0.000000
2025-10-02 19:14:51,920 epoch 13 - iter 876/1460 - loss 0.00591371 - time (sec): 97.68 - samples/sec: 487.68 - lr: 0.000002 - momentum: 0.000000
2025-10-02 19:15:08,198 epoch 13 - iter 1022/1460 - loss 0.00538640 - time (sec): 113.96 - samples/sec: 483.61 - lr: 0.000002 - momentum: 0.000000
2025-10-02 19:15:24,476 epoch 13 - iter 1168/1460 - loss 0.00594658 - time (sec): 130.24 - samples/sec: 482.38 - lr: 0.000002 - momentum: 0.000000
2025-10-02 19:15:40,756 epoch 13 - iter 1314/1460 - loss 0.00603899 - time (sec): 146.52 - samples/sec: 484.72 - lr: 0.000002 - momentum: 0.000000
2025-10-02 19:15:56,969 epoch 13 - iter 1460/1460 - loss 0.00589877 - time (sec): 162.73 - samples/sec: 484.60 - lr: 0.000002 - momentum: 0.000000
2025-10-02 19:15:56,969 ----------------------------------------------------------------------------------------------------
2025-10-02 19:15:56,970 EPOCH 13 done: loss 0.0059 - lr: 0.000002
2025-10-02 19:15:57,489 DEV : loss 0.08340656012296677 - f1-score (micro avg)  0.8522
2025-10-02 19:15:57,518 ----------------------------------------------------------------------------------------------------
2025-10-02 19:16:13,824 epoch 14 - iter 146/1460 - loss 0.00089736 - time (sec): 16.30 - samples/sec: 478.51 - lr: 0.000002 - momentum: 0.000000
2025-10-02 19:16:30,121 epoch 14 - iter 292/1460 - loss 0.00335946 - time (sec): 32.60 - samples/sec: 473.40 - lr: 0.000002 - momentum: 0.000000
2025-10-02 19:16:46,419 epoch 14 - iter 438/1460 - loss 0.00299164 - time (sec): 48.90 - samples/sec: 478.92 - lr: 0.000002 - momentum: 0.000000
2025-10-02 19:17:02,745 epoch 14 - iter 584/1460 - loss 0.00221938 - time (sec): 65.23 - samples/sec: 485.39 - lr: 0.000002 - momentum: 0.000000
2025-10-02 19:17:19,058 epoch 14 - iter 730/1460 - loss 0.00267848 - time (sec): 81.54 - samples/sec: 482.53 - lr: 0.000002 - momentum: 0.000000
2025-10-02 19:17:35,352 epoch 14 - iter 876/1460 - loss 0.00324652 - time (sec): 97.83 - samples/sec: 479.43 - lr: 0.000002 - momentum: 0.000000
2025-10-02 19:17:51,659 epoch 14 - iter 1022/1460 - loss 0.00324722 - time (sec): 114.14 - samples/sec: 481.94 - lr: 0.000002 - momentum: 0.000000
2025-10-02 19:18:07,960 epoch 14 - iter 1168/1460 - loss 0.00430351 - time (sec): 130.44 - samples/sec: 485.06 - lr: 0.000002 - momentum: 0.000000
2025-10-02 19:18:24,266 epoch 14 - iter 1314/1460 - loss 0.00451614 - time (sec): 146.75 - samples/sec: 485.52 - lr: 0.000002 - momentum: 0.000000
2025-10-02 19:18:40,511 epoch 14 - iter 1460/1460 - loss 0.00424078 - time (sec): 162.99 - samples/sec: 483.83 - lr: 0.000002 - momentum: 0.000000
2025-10-02 19:18:40,511 ----------------------------------------------------------------------------------------------------
2025-10-02 19:18:40,512 EPOCH 14 done: loss 0.0042 - lr: 0.000002
2025-10-02 19:18:41,011 DEV : loss 0.08378101140260696 - f1-score (micro avg)  0.8522
2025-10-02 19:18:41,034 ----------------------------------------------------------------------------------------------------
2025-10-02 19:18:57,366 epoch 15 - iter 146/1460 - loss 0.00395855 - time (sec): 16.33 - samples/sec: 509.15 - lr: 0.000002 - momentum: 0.000000
2025-10-02 19:19:13,690 epoch 15 - iter 292/1460 - loss 0.00351908 - time (sec): 32.65 - samples/sec: 505.92 - lr: 0.000002 - momentum: 0.000000
2025-10-02 19:19:29,945 epoch 15 - iter 438/1460 - loss 0.00511880 - time (sec): 48.91 - samples/sec: 499.54 - lr: 0.000002 - momentum: 0.000000
2025-10-02 19:19:46,188 epoch 15 - iter 584/1460 - loss 0.00430600 - time (sec): 65.15 - samples/sec: 487.17 - lr: 0.000002 - momentum: 0.000000
2025-10-02 19:20:02,446 epoch 15 - iter 730/1460 - loss 0.00358374 - time (sec): 81.41 - samples/sec: 487.46 - lr: 0.000002 - momentum: 0.000000
2025-10-02 19:20:18,697 epoch 15 - iter 876/1460 - loss 0.00368388 - time (sec): 97.66 - samples/sec: 482.14 - lr: 0.000002 - momentum: 0.000000
2025-10-02 19:20:34,929 epoch 15 - iter 1022/1460 - loss 0.00387883 - time (sec): 113.89 - samples/sec: 481.16 - lr: 0.000001 - momentum: 0.000000
2025-10-02 19:20:51,178 epoch 15 - iter 1168/1460 - loss 0.00364764 - time (sec): 130.14 - samples/sec: 481.22 - lr: 0.000001 - momentum: 0.000000
2025-10-02 19:21:07,426 epoch 15 - iter 1314/1460 - loss 0.00397230 - time (sec): 146.39 - samples/sec: 484.18 - lr: 0.000001 - momentum: 0.000000
2025-10-02 19:21:23,638 epoch 15 - iter 1460/1460 - loss 0.00410196 - time (sec): 162.60 - samples/sec: 484.99 - lr: 0.000001 - momentum: 0.000000
2025-10-02 19:21:23,639 ----------------------------------------------------------------------------------------------------
2025-10-02 19:21:23,639 EPOCH 15 done: loss 0.0041 - lr: 0.000001
2025-10-02 19:21:24,140 DEV : loss 0.08406288921833038 - f1-score (micro avg)  0.8522
2025-10-02 19:21:24,163 ----------------------------------------------------------------------------------------------------
2025-10-02 19:21:40,421 epoch 16 - iter 146/1460 - loss 0.00079112 - time (sec): 16.26 - samples/sec: 479.56 - lr: 0.000001 - momentum: 0.000000
2025-10-02 19:21:56,689 epoch 16 - iter 292/1460 - loss 0.00113558 - time (sec): 32.52 - samples/sec: 499.69 - lr: 0.000001 - momentum: 0.000000
2025-10-02 19:22:12,936 epoch 16 - iter 438/1460 - loss 0.00105930 - time (sec): 48.77 - samples/sec: 494.06 - lr: 0.000001 - momentum: 0.000000
2025-10-02 19:22:29,204 epoch 16 - iter 584/1460 - loss 0.00164705 - time (sec): 65.04 - samples/sec: 493.25 - lr: 0.000001 - momentum: 0.000000
2025-10-02 19:22:45,475 epoch 16 - iter 730/1460 - loss 0.00213775 - time (sec): 81.31 - samples/sec: 486.29 - lr: 0.000001 - momentum: 0.000000
2025-10-02 19:23:01,727 epoch 16 - iter 876/1460 - loss 0.00189548 - time (sec): 97.56 - samples/sec: 488.53 - lr: 0.000001 - momentum: 0.000000
2025-10-02 19:23:17,998 epoch 16 - iter 1022/1460 - loss 0.00225049 - time (sec): 113.83 - samples/sec: 490.96 - lr: 0.000001 - momentum: 0.000000
2025-10-02 19:23:34,264 epoch 16 - iter 1168/1460 - loss 0.00216153 - time (sec): 130.10 - samples/sec: 488.76 - lr: 0.000001 - momentum: 0.000000
2025-10-02 19:23:50,515 epoch 16 - iter 1314/1460 - loss 0.00219504 - time (sec): 146.35 - samples/sec: 486.46 - lr: 0.000001 - momentum: 0.000000
2025-10-02 19:24:06,729 epoch 16 - iter 1460/1460 - loss 0.00254212 - time (sec): 162.56 - samples/sec: 485.10 - lr: 0.000001 - momentum: 0.000000
2025-10-02 19:24:06,730 ----------------------------------------------------------------------------------------------------
2025-10-02 19:24:06,730 EPOCH 16 done: loss 0.0025 - lr: 0.000001
2025-10-02 19:24:07,231 DEV : loss 0.0843375027179718 - f1-score (micro avg)  0.8522
2025-10-02 19:24:07,255 ----------------------------------------------------------------------------------------------------
2025-10-02 19:24:23,525 epoch 17 - iter 146/1460 - loss 0.00407229 - time (sec): 16.27 - samples/sec: 490.46 - lr: 0.000001 - momentum: 0.000000
2025-10-02 19:24:39,800 epoch 17 - iter 292/1460 - loss 0.00410236 - time (sec): 32.54 - samples/sec: 478.63 - lr: 0.000001 - momentum: 0.000000
2025-10-02 19:24:56,075 epoch 17 - iter 438/1460 - loss 0.00322083 - time (sec): 48.82 - samples/sec: 485.41 - lr: 0.000001 - momentum: 0.000000
2025-10-02 19:25:12,342 epoch 17 - iter 584/1460 - loss 0.00358889 - time (sec): 65.09 - samples/sec: 480.39 - lr: 0.000001 - momentum: 0.000000
2025-10-02 19:25:28,611 epoch 17 - iter 730/1460 - loss 0.00390359 - time (sec): 81.35 - samples/sec: 480.72 - lr: 0.000001 - momentum: 0.000000
2025-10-02 19:25:44,866 epoch 17 - iter 876/1460 - loss 0.00356062 - time (sec): 97.61 - samples/sec: 478.23 - lr: 0.000001 - momentum: 0.000000
2025-10-02 19:26:01,120 epoch 17 - iter 1022/1460 - loss 0.00309912 - time (sec): 113.86 - samples/sec: 476.93 - lr: 0.000001 - momentum: 0.000000
2025-10-02 19:26:17,374 epoch 17 - iter 1168/1460 - loss 0.00366049 - time (sec): 130.12 - samples/sec: 478.29 - lr: 0.000001 - momentum: 0.000000
2025-10-02 19:26:33,625 epoch 17 - iter 1314/1460 - loss 0.00336821 - time (sec): 146.37 - samples/sec: 482.40 - lr: 0.000001 - momentum: 0.000000
2025-10-02 19:26:49,832 epoch 17 - iter 1460/1460 - loss 0.00311854 - time (sec): 162.58 - samples/sec: 485.07 - lr: 0.000001 - momentum: 0.000000
2025-10-02 19:26:49,833 ----------------------------------------------------------------------------------------------------
2025-10-02 19:26:49,833 EPOCH 17 done: loss 0.0031 - lr: 0.000001
2025-10-02 19:26:50,364 DEV : loss 0.08454734086990356 - f1-score (micro avg)  0.8522
2025-10-02 19:26:50,388 ----------------------------------------------------------------------------------------------------
2025-10-02 19:27:06,640 epoch 18 - iter 146/1460 - loss 0.00111746 - time (sec): 16.25 - samples/sec: 512.84 - lr: 0.000001 - momentum: 0.000000
2025-10-02 19:27:22,883 epoch 18 - iter 292/1460 - loss 0.00619651 - time (sec): 32.49 - samples/sec: 488.10 - lr: 0.000001 - momentum: 0.000000
2025-10-02 19:27:39,113 epoch 18 - iter 438/1460 - loss 0.00427167 - time (sec): 48.72 - samples/sec: 487.57 - lr: 0.000001 - momentum: 0.000000
2025-10-02 19:27:55,378 epoch 18 - iter 584/1460 - loss 0.00358525 - time (sec): 64.99 - samples/sec: 486.46 - lr: 0.000001 - momentum: 0.000000
2025-10-02 19:28:11,648 epoch 18 - iter 730/1460 - loss 0.00292692 - time (sec): 81.26 - samples/sec: 489.20 - lr: 0.000001 - momentum: 0.000000
2025-10-02 19:28:27,891 epoch 18 - iter 876/1460 - loss 0.00267354 - time (sec): 97.50 - samples/sec: 487.57 - lr: 0.000001 - momentum: 0.000000
2025-10-02 19:28:44,157 epoch 18 - iter 1022/1460 - loss 0.00247876 - time (sec): 113.77 - samples/sec: 489.70 - lr: 0.000001 - momentum: 0.000000
2025-10-02 19:29:00,413 epoch 18 - iter 1168/1460 - loss 0.00218866 - time (sec): 130.02 - samples/sec: 487.44 - lr: 0.000001 - momentum: 0.000000
2025-10-02 19:29:16,659 epoch 18 - iter 1314/1460 - loss 0.00252964 - time (sec): 146.27 - samples/sec: 486.68 - lr: 0.000001 - momentum: 0.000000
2025-10-02 19:29:32,858 epoch 18 - iter 1460/1460 - loss 0.00259884 - time (sec): 162.47 - samples/sec: 485.39 - lr: 0.000001 - momentum: 0.000000
2025-10-02 19:29:32,858 ----------------------------------------------------------------------------------------------------
2025-10-02 19:29:32,859 EPOCH 18 done: loss 0.0026 - lr: 0.000001
2025-10-02 19:29:33,362 DEV : loss 0.0847010686993599 - f1-score (micro avg)  0.8522
2025-10-02 19:29:33,401 ----------------------------------------------------------------------------------------------------
2025-10-02 19:29:49,666 epoch 19 - iter 146/1460 - loss 0.00600743 - time (sec): 16.26 - samples/sec: 518.59 - lr: 0.000001 - momentum: 0.000000
2025-10-02 19:30:05,909 epoch 19 - iter 292/1460 - loss 0.00493777 - time (sec): 32.51 - samples/sec: 504.46 - lr: 0.000001 - momentum: 0.000000
2025-10-02 19:30:22,147 epoch 19 - iter 438/1460 - loss 0.00338579 - time (sec): 48.74 - samples/sec: 491.42 - lr: 0.000000 - momentum: 0.000000
2025-10-02 19:30:38,421 epoch 19 - iter 584/1460 - loss 0.00307141 - time (sec): 65.02 - samples/sec: 491.29 - lr: 0.000000 - momentum: 0.000000
2025-10-02 19:30:54,695 epoch 19 - iter 730/1460 - loss 0.00302318 - time (sec): 81.29 - samples/sec: 484.91 - lr: 0.000000 - momentum: 0.000000
2025-10-02 19:31:10,946 epoch 19 - iter 876/1460 - loss 0.00309980 - time (sec): 97.54 - samples/sec: 482.09 - lr: 0.000000 - momentum: 0.000000
2025-10-02 19:31:27,224 epoch 19 - iter 1022/1460 - loss 0.00280005 - time (sec): 113.82 - samples/sec: 484.84 - lr: 0.000000 - momentum: 0.000000
2025-10-02 19:31:43,492 epoch 19 - iter 1168/1460 - loss 0.00265106 - time (sec): 130.09 - samples/sec: 484.18 - lr: 0.000000 - momentum: 0.000000
2025-10-02 19:31:59,780 epoch 19 - iter 1314/1460 - loss 0.00280158 - time (sec): 146.38 - samples/sec: 485.89 - lr: 0.000000 - momentum: 0.000000
2025-10-02 19:32:15,994 epoch 19 - iter 1460/1460 - loss 0.00256688 - time (sec): 162.59 - samples/sec: 485.02 - lr: 0.000000 - momentum: 0.000000
2025-10-02 19:32:15,994 ----------------------------------------------------------------------------------------------------
2025-10-02 19:32:15,995 EPOCH 19 done: loss 0.0026 - lr: 0.000000
2025-10-02 19:32:16,494 DEV : loss 0.08479240536689758 - f1-score (micro avg)  0.8522
2025-10-02 19:32:16,518 ----------------------------------------------------------------------------------------------------
2025-10-02 19:32:32,791 epoch 20 - iter 146/1460 - loss 0.00103717 - time (sec): 16.27 - samples/sec: 504.01 - lr: 0.000000 - momentum: 0.000000
2025-10-02 19:32:49,069 epoch 20 - iter 292/1460 - loss 0.00120282 - time (sec): 32.55 - samples/sec: 500.96 - lr: 0.000000 - momentum: 0.000000
2025-10-02 19:33:05,355 epoch 20 - iter 438/1460 - loss 0.00084114 - time (sec): 48.84 - samples/sec: 496.81 - lr: 0.000000 - momentum: 0.000000
2025-10-02 19:33:21,625 epoch 20 - iter 584/1460 - loss 0.00109680 - time (sec): 65.11 - samples/sec: 487.61 - lr: 0.000000 - momentum: 0.000000
2025-10-02 19:33:37,876 epoch 20 - iter 730/1460 - loss 0.00122410 - time (sec): 81.36 - samples/sec: 488.15 - lr: 0.000000 - momentum: 0.000000
2025-10-02 19:33:54,147 epoch 20 - iter 876/1460 - loss 0.00177006 - time (sec): 97.63 - samples/sec: 486.93 - lr: 0.000000 - momentum: 0.000000
2025-10-02 19:34:10,426 epoch 20 - iter 1022/1460 - loss 0.00151845 - time (sec): 113.91 - samples/sec: 487.72 - lr: 0.000000 - momentum: 0.000000
2025-10-02 19:34:26,695 epoch 20 - iter 1168/1460 - loss 0.00149874 - time (sec): 130.18 - samples/sec: 486.00 - lr: 0.000000 - momentum: 0.000000
2025-10-02 19:34:42,959 epoch 20 - iter 1314/1460 - loss 0.00216568 - time (sec): 146.44 - samples/sec: 485.05 - lr: 0.000000 - momentum: 0.000000
2025-10-02 19:34:59,173 epoch 20 - iter 1460/1460 - loss 0.00250784 - time (sec): 162.65 - samples/sec: 484.84 - lr: 0.000000 - momentum: 0.000000
2025-10-02 19:34:59,173 ----------------------------------------------------------------------------------------------------
2025-10-02 19:34:59,174 EPOCH 20 done: loss 0.0025 - lr: 0.000000
2025-10-02 19:34:59,672 DEV : loss 0.0848282054066658 - f1-score (micro avg)  0.8522
2025-10-02 19:35:00,099 ----------------------------------------------------------------------------------------------------
2025-10-02 19:35:00,101 Testing using last state of model ...
2025-10-02 19:35:03,422 
Results:
- F-score (micro) 0.8788
- F-score (macro) 0.8504
- Accuracy 0.8018

By class:
              precision    recall  f1-score   support

         PER     0.8926    0.8867    0.8896       450
         LOC     0.7733    0.8529    0.8112        68

   micro avg     0.8755    0.8822    0.8788       518
   macro avg     0.8330    0.8698    0.8504       518
weighted avg     0.8770    0.8822    0.8793       518

2025-10-02 19:35:03,423 ----------------------------------------------------------------------------------------------------
